
*** Running vivado
    with args -log accumulator.vds -m64 -product Vivado -mode batch -messageDb vivado.pb -notrace -source accumulator.tcl


****** Vivado v2017.4 (64-bit)
  **** SW Build 2086221 on Fri Dec 15 20:55:39 MST 2017
  **** IP Build 2085800 on Fri Dec 15 22:25:07 MST 2017
    ** Copyright 1986-2017 Xilinx, Inc. All Rights Reserved.

source accumulator.tcl -notrace
Command: synth_design -top accumulator -part xc7z010clg400-1
Starting synth_design
Attempting to get a license for feature 'Synthesis' and/or device 'xc7z010'
INFO: [Common 17-349] Got license for feature 'Synthesis' and/or device 'xc7z010'
INFO: Launching helper process for spawning children vivado processes
INFO: Helper process launched with PID 5100 
---------------------------------------------------------------------------------
Starting RTL Elaboration : Time (s): cpu = 00:00:07 ; elapsed = 00:00:07 . Memory (MB): peak = 355.410 ; gain = 99.035
---------------------------------------------------------------------------------
INFO: [Synth 8-638] synthesizing module 'accumulator' [C:/git/SR/lab4/zas73/zas73.srcs/sources_1/new/accumulator.v:23]
ERROR: [Synth 8-439] module 'gen' not found [C:/git/SR/lab4/zas73/zas73.srcs/sources_1/new/accumulator.v:33]
ERROR: [Synth 8-285] failed synthesizing module 'accumulator' [C:/git/SR/lab4/zas73/zas73.srcs/sources_1/new/accumulator.v:23]
---------------------------------------------------------------------------------
Finished RTL Elaboration : Time (s): cpu = 00:00:08 ; elapsed = 00:00:08 . Memory (MB): peak = 407.477 ; gain = 151.102
---------------------------------------------------------------------------------
RTL Elaboration failed
INFO: [Common 17-83] Releasing license: Synthesis
3 Infos, 0 Warnings, 0 Critical Warnings and 3 Errors encountered.
synth_design failed
ERROR: [Common 17-69] Command failed: Synthesis failed - please see the console or run log file for details
INFO: [Common 17-206] Exiting Vivado at Tue Apr 10 16:31:24 2018...
