
*** Running vivado
    with args -log hdmi_vga_rgb2vga_0_0.vds -m64 -product Vivado -mode batch -messageDb vivado.pb -notrace -source hdmi_vga_rgb2vga_0_0.tcl


****** Vivado v2017.4 (64-bit)
  **** SW Build 2086221 on Fri Dec 15 20:54:30 MST 2017
  **** IP Build 2085800 on Fri Dec 15 22:25:07 MST 2017
    ** Copyright 1986-2017 Xilinx, Inc. All Rights Reserved.

source hdmi_vga_rgb2vga_0_0.tcl -notrace
Command: synth_design -top hdmi_vga_rgb2vga_0_0 -part xc7z010clg400-1 -mode out_of_context
Starting synth_design
Attempting to get a license for feature 'Synthesis' and/or device 'xc7z010'
INFO: [Common 17-349] Got license for feature 'Synthesis' and/or device 'xc7z010'
INFO: Launching helper process for spawning children vivado processes
INFO: Helper process launched with PID 6221 
---------------------------------------------------------------------------------
Starting RTL Elaboration : Time (s): cpu = 00:00:09 ; elapsed = 00:00:10 . Memory (MB): peak = 1315.535 ; gain = 84.996 ; free physical = 9562 ; free virtual = 27606
---------------------------------------------------------------------------------
INFO: [Synth 8-638] synthesizing module 'hdmi_vga_rgb2vga_0_0' [/home/lsriw/sr/RomanMichal/SR/lab5/zad83/zad83.srcs/sources_1/bd/hdmi_vga/ip/hdmi_vga_rgb2vga_0_0/synth/hdmi_vga_rgb2vga_0_0.vhd:71]
	Parameter VID_IN_DATA_WIDTH bound to: 24 - type: integer 
	Parameter kRedDepth bound to: 5 - type: integer 
	Parameter kGreenDepth bound to: 6 - type: integer 
	Parameter kBlueDepth bound to: 5 - type: integer 
INFO: [Synth 8-3491] module 'rgb2vga' declared at '/home/lsriw/sr/RomanMichal/SR/lab5/zad83/zad83.srcs/sources_1/bd/hdmi_vga/ipshared/69dc/src/rgb2vga.vhd:58' bound to instance 'U0' of component 'rgb2vga' [/home/lsriw/sr/RomanMichal/SR/lab5/zad83/zad83.srcs/sources_1/bd/hdmi_vga/ip/hdmi_vga_rgb2vga_0_0/synth/hdmi_vga_rgb2vga_0_0.vhd:107]
INFO: [Synth 8-638] synthesizing module 'rgb2vga' [/home/lsriw/sr/RomanMichal/SR/lab5/zad83/zad83.srcs/sources_1/bd/hdmi_vga/ipshared/69dc/src/rgb2vga.vhd:81]
	Parameter VID_IN_DATA_WIDTH bound to: 24 - type: integer 
	Parameter kRedDepth bound to: 5 - type: integer 
	Parameter kGreenDepth bound to: 6 - type: integer 
	Parameter kBlueDepth bound to: 5 - type: integer 
INFO: [Synth 8-256] done synthesizing module 'rgb2vga' (1#1) [/home/lsriw/sr/RomanMichal/SR/lab5/zad83/zad83.srcs/sources_1/bd/hdmi_vga/ipshared/69dc/src/rgb2vga.vhd:81]
INFO: [Synth 8-256] done synthesizing module 'hdmi_vga_rgb2vga_0_0' (2#1) [/home/lsriw/sr/RomanMichal/SR/lab5/zad83/zad83.srcs/sources_1/bd/hdmi_vga/ip/hdmi_vga_rgb2vga_0_0/synth/hdmi_vga_rgb2vga_0_0.vhd:71]
---------------------------------------------------------------------------------
Finished RTL Elaboration : Time (s): cpu = 00:00:10 ; elapsed = 00:00:11 . Memory (MB): peak = 1357.066 ; gain = 126.527 ; free physical = 9464 ; free virtual = 27510
---------------------------------------------------------------------------------

Report Check Netlist: 
+------+------------------+-------+---------+-------+------------------+
|      |Item              |Errors |Warnings |Status |Description       |
+------+------------------+-------+---------+-------+------------------+
|1     |multi_driven_nets |      0|        0|Passed |Multi driven nets |
+------+------------------+-------+---------+-------+------------------+
---------------------------------------------------------------------------------
Finished RTL Optimization Phase 1 : Time (s): cpu = 00:00:10 ; elapsed = 00:00:11 . Memory (MB): peak = 1357.066 ; gain = 126.527 ; free physical = 9553 ; free virtual = 27599
---------------------------------------------------------------------------------
INFO: [Device 21-403] Loading part xc7z010clg400-1
INFO: [Project 1-570] Preparing netlist for logic optimization

Processing XDC Constraints
Initializing timing engine
Completed Processing XDC Constraints

INFO: [Project 1-111] Unisim Transformation Summary:
No Unisim elements were transformed.

Constraint Validation Runtime : Time (s): cpu = 00:00:00 ; elapsed = 00:00:00.01 . Memory (MB): peak = 1702.840 ; gain = 0.000 ; free physical = 8466 ; free virtual = 26530
---------------------------------------------------------------------------------
Finished Constraint Validation : Time (s): cpu = 00:00:29 ; elapsed = 00:00:53 . Memory (MB): peak = 1702.840 ; gain = 472.301 ; free physical = 8690 ; free virtual = 26770
---------------------------------------------------------------------------------
---------------------------------------------------------------------------------
Start Loading Part and Timing Information
---------------------------------------------------------------------------------
Loading part: xc7z010clg400-1
---------------------------------------------------------------------------------
Finished Loading Part and Timing Information : Time (s): cpu = 00:00:29 ; elapsed = 00:00:53 . Memory (MB): peak = 1702.840 ; gain = 472.301 ; free physical = 8689 ; free virtual = 26769
---------------------------------------------------------------------------------
---------------------------------------------------------------------------------
Start Applying 'set_property' XDC Constraints
---------------------------------------------------------------------------------
---------------------------------------------------------------------------------
Finished applying 'set_property' XDC Constraints : Time (s): cpu = 00:00:29 ; elapsed = 00:00:53 . Memory (MB): peak = 1702.840 ; gain = 472.301 ; free physical = 8691 ; free virtual = 26771
---------------------------------------------------------------------------------
---------------------------------------------------------------------------------
Finished RTL Optimization Phase 2 : Time (s): cpu = 00:00:29 ; elapsed = 00:00:53 . Memory (MB): peak = 1702.840 ; gain = 472.301 ; free physical = 8698 ; free virtual = 26778
---------------------------------------------------------------------------------

Report RTL Partitions: 
+-+--------------+------------+----------+
| |RTL Partition |Replication |Instances |
+-+--------------+------------+----------+
+-+--------------+------------+----------+
---------------------------------------------------------------------------------
Start RTL Component Statistics 
---------------------------------------------------------------------------------
Detailed RTL Component Info : 
+---Registers : 
	               24 Bit    Registers := 1     
	                1 Bit    Registers := 2     
+---Muxes : 
	   2 Input     24 Bit        Muxes := 1     
---------------------------------------------------------------------------------
Finished RTL Component Statistics 
---------------------------------------------------------------------------------
---------------------------------------------------------------------------------
Start RTL Hierarchical Component Statistics 
---------------------------------------------------------------------------------
Hierarchical RTL Component report 
Module rgb2vga 
Detailed RTL Component Info : 
+---Registers : 
	               24 Bit    Registers := 1     
	                1 Bit    Registers := 2     
+---Muxes : 
	   2 Input     24 Bit        Muxes := 1     
---------------------------------------------------------------------------------
Finished RTL Hierarchical Component Statistics
---------------------------------------------------------------------------------
---------------------------------------------------------------------------------
Start Part Resource Summary
---------------------------------------------------------------------------------
Part Resources:
DSPs: 80 (col length:40)
BRAMs: 120 (col length: RAMB18 40 RAMB36 20)
---------------------------------------------------------------------------------
Finished Part Resource Summary
---------------------------------------------------------------------------------
---------------------------------------------------------------------------------
Start Cross Boundary and Area Optimization
---------------------------------------------------------------------------------
INFO: [Synth 8-3332] Sequential element (U0/int_pData_reg[18]) is unused and will be removed from module hdmi_vga_rgb2vga_0_0.
INFO: [Synth 8-3332] Sequential element (U0/int_pData_reg[17]) is unused and will be removed from module hdmi_vga_rgb2vga_0_0.
INFO: [Synth 8-3332] Sequential element (U0/int_pData_reg[16]) is unused and will be removed from module hdmi_vga_rgb2vga_0_0.
INFO: [Synth 8-3332] Sequential element (U0/int_pData_reg[10]) is unused and will be removed from module hdmi_vga_rgb2vga_0_0.
INFO: [Synth 8-3332] Sequential element (U0/int_pData_reg[9]) is unused and will be removed from module hdmi_vga_rgb2vga_0_0.
INFO: [Synth 8-3332] Sequential element (U0/int_pData_reg[8]) is unused and will be removed from module hdmi_vga_rgb2vga_0_0.
INFO: [Synth 8-3332] Sequential element (U0/int_pData_reg[1]) is unused and will be removed from module hdmi_vga_rgb2vga_0_0.
INFO: [Synth 8-3332] Sequential element (U0/int_pData_reg[0]) is unused and will be removed from module hdmi_vga_rgb2vga_0_0.
---------------------------------------------------------------------------------
Finished Cross Boundary and Area Optimization : Time (s): cpu = 00:00:29 ; elapsed = 00:00:54 . Memory (MB): peak = 1702.840 ; gain = 472.301 ; free physical = 8691 ; free virtual = 26775
---------------------------------------------------------------------------------

Report RTL Partitions: 
+-+--------------+------------+----------+
| |RTL Partition |Replication |Instances |
+-+--------------+------------+----------+
+-+--------------+------------+----------+
---------------------------------------------------------------------------------
Start Applying XDC Timing Constraints
---------------------------------------------------------------------------------
---------------------------------------------------------------------------------
Finished Applying XDC Timing Constraints : Time (s): cpu = 00:00:37 ; elapsed = 00:01:06 . Memory (MB): peak = 1702.840 ; gain = 472.301 ; free physical = 8170 ; free virtual = 26246
---------------------------------------------------------------------------------
---------------------------------------------------------------------------------
Start Timing Optimization
---------------------------------------------------------------------------------
---------------------------------------------------------------------------------
Finished Timing Optimization : Time (s): cpu = 00:00:37 ; elapsed = 00:01:06 . Memory (MB): peak = 1702.840 ; gain = 472.301 ; free physical = 8169 ; free virtual = 26245
---------------------------------------------------------------------------------

Report RTL Partitions: 
+-+--------------+------------+----------+
| |RTL Partition |Replication |Instances |
+-+--------------+------------+----------+
+-+--------------+------------+----------+
---------------------------------------------------------------------------------
Start Technology Mapping
---------------------------------------------------------------------------------
---------------------------------------------------------------------------------
Finished Technology Mapping : Time (s): cpu = 00:00:37 ; elapsed = 00:01:06 . Memory (MB): peak = 1702.840 ; gain = 472.301 ; free physical = 8163 ; free virtual = 26239
---------------------------------------------------------------------------------

Report RTL Partitions: 
+-+--------------+------------+----------+
| |RTL Partition |Replication |Instances |
+-+--------------+------------+----------+
+-+--------------+------------+----------+
---------------------------------------------------------------------------------
Start IO Insertion
---------------------------------------------------------------------------------
---------------------------------------------------------------------------------
Start Flattening Before IO Insertion
---------------------------------------------------------------------------------
---------------------------------------------------------------------------------
Finished Flattening Before IO Insertion
---------------------------------------------------------------------------------
---------------------------------------------------------------------------------
Start Final Netlist Cleanup
---------------------------------------------------------------------------------
---------------------------------------------------------------------------------
Finished Final Netlist Cleanup
---------------------------------------------------------------------------------
---------------------------------------------------------------------------------
Finished IO Insertion : Time (s): cpu = 00:00:38 ; elapsed = 00:01:07 . Memory (MB): peak = 1702.840 ; gain = 472.301 ; free physical = 8183 ; free virtual = 26259
---------------------------------------------------------------------------------

Report Check Netlist: 
+------+------------------+-------+---------+-------+------------------+
|      |Item              |Errors |Warnings |Status |Description       |
+------+------------------+-------+---------+-------+------------------+
|1     |multi_driven_nets |      0|        0|Passed |Multi driven nets |
+------+------------------+-------+---------+-------+------------------+
---------------------------------------------------------------------------------
Start Renaming Generated Instances
---------------------------------------------------------------------------------
---------------------------------------------------------------------------------
Finished Renaming Generated Instances : Time (s): cpu = 00:00:38 ; elapsed = 00:01:07 . Memory (MB): peak = 1702.840 ; gain = 472.301 ; free physical = 8183 ; free virtual = 26259
---------------------------------------------------------------------------------

Report RTL Partitions: 
+-+--------------+------------+----------+
| |RTL Partition |Replication |Instances |
+-+--------------+------------+----------+
+-+--------------+------------+----------+
---------------------------------------------------------------------------------
Start Rebuilding User Hierarchy
---------------------------------------------------------------------------------
---------------------------------------------------------------------------------
Finished Rebuilding User Hierarchy : Time (s): cpu = 00:00:38 ; elapsed = 00:01:07 . Memory (MB): peak = 1702.840 ; gain = 472.301 ; free physical = 8183 ; free virtual = 26259
---------------------------------------------------------------------------------
---------------------------------------------------------------------------------
Start Renaming Generated Ports
---------------------------------------------------------------------------------
---------------------------------------------------------------------------------
Finished Renaming Generated Ports : Time (s): cpu = 00:00:38 ; elapsed = 00:01:07 . Memory (MB): peak = 1702.840 ; gain = 472.301 ; free physical = 8183 ; free virtual = 26259
---------------------------------------------------------------------------------
---------------------------------------------------------------------------------
Start Handling Custom Attributes
---------------------------------------------------------------------------------
---------------------------------------------------------------------------------
Finished Handling Custom Attributes : Time (s): cpu = 00:00:38 ; elapsed = 00:01:07 . Memory (MB): peak = 1702.840 ; gain = 472.301 ; free physical = 8183 ; free virtual = 26259
---------------------------------------------------------------------------------
---------------------------------------------------------------------------------
Start Renaming Generated Nets
---------------------------------------------------------------------------------
---------------------------------------------------------------------------------
Finished Renaming Generated Nets : Time (s): cpu = 00:00:38 ; elapsed = 00:01:07 . Memory (MB): peak = 1702.840 ; gain = 472.301 ; free physical = 8183 ; free virtual = 26259
---------------------------------------------------------------------------------
---------------------------------------------------------------------------------
Start Writing Synthesis Report
---------------------------------------------------------------------------------

Report BlackBoxes: 
+-+--------------+----------+
| |BlackBox name |Instances |
+-+--------------+----------+
+-+--------------+----------+

Report Cell Usage: 
+------+-----+------+
|      |Cell |Count |
+------+-----+------+
|1     |LUT1 |     1|
|2     |FDRE |    18|
+------+-----+------+

Report Instance Areas: 
+------+---------+--------+------+
|      |Instance |Module  |Cells |
+------+---------+--------+------+
|1     |top      |        |    19|
|2     |  U0     |rgb2vga |    19|
+------+---------+--------+------+
---------------------------------------------------------------------------------
Finished Writing Synthesis Report : Time (s): cpu = 00:00:38 ; elapsed = 00:01:07 . Memory (MB): peak = 1702.840 ; gain = 472.301 ; free physical = 8183 ; free virtual = 26259
---------------------------------------------------------------------------------
Synthesis finished with 0 errors, 0 critical warnings and 0 warnings.
Synthesis Optimization Runtime : Time (s): cpu = 00:00:28 ; elapsed = 00:00:34 . Memory (MB): peak = 1702.840 ; gain = 126.527 ; free physical = 8217 ; free virtual = 26293
Synthesis Optimization Complete : Time (s): cpu = 00:00:38 ; elapsed = 00:01:07 . Memory (MB): peak = 1702.840 ; gain = 472.301 ; free physical = 8217 ; free virtual = 26293
INFO: [Project 1-571] Translating synthesized netlist
INFO: [Project 1-570] Preparing netlist for logic optimization
INFO: [Opt 31-138] Pushed 0 inverter(s) to 0 load pin(s).
INFO: [Project 1-111] Unisim Transformation Summary:
No Unisim elements were transformed.

INFO: [Common 17-83] Releasing license: Synthesis
22 Infos, 0 Warnings, 0 Critical Warnings and 0 Errors encountered.
synth_design completed successfully
synth_design: Time (s): cpu = 00:00:40 ; elapsed = 00:01:08 . Memory (MB): peak = 1702.840 ; gain = 497.129 ; free physical = 8243 ; free virtual = 26320
INFO: [Common 17-1381] The checkpoint '/home/lsriw/sr/RomanMichal/SR/lab5/zad83/zad83.runs/hdmi_vga_rgb2vga_0_0_synth_1/hdmi_vga_rgb2vga_0_0.dcp' has been generated.
INFO: [Coretcl 2-1482] Added synthesis output to IP cache for IP /home/lsriw/sr/RomanMichal/SR/lab5/zad83/zad83.srcs/sources_1/bd/hdmi_vga/ip/hdmi_vga_rgb2vga_0_0/hdmi_vga_rgb2vga_0_0.xci
INFO: [Common 17-1381] The checkpoint '/home/lsriw/sr/RomanMichal/SR/lab5/zad83/zad83.runs/hdmi_vga_rgb2vga_0_0_synth_1/hdmi_vga_rgb2vga_0_0.dcp' has been generated.
INFO: [runtcl-4] Executing : report_utilization -file hdmi_vga_rgb2vga_0_0_utilization_synth.rpt -pb hdmi_vga_rgb2vga_0_0_utilization_synth.pb
report_utilization: Time (s): cpu = 00:00:00.07 ; elapsed = 00:00:00.08 . Memory (MB): peak = 1702.840 ; gain = 0.000 ; free physical = 8288 ; free virtual = 26365
INFO: [Common 17-206] Exiting Vivado at Wed Apr 11 09:04:02 2018...
