#-----------------------------------------------------------
# Vivado v2017.4 (64-bit)
# SW Build 2086221 on Fri Dec 15 20:55:39 MST 2017
# IP Build 2085800 on Fri Dec 15 22:25:07 MST 2017
# Start of session at: Tue May 29 18:10:06 2018
# Process ID: 9544
# Current directory: C:/git/SR/lab11/zad11_1/vis_circle
# Command line: vivado.exe -gui_launcher_event rodinguilauncherevent12424 C:\git\SR\lab11\zad11_1\vis_circle\vis_circle.xpr
# Log file: C:/git/SR/lab11/zad11_1/vis_circle/vivado.log
# Journal file: C:/git/SR/lab11/zad11_1/vis_circle\vivado.jou
#-----------------------------------------------------------
start_gui
open_project C:/git/SR/lab11/zad11_1/vis_circle/vis_circle.xpr
INFO: [Project 1-313] Project file moved from 'C:/Users/Krasnal/Desktop/Wegrzyn/lab7/vis_circle' since last save.
Scanning sources...
Finished scanning sources
WARNING: [filemgmt 56-2] IP Repository Path: Could not find the directory 'C:/git/SR/lab11/lab5_new/hdmi_vga_ip_repo/vp', nor could it be found using path 'C:/Users/Krasnal/Desktop/Wegrzyn/lab5_new/hdmi_vga_ip_repo/vp'.
WARNING: [filemgmt 56-2] IP Repository Path: Could not find the directory 'C:/git/SR/lab11/lab5_new/hdmi_vga_ip_repo/vis_circle', nor could it be found using path 'C:/Users/Krasnal/Desktop/Wegrzyn/lab5_new/hdmi_vga_ip_repo/vis_circle'.
INFO: [IP_Flow 19-234] Refreshing IP repositories
WARNING: [IP_Flow 19-2248] Failed to load user IP repository 'c:/git/SR/lab11/lab5_new/hdmi_vga_ip_repo/vp'; Can't find the specified path.
If this directory should no longer be in your list of user repositories, go to the IP Settings dialog and remove it.
WARNING: [IP_Flow 19-2248] Failed to load user IP repository 'c:/git/SR/lab11/lab5_new/hdmi_vga_ip_repo/vis_circle'; Can't find the specified path.
If this directory should no longer be in your list of user repositories, go to the IP Settings dialog and remove it.
INFO: [IP_Flow 19-2313] Loaded Vivado IP repository 'C:/Xilinx/Vivado/2017.4/data/ip'.
open_project: Time (s): cpu = 00:00:15 ; elapsed = 00:00:06 . Memory (MB): peak = 804.512 ; gain = 89.523
update_compile_order -fileset sources_1
ipx::package_project -root_dir C:/git/SR/lab11/Resources/vis_circle -vendor xilinx.com -library user -taxonomy /UserIP -generated_files -import_files -set_current false
WARNING: [IP_Flow 19-4963] c_addsub_x has board value specified. The packaged IP will be restricted to usage with board 'digilentinc.com:zybo:part0:1.0'
INFO: [IP_Flow 19-4753] Inferred signal 'clock' from port 'clk' as interface 'clk'.
ipx::unload_core c:/git/SR/lab11/Resources/vis_circle/component.xml
ipx::edit_ip_in_project -upgrade true -name tmp_edit_project -directory C:/git/SR/lab11/Resources/vis_circle c:/git/SR/lab11/Resources/vis_circle/component.xml
INFO: [IP_Flow 19-234] Refreshing IP repositories
INFO: [IP_Flow 19-1704] No user IP repositories specified
INFO: [IP_Flow 19-2313] Loaded Vivado IP repository 'C:/Xilinx/Vivado/2017.4/data/ip'.
INFO: [IP_Flow 19-234] Refreshing IP repositories
WARNING: [IP_Flow 19-2248] Failed to load user IP repository 'c:/git/SR/lab11/lab5_new/hdmi_vga_ip_repo/vp'; Can't find the specified path.
If this directory should no longer be in your list of user repositories, go to the IP Settings dialog and remove it.
WARNING: [IP_Flow 19-2248] Failed to load user IP repository 'c:/git/SR/lab11/lab5_new/hdmi_vga_ip_repo/vis_circle'; Can't find the specified path.
If this directory should no longer be in your list of user repositories, go to the IP Settings dialog and remove it.
INFO: [IP_Flow 19-795] Syncing license key meta-data
ipx::edit_ip_in_project: Time (s): cpu = 00:00:18 ; elapsed = 00:00:06 . Memory (MB): peak = 952.504 ; gain = 141.938
update_compile_order -fileset sources_1
set_property core_revision 2 [ipx::current_core]
ipx::create_xgui_files [ipx::current_core]
ipx::update_checksums [ipx::current_core]
ipx::save_core [ipx::current_core]
close_project -delete
INFO: [filemgmt 56-326] User Interrupt. Could not getCurrentGraph()
INFO: [filemgmt 56-326] User Interrupt. Could not getCurrentGraph()
set_property  ip_repo_paths  {c:/git/SR/lab11/Resources/vis_circle c:/git/SR/lab11/lab5_new/hdmi_vga_ip_repo/vp c:/git/SR/lab11/lab5_new/hdmi_vga_ip_repo/vis_circle} [current_project]
update_ip_catalog
INFO: [IP_Flow 19-234] Refreshing IP repositories
INFO: [IP_Flow 19-1700] Loaded user IP repository 'c:/git/SR/lab11/Resources/vis_circle'.
WARNING: [IP_Flow 19-2248] Failed to load user IP repository 'c:/git/SR/lab11/lab5_new/hdmi_vga_ip_repo/vp'; Can't find the specified path.
If this directory should no longer be in your list of user repositories, go to the IP Settings dialog and remove it.
WARNING: [IP_Flow 19-2248] Failed to load user IP repository 'c:/git/SR/lab11/lab5_new/hdmi_vga_ip_repo/vis_circle'; Can't find the specified path.
If this directory should no longer be in your list of user repositories, go to the IP Settings dialog and remove it.
exit
INFO: [Common 17-206] Exiting Vivado at Tue May 29 18:15:46 2018...
