#-----------------------------------------------------------
# Vivado v2017.4 (64-bit)
# SW Build 2086221 on Fri Dec 15 20:55:39 MST 2017
# IP Build 2085800 on Fri Dec 15 22:25:07 MST 2017
# Start of session at: Wed May 30 08:32:19 2018
# Process ID: 9668
# Current directory: C:/git/SR/lab11/zad11_1/centroid
# Command line: vivado.exe -gui_launcher_event rodinguilauncherevent10232 C:\git\SR\lab11\zad11_1\centroid\centroid.xpr
# Log file: C:/git/SR/lab11/zad11_1/centroid/vivado.log
# Journal file: C:/git/SR/lab11/zad11_1/centroid\vivado.jou
#-----------------------------------------------------------
start_gui
open_project C:/git/SR/lab11/zad11_1/centroid/centroid.xpr
INFO: [Project 1-313] Project file moved from 'C:/Users/Krasnal/Desktop/Wegrzyn/lab7/centroid' since last save.
Scanning sources...
Finished scanning sources
WARNING: [filemgmt 56-2] IP Repository Path: Could not find the directory 'C:/git/SR/lab11/lab5_new/hdmi_vga_ip_repo', nor could it be found using path 'C:/Users/Krasnal/Desktop/Wegrzyn/lab5_new/hdmi_vga_ip_repo'.
INFO: [IP_Flow 19-234] Refreshing IP repositories
WARNING: [IP_Flow 19-2248] Failed to load user IP repository 'c:/git/SR/lab11/lab5_new/hdmi_vga_ip_repo'; Can't find the specified path.
If this directory should no longer be in your list of user repositories, go to the IP Settings dialog and remove it.
INFO: [IP_Flow 19-2313] Loaded Vivado IP repository 'C:/Xilinx/Vivado/2017.4/data/ip'.
WARNING: [IP_Flow 19-2162] IP 'divider_32_20_0' is locked:
* IP definition 'divider_32_20 (1.0)' for IP 'divider_32_20_0' (customized with software release 2017.4) was not found in the IP Catalog.
Please select 'Report IP Status' from the 'Tools/Report' menu or run Tcl command 'report_ip_status' for more information.
open_project: Time (s): cpu = 00:00:14 ; elapsed = 00:00:06 . Memory (MB): peak = 800.484 ; gain = 78.852
update_compile_order -fileset sources_1
ipx::package_project -root_dir C:/git/SR/lab11/Resources/centroid -vendor xilinx.com -library user -taxonomy /UserIP -generated_files -import_files -set_current false -force
WARNING: [IP_Flow 19-4963] c_accum_0 has board value specified. The packaged IP will be restricted to usage with board 'digilentinc.com:zybo:part0:1.0'
INFO: [IP_Flow 19-4753] Inferred signal 'reset' from port 'rst' as interface 'rst'.
INFO: [IP_Flow 19-4753] Inferred signal 'clock' from port 'clk' as interface 'clk'.
INFO: [IP_Flow 19-4728] Bus Interface 'clk': Added interface parameter 'ASSOCIATED_RESET' with value 'rst'.
ipx::unload_core c:/git/SR/lab11/Resources/centroid/component.xml
ipx::edit_ip_in_project -upgrade true -name tmp_edit_project -directory C:/git/SR/lab11/Resources/centroid c:/git/SR/lab11/Resources/centroid/component.xml
INFO: [IP_Flow 19-234] Refreshing IP repositories
INFO: [IP_Flow 19-1704] No user IP repositories specified
INFO: [IP_Flow 19-2313] Loaded Vivado IP repository 'C:/Xilinx/Vivado/2017.4/data/ip'.
INFO: [IP_Flow 19-234] Refreshing IP repositories
WARNING: [IP_Flow 19-2248] Failed to load user IP repository 'c:/git/SR/lab11/lab5_new/hdmi_vga_ip_repo'; Can't find the specified path.
If this directory should no longer be in your list of user repositories, go to the IP Settings dialog and remove it.
INFO: [IP_Flow 19-795] Syncing license key meta-data
ipx::edit_ip_in_project: Time (s): cpu = 00:00:15 ; elapsed = 00:00:07 . Memory (MB): peak = 834.922 ; gain = 24.758
set_property core_revision 2 [ipx::current_core]
ipx::create_xgui_files [ipx::current_core]
ipx::update_checksums [ipx::current_core]
ipx::update_checksums: Time (s): cpu = 00:00:08 ; elapsed = 00:00:08 . Memory (MB): peak = 846.965 ; gain = 0.000
ipx::save_core [ipx::current_core]
close_project -delete
INFO: [filemgmt 56-326] User Interrupt. Could not getCurrentGraph()
INFO: [filemgmt 56-326] User Interrupt. Could not getCurrentGraph()
set_property  ip_repo_paths  {c:/git/SR/lab11/Resources/centroid c:/git/SR/lab11/lab5_new/hdmi_vga_ip_repo} [current_project]
update_ip_catalog
INFO: [IP_Flow 19-234] Refreshing IP repositories
INFO: [IP_Flow 19-1700] Loaded user IP repository 'c:/git/SR/lab11/Resources/centroid'.
WARNING: [IP_Flow 19-2248] Failed to load user IP repository 'c:/git/SR/lab11/lab5_new/hdmi_vga_ip_repo'; Can't find the specified path.
If this directory should no longer be in your list of user repositories, go to the IP Settings dialog and remove it.
exit
INFO: [Common 17-206] Exiting Vivado at Wed May 30 08:34:15 2018...
