#-----------------------------------------------------------
# Vivado v2017.4 (64-bit)
# SW Build 2086221 on Fri Dec 15 20:55:39 MST 2017
# IP Build 2085800 on Fri Dec 15 22:25:07 MST 2017
# Start of session at: Tue May  8 23:38:54 2018
# Process ID: 6844
# Current directory: C:/git/SR/lab10/vp
# Command line: vivado.exe -gui_launcher_event rodinguilauncherevent13988 C:\git\SR\lab10\vp\vp.xpr
# Log file: C:/git/SR/lab10/vp/vivado.log
# Journal file: C:/git/SR/lab10/vp\vivado.jou
#-----------------------------------------------------------
start_gui
open_project C:/git/SR/lab10/vp/vp.xpr
INFO: [Project 1-313] Project file moved from 'C:/Users/Bartek/Reconfigurable-Systems-Laboratory-Class/10/vp' since last save.
Scanning sources...
Finished scanning sources
WARNING: [filemgmt 56-2] IP Repository Path: Could not find the directory 'C:/git/SR/My_IPs/vp', nor could it be found using path 'C:/Users/Bartek/Reconfigurable-Systems-Laboratory-Class/My_IPs/vp'.
INFO: [IP_Flow 19-234] Refreshing IP repositories
WARNING: [IP_Flow 19-2248] Failed to load user IP repository 'c:/git/SR/My_IPs/vp'; Can't find the specified path.
If this directory should no longer be in your list of user repositories, go to the IP Settings dialog and remove it.
INFO: [IP_Flow 19-2313] Loaded Vivado IP repository 'C:/Xilinx/Vivado/2017.4/data/ip'.
update_compile_order -fileset sources_1
exit
INFO: [Common 17-206] Exiting Vivado at Tue May  8 23:52:36 2018...
