
*** Running vivado
    with args -log hdmi_vga_vp_0_0.vds -m64 -product Vivado -mode batch -messageDb vivado.pb -notrace -source hdmi_vga_vp_0_0.tcl


****** Vivado v2017.4 (64-bit)
  **** SW Build 2086221 on Fri Dec 15 20:55:39 MST 2017
  **** IP Build 2085800 on Fri Dec 15 22:25:07 MST 2017
    ** Copyright 1986-2017 Xilinx, Inc. All Rights Reserved.

source hdmi_vga_vp_0_0.tcl -notrace
Command: synth_design -top hdmi_vga_vp_0_0 -part xc7z010clg400-1 -mode out_of_context
Starting synth_design
Attempting to get a license for feature 'Synthesis' and/or device 'xc7z010'
INFO: [Common 17-349] Got license for feature 'Synthesis' and/or device 'xc7z010'
CRITICAL WARNING: [filemgmt 20-1741] File 'delay_line.v' is used by one or more modules, but with different contents, and may lead to unpredictable results:
* rgb2ycbcr_0 (c:/git/SR/lab11/zad11_1/hdmi_vga_zybo/hdmi_vga_zybo.srcs/sources_1/bd/hdmi_vga/ip/hdmi_vga_vp_0_0/src/rgb2ycbcr_0_1/src/delay_line.v)
* vis_circle_0 (c:/git/SR/lab11/zad11_1/hdmi_vga_zybo/hdmi_vga_zybo.srcs/sources_1/bd/hdmi_vga/ip/hdmi_vga_vp_0_0/src/vis_circle_0_1/src/delay_line.v)
Please reset and regenerate these modules to resolve the differences, or synthesize them independently.
INFO: Launching helper process for spawning children vivado processes
INFO: Helper process launched with PID 4676 
CRITICAL WARNING: [Synth 8-2490] overwriting previous definition of module delay_line [c:/git/SR/lab11/zad11_1/hdmi_vga_zybo/hdmi_vga_zybo.srcs/sources_1/bd/hdmi_vga/ip/hdmi_vga_vp_0_0/src/vis_circle_0_1/src/delay_line.v:23]
---------------------------------------------------------------------------------
Starting RTL Elaboration : Time (s): cpu = 00:00:12 ; elapsed = 00:00:12 . Memory (MB): peak = 369.324 ; gain = 113.004
---------------------------------------------------------------------------------
INFO: [Synth 8-638] synthesizing module 'hdmi_vga_vp_0_0' [c:/git/SR/lab11/zad11_1/hdmi_vga_zybo/hdmi_vga_zybo.srcs/sources_1/bd/hdmi_vga/ip/hdmi_vga_vp_0_0/synth/hdmi_vga_vp_0_0.v:57]
INFO: [Synth 8-638] synthesizing module 'vp' [c:/git/SR/lab11/zad11_1/hdmi_vga_zybo/hdmi_vga_zybo.srcs/sources_1/bd/hdmi_vga/ipshared/b0b1/src/vp.v:3]
	Parameter Ta bound to: 105 - type: integer 
	Parameter Tb bound to: 127 - type: integer 
	Parameter Tc bound to: 130 - type: integer 
	Parameter Td bound to: 166 - type: integer 
INFO: [Synth 8-638] synthesizing module 'rgb2ycbcr_0' [c:/git/SR/lab11/zad11_1/hdmi_vga_zybo/hdmi_vga_zybo.srcs/sources_1/bd/hdmi_vga/ip/hdmi_vga_vp_0_0/src/rgb2ycbcr_0_1/synth/rgb2ycbcr_0.v:57]
INFO: [Synth 8-638] synthesizing module 'rgb2ycbcr' [c:/git/SR/lab11/zad11_1/hdmi_vga_zybo/hdmi_vga_zybo.srcs/sources_1/bd/hdmi_vga/ip/hdmi_vga_vp_0_0/src/rgb2ycbcr_0_1/src/rgb2ycbcr.v:3]
INFO: [Synth 8-638] synthesizing module 'mult_gen_1' [c:/git/SR/lab11/zad11_1/hdmi_vga_zybo/hdmi_vga_zybo.srcs/sources_1/bd/hdmi_vga/ip/hdmi_vga_vp_0_0/src/rgb2ycbcr_0_1/src/mult_gen_1/synth/mult_gen_1.vhd:68]
WARNING: [Synth 8-5640] Port 'zero_detect' is missing in component declaration [c:/git/SR/lab11/zad11_1/hdmi_vga_zybo/hdmi_vga_zybo.srcs/sources_1/bd/hdmi_vga/ip/hdmi_vga_vp_0_0/src/rgb2ycbcr_0_1/src/mult_gen_1/synth/mult_gen_1.vhd:71]
WARNING: [Synth 8-5640] Port 'pcasc' is missing in component declaration [c:/git/SR/lab11/zad11_1/hdmi_vga_zybo/hdmi_vga_zybo.srcs/sources_1/bd/hdmi_vga/ip/hdmi_vga_vp_0_0/src/rgb2ycbcr_0_1/src/mult_gen_1/synth/mult_gen_1.vhd:71]
	Parameter C_VERBOSITY bound to: 0 - type: integer 
	Parameter C_MODEL_TYPE bound to: 0 - type: integer 
	Parameter C_OPTIMIZE_GOAL bound to: 1 - type: integer 
	Parameter C_XDEVICEFAMILY bound to: zynq - type: string 
	Parameter C_HAS_CE bound to: 0 - type: integer 
	Parameter C_HAS_SCLR bound to: 0 - type: integer 
	Parameter C_LATENCY bound to: 3 - type: integer 
	Parameter C_A_WIDTH bound to: 18 - type: integer 
	Parameter C_A_TYPE bound to: 0 - type: integer 
	Parameter C_B_WIDTH bound to: 18 - type: integer 
	Parameter C_B_TYPE bound to: 0 - type: integer 
	Parameter C_OUT_HIGH bound to: 35 - type: integer 
	Parameter C_OUT_LOW bound to: 0 - type: integer 
	Parameter C_MULT_TYPE bound to: 1 - type: integer 
	Parameter C_CE_OVERRIDES_SCLR bound to: 0 - type: integer 
	Parameter C_CCM_IMP bound to: 0 - type: integer 
	Parameter C_B_VALUE bound to: 10000001 - type: string 
	Parameter C_HAS_ZERO_DETECT bound to: 0 - type: integer 
	Parameter C_ROUND_OUTPUT bound to: 0 - type: integer 
	Parameter C_ROUND_PT bound to: 0 - type: integer 
INFO: [Synth 8-3491] module 'mult_gen_v12_0_13' declared at 'c:/git/SR/lab11/zad11_1/hdmi_vga_zybo/hdmi_vga_zybo.srcs/sources_1/bd/hdmi_vga/ip/hdmi_vga_vp_0_0/src/rgb2ycbcr_0_1/src/mult_gen_1/hdl/mult_gen_v12_0_vh_rfs.vhd:21013' bound to instance 'U0' of component 'mult_gen_v12_0_13' [c:/git/SR/lab11/zad11_1/hdmi_vga_zybo/hdmi_vga_zybo.srcs/sources_1/bd/hdmi_vga/ip/hdmi_vga_vp_0_0/src/rgb2ycbcr_0_1/src/mult_gen_1/synth/mult_gen_1.vhd:120]
WARNING: [Synth 8-5974] attribute "use_dsp48" has been deprecated, please use "use_dsp" instead 
INFO: [Synth 8-256] done synthesizing module 'mult_gen_1' (6#1) [c:/git/SR/lab11/zad11_1/hdmi_vga_zybo/hdmi_vga_zybo.srcs/sources_1/bd/hdmi_vga/ip/hdmi_vga_vp_0_0/src/rgb2ycbcr_0_1/src/mult_gen_1/synth/mult_gen_1.vhd:68]
INFO: [Synth 8-638] synthesizing module 'c_addsub_1' [c:/git/SR/lab11/zad11_1/hdmi_vga_zybo/hdmi_vga_zybo.srcs/sources_1/bd/hdmi_vga/ip/hdmi_vga_vp_0_0/src/rgb2ycbcr_0_1/src/c_addsub_1/synth/c_addsub_1.vhd:68]
	Parameter C_VERBOSITY bound to: 0 - type: integer 
	Parameter C_XDEVICEFAMILY bound to: zynq - type: string 
	Parameter C_IMPLEMENTATION bound to: 1 - type: integer 
	Parameter C_A_WIDTH bound to: 9 - type: integer 
	Parameter C_B_WIDTH bound to: 9 - type: integer 
	Parameter C_OUT_WIDTH bound to: 9 - type: integer 
	Parameter C_CE_OVERRIDES_SCLR bound to: 0 - type: integer 
	Parameter C_A_TYPE bound to: 0 - type: integer 
	Parameter C_B_TYPE bound to: 0 - type: integer 
	Parameter C_LATENCY bound to: 2 - type: integer 
	Parameter C_ADD_MODE bound to: 0 - type: integer 
	Parameter C_B_CONSTANT bound to: 0 - type: integer 
	Parameter C_B_VALUE bound to: 000000000 - type: string 
	Parameter C_AINIT_VAL bound to: 0 - type: string 
	Parameter C_SINIT_VAL bound to: 0 - type: string 
	Parameter C_CE_OVERRIDES_BYPASS bound to: 1 - type: integer 
	Parameter C_BYPASS_LOW bound to: 0 - type: integer 
	Parameter C_SCLR_OVERRIDES_SSET bound to: 1 - type: integer 
	Parameter C_HAS_C_IN bound to: 0 - type: integer 
	Parameter C_HAS_C_OUT bound to: 0 - type: integer 
	Parameter C_BORROW_LOW bound to: 1 - type: integer 
	Parameter C_HAS_CE bound to: 0 - type: integer 
	Parameter C_HAS_BYPASS bound to: 0 - type: integer 
	Parameter C_HAS_SCLR bound to: 0 - type: integer 
	Parameter C_HAS_SSET bound to: 0 - type: integer 
	Parameter C_HAS_SINIT bound to: 0 - type: integer 
INFO: [Synth 8-3491] module 'c_addsub_v12_0_11' declared at 'c:/git/SR/lab11/zad11_1/hdmi_vga_zybo/hdmi_vga_zybo.srcs/sources_1/bd/hdmi_vga/ip/hdmi_vga_vp_0_0/src/rgb2ycbcr_0_1/src/c_addsub_1/hdl/c_addsub_v12_0_vh_rfs.vhd:7026' bound to instance 'U0' of component 'c_addsub_v12_0_11' [c:/git/SR/lab11/zad11_1/hdmi_vga_zybo/hdmi_vga_zybo.srcs/sources_1/bd/hdmi_vga/ip/hdmi_vga_vp_0_0/src/rgb2ycbcr_0_1/src/c_addsub_1/synth/c_addsub_1.vhd:133]
INFO: [Synth 8-256] done synthesizing module 'c_addsub_1' (14#1) [c:/git/SR/lab11/zad11_1/hdmi_vga_zybo/hdmi_vga_zybo.srcs/sources_1/bd/hdmi_vga/ip/hdmi_vga_vp_0_0/src/rgb2ycbcr_0_1/src/c_addsub_1/synth/c_addsub_1.vhd:68]
WARNING: [Synth 8-689] width (8) of port connection 'S' does not match port width (9) of module 'c_addsub_1' [c:/git/SR/lab11/zad11_1/hdmi_vga_zybo/hdmi_vga_zybo.srcs/sources_1/bd/hdmi_vga/ip/hdmi_vga_vp_0_0/src/rgb2ycbcr_0_1/src/rgb2ycbcr.v:117]
WARNING: [Synth 8-689] width (8) of port connection 'S' does not match port width (9) of module 'c_addsub_1' [c:/git/SR/lab11/zad11_1/hdmi_vga_zybo/hdmi_vga_zybo.srcs/sources_1/bd/hdmi_vga/ip/hdmi_vga_vp_0_0/src/rgb2ycbcr_0_1/src/rgb2ycbcr.v:162]
WARNING: [Synth 8-689] width (8) of port connection 'S' does not match port width (9) of module 'c_addsub_1' [c:/git/SR/lab11/zad11_1/hdmi_vga_zybo/hdmi_vga_zybo.srcs/sources_1/bd/hdmi_vga/ip/hdmi_vga_vp_0_0/src/rgb2ycbcr_0_1/src/rgb2ycbcr.v:207]
INFO: [Synth 8-638] synthesizing module 'delay_line' [c:/git/SR/lab11/zad11_1/hdmi_vga_zybo/hdmi_vga_zybo.srcs/sources_1/bd/hdmi_vga/ip/hdmi_vga_vp_0_0/src/vis_circle_0_1/src/delay_line.v:23]
	Parameter DELAY bound to: 3 - type: integer 
	Parameter N bound to: 9 - type: integer 
INFO: [Synth 8-638] synthesizing module 'register' [c:/git/SR/lab11/zad11_1/hdmi_vga_zybo/hdmi_vga_zybo.srcs/sources_1/bd/hdmi_vga/ip/hdmi_vga_vp_0_0/src/vis_circle_0_1/src/register.v:23]
INFO: [Synth 8-256] done synthesizing module 'register' (15#1) [c:/git/SR/lab11/zad11_1/hdmi_vga_zybo/hdmi_vga_zybo.srcs/sources_1/bd/hdmi_vga/ip/hdmi_vga_vp_0_0/src/vis_circle_0_1/src/register.v:23]
INFO: [Synth 8-256] done synthesizing module 'delay_line' (16#1) [c:/git/SR/lab11/zad11_1/hdmi_vga_zybo/hdmi_vga_zybo.srcs/sources_1/bd/hdmi_vga/ip/hdmi_vga_vp_0_0/src/vis_circle_0_1/src/delay_line.v:23]
INFO: [Synth 8-638] synthesizing module 'delay_line__parameterized0' [c:/git/SR/lab11/zad11_1/hdmi_vga_zybo/hdmi_vga_zybo.srcs/sources_1/bd/hdmi_vga/ip/hdmi_vga_vp_0_0/src/vis_circle_0_1/src/delay_line.v:23]
	Parameter DELAY bound to: 7 - type: integer 
	Parameter N bound to: 3 - type: integer 
INFO: [Synth 8-256] done synthesizing module 'delay_line__parameterized0' (16#1) [c:/git/SR/lab11/zad11_1/hdmi_vga_zybo/hdmi_vga_zybo.srcs/sources_1/bd/hdmi_vga/ip/hdmi_vga_vp_0_0/src/vis_circle_0_1/src/delay_line.v:23]
INFO: [Synth 8-256] done synthesizing module 'rgb2ycbcr' (17#1) [c:/git/SR/lab11/zad11_1/hdmi_vga_zybo/hdmi_vga_zybo.srcs/sources_1/bd/hdmi_vga/ip/hdmi_vga_vp_0_0/src/rgb2ycbcr_0_1/src/rgb2ycbcr.v:3]
INFO: [Synth 8-256] done synthesizing module 'rgb2ycbcr_0' (18#1) [c:/git/SR/lab11/zad11_1/hdmi_vga_zybo/hdmi_vga_zybo.srcs/sources_1/bd/hdmi_vga/ip/hdmi_vga_vp_0_0/src/rgb2ycbcr_0_1/synth/rgb2ycbcr_0.v:57]
INFO: [Synth 8-638] synthesizing module 'centroid_0' [c:/git/SR/lab11/zad11_1/hdmi_vga_zybo/hdmi_vga_zybo.srcs/sources_1/bd/hdmi_vga/ip/hdmi_vga_vp_0_0/src/centroid_0_1/synth/centroid_0.v:57]
INFO: [Synth 8-638] synthesizing module 'centroid' [c:/git/SR/lab11/zad11_1/hdmi_vga_zybo/hdmi_vga_zybo.srcs/sources_1/bd/hdmi_vga/ip/hdmi_vga_vp_0_0/src/centroid_0_1/src/centroid.v:23]
	Parameter IMG_W bound to: 1280 - type: integer 
	Parameter IMG_H bound to: 720 - type: integer 
INFO: [Synth 8-638] synthesizing module 'acc_m10' [c:/git/SR/lab11/zad11_1/hdmi_vga_zybo/hdmi_vga_zybo.srcs/sources_1/bd/hdmi_vga/ip/hdmi_vga_vp_0_0/src/centroid_0_1/src/acc_m10.vhd:69]
	Parameter C_XDEVICEFAMILY bound to: zynq - type: string 
	Parameter C_IMPLEMENTATION bound to: 1 - type: integer 
	Parameter C_VERBOSITY bound to: 0 - type: integer 
	Parameter C_B_WIDTH bound to: 11 - type: integer 
	Parameter C_OUT_WIDTH bound to: 32 - type: integer 
	Parameter C_B_TYPE bound to: 0 - type: integer 
	Parameter C_CE_OVERRIDES_SCLR bound to: 0 - type: integer 
	Parameter C_ADD_MODE bound to: 0 - type: integer 
	Parameter C_HAS_C_IN bound to: 0 - type: integer 
	Parameter C_HAS_CE bound to: 1 - type: integer 
	Parameter C_HAS_BYPASS bound to: 0 - type: integer 
	Parameter C_HAS_SCLR bound to: 1 - type: integer 
	Parameter C_LATENCY bound to: 1 - type: integer 
	Parameter C_SCALE bound to: 0 - type: integer 
	Parameter C_AINIT_VAL bound to: 0 - type: string 
	Parameter C_SINIT_VAL bound to: 0 - type: string 
	Parameter C_BYPASS_LOW bound to: 0 - type: integer 
	Parameter C_SCLR_OVERRIDES_SSET bound to: 1 - type: integer 
	Parameter C_HAS_SSET bound to: 0 - type: integer 
	Parameter C_HAS_SINIT bound to: 0 - type: integer 
INFO: [Synth 8-3491] module 'c_accum_v12_0_11' declared at 'c:/git/SR/lab11/zad11_1/hdmi_vga_zybo/hdmi_vga_zybo.srcs/sources_1/bd/hdmi_vga/ip/hdmi_vga_vp_0_0/src/centroid_0_1/src/c_accum_v12_0_11/c_accum_v12_0_vh_rfs.vhd:2296' bound to instance 'U0' of component 'c_accum_v12_0_11' [c:/git/SR/lab11/zad11_1/hdmi_vga_zybo/hdmi_vga_zybo.srcs/sources_1/bd/hdmi_vga/ip/hdmi_vga_vp_0_0/src/centroid_0_1/src/acc_m10.vhd:127]
INFO: [Synth 8-256] done synthesizing module 'acc_m10' (25#1) [c:/git/SR/lab11/zad11_1/hdmi_vga_zybo/hdmi_vga_zybo.srcs/sources_1/bd/hdmi_vga/ip/hdmi_vga_vp_0_0/src/centroid_0_1/src/acc_m10.vhd:69]
INFO: [Synth 8-638] synthesizing module 'acc_m01' [c:/git/SR/lab11/zad11_1/hdmi_vga_zybo/hdmi_vga_zybo.srcs/sources_1/bd/hdmi_vga/ip/hdmi_vga_vp_0_0/src/centroid_0_1/src/acc_m01.vhd:69]
	Parameter C_XDEVICEFAMILY bound to: zynq - type: string 
	Parameter C_IMPLEMENTATION bound to: 1 - type: integer 
	Parameter C_VERBOSITY bound to: 0 - type: integer 
	Parameter C_B_WIDTH bound to: 11 - type: integer 
	Parameter C_OUT_WIDTH bound to: 32 - type: integer 
	Parameter C_B_TYPE bound to: 1 - type: integer 
	Parameter C_CE_OVERRIDES_SCLR bound to: 0 - type: integer 
	Parameter C_ADD_MODE bound to: 0 - type: integer 
	Parameter C_HAS_C_IN bound to: 0 - type: integer 
	Parameter C_HAS_CE bound to: 1 - type: integer 
	Parameter C_HAS_BYPASS bound to: 0 - type: integer 
	Parameter C_HAS_SCLR bound to: 1 - type: integer 
	Parameter C_LATENCY bound to: 1 - type: integer 
	Parameter C_SCALE bound to: 0 - type: integer 
	Parameter C_AINIT_VAL bound to: 0 - type: string 
	Parameter C_SINIT_VAL bound to: 0 - type: string 
	Parameter C_BYPASS_LOW bound to: 0 - type: integer 
	Parameter C_SCLR_OVERRIDES_SSET bound to: 1 - type: integer 
	Parameter C_HAS_SSET bound to: 0 - type: integer 
	Parameter C_HAS_SINIT bound to: 0 - type: integer 
INFO: [Synth 8-3491] module 'c_accum_v12_0_11' declared at 'c:/git/SR/lab11/zad11_1/hdmi_vga_zybo/hdmi_vga_zybo.srcs/sources_1/bd/hdmi_vga/ip/hdmi_vga_vp_0_0/src/centroid_0_1/src/c_accum_v12_0_11/c_accum_v12_0_vh_rfs.vhd:2296' bound to instance 'U0' of component 'c_accum_v12_0_11' [c:/git/SR/lab11/zad11_1/hdmi_vga_zybo/hdmi_vga_zybo.srcs/sources_1/bd/hdmi_vga/ip/hdmi_vga_vp_0_0/src/centroid_0_1/src/acc_m01.vhd:127]
INFO: [Synth 8-256] done synthesizing module 'acc_m01' (26#1) [c:/git/SR/lab11/zad11_1/hdmi_vga_zybo/hdmi_vga_zybo.srcs/sources_1/bd/hdmi_vga/ip/hdmi_vga_vp_0_0/src/centroid_0_1/src/acc_m01.vhd:69]
INFO: [Synth 8-638] synthesizing module 'acc_m00' [c:/git/SR/lab11/zad11_1/hdmi_vga_zybo/hdmi_vga_zybo.srcs/sources_1/bd/hdmi_vga/ip/hdmi_vga_vp_0_0/src/centroid_0_1/src/acc_m00.vhd:70]
	Parameter C_XDEVICEFAMILY bound to: zynq - type: string 
	Parameter C_IMPLEMENTATION bound to: 1 - type: integer 
	Parameter C_VERBOSITY bound to: 0 - type: integer 
	Parameter C_B_WIDTH bound to: 11 - type: integer 
	Parameter C_OUT_WIDTH bound to: 20 - type: integer 
	Parameter C_B_TYPE bound to: 0 - type: integer 
	Parameter C_CE_OVERRIDES_SCLR bound to: 0 - type: integer 
	Parameter C_ADD_MODE bound to: 0 - type: integer 
	Parameter C_HAS_C_IN bound to: 0 - type: integer 
	Parameter C_HAS_CE bound to: 1 - type: integer 
	Parameter C_HAS_BYPASS bound to: 1 - type: integer 
	Parameter C_HAS_SCLR bound to: 1 - type: integer 
	Parameter C_LATENCY bound to: 1 - type: integer 
	Parameter C_SCALE bound to: 0 - type: integer 
	Parameter C_AINIT_VAL bound to: 0 - type: string 
	Parameter C_SINIT_VAL bound to: 0 - type: string 
	Parameter C_BYPASS_LOW bound to: 0 - type: integer 
	Parameter C_SCLR_OVERRIDES_SSET bound to: 1 - type: integer 
	Parameter C_HAS_SSET bound to: 0 - type: integer 
	Parameter C_HAS_SINIT bound to: 0 - type: integer 
INFO: [Synth 8-3491] module 'c_accum_v12_0_11' declared at 'c:/git/SR/lab11/zad11_1/hdmi_vga_zybo/hdmi_vga_zybo.srcs/sources_1/bd/hdmi_vga/ip/hdmi_vga_vp_0_0/src/centroid_0_1/src/c_accum_v12_0_11/c_accum_v12_0_vh_rfs.vhd:2296' bound to instance 'U0' of component 'c_accum_v12_0_11' [c:/git/SR/lab11/zad11_1/hdmi_vga_zybo/hdmi_vga_zybo.srcs/sources_1/bd/hdmi_vga/ip/hdmi_vga_vp_0_0/src/centroid_0_1/src/acc_m00.vhd:130]
INFO: [Synth 8-256] done synthesizing module 'acc_m00' (27#1) [c:/git/SR/lab11/zad11_1/hdmi_vga_zybo/hdmi_vga_zybo.srcs/sources_1/bd/hdmi_vga/ip/hdmi_vga_vp_0_0/src/centroid_0_1/src/acc_m00.vhd:70]
WARNING: [Synth 8-350] instance 'm00_acc' of module 'acc_m00' requires 6 connections, but only 5 given [c:/git/SR/lab11/zad11_1/hdmi_vga_zybo/hdmi_vga_zybo.srcs/sources_1/bd/hdmi_vga/ip/hdmi_vga_vp_0_0/src/centroid_0_1/src/centroid.v:99]
INFO: [Synth 8-638] synthesizing module 'divider' [c:/git/SR/lab11/zad11_1/hdmi_vga_zybo/hdmi_vga_zybo.srcs/sources_1/bd/hdmi_vga/ip/hdmi_vga_vp_0_0/src/centroid_0_1/src/divider.v:56]
INFO: [Synth 8-638] synthesizing module 'divider_32_20' [c:/git/SR/lab11/zad11_1/hdmi_vga_zybo/hdmi_vga_zybo.srcs/sources_1/bd/hdmi_vga/ip/hdmi_vga_vp_0_0/src/centroid_0_1/src/divider_32_20.v:8]
	Parameter LATENCY bound to: 4 - type: integer 
	Parameter DIVIDEND_W bound to: 32 - type: integer 
	Parameter DIVISOR_W bound to: 20 - type: integer 
	Parameter QUOTIENT_W bound to: 32 - type: integer 
	Parameter IDLE bound to: 2'b00 
	Parameter DIV bound to: 2'b01 
	Parameter NOP bound to: 2'b10 
	Parameter END bound to: 2'b11 
INFO: [Synth 8-638] synthesizing module 'mult_32_20_lm' [c:/git/SR/lab11/zad11_1/hdmi_vga_zybo/hdmi_vga_zybo.srcs/sources_1/bd/hdmi_vga/ip/hdmi_vga_vp_0_0/src/centroid_0_1/src/mult_gen_v12_0_13/mult_32_20_lm.vhd:68]
WARNING: [Synth 8-5640] Port 'zero_detect' is missing in component declaration [c:/git/SR/lab11/zad11_1/hdmi_vga_zybo/hdmi_vga_zybo.srcs/sources_1/bd/hdmi_vga/ip/hdmi_vga_vp_0_0/src/centroid_0_1/src/mult_gen_v12_0_13/mult_32_20_lm.vhd:71]
WARNING: [Synth 8-5640] Port 'pcasc' is missing in component declaration [c:/git/SR/lab11/zad11_1/hdmi_vga_zybo/hdmi_vga_zybo.srcs/sources_1/bd/hdmi_vga/ip/hdmi_vga_vp_0_0/src/centroid_0_1/src/mult_gen_v12_0_13/mult_32_20_lm.vhd:71]
	Parameter C_VERBOSITY bound to: 0 - type: integer 
	Parameter C_MODEL_TYPE bound to: 0 - type: integer 
	Parameter C_OPTIMIZE_GOAL bound to: 1 - type: integer 
	Parameter C_XDEVICEFAMILY bound to: zynq - type: string 
	Parameter C_HAS_CE bound to: 0 - type: integer 
	Parameter C_HAS_SCLR bound to: 0 - type: integer 
	Parameter C_LATENCY bound to: 4 - type: integer 
	Parameter C_A_WIDTH bound to: 32 - type: integer 
	Parameter C_A_TYPE bound to: 1 - type: integer 
	Parameter C_B_WIDTH bound to: 20 - type: integer 
	Parameter C_B_TYPE bound to: 1 - type: integer 
	Parameter C_OUT_HIGH bound to: 51 - type: integer 
	Parameter C_OUT_LOW bound to: 0 - type: integer 
	Parameter C_MULT_TYPE bound to: 1 - type: integer 
	Parameter C_CE_OVERRIDES_SCLR bound to: 0 - type: integer 
	Parameter C_CCM_IMP bound to: 0 - type: integer 
	Parameter C_B_VALUE bound to: 10000001 - type: string 
	Parameter C_HAS_ZERO_DETECT bound to: 0 - type: integer 
	Parameter C_ROUND_OUTPUT bound to: 0 - type: integer 
	Parameter C_ROUND_PT bound to: 0 - type: integer 
INFO: [Synth 8-3491] module 'mult_gen_v12_0_13' declared at 'c:/git/SR/lab11/zad11_1/hdmi_vga_zybo/hdmi_vga_zybo.srcs/sources_1/bd/hdmi_vga/ip/hdmi_vga_vp_0_0/src/rgb2ycbcr_0_1/src/mult_gen_1/hdl/mult_gen_v12_0_vh_rfs.vhd:21013' bound to instance 'U0' of component 'mult_gen_v12_0_13' [c:/git/SR/lab11/zad11_1/hdmi_vga_zybo/hdmi_vga_zybo.srcs/sources_1/bd/hdmi_vga/ip/hdmi_vga_vp_0_0/src/centroid_0_1/src/mult_gen_v12_0_13/mult_32_20_lm.vhd:120]
INFO: [Synth 8-256] done synthesizing module 'mult_32_20_lm' (28#1) [c:/git/SR/lab11/zad11_1/hdmi_vga_zybo/hdmi_vga_zybo.srcs/sources_1/bd/hdmi_vga/ip/hdmi_vga_vp_0_0/src/centroid_0_1/src/mult_gen_v12_0_13/mult_32_20_lm.vhd:68]
INFO: [Synth 8-256] done synthesizing module 'divider_32_20' (29#1) [c:/git/SR/lab11/zad11_1/hdmi_vga_zybo/hdmi_vga_zybo.srcs/sources_1/bd/hdmi_vga/ip/hdmi_vga_vp_0_0/src/centroid_0_1/src/divider_32_20.v:8]
INFO: [Synth 8-256] done synthesizing module 'divider' (30#1) [c:/git/SR/lab11/zad11_1/hdmi_vga_zybo/hdmi_vga_zybo.srcs/sources_1/bd/hdmi_vga/ip/hdmi_vga_vp_0_0/src/centroid_0_1/src/divider.v:56]
INFO: [Synth 8-256] done synthesizing module 'centroid' (31#1) [c:/git/SR/lab11/zad11_1/hdmi_vga_zybo/hdmi_vga_zybo.srcs/sources_1/bd/hdmi_vga/ip/hdmi_vga_vp_0_0/src/centroid_0_1/src/centroid.v:23]
INFO: [Synth 8-256] done synthesizing module 'centroid_0' (32#1) [c:/git/SR/lab11/zad11_1/hdmi_vga_zybo/hdmi_vga_zybo.srcs/sources_1/bd/hdmi_vga/ip/hdmi_vga_vp_0_0/src/centroid_0_1/synth/centroid_0.v:57]
WARNING: [Synth 8-689] width (8) of port connection 'mask' does not match port width (1) of module 'centroid_0' [c:/git/SR/lab11/zad11_1/hdmi_vga_zybo/hdmi_vga_zybo.srcs/sources_1/bd/hdmi_vga/ipshared/b0b1/src/vp.v:69]
WARNING: [Synth 8-350] instance 'cent' of module 'centroid_0' requires 9 connections, but only 7 given [c:/git/SR/lab11/zad11_1/hdmi_vga_zybo/hdmi_vga_zybo.srcs/sources_1/bd/hdmi_vga/ipshared/b0b1/src/vp.v:64]
INFO: [Synth 8-638] synthesizing module 'vis_centroid_0' [c:/git/SR/lab11/zad11_1/hdmi_vga_zybo/hdmi_vga_zybo.srcs/sources_1/bd/hdmi_vga/ip/hdmi_vga_vp_0_0/src/vis_centroid_0_1/synth/vis_centroid_0.v:57]
INFO: [Synth 8-638] synthesizing module 'vis_centroid' [c:/git/SR/lab11/zad11_1/hdmi_vga_zybo/hdmi_vga_zybo.srcs/sources_1/bd/hdmi_vga/ip/hdmi_vga_vp_0_0/src/vis_centroid_0_1/src/vis_centroid.v:23]
	Parameter IMG_W bound to: 1280 - type: integer 
	Parameter IMG_H bound to: 720 - type: integer 
INFO: [Synth 8-256] done synthesizing module 'vis_centroid' (33#1) [c:/git/SR/lab11/zad11_1/hdmi_vga_zybo/hdmi_vga_zybo.srcs/sources_1/bd/hdmi_vga/ip/hdmi_vga_vp_0_0/src/vis_centroid_0_1/src/vis_centroid.v:23]
INFO: [Synth 8-256] done synthesizing module 'vis_centroid_0' (34#1) [c:/git/SR/lab11/zad11_1/hdmi_vga_zybo/hdmi_vga_zybo.srcs/sources_1/bd/hdmi_vga/ip/hdmi_vga_vp_0_0/src/vis_centroid_0_1/synth/vis_centroid_0.v:57]
WARNING: [Synth 8-350] instance 'vis' of module 'vis_centroid_0' requires 11 connections, but only 8 given [c:/git/SR/lab11/zad11_1/hdmi_vga_zybo/hdmi_vga_zybo.srcs/sources_1/bd/hdmi_vga/ipshared/b0b1/src/vp.v:74]
INFO: [Synth 8-638] synthesizing module 'vis_circle_0' [c:/git/SR/lab11/zad11_1/hdmi_vga_zybo/hdmi_vga_zybo.srcs/sources_1/bd/hdmi_vga/ip/hdmi_vga_vp_0_0/src/vis_circle_0_1/synth/vis_circle_0.v:57]
INFO: [Synth 8-638] synthesizing module 'vis_circle' [c:/git/SR/lab11/zad11_1/hdmi_vga_zybo/hdmi_vga_zybo.srcs/sources_1/bd/hdmi_vga/ip/hdmi_vga_vp_0_0/src/vis_circle_0_1/src/vis_circle.v:23]
	Parameter IMG_H bound to: 720 - type: integer 
	Parameter IMG_W bound to: 1280 - type: integer 
	Parameter R2_MIN bound to: 12 - type: integer 
	Parameter R2_MAX bound to: 150 - type: integer 
INFO: [Synth 8-638] synthesizing module 'c_addsub_x' [c:/git/SR/lab11/zad11_1/hdmi_vga_zybo/hdmi_vga_zybo.srcs/sources_1/bd/hdmi_vga/ip/hdmi_vga_vp_0_0/src/vis_circle_0_1/src/c_addsub_x.vhd:68]
	Parameter C_VERBOSITY bound to: 0 - type: integer 
	Parameter C_XDEVICEFAMILY bound to: zynq - type: string 
	Parameter C_IMPLEMENTATION bound to: 1 - type: integer 
	Parameter C_A_WIDTH bound to: 11 - type: integer 
	Parameter C_B_WIDTH bound to: 11 - type: integer 
	Parameter C_OUT_WIDTH bound to: 12 - type: integer 
	Parameter C_CE_OVERRIDES_SCLR bound to: 0 - type: integer 
	Parameter C_A_TYPE bound to: 1 - type: integer 
	Parameter C_B_TYPE bound to: 1 - type: integer 
	Parameter C_LATENCY bound to: 2 - type: integer 
	Parameter C_ADD_MODE bound to: 1 - type: integer 
	Parameter C_B_CONSTANT bound to: 0 - type: integer 
	Parameter C_B_VALUE bound to: 00000000000 - type: string 
	Parameter C_AINIT_VAL bound to: 0 - type: string 
	Parameter C_SINIT_VAL bound to: 0 - type: string 
	Parameter C_CE_OVERRIDES_BYPASS bound to: 1 - type: integer 
	Parameter C_BYPASS_LOW bound to: 0 - type: integer 
	Parameter C_SCLR_OVERRIDES_SSET bound to: 1 - type: integer 
	Parameter C_HAS_C_IN bound to: 0 - type: integer 
	Parameter C_HAS_C_OUT bound to: 0 - type: integer 
	Parameter C_BORROW_LOW bound to: 1 - type: integer 
	Parameter C_HAS_CE bound to: 0 - type: integer 
	Parameter C_HAS_BYPASS bound to: 0 - type: integer 
	Parameter C_HAS_SCLR bound to: 0 - type: integer 
	Parameter C_HAS_SSET bound to: 0 - type: integer 
	Parameter C_HAS_SINIT bound to: 0 - type: integer 
INFO: [Synth 8-3491] module 'c_addsub_v12_0_11' declared at 'c:/git/SR/lab11/zad11_1/hdmi_vga_zybo/hdmi_vga_zybo.srcs/sources_1/bd/hdmi_vga/ip/hdmi_vga_vp_0_0/src/rgb2ycbcr_0_1/src/c_addsub_1/hdl/c_addsub_v12_0_vh_rfs.vhd:7026' bound to instance 'U0' of component 'c_addsub_v12_0_11' [c:/git/SR/lab11/zad11_1/hdmi_vga_zybo/hdmi_vga_zybo.srcs/sources_1/bd/hdmi_vga/ip/hdmi_vga_vp_0_0/src/vis_circle_0_1/src/c_addsub_x.vhd:133]
INFO: [Synth 8-256] done synthesizing module 'c_addsub_x' (35#1) [c:/git/SR/lab11/zad11_1/hdmi_vga_zybo/hdmi_vga_zybo.srcs/sources_1/bd/hdmi_vga/ip/hdmi_vga_vp_0_0/src/vis_circle_0_1/src/c_addsub_x.vhd:68]
INFO: [Synth 8-638] synthesizing module 'c_addsub_y' [c:/git/SR/lab11/zad11_1/hdmi_vga_zybo/hdmi_vga_zybo.srcs/sources_1/bd/hdmi_vga/ip/hdmi_vga_vp_0_0/src/vis_circle_0_1/src/c_addsub_y.vhd:68]
	Parameter C_VERBOSITY bound to: 0 - type: integer 
	Parameter C_XDEVICEFAMILY bound to: zynq - type: string 
	Parameter C_IMPLEMENTATION bound to: 1 - type: integer 
	Parameter C_A_WIDTH bound to: 10 - type: integer 
	Parameter C_B_WIDTH bound to: 10 - type: integer 
	Parameter C_OUT_WIDTH bound to: 11 - type: integer 
	Parameter C_CE_OVERRIDES_SCLR bound to: 0 - type: integer 
	Parameter C_A_TYPE bound to: 1 - type: integer 
	Parameter C_B_TYPE bound to: 1 - type: integer 
	Parameter C_LATENCY bound to: 2 - type: integer 
	Parameter C_ADD_MODE bound to: 1 - type: integer 
	Parameter C_B_CONSTANT bound to: 0 - type: integer 
	Parameter C_B_VALUE bound to: 0000000000 - type: string 
	Parameter C_AINIT_VAL bound to: 0 - type: string 
	Parameter C_SINIT_VAL bound to: 0 - type: string 
	Parameter C_CE_OVERRIDES_BYPASS bound to: 1 - type: integer 
	Parameter C_BYPASS_LOW bound to: 0 - type: integer 
	Parameter C_SCLR_OVERRIDES_SSET bound to: 1 - type: integer 
	Parameter C_HAS_C_IN bound to: 0 - type: integer 
	Parameter C_HAS_C_OUT bound to: 0 - type: integer 
	Parameter C_BORROW_LOW bound to: 1 - type: integer 
	Parameter C_HAS_CE bound to: 0 - type: integer 
	Parameter C_HAS_BYPASS bound to: 0 - type: integer 
	Parameter C_HAS_SCLR bound to: 0 - type: integer 
	Parameter C_HAS_SSET bound to: 0 - type: integer 
	Parameter C_HAS_SINIT bound to: 0 - type: integer 
INFO: [Synth 8-3491] module 'c_addsub_v12_0_11' declared at 'c:/git/SR/lab11/zad11_1/hdmi_vga_zybo/hdmi_vga_zybo.srcs/sources_1/bd/hdmi_vga/ip/hdmi_vga_vp_0_0/src/rgb2ycbcr_0_1/src/c_addsub_1/hdl/c_addsub_v12_0_vh_rfs.vhd:7026' bound to instance 'U0' of component 'c_addsub_v12_0_11' [c:/git/SR/lab11/zad11_1/hdmi_vga_zybo/hdmi_vga_zybo.srcs/sources_1/bd/hdmi_vga/ip/hdmi_vga_vp_0_0/src/vis_circle_0_1/src/c_addsub_y.vhd:133]
INFO: [Synth 8-256] done synthesizing module 'c_addsub_y' (36#1) [c:/git/SR/lab11/zad11_1/hdmi_vga_zybo/hdmi_vga_zybo.srcs/sources_1/bd/hdmi_vga/ip/hdmi_vga_vp_0_0/src/vis_circle_0_1/src/c_addsub_y.vhd:68]
INFO: [Synth 8-638] synthesizing module 'mult_gen_xa' [c:/git/SR/lab11/zad11_1/hdmi_vga_zybo/hdmi_vga_zybo.srcs/sources_1/bd/hdmi_vga/ip/hdmi_vga_vp_0_0/src/vis_circle_0_1/src/mult_gen_xa.vhd:68]
WARNING: [Synth 8-5640] Port 'zero_detect' is missing in component declaration [c:/git/SR/lab11/zad11_1/hdmi_vga_zybo/hdmi_vga_zybo.srcs/sources_1/bd/hdmi_vga/ip/hdmi_vga_vp_0_0/src/vis_circle_0_1/src/mult_gen_xa.vhd:71]
WARNING: [Synth 8-5640] Port 'pcasc' is missing in component declaration [c:/git/SR/lab11/zad11_1/hdmi_vga_zybo/hdmi_vga_zybo.srcs/sources_1/bd/hdmi_vga/ip/hdmi_vga_vp_0_0/src/vis_circle_0_1/src/mult_gen_xa.vhd:71]
	Parameter C_VERBOSITY bound to: 0 - type: integer 
	Parameter C_MODEL_TYPE bound to: 0 - type: integer 
	Parameter C_OPTIMIZE_GOAL bound to: 1 - type: integer 
	Parameter C_XDEVICEFAMILY bound to: zynq - type: string 
	Parameter C_HAS_CE bound to: 0 - type: integer 
	Parameter C_HAS_SCLR bound to: 0 - type: integer 
	Parameter C_LATENCY bound to: 3 - type: integer 
	Parameter C_A_WIDTH bound to: 12 - type: integer 
	Parameter C_A_TYPE bound to: 0 - type: integer 
	Parameter C_B_WIDTH bound to: 12 - type: integer 
	Parameter C_B_TYPE bound to: 0 - type: integer 
	Parameter C_OUT_HIGH bound to: 23 - type: integer 
	Parameter C_OUT_LOW bound to: 0 - type: integer 
	Parameter C_MULT_TYPE bound to: 1 - type: integer 
	Parameter C_CE_OVERRIDES_SCLR bound to: 0 - type: integer 
	Parameter C_CCM_IMP bound to: 0 - type: integer 
	Parameter C_B_VALUE bound to: 10000001 - type: string 
	Parameter C_HAS_ZERO_DETECT bound to: 0 - type: integer 
	Parameter C_ROUND_OUTPUT bound to: 0 - type: integer 
	Parameter C_ROUND_PT bound to: 0 - type: integer 
INFO: [Synth 8-3491] module 'mult_gen_v12_0_13' declared at 'c:/git/SR/lab11/zad11_1/hdmi_vga_zybo/hdmi_vga_zybo.srcs/sources_1/bd/hdmi_vga/ip/hdmi_vga_vp_0_0/src/rgb2ycbcr_0_1/src/mult_gen_1/hdl/mult_gen_v12_0_vh_rfs.vhd:21013' bound to instance 'U0' of component 'mult_gen_v12_0_13' [c:/git/SR/lab11/zad11_1/hdmi_vga_zybo/hdmi_vga_zybo.srcs/sources_1/bd/hdmi_vga/ip/hdmi_vga_vp_0_0/src/vis_circle_0_1/src/mult_gen_xa.vhd:120]
WARNING: [Synth 8-5974] attribute "use_dsp48" has been deprecated, please use "use_dsp" instead 
INFO: [Synth 8-256] done synthesizing module 'mult_gen_xa' (37#1) [c:/git/SR/lab11/zad11_1/hdmi_vga_zybo/hdmi_vga_zybo.srcs/sources_1/bd/hdmi_vga/ip/hdmi_vga_vp_0_0/src/vis_circle_0_1/src/mult_gen_xa.vhd:68]
INFO: [Synth 8-638] synthesizing module 'mult_gen_xb' [c:/git/SR/lab11/zad11_1/hdmi_vga_zybo/hdmi_vga_zybo.srcs/sources_1/bd/hdmi_vga/ip/hdmi_vga_vp_0_0/src/vis_circle_0_1/src/mult_gen_xb.vhd:68]
WARNING: [Synth 8-5640] Port 'zero_detect' is missing in component declaration [c:/git/SR/lab11/zad11_1/hdmi_vga_zybo/hdmi_vga_zybo.srcs/sources_1/bd/hdmi_vga/ip/hdmi_vga_vp_0_0/src/vis_circle_0_1/src/mult_gen_xb.vhd:71]
WARNING: [Synth 8-5640] Port 'pcasc' is missing in component declaration [c:/git/SR/lab11/zad11_1/hdmi_vga_zybo/hdmi_vga_zybo.srcs/sources_1/bd/hdmi_vga/ip/hdmi_vga_vp_0_0/src/vis_circle_0_1/src/mult_gen_xb.vhd:71]
	Parameter C_VERBOSITY bound to: 0 - type: integer 
	Parameter C_MODEL_TYPE bound to: 0 - type: integer 
	Parameter C_OPTIMIZE_GOAL bound to: 1 - type: integer 
	Parameter C_XDEVICEFAMILY bound to: zynq - type: string 
	Parameter C_HAS_CE bound to: 0 - type: integer 
	Parameter C_HAS_SCLR bound to: 0 - type: integer 
	Parameter C_LATENCY bound to: 3 - type: integer 
	Parameter C_A_WIDTH bound to: 11 - type: integer 
	Parameter C_A_TYPE bound to: 0 - type: integer 
	Parameter C_B_WIDTH bound to: 11 - type: integer 
	Parameter C_B_TYPE bound to: 0 - type: integer 
	Parameter C_OUT_HIGH bound to: 21 - type: integer 
	Parameter C_OUT_LOW bound to: 0 - type: integer 
	Parameter C_MULT_TYPE bound to: 1 - type: integer 
	Parameter C_CE_OVERRIDES_SCLR bound to: 0 - type: integer 
	Parameter C_CCM_IMP bound to: 0 - type: integer 
	Parameter C_B_VALUE bound to: 10000001 - type: string 
	Parameter C_HAS_ZERO_DETECT bound to: 0 - type: integer 
	Parameter C_ROUND_OUTPUT bound to: 0 - type: integer 
	Parameter C_ROUND_PT bound to: 0 - type: integer 
INFO: [Synth 8-3491] module 'mult_gen_v12_0_13' declared at 'c:/git/SR/lab11/zad11_1/hdmi_vga_zybo/hdmi_vga_zybo.srcs/sources_1/bd/hdmi_vga/ip/hdmi_vga_vp_0_0/src/rgb2ycbcr_0_1/src/mult_gen_1/hdl/mult_gen_v12_0_vh_rfs.vhd:21013' bound to instance 'U0' of component 'mult_gen_v12_0_13' [c:/git/SR/lab11/zad11_1/hdmi_vga_zybo/hdmi_vga_zybo.srcs/sources_1/bd/hdmi_vga/ip/hdmi_vga_vp_0_0/src/vis_circle_0_1/src/mult_gen_xb.vhd:120]
WARNING: [Synth 8-5974] attribute "use_dsp48" has been deprecated, please use "use_dsp" instead 
INFO: [Synth 8-256] done synthesizing module 'mult_gen_xb' (38#1) [c:/git/SR/lab11/zad11_1/hdmi_vga_zybo/hdmi_vga_zybo.srcs/sources_1/bd/hdmi_vga/ip/hdmi_vga_vp_0_0/src/vis_circle_0_1/src/mult_gen_xb.vhd:68]
INFO: [Synth 8-638] synthesizing module 'c_addsub_fin' [c:/git/SR/lab11/zad11_1/hdmi_vga_zybo/hdmi_vga_zybo.srcs/sources_1/bd/hdmi_vga/ip/hdmi_vga_vp_0_0/src/vis_circle_0_1/src/c_addsub_fin.vhd:68]
	Parameter C_VERBOSITY bound to: 0 - type: integer 
	Parameter C_XDEVICEFAMILY bound to: zynq - type: string 
	Parameter C_IMPLEMENTATION bound to: 1 - type: integer 
	Parameter C_A_WIDTH bound to: 24 - type: integer 
	Parameter C_B_WIDTH bound to: 22 - type: integer 
	Parameter C_OUT_WIDTH bound to: 25 - type: integer 
	Parameter C_CE_OVERRIDES_SCLR bound to: 0 - type: integer 
	Parameter C_A_TYPE bound to: 0 - type: integer 
	Parameter C_B_TYPE bound to: 0 - type: integer 
	Parameter C_LATENCY bound to: 2 - type: integer 
	Parameter C_ADD_MODE bound to: 0 - type: integer 
	Parameter C_B_CONSTANT bound to: 0 - type: integer 
	Parameter C_B_VALUE bound to: 0000000000000000000000 - type: string 
	Parameter C_AINIT_VAL bound to: 0 - type: string 
	Parameter C_SINIT_VAL bound to: 0 - type: string 
	Parameter C_CE_OVERRIDES_BYPASS bound to: 1 - type: integer 
	Parameter C_BYPASS_LOW bound to: 0 - type: integer 
	Parameter C_SCLR_OVERRIDES_SSET bound to: 1 - type: integer 
	Parameter C_HAS_C_IN bound to: 0 - type: integer 
	Parameter C_HAS_C_OUT bound to: 0 - type: integer 
	Parameter C_BORROW_LOW bound to: 1 - type: integer 
	Parameter C_HAS_CE bound to: 0 - type: integer 
	Parameter C_HAS_BYPASS bound to: 0 - type: integer 
	Parameter C_HAS_SCLR bound to: 0 - type: integer 
	Parameter C_HAS_SSET bound to: 0 - type: integer 
	Parameter C_HAS_SINIT bound to: 0 - type: integer 
INFO: [Synth 8-3491] module 'c_addsub_v12_0_11' declared at 'c:/git/SR/lab11/zad11_1/hdmi_vga_zybo/hdmi_vga_zybo.srcs/sources_1/bd/hdmi_vga/ip/hdmi_vga_vp_0_0/src/rgb2ycbcr_0_1/src/c_addsub_1/hdl/c_addsub_v12_0_vh_rfs.vhd:7026' bound to instance 'U0' of component 'c_addsub_v12_0_11' [c:/git/SR/lab11/zad11_1/hdmi_vga_zybo/hdmi_vga_zybo.srcs/sources_1/bd/hdmi_vga/ip/hdmi_vga_vp_0_0/src/vis_circle_0_1/src/c_addsub_fin.vhd:133]
INFO: [Synth 8-256] done synthesizing module 'c_addsub_fin' (39#1) [c:/git/SR/lab11/zad11_1/hdmi_vga_zybo/hdmi_vga_zybo.srcs/sources_1/bd/hdmi_vga/ip/hdmi_vga_vp_0_0/src/vis_circle_0_1/src/c_addsub_fin.vhd:68]
INFO: [Synth 8-638] synthesizing module 'delay_line__parameterized1' [c:/git/SR/lab11/zad11_1/hdmi_vga_zybo/hdmi_vga_zybo.srcs/sources_1/bd/hdmi_vga/ip/hdmi_vga_vp_0_0/src/vis_circle_0_1/src/delay_line.v:23]
	Parameter DELAY bound to: 7 - type: integer 
	Parameter N bound to: 24 - type: integer 
INFO: [Synth 8-256] done synthesizing module 'delay_line__parameterized1' (39#1) [c:/git/SR/lab11/zad11_1/hdmi_vga_zybo/hdmi_vga_zybo.srcs/sources_1/bd/hdmi_vga/ip/hdmi_vga_vp_0_0/src/vis_circle_0_1/src/delay_line.v:23]
INFO: [Synth 8-256] done synthesizing module 'vis_circle' (40#1) [c:/git/SR/lab11/zad11_1/hdmi_vga_zybo/hdmi_vga_zybo.srcs/sources_1/bd/hdmi_vga/ip/hdmi_vga_vp_0_0/src/vis_circle_0_1/src/vis_circle.v:23]
INFO: [Synth 8-256] done synthesizing module 'vis_circle_0' (41#1) [c:/git/SR/lab11/zad11_1/hdmi_vga_zybo/hdmi_vga_zybo.srcs/sources_1/bd/hdmi_vga/ip/hdmi_vga_vp_0_0/src/vis_circle_0_1/synth/vis_circle_0.v:57]
WARNING: [Synth 8-689] width (11) of port connection 'y' does not match port width (10) of module 'vis_circle_0' [c:/git/SR/lab11/zad11_1/hdmi_vga_zybo/hdmi_vga_zybo.srcs/sources_1/bd/hdmi_vga/ipshared/b0b1/src/vp.v:96]
WARNING: [Synth 8-3848] Net de_mux[7] in module/entity vp does not have driver. [c:/git/SR/lab11/zad11_1/hdmi_vga_zybo/hdmi_vga_zybo.srcs/sources_1/bd/hdmi_vga/ipshared/b0b1/src/vp.v:21]
WARNING: [Synth 8-3848] Net de_mux[6] in module/entity vp does not have driver. [c:/git/SR/lab11/zad11_1/hdmi_vga_zybo/hdmi_vga_zybo.srcs/sources_1/bd/hdmi_vga/ipshared/b0b1/src/vp.v:21]
WARNING: [Synth 8-3848] Net de_mux[5] in module/entity vp does not have driver. [c:/git/SR/lab11/zad11_1/hdmi_vga_zybo/hdmi_vga_zybo.srcs/sources_1/bd/hdmi_vga/ipshared/b0b1/src/vp.v:21]
WARNING: [Synth 8-3848] Net h_sync_mux[7] in module/entity vp does not have driver. [c:/git/SR/lab11/zad11_1/hdmi_vga_zybo/hdmi_vga_zybo.srcs/sources_1/bd/hdmi_vga/ipshared/b0b1/src/vp.v:22]
WARNING: [Synth 8-3848] Net h_sync_mux[6] in module/entity vp does not have driver. [c:/git/SR/lab11/zad11_1/hdmi_vga_zybo/hdmi_vga_zybo.srcs/sources_1/bd/hdmi_vga/ipshared/b0b1/src/vp.v:22]
WARNING: [Synth 8-3848] Net h_sync_mux[5] in module/entity vp does not have driver. [c:/git/SR/lab11/zad11_1/hdmi_vga_zybo/hdmi_vga_zybo.srcs/sources_1/bd/hdmi_vga/ipshared/b0b1/src/vp.v:22]
WARNING: [Synth 8-3848] Net v_sync_mux[7] in module/entity vp does not have driver. [c:/git/SR/lab11/zad11_1/hdmi_vga_zybo/hdmi_vga_zybo.srcs/sources_1/bd/hdmi_vga/ipshared/b0b1/src/vp.v:23]
WARNING: [Synth 8-3848] Net v_sync_mux[6] in module/entity vp does not have driver. [c:/git/SR/lab11/zad11_1/hdmi_vga_zybo/hdmi_vga_zybo.srcs/sources_1/bd/hdmi_vga/ipshared/b0b1/src/vp.v:23]
WARNING: [Synth 8-3848] Net v_sync_mux[5] in module/entity vp does not have driver. [c:/git/SR/lab11/zad11_1/hdmi_vga_zybo/hdmi_vga_zybo.srcs/sources_1/bd/hdmi_vga/ipshared/b0b1/src/vp.v:23]
WARNING: [Synth 8-3848] Net pixel_mux[7] in module/entity vp does not have driver. [c:/git/SR/lab11/zad11_1/hdmi_vga_zybo/hdmi_vga_zybo.srcs/sources_1/bd/hdmi_vga/ipshared/b0b1/src/vp.v:20]
WARNING: [Synth 8-3848] Net pixel_mux[6] in module/entity vp does not have driver. [c:/git/SR/lab11/zad11_1/hdmi_vga_zybo/hdmi_vga_zybo.srcs/sources_1/bd/hdmi_vga/ipshared/b0b1/src/vp.v:20]
WARNING: [Synth 8-3848] Net pixel_mux[5] in module/entity vp does not have driver. [c:/git/SR/lab11/zad11_1/hdmi_vga_zybo/hdmi_vga_zybo.srcs/sources_1/bd/hdmi_vga/ipshared/b0b1/src/vp.v:20]
INFO: [Synth 8-256] done synthesizing module 'vp' (42#1) [c:/git/SR/lab11/zad11_1/hdmi_vga_zybo/hdmi_vga_zybo.srcs/sources_1/bd/hdmi_vga/ipshared/b0b1/src/vp.v:3]
INFO: [Synth 8-256] done synthesizing module 'hdmi_vga_vp_0_0' (43#1) [c:/git/SR/lab11/zad11_1/hdmi_vga_zybo/hdmi_vga_zybo.srcs/sources_1/bd/hdmi_vga/ip/hdmi_vga_vp_0_0/synth/hdmi_vga_vp_0_0.v:57]
WARNING: [Synth 8-3331] design xbip_dsp48e1_wrapper_v3_0 has unconnected port CEA1
WARNING: [Synth 8-3331] design xbip_dsp48e1_wrapper_v3_0 has unconnected port CEA2
WARNING: [Synth 8-3331] design xbip_dsp48e1_wrapper_v3_0 has unconnected port CEB1
WARNING: [Synth 8-3331] design xbip_dsp48e1_wrapper_v3_0 has unconnected port CEB2
WARNING: [Synth 8-3331] design xbip_dsp48e1_wrapper_v3_0 has unconnected port CEAD
WARNING: [Synth 8-3331] design xbip_dsp48e1_wrapper_v3_0 has unconnected port CED
WARNING: [Synth 8-3331] design xbip_dsp48e1_wrapper_v3_0 has unconnected port CEC
WARNING: [Synth 8-3331] design xbip_dsp48e1_wrapper_v3_0 has unconnected port CECARRYIN
WARNING: [Synth 8-3331] design xbip_dsp48e1_wrapper_v3_0 has unconnected port CECTRL
WARNING: [Synth 8-3331] design xbip_dsp48e1_wrapper_v3_0 has unconnected port CEALUMODE
WARNING: [Synth 8-3331] design xbip_dsp48e1_wrapper_v3_0 has unconnected port CEINMODE
WARNING: [Synth 8-3331] design xbip_dsp48e1_wrapper_v3_0 has unconnected port CEM
WARNING: [Synth 8-3331] design xbip_dsp48e1_wrapper_v3_0 has unconnected port CEP
WARNING: [Synth 8-3331] design xbip_dsp48e1_wrapper_v3_0 has unconnected port SCLRA
WARNING: [Synth 8-3331] design xbip_dsp48e1_wrapper_v3_0 has unconnected port SCLRB
WARNING: [Synth 8-3331] design xbip_dsp48e1_wrapper_v3_0 has unconnected port SCLRC
WARNING: [Synth 8-3331] design xbip_dsp48e1_wrapper_v3_0 has unconnected port SCLRD
WARNING: [Synth 8-3331] design xbip_dsp48e1_wrapper_v3_0 has unconnected port SCLRALLCARRYIN
WARNING: [Synth 8-3331] design xbip_dsp48e1_wrapper_v3_0 has unconnected port SCLRCTRL
WARNING: [Synth 8-3331] design xbip_dsp48e1_wrapper_v3_0 has unconnected port SCLRALUMODE
WARNING: [Synth 8-3331] design xbip_dsp48e1_wrapper_v3_0 has unconnected port SCLRINMODE
WARNING: [Synth 8-3331] design xbip_dsp48e1_wrapper_v3_0 has unconnected port SCLRM
WARNING: [Synth 8-3331] design xbip_dsp48e1_wrapper_v3_0 has unconnected port SCLRP
WARNING: [Synth 8-3331] design xbip_pipe_v3_0_4_viv has unconnected port SCLR
WARNING: [Synth 8-3331] design xbip_pipe_v3_0_4_viv has unconnected port SINIT
WARNING: [Synth 8-3331] design c_addsub_v12_0_11_viv__parameterized5 has unconnected port C_IN
WARNING: [Synth 8-3331] design c_addsub_v12_0_11_viv__parameterized5 has unconnected port CE
WARNING: [Synth 8-3331] design c_addsub_v12_0_11_viv__parameterized5 has unconnected port BYPASS
WARNING: [Synth 8-3331] design c_addsub_v12_0_11_viv__parameterized5 has unconnected port SCLR
WARNING: [Synth 8-3331] design c_addsub_v12_0_11_viv__parameterized5 has unconnected port SSET
WARNING: [Synth 8-3331] design c_addsub_v12_0_11_viv__parameterized5 has unconnected port SINIT
WARNING: [Synth 8-3331] design mult_gen_v12_0_13_delay_line has unconnected port CLK
WARNING: [Synth 8-3331] design mult_gen_v12_0_13_delay_line has unconnected port CE
WARNING: [Synth 8-3331] design mult_gen_v12_0_13_delay_line has unconnected port SCLR
WARNING: [Synth 8-3331] design dsp__parameterized2 has unconnected port C_PORT[47]
WARNING: [Synth 8-3331] design dsp__parameterized2 has unconnected port C_PORT[46]
WARNING: [Synth 8-3331] design dsp__parameterized2 has unconnected port C_PORT[45]
WARNING: [Synth 8-3331] design dsp__parameterized2 has unconnected port C_PORT[44]
WARNING: [Synth 8-3331] design dsp__parameterized2 has unconnected port C_PORT[43]
WARNING: [Synth 8-3331] design dsp__parameterized2 has unconnected port C_PORT[42]
WARNING: [Synth 8-3331] design dsp__parameterized2 has unconnected port C_PORT[41]
WARNING: [Synth 8-3331] design dsp__parameterized2 has unconnected port C_PORT[40]
WARNING: [Synth 8-3331] design dsp__parameterized2 has unconnected port C_PORT[39]
WARNING: [Synth 8-3331] design dsp__parameterized2 has unconnected port C_PORT[38]
WARNING: [Synth 8-3331] design dsp__parameterized2 has unconnected port C_PORT[37]
WARNING: [Synth 8-3331] design dsp__parameterized2 has unconnected port C_PORT[36]
WARNING: [Synth 8-3331] design dsp__parameterized2 has unconnected port C_PORT[35]
WARNING: [Synth 8-3331] design dsp__parameterized2 has unconnected port C_PORT[34]
WARNING: [Synth 8-3331] design dsp__parameterized2 has unconnected port C_PORT[33]
WARNING: [Synth 8-3331] design dsp__parameterized2 has unconnected port C_PORT[32]
WARNING: [Synth 8-3331] design dsp__parameterized2 has unconnected port C_PORT[31]
WARNING: [Synth 8-3331] design dsp__parameterized2 has unconnected port C_PORT[30]
WARNING: [Synth 8-3331] design dsp__parameterized2 has unconnected port C_PORT[29]
WARNING: [Synth 8-3331] design dsp__parameterized2 has unconnected port C_PORT[28]
WARNING: [Synth 8-3331] design dsp__parameterized2 has unconnected port C_PORT[27]
WARNING: [Synth 8-3331] design dsp__parameterized2 has unconnected port C_PORT[26]
WARNING: [Synth 8-3331] design dsp__parameterized2 has unconnected port C_PORT[25]
WARNING: [Synth 8-3331] design dsp__parameterized2 has unconnected port C_PORT[24]
WARNING: [Synth 8-3331] design dsp__parameterized2 has unconnected port C_PORT[23]
WARNING: [Synth 8-3331] design dsp__parameterized2 has unconnected port C_PORT[22]
WARNING: [Synth 8-3331] design dsp__parameterized2 has unconnected port C_PORT[21]
WARNING: [Synth 8-3331] design dsp__parameterized2 has unconnected port C_PORT[20]
WARNING: [Synth 8-3331] design dsp__parameterized2 has unconnected port C_PORT[19]
WARNING: [Synth 8-3331] design dsp__parameterized2 has unconnected port C_PORT[18]
WARNING: [Synth 8-3331] design dsp__parameterized2 has unconnected port C_PORT[17]
WARNING: [Synth 8-3331] design dsp__parameterized2 has unconnected port C_PORT[16]
WARNING: [Synth 8-3331] design dsp__parameterized2 has unconnected port C_PORT[15]
WARNING: [Synth 8-3331] design dsp__parameterized2 has unconnected port C_PORT[14]
WARNING: [Synth 8-3331] design dsp__parameterized2 has unconnected port C_PORT[13]
WARNING: [Synth 8-3331] design dsp__parameterized2 has unconnected port C_PORT[12]
WARNING: [Synth 8-3331] design dsp__parameterized2 has unconnected port C_PORT[11]
WARNING: [Synth 8-3331] design dsp__parameterized2 has unconnected port C_PORT[10]
WARNING: [Synth 8-3331] design dsp__parameterized2 has unconnected port C_PORT[9]
WARNING: [Synth 8-3331] design dsp__parameterized2 has unconnected port C_PORT[8]
WARNING: [Synth 8-3331] design dsp__parameterized2 has unconnected port C_PORT[7]
WARNING: [Synth 8-3331] design dsp__parameterized2 has unconnected port C_PORT[6]
WARNING: [Synth 8-3331] design dsp__parameterized2 has unconnected port C_PORT[5]
WARNING: [Synth 8-3331] design dsp__parameterized2 has unconnected port C_PORT[4]
WARNING: [Synth 8-3331] design dsp__parameterized2 has unconnected port C_PORT[3]
WARNING: [Synth 8-3331] design dsp__parameterized2 has unconnected port C_PORT[2]
WARNING: [Synth 8-3331] design dsp__parameterized2 has unconnected port C_PORT[1]
WARNING: [Synth 8-3331] design dsp__parameterized2 has unconnected port C_PORT[0]
WARNING: [Synth 8-3331] design dsp__parameterized2 has unconnected port D_PORT[24]
WARNING: [Synth 8-3331] design dsp__parameterized2 has unconnected port D_PORT[23]
WARNING: [Synth 8-3331] design dsp__parameterized2 has unconnected port D_PORT[22]
WARNING: [Synth 8-3331] design dsp__parameterized2 has unconnected port D_PORT[21]
WARNING: [Synth 8-3331] design dsp__parameterized2 has unconnected port D_PORT[20]
WARNING: [Synth 8-3331] design dsp__parameterized2 has unconnected port D_PORT[19]
WARNING: [Synth 8-3331] design dsp__parameterized2 has unconnected port D_PORT[18]
WARNING: [Synth 8-3331] design dsp__parameterized2 has unconnected port D_PORT[17]
WARNING: [Synth 8-3331] design dsp__parameterized2 has unconnected port D_PORT[16]
WARNING: [Synth 8-3331] design dsp__parameterized2 has unconnected port D_PORT[15]
WARNING: [Synth 8-3331] design dsp__parameterized2 has unconnected port D_PORT[14]
WARNING: [Synth 8-3331] design dsp__parameterized2 has unconnected port D_PORT[13]
WARNING: [Synth 8-3331] design dsp__parameterized2 has unconnected port D_PORT[12]
WARNING: [Synth 8-3331] design dsp__parameterized2 has unconnected port D_PORT[11]
WARNING: [Synth 8-3331] design dsp__parameterized2 has unconnected port D_PORT[10]
WARNING: [Synth 8-3331] design dsp__parameterized2 has unconnected port D_PORT[9]
WARNING: [Synth 8-3331] design dsp__parameterized2 has unconnected port D_PORT[8]
WARNING: [Synth 8-3331] design dsp__parameterized2 has unconnected port D_PORT[7]
INFO: [Common 17-14] Message 'Synth 8-3331' appears 100 times and further instances of the messages will be disabled. Use the Tcl command set_msg_config to change the current settings.
---------------------------------------------------------------------------------
Finished RTL Elaboration : Time (s): cpu = 00:00:38 ; elapsed = 00:00:39 . Memory (MB): peak = 580.355 ; gain = 324.035
---------------------------------------------------------------------------------

Report Check Netlist: 
+------+------------------+-------+---------+-------+------------------+
|      |Item              |Errors |Warnings |Status |Description       |
+------+------------------+-------+---------+-------+------------------+
|1     |multi_driven_nets |      0|        0|Passed |Multi driven nets |
+------+------------------+-------+---------+-------+------------------+
WARNING: [Synth 8-3295] tying undriven pin m00_acc:BYPASS to constant 0 [c:/git/SR/lab11/zad11_1/hdmi_vga_zybo/hdmi_vga_zybo.srcs/sources_1/bd/hdmi_vga/ip/hdmi_vga_vp_0_0/src/centroid_0_1/src/centroid.v:99]
WARNING: [Synth 8-3295] tying undriven pin cent:ce to constant 0 [c:/git/SR/lab11/zad11_1/hdmi_vga_zybo/hdmi_vga_zybo.srcs/sources_1/bd/hdmi_vga/ipshared/b0b1/src/vp.v:64]
WARNING: [Synth 8-3295] tying undriven pin cent:rst to constant 0 [c:/git/SR/lab11/zad11_1/hdmi_vga_zybo/hdmi_vga_zybo.srcs/sources_1/bd/hdmi_vga/ipshared/b0b1/src/vp.v:64]
---------------------------------------------------------------------------------
Finished RTL Optimization Phase 1 : Time (s): cpu = 00:00:39 ; elapsed = 00:00:39 . Memory (MB): peak = 580.355 ; gain = 324.035
---------------------------------------------------------------------------------
INFO: [Netlist 29-17] Analyzing 19 Unisim elements for replacement
INFO: [Netlist 29-28] Unisim Transformation completed in 0 CPU seconds
INFO: [Device 21-403] Loading part xc7z010clg400-1
INFO: [Project 1-570] Preparing netlist for logic optimization

Processing XDC Constraints
Initializing timing engine
Parsing XDC File [C:/git/SR/lab11/zad11_1/hdmi_vga_zybo/hdmi_vga_zybo.runs/hdmi_vga_vp_0_0_synth_1/dont_touch.xdc]
Finished Parsing XDC File [C:/git/SR/lab11/zad11_1/hdmi_vga_zybo/hdmi_vga_zybo.runs/hdmi_vga_vp_0_0_synth_1/dont_touch.xdc]
Completed Processing XDC Constraints

INFO: [Project 1-111] Unisim Transformation Summary:
  A total of 3 instances were transformed.
  DSP48E => DSP48E1: 3 instances

Constraint Validation Runtime : Time (s): cpu = 00:00:00 ; elapsed = 00:00:00.063 . Memory (MB): peak = 730.434 ; gain = 0.000
CRITICAL WARNING: [filemgmt 20-1741] File 'delay_line.v' is used by one or more modules, but with different contents, and may lead to unpredictable results:
* rgb2ycbcr_0 (c:/git/SR/lab11/zad11_1/hdmi_vga_zybo/hdmi_vga_zybo.srcs/sources_1/bd/hdmi_vga/ip/hdmi_vga_vp_0_0/src/rgb2ycbcr_0_1/src/delay_line.v)
* vis_circle_0 (c:/git/SR/lab11/zad11_1/hdmi_vga_zybo/hdmi_vga_zybo.srcs/sources_1/bd/hdmi_vga/ip/hdmi_vga_vp_0_0/src/vis_circle_0_1/src/delay_line.v)
Please reset and regenerate these modules to resolve the differences, or synthesize them independently.
---------------------------------------------------------------------------------
Finished Constraint Validation : Time (s): cpu = 00:00:56 ; elapsed = 00:00:57 . Memory (MB): peak = 730.434 ; gain = 474.113
---------------------------------------------------------------------------------
---------------------------------------------------------------------------------
Start Loading Part and Timing Information
---------------------------------------------------------------------------------
Loading part: xc7z010clg400-1
---------------------------------------------------------------------------------
Finished Loading Part and Timing Information : Time (s): cpu = 00:00:56 ; elapsed = 00:00:57 . Memory (MB): peak = 730.434 ; gain = 474.113
---------------------------------------------------------------------------------
---------------------------------------------------------------------------------
Start Applying 'set_property' XDC Constraints
---------------------------------------------------------------------------------
Applied set_property DONT_TOUCH = true for inst/cent. (constraint file  auto generated constraint, line ).
Applied set_property DONT_TOUCH = true for inst/dut. (constraint file  auto generated constraint, line ).
Applied set_property DONT_TOUCH = true for inst/dut/inst/add_Cb1. (constraint file  auto generated constraint, line ).
Applied set_property DONT_TOUCH = true for inst/dut/inst/add_Cb2. (constraint file  auto generated constraint, line ).
Applied set_property DONT_TOUCH = true for inst/dut/inst/add_Cb3. (constraint file  auto generated constraint, line ).
Applied set_property DONT_TOUCH = true for inst/dut/inst/add_Cr1. (constraint file  auto generated constraint, line ).
Applied set_property DONT_TOUCH = true for inst/dut/inst/add_Cr2. (constraint file  auto generated constraint, line ).
Applied set_property DONT_TOUCH = true for inst/dut/inst/add_Cr3. (constraint file  auto generated constraint, line ).
Applied set_property DONT_TOUCH = true for inst/dut/inst/add_Y1. (constraint file  auto generated constraint, line ).
Applied set_property DONT_TOUCH = true for inst/dut/inst/add_Y2. (constraint file  auto generated constraint, line ).
Applied set_property DONT_TOUCH = true for inst/dut/inst/add_Y3. (constraint file  auto generated constraint, line ).
Applied set_property DONT_TOUCH = true for inst/dut/inst/mul_Cb1. (constraint file  auto generated constraint, line ).
Applied set_property DONT_TOUCH = true for inst/dut/inst/mul_Cb2. (constraint file  auto generated constraint, line ).
Applied set_property DONT_TOUCH = true for inst/dut/inst/mul_Cb3. (constraint file  auto generated constraint, line ).
Applied set_property DONT_TOUCH = true for inst/dut/inst/mul_Cr1. (constraint file  auto generated constraint, line ).
Applied set_property DONT_TOUCH = true for inst/dut/inst/mul_Cr2. (constraint file  auto generated constraint, line ).
Applied set_property DONT_TOUCH = true for inst/dut/inst/mul_Cr3. (constraint file  auto generated constraint, line ).
Applied set_property DONT_TOUCH = true for inst/dut/inst/mul_Y1. (constraint file  auto generated constraint, line ).
Applied set_property DONT_TOUCH = true for inst/dut/inst/mul_Y2. (constraint file  auto generated constraint, line ).
Applied set_property DONT_TOUCH = true for inst/dut/inst/mul_Y3. (constraint file  auto generated constraint, line ).
Applied set_property DONT_TOUCH = true for inst/vis. (constraint file  auto generated constraint, line ).
Applied set_property DONT_TOUCH = true for inst/vis_circle. (constraint file  auto generated constraint, line ).
---------------------------------------------------------------------------------
Finished applying 'set_property' XDC Constraints : Time (s): cpu = 00:00:56 ; elapsed = 00:00:57 . Memory (MB): peak = 730.434 ; gain = 474.113
---------------------------------------------------------------------------------
INFO: [Synth 8-5546] ROM "i" won't be mapped to RAM because it is too sparse
INFO: [Synth 8-5546] ROM "state" won't be mapped to RAM because it is too sparse
INFO: [Synth 8-5546] ROM "y_pos" won't be mapped to RAM because it is too sparse
INFO: [Synth 8-5546] ROM "x_pos" won't be mapped to RAM because it is too sparse
INFO: [Synth 8-5546] ROM "y_pos" won't be mapped to RAM because it is too sparse
INFO: [Synth 8-5546] ROM "x_pos" won't be mapped to RAM because it is too sparse
INFO: [Synth 8-5546] ROM "y_pos" won't be mapped to RAM because it is too sparse
---------------------------------------------------------------------------------
Finished RTL Optimization Phase 2 : Time (s): cpu = 00:00:58 ; elapsed = 00:00:59 . Memory (MB): peak = 730.434 ; gain = 474.113
---------------------------------------------------------------------------------

Report RTL Partitions: 
+-+--------------+------------+----------+
| |RTL Partition |Replication |Instances |
+-+--------------+------------+----------+
+-+--------------+------------+----------+
---------------------------------------------------------------------------------
Start RTL Component Statistics 
---------------------------------------------------------------------------------
---------------------------------------------------------------------------------
Finished RTL Component Statistics 
---------------------------------------------------------------------------------
---------------------------------------------------------------------------------
Start RTL Hierarchical Component Statistics 
---------------------------------------------------------------------------------
---------------------------------------------------------------------------------
Finished RTL Hierarchical Component Statistics
---------------------------------------------------------------------------------
---------------------------------------------------------------------------------
Start Part Resource Summary
---------------------------------------------------------------------------------
Part Resources:
DSPs: 80 (col length:40)
BRAMs: 120 (col length: RAMB18 40 RAMB36 20)
---------------------------------------------------------------------------------
Finished Part Resource Summary
---------------------------------------------------------------------------------
---------------------------------------------------------------------------------
Start Cross Boundary and Area Optimization
---------------------------------------------------------------------------------
INFO: [Synth 8-4471] merging register 'inst/d_1/(null)[0].(null)[1].reg_i_j/val_reg' into 'inst/d_1/(null)[0].(null)[0].reg_i_j/val_reg' [c:/git/SR/lab11/zad11_1/hdmi_vga_zybo/hdmi_vga_zybo.srcs/sources_1/bd/hdmi_vga/ip/hdmi_vga_vp_0_0/src/vis_circle_0_1/src/register.v:34]
INFO: [Synth 8-4471] merging register 'inst/d_1/(null)[0].(null)[2].reg_i_j/val_reg' into 'inst/d_1/(null)[0].(null)[0].reg_i_j/val_reg' [c:/git/SR/lab11/zad11_1/hdmi_vga_zybo/hdmi_vga_zybo.srcs/sources_1/bd/hdmi_vga/ip/hdmi_vga_vp_0_0/src/vis_circle_0_1/src/register.v:34]
INFO: [Synth 8-4471] merging register 'inst/d_1/(null)[0].(null)[3].reg_i_j/val_reg' into 'inst/d_1/(null)[0].(null)[0].reg_i_j/val_reg' [c:/git/SR/lab11/zad11_1/hdmi_vga_zybo/hdmi_vga_zybo.srcs/sources_1/bd/hdmi_vga/ip/hdmi_vga_vp_0_0/src/vis_circle_0_1/src/register.v:34]
INFO: [Synth 8-4471] merging register 'inst/d_1/(null)[0].(null)[4].reg_i_j/val_reg' into 'inst/d_1/(null)[0].(null)[0].reg_i_j/val_reg' [c:/git/SR/lab11/zad11_1/hdmi_vga_zybo/hdmi_vga_zybo.srcs/sources_1/bd/hdmi_vga/ip/hdmi_vga_vp_0_0/src/vis_circle_0_1/src/register.v:34]
INFO: [Synth 8-4471] merging register 'inst/d_1/(null)[0].(null)[5].reg_i_j/val_reg' into 'inst/d_1/(null)[0].(null)[0].reg_i_j/val_reg' [c:/git/SR/lab11/zad11_1/hdmi_vga_zybo/hdmi_vga_zybo.srcs/sources_1/bd/hdmi_vga/ip/hdmi_vga_vp_0_0/src/vis_circle_0_1/src/register.v:34]
INFO: [Synth 8-4471] merging register 'inst/d_1/(null)[0].(null)[6].reg_i_j/val_reg' into 'inst/d_1/(null)[0].(null)[0].reg_i_j/val_reg' [c:/git/SR/lab11/zad11_1/hdmi_vga_zybo/hdmi_vga_zybo.srcs/sources_1/bd/hdmi_vga/ip/hdmi_vga_vp_0_0/src/vis_circle_0_1/src/register.v:34]
INFO: [Synth 8-4471] merging register 'inst/d_1/(null)[0].(null)[8].reg_i_j/val_reg' into 'inst/d_1/(null)[0].(null)[0].reg_i_j/val_reg' [c:/git/SR/lab11/zad11_1/hdmi_vga_zybo/hdmi_vga_zybo.srcs/sources_1/bd/hdmi_vga/ip/hdmi_vga_vp_0_0/src/vis_circle_0_1/src/register.v:34]
INFO: [Synth 8-4471] merging register 'inst/d_1/(null)[1].(null)[1].reg_i_j/val_reg' into 'inst/d_1/(null)[1].(null)[0].reg_i_j/val_reg' [c:/git/SR/lab11/zad11_1/hdmi_vga_zybo/hdmi_vga_zybo.srcs/sources_1/bd/hdmi_vga/ip/hdmi_vga_vp_0_0/src/vis_circle_0_1/src/register.v:34]
INFO: [Synth 8-4471] merging register 'inst/d_1/(null)[1].(null)[2].reg_i_j/val_reg' into 'inst/d_1/(null)[1].(null)[0].reg_i_j/val_reg' [c:/git/SR/lab11/zad11_1/hdmi_vga_zybo/hdmi_vga_zybo.srcs/sources_1/bd/hdmi_vga/ip/hdmi_vga_vp_0_0/src/vis_circle_0_1/src/register.v:34]
INFO: [Synth 8-4471] merging register 'inst/d_1/(null)[1].(null)[3].reg_i_j/val_reg' into 'inst/d_1/(null)[1].(null)[0].reg_i_j/val_reg' [c:/git/SR/lab11/zad11_1/hdmi_vga_zybo/hdmi_vga_zybo.srcs/sources_1/bd/hdmi_vga/ip/hdmi_vga_vp_0_0/src/vis_circle_0_1/src/register.v:34]
INFO: [Synth 8-4471] merging register 'inst/d_1/(null)[1].(null)[4].reg_i_j/val_reg' into 'inst/d_1/(null)[1].(null)[0].reg_i_j/val_reg' [c:/git/SR/lab11/zad11_1/hdmi_vga_zybo/hdmi_vga_zybo.srcs/sources_1/bd/hdmi_vga/ip/hdmi_vga_vp_0_0/src/vis_circle_0_1/src/register.v:34]
INFO: [Synth 8-4471] merging register 'inst/d_1/(null)[1].(null)[5].reg_i_j/val_reg' into 'inst/d_1/(null)[1].(null)[0].reg_i_j/val_reg' [c:/git/SR/lab11/zad11_1/hdmi_vga_zybo/hdmi_vga_zybo.srcs/sources_1/bd/hdmi_vga/ip/hdmi_vga_vp_0_0/src/vis_circle_0_1/src/register.v:34]
INFO: [Synth 8-4471] merging register 'inst/d_1/(null)[1].(null)[6].reg_i_j/val_reg' into 'inst/d_1/(null)[1].(null)[0].reg_i_j/val_reg' [c:/git/SR/lab11/zad11_1/hdmi_vga_zybo/hdmi_vga_zybo.srcs/sources_1/bd/hdmi_vga/ip/hdmi_vga_vp_0_0/src/vis_circle_0_1/src/register.v:34]
INFO: [Synth 8-4471] merging register 'inst/d_1/(null)[1].(null)[8].reg_i_j/val_reg' into 'inst/d_1/(null)[1].(null)[0].reg_i_j/val_reg' [c:/git/SR/lab11/zad11_1/hdmi_vga_zybo/hdmi_vga_zybo.srcs/sources_1/bd/hdmi_vga/ip/hdmi_vga_vp_0_0/src/vis_circle_0_1/src/register.v:34]
INFO: [Synth 8-4471] merging register 'inst/d_1/(null)[2].(null)[1].reg_i_j/val_reg' into 'inst/d_1/(null)[2].(null)[0].reg_i_j/val_reg' [c:/git/SR/lab11/zad11_1/hdmi_vga_zybo/hdmi_vga_zybo.srcs/sources_1/bd/hdmi_vga/ip/hdmi_vga_vp_0_0/src/vis_circle_0_1/src/register.v:34]
INFO: [Synth 8-4471] merging register 'inst/d_1/(null)[2].(null)[2].reg_i_j/val_reg' into 'inst/d_1/(null)[2].(null)[0].reg_i_j/val_reg' [c:/git/SR/lab11/zad11_1/hdmi_vga_zybo/hdmi_vga_zybo.srcs/sources_1/bd/hdmi_vga/ip/hdmi_vga_vp_0_0/src/vis_circle_0_1/src/register.v:34]
INFO: [Synth 8-4471] merging register 'inst/d_1/(null)[2].(null)[3].reg_i_j/val_reg' into 'inst/d_1/(null)[2].(null)[0].reg_i_j/val_reg' [c:/git/SR/lab11/zad11_1/hdmi_vga_zybo/hdmi_vga_zybo.srcs/sources_1/bd/hdmi_vga/ip/hdmi_vga_vp_0_0/src/vis_circle_0_1/src/register.v:34]
INFO: [Synth 8-4471] merging register 'inst/d_1/(null)[2].(null)[4].reg_i_j/val_reg' into 'inst/d_1/(null)[2].(null)[0].reg_i_j/val_reg' [c:/git/SR/lab11/zad11_1/hdmi_vga_zybo/hdmi_vga_zybo.srcs/sources_1/bd/hdmi_vga/ip/hdmi_vga_vp_0_0/src/vis_circle_0_1/src/register.v:34]
INFO: [Synth 8-4471] merging register 'inst/d_1/(null)[2].(null)[5].reg_i_j/val_reg' into 'inst/d_1/(null)[2].(null)[0].reg_i_j/val_reg' [c:/git/SR/lab11/zad11_1/hdmi_vga_zybo/hdmi_vga_zybo.srcs/sources_1/bd/hdmi_vga/ip/hdmi_vga_vp_0_0/src/vis_circle_0_1/src/register.v:34]
INFO: [Synth 8-4471] merging register 'inst/d_1/(null)[2].(null)[6].reg_i_j/val_reg' into 'inst/d_1/(null)[2].(null)[0].reg_i_j/val_reg' [c:/git/SR/lab11/zad11_1/hdmi_vga_zybo/hdmi_vga_zybo.srcs/sources_1/bd/hdmi_vga/ip/hdmi_vga_vp_0_0/src/vis_circle_0_1/src/register.v:34]
INFO: [Synth 8-4471] merging register 'inst/d_1/(null)[2].(null)[8].reg_i_j/val_reg' into 'inst/d_1/(null)[2].(null)[0].reg_i_j/val_reg' [c:/git/SR/lab11/zad11_1/hdmi_vga_zybo/hdmi_vga_zybo.srcs/sources_1/bd/hdmi_vga/ip/hdmi_vga_vp_0_0/src/vis_circle_0_1/src/register.v:34]
WARNING: [Synth 8-6014] Unused sequential element inst/d_1/(null)[0].(null)[1].reg_i_j/val_reg was removed.  [c:/git/SR/lab11/zad11_1/hdmi_vga_zybo/hdmi_vga_zybo.srcs/sources_1/bd/hdmi_vga/ip/hdmi_vga_vp_0_0/src/vis_circle_0_1/src/register.v:34]
WARNING: [Synth 8-6014] Unused sequential element inst/d_1/(null)[0].(null)[2].reg_i_j/val_reg was removed.  [c:/git/SR/lab11/zad11_1/hdmi_vga_zybo/hdmi_vga_zybo.srcs/sources_1/bd/hdmi_vga/ip/hdmi_vga_vp_0_0/src/vis_circle_0_1/src/register.v:34]
WARNING: [Synth 8-6014] Unused sequential element inst/d_1/(null)[0].(null)[3].reg_i_j/val_reg was removed.  [c:/git/SR/lab11/zad11_1/hdmi_vga_zybo/hdmi_vga_zybo.srcs/sources_1/bd/hdmi_vga/ip/hdmi_vga_vp_0_0/src/vis_circle_0_1/src/register.v:34]
WARNING: [Synth 8-6014] Unused sequential element inst/d_1/(null)[0].(null)[4].reg_i_j/val_reg was removed.  [c:/git/SR/lab11/zad11_1/hdmi_vga_zybo/hdmi_vga_zybo.srcs/sources_1/bd/hdmi_vga/ip/hdmi_vga_vp_0_0/src/vis_circle_0_1/src/register.v:34]
WARNING: [Synth 8-6014] Unused sequential element inst/d_1/(null)[0].(null)[5].reg_i_j/val_reg was removed.  [c:/git/SR/lab11/zad11_1/hdmi_vga_zybo/hdmi_vga_zybo.srcs/sources_1/bd/hdmi_vga/ip/hdmi_vga_vp_0_0/src/vis_circle_0_1/src/register.v:34]
WARNING: [Synth 8-6014] Unused sequential element inst/d_1/(null)[0].(null)[6].reg_i_j/val_reg was removed.  [c:/git/SR/lab11/zad11_1/hdmi_vga_zybo/hdmi_vga_zybo.srcs/sources_1/bd/hdmi_vga/ip/hdmi_vga_vp_0_0/src/vis_circle_0_1/src/register.v:34]
WARNING: [Synth 8-6014] Unused sequential element inst/d_1/(null)[0].(null)[8].reg_i_j/val_reg was removed.  [c:/git/SR/lab11/zad11_1/hdmi_vga_zybo/hdmi_vga_zybo.srcs/sources_1/bd/hdmi_vga/ip/hdmi_vga_vp_0_0/src/vis_circle_0_1/src/register.v:34]
WARNING: [Synth 8-6014] Unused sequential element inst/d_1/(null)[1].(null)[1].reg_i_j/val_reg was removed.  [c:/git/SR/lab11/zad11_1/hdmi_vga_zybo/hdmi_vga_zybo.srcs/sources_1/bd/hdmi_vga/ip/hdmi_vga_vp_0_0/src/vis_circle_0_1/src/register.v:34]
WARNING: [Synth 8-6014] Unused sequential element inst/d_1/(null)[1].(null)[2].reg_i_j/val_reg was removed.  [c:/git/SR/lab11/zad11_1/hdmi_vga_zybo/hdmi_vga_zybo.srcs/sources_1/bd/hdmi_vga/ip/hdmi_vga_vp_0_0/src/vis_circle_0_1/src/register.v:34]
WARNING: [Synth 8-6014] Unused sequential element inst/d_1/(null)[1].(null)[3].reg_i_j/val_reg was removed.  [c:/git/SR/lab11/zad11_1/hdmi_vga_zybo/hdmi_vga_zybo.srcs/sources_1/bd/hdmi_vga/ip/hdmi_vga_vp_0_0/src/vis_circle_0_1/src/register.v:34]
WARNING: [Synth 8-6014] Unused sequential element inst/d_1/(null)[1].(null)[4].reg_i_j/val_reg was removed.  [c:/git/SR/lab11/zad11_1/hdmi_vga_zybo/hdmi_vga_zybo.srcs/sources_1/bd/hdmi_vga/ip/hdmi_vga_vp_0_0/src/vis_circle_0_1/src/register.v:34]
WARNING: [Synth 8-6014] Unused sequential element inst/d_1/(null)[1].(null)[5].reg_i_j/val_reg was removed.  [c:/git/SR/lab11/zad11_1/hdmi_vga_zybo/hdmi_vga_zybo.srcs/sources_1/bd/hdmi_vga/ip/hdmi_vga_vp_0_0/src/vis_circle_0_1/src/register.v:34]
WARNING: [Synth 8-6014] Unused sequential element inst/d_1/(null)[1].(null)[6].reg_i_j/val_reg was removed.  [c:/git/SR/lab11/zad11_1/hdmi_vga_zybo/hdmi_vga_zybo.srcs/sources_1/bd/hdmi_vga/ip/hdmi_vga_vp_0_0/src/vis_circle_0_1/src/register.v:34]
WARNING: [Synth 8-6014] Unused sequential element inst/d_1/(null)[1].(null)[8].reg_i_j/val_reg was removed.  [c:/git/SR/lab11/zad11_1/hdmi_vga_zybo/hdmi_vga_zybo.srcs/sources_1/bd/hdmi_vga/ip/hdmi_vga_vp_0_0/src/vis_circle_0_1/src/register.v:34]
WARNING: [Synth 8-6014] Unused sequential element inst/d_1/(null)[2].(null)[1].reg_i_j/val_reg was removed.  [c:/git/SR/lab11/zad11_1/hdmi_vga_zybo/hdmi_vga_zybo.srcs/sources_1/bd/hdmi_vga/ip/hdmi_vga_vp_0_0/src/vis_circle_0_1/src/register.v:34]
WARNING: [Synth 8-6014] Unused sequential element inst/d_1/(null)[2].(null)[2].reg_i_j/val_reg was removed.  [c:/git/SR/lab11/zad11_1/hdmi_vga_zybo/hdmi_vga_zybo.srcs/sources_1/bd/hdmi_vga/ip/hdmi_vga_vp_0_0/src/vis_circle_0_1/src/register.v:34]
WARNING: [Synth 8-6014] Unused sequential element inst/d_1/(null)[2].(null)[3].reg_i_j/val_reg was removed.  [c:/git/SR/lab11/zad11_1/hdmi_vga_zybo/hdmi_vga_zybo.srcs/sources_1/bd/hdmi_vga/ip/hdmi_vga_vp_0_0/src/vis_circle_0_1/src/register.v:34]
WARNING: [Synth 8-6014] Unused sequential element inst/d_1/(null)[2].(null)[4].reg_i_j/val_reg was removed.  [c:/git/SR/lab11/zad11_1/hdmi_vga_zybo/hdmi_vga_zybo.srcs/sources_1/bd/hdmi_vga/ip/hdmi_vga_vp_0_0/src/vis_circle_0_1/src/register.v:34]
WARNING: [Synth 8-6014] Unused sequential element inst/d_1/(null)[2].(null)[5].reg_i_j/val_reg was removed.  [c:/git/SR/lab11/zad11_1/hdmi_vga_zybo/hdmi_vga_zybo.srcs/sources_1/bd/hdmi_vga/ip/hdmi_vga_vp_0_0/src/vis_circle_0_1/src/register.v:34]
WARNING: [Synth 8-6014] Unused sequential element inst/d_1/(null)[2].(null)[6].reg_i_j/val_reg was removed.  [c:/git/SR/lab11/zad11_1/hdmi_vga_zybo/hdmi_vga_zybo.srcs/sources_1/bd/hdmi_vga/ip/hdmi_vga_vp_0_0/src/vis_circle_0_1/src/register.v:34]
WARNING: [Synth 8-6014] Unused sequential element inst/d_1/(null)[2].(null)[8].reg_i_j/val_reg was removed.  [c:/git/SR/lab11/zad11_1/hdmi_vga_zybo/hdmi_vga_zybo.srcs/sources_1/bd/hdmi_vga/ip/hdmi_vga_vp_0_0/src/vis_circle_0_1/src/register.v:34]
INFO: [Synth 8-3936] Found unconnected internal register 'inst/x_divider/inst/result_reg_reg' and it is trimmed from '32' to '11' bits. [c:/git/SR/lab11/zad11_1/hdmi_vga_zybo/hdmi_vga_zybo.srcs/sources_1/bd/hdmi_vga/ip/hdmi_vga_vp_0_0/src/centroid_0_1/src/divider_32_20.v:84]
INFO: [Synth 8-3936] Found unconnected internal register 'inst/y_divider/inst/result_reg_reg' and it is trimmed from '32' to '11' bits. [c:/git/SR/lab11/zad11_1/hdmi_vga_zybo/hdmi_vga_zybo.srcs/sources_1/bd/hdmi_vga/ip/hdmi_vga_vp_0_0/src/centroid_0_1/src/divider_32_20.v:84]
INFO: [Synth 8-5546] ROM "inst/x_divider/inst/i" won't be mapped to RAM because it is too sparse
INFO: [Synth 8-5546] ROM "inst/y_divider/inst/i" won't be mapped to RAM because it is too sparse
INFO: [Synth 8-5546] ROM "inst/y_pos" won't be mapped to RAM because it is too sparse
INFO: [Synth 8-5546] ROM "inst/x_pos" won't be mapped to RAM because it is too sparse
INFO: [Synth 8-5546] ROM "inst/x_pos" won't be mapped to RAM because it is too sparse
INFO: [Synth 8-5546] ROM "inst/y_pos" won't be mapped to RAM because it is too sparse
INFO: [Synth 8-5546] ROM "inst/y_pos" won't be mapped to RAM because it is too sparse
INFO: [Synth 8-3333] propagating constant 0 across sequential element (\inst/dut /\inst/d_1/(null)[0].(null)[0].reg_i_j/val_reg )
INFO: [Synth 8-3886] merging instance 'inst/dut/inst/d_1/(null)[1].(null)[0].reg_i_j/val_reg' (FD) to 'inst/dut/inst/d_1/(null)[0].(null)[0].reg_i_j/val_reg'
INFO: [Synth 8-3333] propagating constant 0 across sequential element (\inst/dut /\inst/d_1/(null)[0].(null)[0].reg_i_j/val_reg )
INFO: [Synth 8-3886] merging instance 'inst/dut/inst/d_1/(null)[2].(null)[0].reg_i_j/val_reg' (FD) to 'inst/dut/inst/d_1/(null)[0].(null)[0].reg_i_j/val_reg'
INFO: [Synth 8-3333] propagating constant 0 across sequential element (\inst/dut /\inst/d_1/(null)[0].(null)[0].reg_i_j/val_reg )
INFO: [Synth 8-3332] Sequential element (inst/d_1/(null)[0].(null)[0].reg_i_j/val_reg) is unused and will be removed from module rgb2ycbcr_0.
---------------------------------------------------------------------------------
Finished Cross Boundary and Area Optimization : Time (s): cpu = 00:01:02 ; elapsed = 00:01:03 . Memory (MB): peak = 730.434 ; gain = 474.113
---------------------------------------------------------------------------------

Report RTL Partitions: 
+-+--------------+------------+----------+
| |RTL Partition |Replication |Instances |
+-+--------------+------------+----------+
+-+--------------+------------+----------+
---------------------------------------------------------------------------------
Start Applying XDC Timing Constraints
---------------------------------------------------------------------------------
---------------------------------------------------------------------------------
Finished Applying XDC Timing Constraints : Time (s): cpu = 00:01:20 ; elapsed = 00:01:21 . Memory (MB): peak = 810.102 ; gain = 553.781
---------------------------------------------------------------------------------
---------------------------------------------------------------------------------
Start Timing Optimization
---------------------------------------------------------------------------------
---------------------------------------------------------------------------------
Finished Timing Optimization : Time (s): cpu = 00:01:20 ; elapsed = 00:01:22 . Memory (MB): peak = 811.125 ; gain = 554.805
---------------------------------------------------------------------------------

Report RTL Partitions: 
+-+--------------+------------+----------+
| |RTL Partition |Replication |Instances |
+-+--------------+------------+----------+
+-+--------------+------------+----------+
---------------------------------------------------------------------------------
Start Technology Mapping
---------------------------------------------------------------------------------
---------------------------------------------------------------------------------
Finished Technology Mapping : Time (s): cpu = 00:01:21 ; elapsed = 00:01:23 . Memory (MB): peak = 833.176 ; gain = 576.855
---------------------------------------------------------------------------------

Report RTL Partitions: 
+-+--------------+------------+----------+
| |RTL Partition |Replication |Instances |
+-+--------------+------------+----------+
+-+--------------+------------+----------+
---------------------------------------------------------------------------------
Start IO Insertion
---------------------------------------------------------------------------------
---------------------------------------------------------------------------------
Start Flattening Before IO Insertion
---------------------------------------------------------------------------------
---------------------------------------------------------------------------------
Finished Flattening Before IO Insertion
---------------------------------------------------------------------------------
---------------------------------------------------------------------------------
Start Final Netlist Cleanup
---------------------------------------------------------------------------------
---------------------------------------------------------------------------------
Finished Final Netlist Cleanup
---------------------------------------------------------------------------------
---------------------------------------------------------------------------------
Finished IO Insertion : Time (s): cpu = 00:01:22 ; elapsed = 00:01:24 . Memory (MB): peak = 833.176 ; gain = 576.855
---------------------------------------------------------------------------------

Report Check Netlist: 
+------+------------------+-------+---------+-------+------------------+
|      |Item              |Errors |Warnings |Status |Description       |
+------+------------------+-------+---------+-------+------------------+
|1     |multi_driven_nets |      0|        0|Passed |Multi driven nets |
+------+------------------+-------+---------+-------+------------------+
---------------------------------------------------------------------------------
Start Renaming Generated Instances
---------------------------------------------------------------------------------
---------------------------------------------------------------------------------
Finished Renaming Generated Instances : Time (s): cpu = 00:01:22 ; elapsed = 00:01:24 . Memory (MB): peak = 833.176 ; gain = 576.855
---------------------------------------------------------------------------------

Report RTL Partitions: 
+-+--------------+------------+----------+
| |RTL Partition |Replication |Instances |
+-+--------------+------------+----------+
+-+--------------+------------+----------+
---------------------------------------------------------------------------------
Start Rebuilding User Hierarchy
---------------------------------------------------------------------------------
---------------------------------------------------------------------------------
Finished Rebuilding User Hierarchy : Time (s): cpu = 00:01:23 ; elapsed = 00:01:25 . Memory (MB): peak = 833.176 ; gain = 576.855
---------------------------------------------------------------------------------
---------------------------------------------------------------------------------
Start Renaming Generated Ports
---------------------------------------------------------------------------------
---------------------------------------------------------------------------------
Finished Renaming Generated Ports : Time (s): cpu = 00:01:23 ; elapsed = 00:01:25 . Memory (MB): peak = 833.176 ; gain = 576.855
---------------------------------------------------------------------------------
---------------------------------------------------------------------------------
Start Handling Custom Attributes
---------------------------------------------------------------------------------
---------------------------------------------------------------------------------
Finished Handling Custom Attributes : Time (s): cpu = 00:01:23 ; elapsed = 00:01:25 . Memory (MB): peak = 833.176 ; gain = 576.855
---------------------------------------------------------------------------------
---------------------------------------------------------------------------------
Start Renaming Generated Nets
---------------------------------------------------------------------------------
---------------------------------------------------------------------------------
Finished Renaming Generated Nets : Time (s): cpu = 00:01:23 ; elapsed = 00:01:25 . Memory (MB): peak = 833.176 ; gain = 576.855
---------------------------------------------------------------------------------
---------------------------------------------------------------------------------
Start Writing Synthesis Report
---------------------------------------------------------------------------------

Report BlackBoxes: 
+------+--------------+----------+
|      |BlackBox name |Instances |
+------+--------------+----------+
|1     |DSP48E        |         3|
+------+--------------+----------+

Report Cell Usage: 
+------+-----------------+------+
|      |Cell             |Count |
+------+-----------------+------+
|1     |DSP48E_bbox_0    |     1|
|2     |DSP48E_bbox_0__1 |     1|
|3     |DSP48E_bbox_0__2 |     1|
|4     |CARRY4           |    16|
|5     |DSP48E1          |    11|
|6     |DSP48E1_1        |    12|
|7     |DSP48E1_2        |     2|
|8     |DSP48E1_3        |     2|
|9     |LUT1             |     9|
|10    |LUT2             |    66|
|11    |LUT3             |    49|
|12    |LUT4             |   108|
|13    |LUT5             |    30|
|14    |LUT6             |   198|
|15    |SRL16E           |    31|
|16    |FDRE             |   392|
|17    |FDSE             |     5|
+------+-----------------+------+
---------------------------------------------------------------------------------
Finished Writing Synthesis Report : Time (s): cpu = 00:01:23 ; elapsed = 00:01:25 . Memory (MB): peak = 833.176 ; gain = 576.855
---------------------------------------------------------------------------------
Synthesis finished with 0 errors, 0 critical warnings and 72 warnings.
Synthesis Optimization Runtime : Time (s): cpu = 00:00:34 ; elapsed = 00:01:15 . Memory (MB): peak = 833.176 ; gain = 426.777
Synthesis Optimization Complete : Time (s): cpu = 00:01:23 ; elapsed = 00:01:25 . Memory (MB): peak = 833.176 ; gain = 576.855
INFO: [Project 1-571] Translating synthesized netlist
INFO: [Netlist 29-17] Analyzing 46 Unisim elements for replacement
INFO: [Netlist 29-28] Unisim Transformation completed in 0 CPU seconds
INFO: [Project 1-570] Preparing netlist for logic optimization
INFO: [Opt 31-138] Pushed 0 inverter(s) to 0 load pin(s).
INFO: [Project 1-111] Unisim Transformation Summary:
  A total of 3 instances were transformed.
  DSP48E => DSP48E1: 3 instances

INFO: [Common 17-83] Releasing license: Synthesis
122 Infos, 155 Warnings, 3 Critical Warnings and 0 Errors encountered.
synth_design completed successfully
synth_design: Time (s): cpu = 00:01:26 ; elapsed = 00:01:29 . Memory (MB): peak = 833.176 ; gain = 588.324
INFO: [Common 17-1381] The checkpoint 'C:/git/SR/lab11/zad11_1/hdmi_vga_zybo/hdmi_vga_zybo.runs/hdmi_vga_vp_0_0_synth_1/hdmi_vga_vp_0_0.dcp' has been generated.
