#-----------------------------------------------------------
# Vivado v2017.4 (64-bit)
# SW Build 2086221 on Fri Dec 15 20:55:39 MST 2017
# IP Build 2085800 on Fri Dec 15 22:25:07 MST 2017
# Start of session at: Tue May  8 18:25:39 2018
# Process ID: 12308
# Current directory: C:/git/SR/lab5/vp_bin
# Command line: vivado.exe -gui_launcher_event rodinguilauncherevent3772 C:\git\SR\lab5\vp_bin\vp_bin.xpr
# Log file: C:/git/SR/lab5/vp_bin/vivado.log
# Journal file: C:/git/SR/lab5/vp_bin\vivado.jou
#-----------------------------------------------------------
start_gui
open_project C:/git/SR/lab5/vp_bin/vp_bin.xpr
INFO: [Project 1-313] Project file moved from '/home/lsriw/sr/RomanMichal/SR/lab5/vp_bin' since last save.
Scanning sources...
Finished scanning sources
INFO: [IP_Flow 19-234] Refreshing IP repositories
INFO: [IP_Flow 19-1700] Loaded user IP repository 'c:/git/SR/lab5'.
WARNING: [IP_Flow 19-3656] If you move the project, the path for repository 'c:/git/SR/lab5' may become invalid. A better location for the repository would be in a path adjacent to the project. (Current project location is 'c:/git/SR/lab5/vp_bin'.)
INFO: [IP_Flow 19-2313] Loaded Vivado IP repository 'C:/Xilinx/Vivado/2017.4/data/ip'.
open_project: Time (s): cpu = 00:00:18 ; elapsed = 00:00:07 . Memory (MB): peak = 815.043 ; gain = 113.934
update_compile_order -fileset sources_1
set_property -dict [list CONFIG.coefficient_file {C:/git/SR/lab5/vp_bin/lut_binarize.coe}] [get_ips r_lut]
INFO: [IP_Flow 19-3484] Absolute path of file 'c:/git/SR/lab5/vp_bin/lut_binarize.coe' provided. It will be converted relative to IP Instance files '../../../../lut_binarize.coe'
generate_target all [get_files  C:/git/SR/lab5/vp_bin/vp_bin.srcs/sources_1/ip/r_lut/r_lut.xci]
INFO: [IP_Flow 19-1686] Generating 'Instantiation Template' target for IP 'r_lut'...
INFO: [IP_Flow 19-1686] Generating 'Synthesis' target for IP 'r_lut'...
INFO: [IP_Flow 19-1686] Generating 'Simulation' target for IP 'r_lut'...
INFO: [IP_Flow 19-1686] Generating 'Change Log' target for IP 'r_lut'...
catch { config_ip_cache -export [get_ips -all r_lut] }
export_ip_user_files -of_objects [get_files C:/git/SR/lab5/vp_bin/vp_bin.srcs/sources_1/ip/r_lut/r_lut.xci] -no_script -sync -force -quiet
reset_run r_lut_synth_1
launch_runs -jobs 8 r_lut_synth_1
[Tue May  8 18:27:12 2018] Launched r_lut_synth_1...
Run output will be captured here: C:/git/SR/lab5/vp_bin/vp_bin.runs/r_lut_synth_1/runme.log
export_simulation -of_objects [get_files C:/git/SR/lab5/vp_bin/vp_bin.srcs/sources_1/ip/r_lut/r_lut.xci] -directory C:/git/SR/lab5/vp_bin/vp_bin.ip_user_files/sim_scripts -ip_user_files_dir C:/git/SR/lab5/vp_bin/vp_bin.ip_user_files -ipstatic_source_dir C:/git/SR/lab5/vp_bin/vp_bin.ip_user_files/ipstatic -lib_map_path [list {modelsim=C:/git/SR/lab5/vp_bin/vp_bin.cache/compile_simlib/modelsim} {questa=C:/git/SR/lab5/vp_bin/vp_bin.cache/compile_simlib/questa} {riviera=C:/git/SR/lab5/vp_bin/vp_bin.cache/compile_simlib/riviera} {activehdl=C:/git/SR/lab5/vp_bin/vp_bin.cache/compile_simlib/activehdl}] -use_ip_compiled_libs -force -quiet
set_property -dict [list CONFIG.coefficient_file {C:/git/SR/lab5/vp_bin/lut_binarize.coe}] [get_ips g_lut]
INFO: [IP_Flow 19-3484] Absolute path of file 'c:/git/SR/lab5/vp_bin/lut_binarize.coe' provided. It will be converted relative to IP Instance files '../../../../lut_binarize.coe'
generate_target all [get_files  C:/git/SR/lab5/vp_bin/vp_bin.srcs/sources_1/ip/g_lut/g_lut.xci]
INFO: [IP_Flow 19-1686] Generating 'Instantiation Template' target for IP 'g_lut'...
INFO: [IP_Flow 19-1686] Generating 'Synthesis' target for IP 'g_lut'...
INFO: [IP_Flow 19-1686] Generating 'Simulation' target for IP 'g_lut'...
INFO: [IP_Flow 19-1686] Generating 'Change Log' target for IP 'g_lut'...
catch { config_ip_cache -export [get_ips -all g_lut] }
export_ip_user_files -of_objects [get_files C:/git/SR/lab5/vp_bin/vp_bin.srcs/sources_1/ip/g_lut/g_lut.xci] -no_script -sync -force -quiet
reset_run g_lut_synth_1
WARNING: [Vivado 12-1017] Problems encountered:
1. Failed to delete one or more files in run directory C:/git/SR/lab5/vp_bin/vp_bin.runs/g_lut_synth_1

launch_runs -jobs 8 g_lut_synth_1
[Tue May  8 18:27:36 2018] Launched g_lut_synth_1...
Run output will be captured here: C:/git/SR/lab5/vp_bin/vp_bin.runs/g_lut_synth_1/runme.log
export_simulation -of_objects [get_files C:/git/SR/lab5/vp_bin/vp_bin.srcs/sources_1/ip/g_lut/g_lut.xci] -directory C:/git/SR/lab5/vp_bin/vp_bin.ip_user_files/sim_scripts -ip_user_files_dir C:/git/SR/lab5/vp_bin/vp_bin.ip_user_files -ipstatic_source_dir C:/git/SR/lab5/vp_bin/vp_bin.ip_user_files/ipstatic -lib_map_path [list {modelsim=C:/git/SR/lab5/vp_bin/vp_bin.cache/compile_simlib/modelsim} {questa=C:/git/SR/lab5/vp_bin/vp_bin.cache/compile_simlib/questa} {riviera=C:/git/SR/lab5/vp_bin/vp_bin.cache/compile_simlib/riviera} {activehdl=C:/git/SR/lab5/vp_bin/vp_bin.cache/compile_simlib/activehdl}] -use_ip_compiled_libs -force -quiet
set_property -dict [list CONFIG.coefficient_file {C:/git/SR/lab5/vp_bin/lut_binarize.coe}] [get_ips b_lut]
INFO: [IP_Flow 19-3484] Absolute path of file 'c:/git/SR/lab5/vp_bin/lut_binarize.coe' provided. It will be converted relative to IP Instance files '../../../../lut_binarize.coe'
generate_target all [get_files  C:/git/SR/lab5/vp_bin/vp_bin.srcs/sources_1/ip/b_lut/b_lut.xci]
INFO: [IP_Flow 19-1686] Generating 'Instantiation Template' target for IP 'b_lut'...
INFO: [IP_Flow 19-1686] Generating 'Synthesis' target for IP 'b_lut'...
INFO: [IP_Flow 19-1686] Generating 'Simulation' target for IP 'b_lut'...
INFO: [IP_Flow 19-1686] Generating 'Change Log' target for IP 'b_lut'...
catch { config_ip_cache -export [get_ips -all b_lut] }
export_ip_user_files -of_objects [get_files C:/git/SR/lab5/vp_bin/vp_bin.srcs/sources_1/ip/b_lut/b_lut.xci] -no_script -sync -force -quiet
reset_run b_lut_synth_1
WARNING: [Vivado 12-1017] Problems encountered:
1. Failed to delete one or more files in run directory C:/git/SR/lab5/vp_bin/vp_bin.runs/b_lut_synth_1

launch_runs -jobs 8 b_lut_synth_1
[Tue May  8 18:28:12 2018] Launched b_lut_synth_1...
Run output will be captured here: C:/git/SR/lab5/vp_bin/vp_bin.runs/b_lut_synth_1/runme.log
export_simulation -of_objects [get_files C:/git/SR/lab5/vp_bin/vp_bin.srcs/sources_1/ip/b_lut/b_lut.xci] -directory C:/git/SR/lab5/vp_bin/vp_bin.ip_user_files/sim_scripts -ip_user_files_dir C:/git/SR/lab5/vp_bin/vp_bin.ip_user_files -ipstatic_source_dir C:/git/SR/lab5/vp_bin/vp_bin.ip_user_files/ipstatic -lib_map_path [list {modelsim=C:/git/SR/lab5/vp_bin/vp_bin.cache/compile_simlib/modelsim} {questa=C:/git/SR/lab5/vp_bin/vp_bin.cache/compile_simlib/questa} {riviera=C:/git/SR/lab5/vp_bin/vp_bin.cache/compile_simlib/riviera} {activehdl=C:/git/SR/lab5/vp_bin/vp_bin.cache/compile_simlib/activehdl}] -use_ip_compiled_libs -force -quiet
ipx::package_project -root_dir C:/git/SR/IP/vp_bin -vendor xilinx.com -library user -taxonomy /UserIP -import_files -set_current false
WARNING: [IP_Flow 19-4963] b_lut has board value specified. The packaged IP will be restricted to usage with board 'digilentinc.com:zybo:part0:1.0'
INFO: [IP_Flow 19-4753] Inferred signal 'clock' from port 'clk' as interface 'clk'.
ipx::unload_core c:/git/SR/IP/vp_bin/component.xml
ipx::edit_ip_in_project -upgrade true -name tmp_edit_project -directory C:/git/SR/IP/vp_bin c:/git/SR/IP/vp_bin/component.xml
INFO: [IP_Flow 19-234] Refreshing IP repositories
INFO: [IP_Flow 19-1704] No user IP repositories specified
INFO: [IP_Flow 19-2313] Loaded Vivado IP repository 'C:/Xilinx/Vivado/2017.4/data/ip'.
create_project: Time (s): cpu = 00:00:09 ; elapsed = 00:00:08 . Memory (MB): peak = 1020.262 ; gain = 0.000
INFO: [IP_Flow 19-234] Refreshing IP repositories
INFO: [IP_Flow 19-1700] Loaded user IP repository 'c:/git/SR/lab5'.
INFO: [IP_Flow 19-795] Syncing license key meta-data
ipx::edit_ip_in_project: Time (s): cpu = 00:00:15 ; elapsed = 00:00:14 . Memory (MB): peak = 1035.418 ; gain = 15.156
update_compile_order -fileset sources_1
set_property core_revision 2 [ipx::current_core]
ipx::create_xgui_files [ipx::current_core]
ipx::update_checksums [ipx::current_core]
ipx::save_core [ipx::current_core]
close_project -delete
set_property  ip_repo_paths  {c:/git/SR/IP/vp_bin c:/git/SR/lab5} [current_project]
update_ip_catalog
INFO: [IP_Flow 19-234] Refreshing IP repositories
INFO: [IP_Flow 19-1700] Loaded user IP repository 'c:/git/SR/IP/vp_bin'.
INFO: [IP_Flow 19-1700] Loaded user IP repository 'c:/git/SR/lab5'.
WARNING: [IP_Flow 19-3656] If you move the project, the path for repository 'c:/git/SR/lab5' may become invalid. A better location for the repository would be in a path adjacent to the project. (Current project location is 'c:/git/SR/lab5/vp_bin'.)
CRITICAL WARNING: [IP_Flow 19-1663] Duplicate IP found for 'xilinx.com:user:vp_bin:1.0'. The one found in IP location 'c:/git/SR/IP/vp_bin' will take precedence over the same IP in location c:/git/SR/lab5/vp_bin/vp_bin.srcs/sources_1
exit
INFO: [Common 17-206] Exiting Vivado at Tue May  8 20:49:44 2018...
