#-----------------------------------------------------------
# Vivado v2017.4 (64-bit)
# SW Build 2086221 on Fri Dec 15 20:55:39 MST 2017
# IP Build 2085800 on Fri Dec 15 22:25:07 MST 2017
# Start of session at: Tue May  8 23:27:52 2018
# Process ID: 15352
# Current directory: C:/git/SR/lab10/zad10_3/hdmi_vga_zybo
# Command line: vivado.exe -gui_launcher_event rodinguilauncherevent8572 C:\git\SR\lab10\zad10_3\hdmi_vga_zybo\hdmi_vga_zybo.xpr
# Log file: C:/git/SR/lab10/zad10_3/hdmi_vga_zybo/vivado.log
# Journal file: C:/git/SR/lab10/zad10_3/hdmi_vga_zybo\vivado.jou
#-----------------------------------------------------------
start_gui
open_project C:/git/SR/lab10/zad10_3/hdmi_vga_zybo/hdmi_vga_zybo.xpr
INFO: [Project 1-313] Project file moved from 'C:/Users/Bartek/Reconfigurable-Systems-Laboratory-Class/10/3/hdmi_vga_zybo' since last save.
Scanning sources...
Finished scanning sources
WARNING: [filemgmt 56-2] IP Repository Path: Could not find the directory 'C:/git/SR/My_IPs', nor could it be found using path 'C:/Users/Bartek/Reconfigurable-Systems-Laboratory-Class/My_IPs'.
WARNING: [filemgmt 56-2] IP Repository Path: Could not find the directory 'C:/git/SR/08/Resources', nor could it be found using path 'C:/Users/Bartek/Reconfigurable-Systems-Laboratory-Class/08/Resources'.
INFO: [IP_Flow 19-234] Refreshing IP repositories
WARNING: [IP_Flow 19-2248] Failed to load user IP repository 'c:/git/SR/My_IPs'; Can't find the specified path.
If this directory should no longer be in your list of user repositories, go to the IP Settings dialog and remove it.
WARNING: [IP_Flow 19-2248] Failed to load user IP repository 'c:/git/SR/08/Resources'; Can't find the specified path.
If this directory should no longer be in your list of user repositories, go to the IP Settings dialog and remove it.
INFO: [IP_Flow 19-2313] Loaded Vivado IP repository 'C:/Xilinx/Vivado/2017.4/data/ip'.
WARNING: [BD 41-1661] One or more IPs have been locked in the design 'hdmi_vga.bd'. Please run report_ip_status for more details and recommendations on how to fix this issue.
List of locked IPs:
hdmi_vga_dvi2rgb_1_1
hdmi_vga_rgb2vga_1_0
hdmi_vga_vp_0_0

WARNING: [IP_Flow 19-2162] IP 'rgb2ycbcr_0' is locked:
* IP definition 'rgb2ycbcr (1.0)' for IP 'rgb2ycbcr_0' (customized with software release 2017.4) was not found in the IP Catalog.
Please select 'Report IP Status' from the 'Tools/Report' menu or run Tcl command 'report_ip_status' for more information.
open_project: Time (s): cpu = 00:00:14 ; elapsed = 00:00:06 . Memory (MB): peak = 784.469 ; gain = 58.316
update_compile_order -fileset sources_1
set_property  ip_repo_paths  c:/git/SR/08/Resources [current_project]
update_ip_catalog
INFO: [IP_Flow 19-234] Refreshing IP repositories
WARNING: [IP_Flow 19-2248] Failed to load user IP repository 'c:/git/SR/08/Resources'; Can't find the specified path.
If this directory should no longer be in your list of user repositories, go to the IP Settings dialog and remove it.
set_property  ip_repo_paths  {} [current_project]
update_ip_catalog
INFO: [IP_Flow 19-234] Refreshing IP repositories
INFO: [IP_Flow 19-1704] No user IP repositories specified
set_property  ip_repo_paths  C:/git/SR/IP [current_project]
update_ip_catalog
INFO: [IP_Flow 19-234] Refreshing IP repositories
INFO: [IP_Flow 19-1700] Loaded user IP repository 'c:/git/SR/IP'.
set_property  ip_repo_paths  {c:/git/SR/IP C:/git/SR/lab10/Resources} [current_project]
update_ip_catalog
INFO: [IP_Flow 19-234] Refreshing IP repositories
INFO: [IP_Flow 19-1700] Loaded user IP repository 'c:/git/SR/IP'.
INFO: [IP_Flow 19-1700] Loaded user IP repository 'c:/git/SR/lab10/Resources'.
open_bd_design {C:/git/SR/lab10/zad10_3/hdmi_vga_zybo/hdmi_vga_zybo.srcs/sources_1/bd/hdmi_vga/hdmi_vga.bd}
Adding cell -- xilinx.com:ip:clk_wiz:5.4 - clk_wiz_0
Adding cell -- xilinx.com:ip:xlconstant:1.1 - GND
Adding cell -- xilinx.com:ip:xlconstant:1.1 - VCC
Adding cell -- digilentinc.com:ip:rgb2vga:1.0 - rgb2vga_1
Adding cell -- digilentinc.com:ip:dvi2rgb:1.8 - dvi2rgb_1
Adding cell -- xilinx.com:user:vp:1.1 - vp_0
Successfully read diagram <hdmi_vga> from BD file <C:/git/SR/lab10/zad10_3/hdmi_vga_zybo/hdmi_vga_zybo.srcs/sources_1/bd/hdmi_vga/hdmi_vga.bd>
open_bd_design: Time (s): cpu = 00:00:14 ; elapsed = 00:00:11 . Memory (MB): peak = 895.516 ; gain = 71.527
open_bd_design {C:/git/SR/lab10/zad10_3/hdmi_vga_zybo/hdmi_vga_zybo.srcs/sources_1/bd/hdmi_vga/hdmi_vga.bd}
delete_bd_objs [get_bd_nets sw_1]
delete_bd_objs [get_bd_nets dvi2rgb_1_vid_pData] [get_bd_nets vp_0_de_out] [get_bd_nets vp_0_h_sync_out] [get_bd_nets vp_0_v_sync_out] [get_bd_nets vp_0_pixel_out] [get_bd_nets dvi2rgb_1_vid_pVDE] [get_bd_nets dvi2rgb_1_vid_pHSync] [get_bd_nets dvi2rgb_1_vid_pVSync] [get_bd_cells vp_0]
startgroup
create_bd_cell -type ip -vlnv xilinx.com:user:rgb2ycbcr:1.0 rgb2ycbcr_0
endgroup
connect_bd_net [get_bd_pins rgb2ycbcr_0/pixel_in] [get_bd_pins dvi2rgb_1/vid_pData]
WARNING: [BD 41-1306] The connection to interface pin /dvi2rgb_1/vid_pData is being overridden by the user. This pin will not be connected as a part of interface connection RGB
connect_bd_net [get_bd_pins rgb2ycbcr_0/vsync] [get_bd_pins dvi2rgb_1/vid_pVSync]
WARNING: [BD 41-1306] The connection to interface pin /dvi2rgb_1/vid_pVSync is being overridden by the user. This pin will not be connected as a part of interface connection RGB
connect_bd_net [get_bd_pins rgb2ycbcr_0/hsync] [get_bd_pins dvi2rgb_1/vid_pHSync]
WARNING: [BD 41-1306] The connection to interface pin /dvi2rgb_1/vid_pHSync is being overridden by the user. This pin will not be connected as a part of interface connection RGB
connect_bd_net [get_bd_pins rgb2ycbcr_0/de] [get_bd_pins dvi2rgb_1/vid_pVDE]
WARNING: [BD 41-1306] The connection to interface pin /dvi2rgb_1/vid_pVDE is being overridden by the user. This pin will not be connected as a part of interface connection RGB
connect_bd_net [get_bd_pins rgb2ycbcr_0/clk] [get_bd_pins dvi2rgb_1/aPixelClkLckd]
WARNING: [BD 41-1731] Type mismatch between connected pins: /rgb2ycbcr_0/clk(clk) and /dvi2rgb_1/aPixelClkLckd(undef)
connect_bd_net [get_bd_pins rgb2ycbcr_0/de_out] [get_bd_pins rgb2vga_1/rgb_pVDE]
WARNING: [BD 41-1306] The connection to interface pin /rgb2vga_1/rgb_pVDE is being overridden by the user. This pin will not be connected as a part of interface connection vid_in
connect_bd_net [get_bd_pins rgb2ycbcr_0/vsync_out] [get_bd_pins rgb2vga_1/rgb_pVSync]
WARNING: [BD 41-1306] The connection to interface pin /rgb2vga_1/rgb_pVSync is being overridden by the user. This pin will not be connected as a part of interface connection vid_in
connect_bd_net [get_bd_pins rgb2ycbcr_0/hsync_out] [get_bd_pins rgb2vga_1/rgb_pHSync]
WARNING: [BD 41-1306] The connection to interface pin /rgb2vga_1/rgb_pHSync is being overridden by the user. This pin will not be connected as a part of interface connection vid_in
connect_bd_net [get_bd_pins rgb2ycbcr_0/pixel_out] [get_bd_pins rgb2vga_1/rgb_pData]
WARNING: [BD 41-1306] The connection to interface pin /rgb2vga_1/rgb_pData is being overridden by the user. This pin will not be connected as a part of interface connection vid_in
save_bd_design
Wrote  : <C:/git/SR/lab10/zad10_3/hdmi_vga_zybo/hdmi_vga_zybo.srcs/sources_1/bd/hdmi_vga/hdmi_vga.bd> 
Wrote  : <C:/git/SR/lab10/zad10_3/hdmi_vga_zybo/hdmi_vga_zybo.srcs/sources_1/bd/hdmi_vga/ui/bd_390e6c89.ui> 
validate_bd_design
WARNING: [BD 41-927] Following properties on pin /rgb2vga_1/PixelClk have been updated from connected ip. They may not be synchronized with cell properties. You can set property on pin directly to confirm the value and resolve the warning.
	CLK_DOMAIN=hdmi_vga_dvi2rgb_1_1_PixelClk 
WARNING: [BD 41-927] Following properties on pin /dvi2rgb_1/RefClk have been updated from connected ip. They may not be synchronized with cell properties. You can set property on pin directly to confirm the value and resolve the warning.
	CLK_DOMAIN=/clk_wiz_0_clk_out1 
WARNING: [BD 41-927] Following properties on pin /dvi2rgb_1/PixelClk have been updated from connected ip. They may not be synchronized with cell properties. You can set property on pin directly to confirm the value and resolve the warning.
	CLK_DOMAIN=hdmi_vga_dvi2rgb_1_1_PixelClk 
save_bd_design
Wrote  : <C:/git/SR/lab10/zad10_3/hdmi_vga_zybo/hdmi_vga_zybo.srcs/sources_1/bd/hdmi_vga/hdmi_vga.bd> 
launch_simulation
INFO: [Vivado 12-5682] Launching behavioral simulation in 'C:/git/SR/lab10/zad10_3/hdmi_vga_zybo/hdmi_vga_zybo.sim/sim_1/behav/xsim'
INFO: [Vivado 12-4795] Using compiled simulation libraries for IPs
INFO: [SIM-utils-51] Simulation object is 'sim_1'
INFO: [USF-XSim-7] Finding pre-compiled libraries...
INFO: [USF-XSim-11] File 'C:/Xilinx/Vivado/2017.4/data/xsim/ip/xsim_ip.ini' copied to run dir:'C:/git/SR/lab10/zad10_3/hdmi_vga_zybo/hdmi_vga_zybo.sim/sim_1/behav/xsim'
INFO: [SIM-utils-54] Inspecting design source files for 'tb_hdmi' in fileset 'sim_1'...
INFO: [SIM-utils-43] Exported 'C:/git/SR/lab10/zad10_3/hdmi_vga_zybo/hdmi_vga_zybo.sim/sim_1/behav/xsim/dgl_1080p_cea.data'
INFO: [SIM-utils-43] Exported 'C:/git/SR/lab10/zad10_3/hdmi_vga_zybo/hdmi_vga_zybo.sim/sim_1/behav/xsim/dgl_1280_1024_cea.data'
INFO: [SIM-utils-43] Exported 'C:/git/SR/lab10/zad10_3/hdmi_vga_zybo/hdmi_vga_zybo.sim/sim_1/behav/xsim/dgl_720p_cea.data'
WARNING: [SIM-utils-52] IP component XML file does not exist: 'c:/git/SR/lab10/zad10_3/hdmi_vga_zybo/hdmi_vga_zybo.srcs/sources_1/bd/hdmi_vga/ip/hdmi_vga_vp_0_0/hdmi_vga_vp_0_0.xml'
WARNING: [SIM-utils-52] IP component XML file does not exist: 'c:/git/SR/lab10/zad10_3/hdmi_vga_zybo/hdmi_vga_zybo.srcs/sources_1/bd/hdmi_vga/ip/hdmi_vga_vp_0_0/src/rgb2ycbcr_0_1/rgb2ycbcr_0.xml'
WARNING: [SIM-utils-52] IP component XML file does not exist: 'c:/git/SR/lab10/zad10_3/hdmi_vga_zybo/hdmi_vga_zybo.srcs/sources_1/bd/hdmi_vga/ip/hdmi_vga_vp_0_0/src/rgb2ycbcr_0_1/src/c_addsub_1/c_addsub_1.xml'
WARNING: [SIM-utils-52] IP component XML file does not exist: 'c:/git/SR/lab10/zad10_3/hdmi_vga_zybo/hdmi_vga_zybo.srcs/sources_1/bd/hdmi_vga/ip/hdmi_vga_vp_0_0/src/rgb2ycbcr_0_1/src/mult_gen_1/mult_gen_1.xml'
INFO: [USF-XSim-97] Finding global include files...
INFO: [USF-XSim-98] Fetching design files from 'sim_1'...
INFO: [USF-XSim-2] XSim::Compile design
INFO: [USF-XSim-61] Executing 'COMPILE and ANALYZE' step in 'C:/git/SR/lab10/zad10_3/hdmi_vga_zybo/hdmi_vga_zybo.sim/sim_1/behav/xsim'
"xvlog --incr --relax -prj tb_hdmi_vlog.prj"
INFO: [VRFC 10-2263] Analyzing Verilog file "C:/git/SR/lab10/zad10_3/hdmi_vga_zybo/hdmi_vga_zybo.srcs/sources_1/ip/rgb2ycbcr_0/src/delay.v" into library xil_defaultlib
INFO: [VRFC 10-311] analyzing module delay
INFO: [VRFC 10-2263] Analyzing Verilog file "C:/git/SR/lab10/zad10_3/hdmi_vga_zybo/hdmi_vga_zybo.srcs/sources_1/ip/rgb2ycbcr_0/src/delay_line.v" into library xil_defaultlib
INFO: [VRFC 10-311] analyzing module delay_line
INFO: [VRFC 10-2263] Analyzing Verilog file "C:/git/SR/lab10/zad10_3/hdmi_vga_zybo/hdmi_vga_zybo.srcs/sources_1/ip/rgb2ycbcr_0/src/rgb2ycbcr.v" into library xil_defaultlib
INFO: [VRFC 10-311] analyzing module rgb2ycbcr
INFO: [VRFC 10-2263] Analyzing Verilog file "C:/git/SR/lab10/zad10_3/hdmi_vga_zybo/hdmi_vga_zybo.srcs/sources_1/ip/rgb2ycbcr_0/sim/rgb2ycbcr_0.v" into library xil_defaultlib
INFO: [VRFC 10-311] analyzing module rgb2ycbcr_0
INFO: [VRFC 10-2263] Analyzing Verilog file "C:/git/SR/lab10/zad10_3/hdmi_vga_zybo/hdmi_vga_zybo.srcs/sim_1/imports/tb_src/hdmi_in.v" into library xil_defaultlib
INFO: [VRFC 10-311] analyzing module hdmi_in
INFO: [VRFC 10-2263] Analyzing Verilog file "C:/git/SR/lab10/zad10_3/hdmi_vga_zybo/hdmi_vga_zybo.srcs/sim_1/imports/tb_src/hdmi_out.v" into library xil_defaultlib
INFO: [VRFC 10-311] analyzing module hdmi_out
INFO: [VRFC 10-2263] Analyzing Verilog file "C:/git/SR/lab10/zad10_3/hdmi_vga_zybo/hdmi_vga_zybo.srcs/sim_1/imports/tb_src/tb_hdmi.v" into library xil_defaultlib
INFO: [VRFC 10-311] analyzing module tb_hdmi
INFO: [VRFC 10-2263] Analyzing Verilog file "C:/git/SR/lab10/zad10_3/hdmi_vga_zybo/hdmi_vga_zybo.sim/sim_1/behav/xsim/glbl.v" into library xil_defaultlib
INFO: [VRFC 10-311] analyzing module glbl
"xvhdl --incr --relax -prj tb_hdmi_vhdl.prj"
INFO: [VRFC 10-163] Analyzing VHDL file "C:/git/SR/lab10/zad10_3/hdmi_vga_zybo/hdmi_vga_zybo.ip_user_files/ipstatic/mult_gen_1/hdl/xbip_utils_v3_0_vh_rfs.vhd" into library xbip_utils_v3_0_8
INFO: [VRFC 10-163] Analyzing VHDL file "C:/git/SR/lab10/zad10_3/hdmi_vga_zybo/hdmi_vga_zybo.ip_user_files/ipstatic/mult_gen_1/hdl/xbip_pipe_v3_0_vh_rfs.vhd" into library xbip_pipe_v3_0_4
INFO: [VRFC 10-307] analyzing entity xbip_pipe_v3_0_4_viv
INFO: [VRFC 10-307] analyzing entity xbip_pipe_v3_0_4
INFO: [VRFC 10-163] Analyzing VHDL file "C:/git/SR/lab10/zad10_3/hdmi_vga_zybo/hdmi_vga_zybo.ip_user_files/ipstatic/mult_gen_1/hdl/xbip_bram18k_v3_0_vh_rfs.vhd" into library xbip_bram18k_v3_0_4
INFO: [VRFC 10-307] analyzing entity xbip_bram18k_synth
INFO: [VRFC 10-307] analyzing entity xbip_bram18k_rtl
INFO: [VRFC 10-307] analyzing entity xbip_bram18k_v3_0_4_viv
INFO: [VRFC 10-307] analyzing entity xbip_bram18k_v3_0_4
INFO: [VRFC 10-163] Analyzing VHDL file "C:/git/SR/lab10/zad10_3/hdmi_vga_zybo/hdmi_vga_zybo.ip_user_files/ipstatic/mult_gen_1/hdl/mult_gen_v12_0_vh_rfs.vhd" into library mult_gen_v12_0_13
INFO: [VRFC 10-307] analyzing entity op_resize
INFO: [VRFC 10-307] analyzing entity delay_line
INFO: [VRFC 10-307] analyzing entity cc_compare
INFO: [VRFC 10-307] analyzing entity luts
INFO: [VRFC 10-307] analyzing entity mult18
INFO: [VRFC 10-307] analyzing entity dsp
INFO: [VRFC 10-307] analyzing entity hybrid
INFO: [VRFC 10-307] analyzing entity ccm_dist_mem
INFO: [VRFC 10-307] analyzing entity ccm_sp_block_mem
INFO: [VRFC 10-307] analyzing entity ccm_dp_block_mem
INFO: [VRFC 10-307] analyzing entity ccm_syncmem
INFO: [VRFC 10-307] analyzing entity ccm_scaled_adder
INFO: [VRFC 10-307] analyzing entity ccm_operation
INFO: [VRFC 10-307] analyzing entity ccm
INFO: [VRFC 10-307] analyzing entity three_input_adder
INFO: [VRFC 10-307] analyzing entity multmxn_lut6
INFO: [VRFC 10-307] analyzing entity mult_gen_v12_0_13_viv
INFO: [VRFC 10-307] analyzing entity mult_gen_v12_0_13
INFO: [VRFC 10-163] Analyzing VHDL file "C:/git/SR/lab10/zad10_3/hdmi_vga_zybo/hdmi_vga_zybo.srcs/sources_1/ip/rgb2ycbcr_0/src/mult_gen_1/sim/mult_gen_1.vhd" into library xil_defaultlib
INFO: [VRFC 10-307] analyzing entity mult_gen_1
INFO: [VRFC 10-163] Analyzing VHDL file "C:/git/SR/lab10/zad10_3/hdmi_vga_zybo/hdmi_vga_zybo.ip_user_files/ipstatic/c_addsub_1/hdl/c_reg_fd_v12_0_vh_rfs.vhd" into library c_reg_fd_v12_0_4
INFO: [VRFC 10-307] analyzing entity c_reg_fd_v12_0_4_viv
INFO: [VRFC 10-307] analyzing entity c_reg_fd_v12_0_4
INFO: [VRFC 10-163] Analyzing VHDL file "C:/git/SR/lab10/zad10_3/hdmi_vga_zybo/hdmi_vga_zybo.ip_user_files/ipstatic/c_addsub_1/hdl/xbip_dsp48_wrapper_v3_0_vh_rfs.vhd" into library xbip_dsp48_wrapper_v3_0_4
INFO: [VRFC 10-307] analyzing entity xbip_dsp48a_wrapper_v3_0
INFO: [VRFC 10-307] analyzing entity xbip_dsp48a1_wrapper_v3_0
INFO: [VRFC 10-307] analyzing entity xbip_dsp48e_wrapper_v3_0
INFO: [VRFC 10-307] analyzing entity xbip_dsp48e1_wrapper_v3_0
INFO: [VRFC 10-307] analyzing entity xbip_dsp48e2_wrapper_v3_0
INFO: [VRFC 10-307] analyzing entity xbip_dsp48_wrapper_v3_0_4
INFO: [VRFC 10-163] Analyzing VHDL file "C:/git/SR/lab10/zad10_3/hdmi_vga_zybo/hdmi_vga_zybo.ip_user_files/ipstatic/c_addsub_1/hdl/xbip_dsp48_addsub_v3_0_vh_rfs.vhd" into library xbip_dsp48_addsub_v3_0_4
INFO: [VRFC 10-307] analyzing entity xbip_dsp48_addsub_rtl
INFO: [VRFC 10-307] analyzing entity xbip_dsp48_addsub_synth
INFO: [VRFC 10-307] analyzing entity xbip_dsp48_addsub_v3_0_4_viv
INFO: [VRFC 10-307] analyzing entity xbip_dsp48_addsub_v3_0_4
INFO: [VRFC 10-163] Analyzing VHDL file "C:/git/SR/lab10/zad10_3/hdmi_vga_zybo/hdmi_vga_zybo.ip_user_files/ipstatic/c_addsub_1/hdl/xbip_addsub_v3_0_vh_rfs.vhd" into library xbip_addsub_v3_0_4
INFO: [VRFC 10-307] analyzing entity xbip_addsub_v3_0_4_viv
INFO: [VRFC 10-307] analyzing entity xbip_addsub_v3_0_4
INFO: [VRFC 10-163] Analyzing VHDL file "C:/git/SR/lab10/zad10_3/hdmi_vga_zybo/hdmi_vga_zybo.ip_user_files/ipstatic/c_addsub_1/hdl/c_addsub_v12_0_vh_rfs.vhd" into library c_addsub_v12_0_11
INFO: [VRFC 10-307] analyzing entity c_addsub_v12_0_11_lut6_legacy
INFO: [VRFC 10-307] analyzing entity c_addsub_v12_0_11_base_legacy
INFO: [VRFC 10-307] analyzing entity c_addsub_v12_0_11_fabric_legacy
INFO: [VRFC 10-307] analyzing entity c_addsub_v12_0_11_legacy
INFO: [VRFC 10-307] analyzing entity c_addsub_v12_0_11_viv
INFO: [VRFC 10-307] analyzing entity c_addsub_v12_0_11
INFO: [VRFC 10-163] Analyzing VHDL file "C:/git/SR/lab10/zad10_3/hdmi_vga_zybo/hdmi_vga_zybo.srcs/sources_1/ip/rgb2ycbcr_0/src/c_addsub_1/sim/c_addsub_1.vhd" into library xil_defaultlib
INFO: [VRFC 10-307] analyzing entity c_addsub_1
run_program: Time (s): cpu = 00:00:01 ; elapsed = 00:00:07 . Memory (MB): peak = 924.672 ; gain = 0.152
INFO: [USF-XSim-69] 'compile' step finished in '6' seconds
INFO: [USF-XSim-3] XSim::Elaborate design
INFO: [USF-XSim-61] Executing 'ELABORATE' step in 'C:/git/SR/lab10/zad10_3/hdmi_vga_zybo/hdmi_vga_zybo.sim/sim_1/behav/xsim'
Vivado Simulator 2017.4
Copyright 1986-1999, 2001-2016 Xilinx, Inc. All Rights Reserved.
Running: C:/Xilinx/Vivado/2017.4/bin/unwrapped/win64.o/xelab.exe -wto 0640050eddcc43a1a79886f597c9e583 --incr --debug typical --relax --mt 2 -L xbip_utils_v3_0_8 -L xbip_pipe_v3_0_4 -L xbip_bram18k_v3_0_4 -L mult_gen_v12_0_13 -L xil_defaultlib -L c_reg_fd_v12_0_4 -L xbip_dsp48_wrapper_v3_0_4 -L xbip_dsp48_addsub_v3_0_4 -L xbip_addsub_v3_0_4 -L c_addsub_v12_0_11 -L unisims_ver -L unimacro_ver -L secureip -L xpm --snapshot tb_hdmi_behav xil_defaultlib.tb_hdmi xil_defaultlib.glbl -log elaborate.log 
Using 2 slave threads.
Starting static elaboration
WARNING: [VRFC 10-1374] size mismatch in mixed language port association, vhdl port s [C:/git/SR/lab10/zad10_3/hdmi_vga_zybo/hdmi_vga_zybo.srcs/sources_1/ip/rgb2ycbcr_0/src/rgb2ycbcr.v:113]
WARNING: [VRFC 10-1374] size mismatch in mixed language port association, vhdl port s [C:/git/SR/lab10/zad10_3/hdmi_vga_zybo/hdmi_vga_zybo.srcs/sources_1/ip/rgb2ycbcr_0/src/rgb2ycbcr.v:158]
WARNING: [VRFC 10-1374] size mismatch in mixed language port association, vhdl port s [C:/git/SR/lab10/zad10_3/hdmi_vga_zybo/hdmi_vga_zybo.srcs/sources_1/ip/rgb2ycbcr_0/src/rgb2ycbcr.v:203]
Completed static elaboration
Starting simulation data flow analysis
Completed simulation data flow analysis
Time Resolution for simulation is 1ps
Compiling package std.standard
Compiling package std.textio
Compiling package ieee.std_logic_1164
Compiling package ieee.numeric_std
Compiling package mult_gen_v12_0_13.mult_gen_v12_0_13_viv_comp
Compiling package xbip_utils_v3_0_8.xbip_utils_v3_0_8_pkg
Compiling package mult_gen_v12_0_13.mult_gen_v12_0_13_pkg
Compiling package ieee.std_logic_arith
Compiling package ieee.std_logic_signed
Compiling package unisim.vcomponents
Compiling package mult_gen_v12_0_13.dsp_pkg
Compiling package c_addsub_v12_0_11.c_addsub_v12_0_11_viv_comp
Compiling package xbip_pipe_v3_0_4.xbip_pipe_v3_0_4_viv_comp
Compiling package xbip_addsub_v3_0_4.xbip_addsub_v3_0_4_viv_comp
Compiling package c_addsub_v12_0_11.c_addsub_v12_0_11_pkg
Compiling package c_addsub_v12_0_11.c_addsub_v12_0_11_pkg_legacy
Compiling package xbip_dsp48_addsub_v3_0_4.xbip_dsp48_addsub_v3_0_4_viv_com...
Compiling package xbip_dsp48_addsub_v3_0_4.xbip_dsp48_addsub_v3_0_4_pkg
Compiling package xbip_dsp48_wrapper_v3_0_4.xbip_dsp48_wrapper_v3_0_4_pkg
Compiling package ieee.vital_timing
Compiling package ieee.vital_primitives
Compiling package unisim.vpkg
Compiling module xil_defaultlib.hdmi_in
Compiling architecture xilinx of entity mult_gen_v12_0_13.delay_line [\delay_line(c_xdevicefamily="zyn...]
Compiling architecture xilinx of entity mult_gen_v12_0_13.op_resize [\op_resize(ai_width=18,bi_width=...]
Compiling architecture xilinx of entity mult_gen_v12_0_13.dsp [\dsp(c_xdevicefamily="zynq",c_a_...]
Compiling architecture xilinx of entity mult_gen_v12_0_13.mult_gen_v12_0_13_viv [\mult_gen_v12_0_13_viv(c_verbosi...]
Compiling architecture xilinx of entity mult_gen_v12_0_13.mult_gen_v12_0_13 [\mult_gen_v12_0_13(c_xdevicefami...]
Compiling architecture mult_gen_1_arch of entity xil_defaultlib.mult_gen_1 [mult_gen_1_default]
Compiling architecture dsp48e1_v of entity unisim.DSP48E1 [\DSP48E1(adreg=0,dreg=0,inmodere...]
Compiling architecture synth of entity xbip_dsp48_wrapper_v3_0_4.xbip_dsp48e1_wrapper_v3_0 [\xbip_dsp48e1_wrapper_v3_0(areg=...]
Compiling architecture synth of entity xbip_dsp48_addsub_v3_0_4.xbip_dsp48_addsub_synth [\xbip_dsp48_addsub_synth(c_xdevi...]
Compiling architecture synth of entity xbip_dsp48_addsub_v3_0_4.xbip_dsp48_addsub_v3_0_4_viv [\xbip_dsp48_addsub_v3_0_4_viv(c_...]
Compiling architecture synth of entity xbip_addsub_v3_0_4.xbip_addsub_v3_0_4_viv [\xbip_addsub_v3_0_4_viv(c_xdevic...]
Compiling architecture synth of entity xbip_pipe_v3_0_4.xbip_pipe_v3_0_4_viv [\xbip_pipe_v3_0_4_viv(c_latency=...]
Compiling architecture synth of entity c_addsub_v12_0_11.c_addsub_v12_0_11_viv [\c_addsub_v12_0_11_viv(c_xdevice...]
Compiling architecture xilinx of entity c_addsub_v12_0_11.c_addsub_v12_0_11 [\c_addsub_v12_0_11(c_xdevicefami...]
Compiling architecture c_addsub_1_arch of entity xil_defaultlib.c_addsub_1 [c_addsub_1_default]
Compiling module xil_defaultlib.delay(N=9)
Compiling module xil_defaultlib.delay_line(N=9,DELAY=3)
Compiling module xil_defaultlib.delay(N=3)
Compiling module xil_defaultlib.delay_line(N=3,DELAY=7)
Compiling module xil_defaultlib.rgb2ycbcr
Compiling module xil_defaultlib.rgb2ycbcr_0
Compiling module xil_defaultlib.hdmi_out
Compiling module xil_defaultlib.tb_hdmi
Compiling module xil_defaultlib.glbl
Built simulation snapshot tb_hdmi_behav
run_program: Time (s): cpu = 00:00:00 ; elapsed = 00:00:14 . Memory (MB): peak = 925.063 ; gain = 0.363
INFO: [USF-XSim-69] 'elaborate' step finished in '13' seconds
INFO: [USF-XSim-4] XSim::Simulate design
INFO: [USF-XSim-61] Executing 'SIMULATE' step in 'C:/git/SR/lab10/zad10_3/hdmi_vga_zybo/hdmi_vga_zybo.sim/sim_1/behav/xsim'
INFO: [USF-XSim-98] *** Running xsim
   with args "tb_hdmi_behav -key {Behavioral:sim_1:Functional:tb_hdmi} -tclbatch {tb_hdmi.tcl} -log {simulate.log}"
INFO: [USF-XSim-8] Loading simulator feature
Vivado Simulator 2017.4
Time resolution is 1 ps
source tb_hdmi.tcl
# set curr_wave [current_wave_config]
# if { [string length $curr_wave] == 0 } {
#   if { [llength [get_objects]] > 0} {
#     add_wave /
#     set_property needs_save false [current_wave_config]
#   } else {
#      send_msg_id Add_Wave-1 WARNING "No top level signals found. Simulator will start without a wave window. If you want to open a wave window go to 'File->New Waveform Configuration' or type 'create_wave_config' in the TCL console."
#   }
# }
# run 1000ns
INFO: [USF-XSim-96] XSim completed. Design snapshot 'tb_hdmi_behav' loaded.
INFO: [USF-XSim-97] XSim simulation ran for 1000ns
launch_simulation: Time (s): cpu = 00:00:07 ; elapsed = 00:00:27 . Memory (MB): peak = 957.449 ; gain = 34.824
close_sim
INFO: [Simtcl 6-16] Simulation closed
launch_simulation
INFO: [Vivado 12-5682] Launching behavioral simulation in 'C:/git/SR/lab10/zad10_3/hdmi_vga_zybo/hdmi_vga_zybo.sim/sim_1/behav/xsim'
INFO: [Vivado 12-4795] Using compiled simulation libraries for IPs
INFO: [SIM-utils-51] Simulation object is 'sim_1'
INFO: [USF-XSim-7] Finding pre-compiled libraries...
INFO: [USF-XSim-11] File 'C:/Xilinx/Vivado/2017.4/data/xsim/ip/xsim_ip.ini' copied to run dir:'C:/git/SR/lab10/zad10_3/hdmi_vga_zybo/hdmi_vga_zybo.sim/sim_1/behav/xsim'
INFO: [SIM-utils-54] Inspecting design source files for 'tb_hdmi' in fileset 'sim_1'...
INFO: [SIM-utils-43] Exported 'C:/git/SR/lab10/zad10_3/hdmi_vga_zybo/hdmi_vga_zybo.sim/sim_1/behav/xsim/dgl_1080p_cea.data'
INFO: [SIM-utils-43] Exported 'C:/git/SR/lab10/zad10_3/hdmi_vga_zybo/hdmi_vga_zybo.sim/sim_1/behav/xsim/dgl_1280_1024_cea.data'
INFO: [SIM-utils-43] Exported 'C:/git/SR/lab10/zad10_3/hdmi_vga_zybo/hdmi_vga_zybo.sim/sim_1/behav/xsim/dgl_720p_cea.data'
WARNING: [SIM-utils-52] IP component XML file does not exist: 'c:/git/SR/lab10/zad10_3/hdmi_vga_zybo/hdmi_vga_zybo.srcs/sources_1/bd/hdmi_vga/ip/hdmi_vga_vp_0_0/hdmi_vga_vp_0_0.xml'
WARNING: [SIM-utils-52] IP component XML file does not exist: 'c:/git/SR/lab10/zad10_3/hdmi_vga_zybo/hdmi_vga_zybo.srcs/sources_1/bd/hdmi_vga/ip/hdmi_vga_vp_0_0/src/rgb2ycbcr_0_1/rgb2ycbcr_0.xml'
WARNING: [SIM-utils-52] IP component XML file does not exist: 'c:/git/SR/lab10/zad10_3/hdmi_vga_zybo/hdmi_vga_zybo.srcs/sources_1/bd/hdmi_vga/ip/hdmi_vga_vp_0_0/src/rgb2ycbcr_0_1/src/c_addsub_1/c_addsub_1.xml'
WARNING: [SIM-utils-52] IP component XML file does not exist: 'c:/git/SR/lab10/zad10_3/hdmi_vga_zybo/hdmi_vga_zybo.srcs/sources_1/bd/hdmi_vga/ip/hdmi_vga_vp_0_0/src/rgb2ycbcr_0_1/src/mult_gen_1/mult_gen_1.xml'
INFO: [USF-XSim-97] Finding global include files...
INFO: [USF-XSim-98] Fetching design files from 'sim_1'...
INFO: [USF-XSim-2] XSim::Compile design
INFO: [USF-XSim-61] Executing 'COMPILE and ANALYZE' step in 'C:/git/SR/lab10/zad10_3/hdmi_vga_zybo/hdmi_vga_zybo.sim/sim_1/behav/xsim'
"xvlog --incr --relax -prj tb_hdmi_vlog.prj"
INFO: [VRFC 10-2263] Analyzing Verilog file "C:/git/SR/lab10/zad10_3/hdmi_vga_zybo/hdmi_vga_zybo.srcs/sources_1/ip/rgb2ycbcr_0/src/delay.v" into library xil_defaultlib
INFO: [VRFC 10-311] analyzing module delay
INFO: [VRFC 10-2263] Analyzing Verilog file "C:/git/SR/lab10/zad10_3/hdmi_vga_zybo/hdmi_vga_zybo.srcs/sources_1/ip/rgb2ycbcr_0/src/delay_line.v" into library xil_defaultlib
INFO: [VRFC 10-311] analyzing module delay_line
INFO: [VRFC 10-2263] Analyzing Verilog file "C:/git/SR/lab10/zad10_3/hdmi_vga_zybo/hdmi_vga_zybo.srcs/sources_1/ip/rgb2ycbcr_0/src/rgb2ycbcr.v" into library xil_defaultlib
INFO: [VRFC 10-311] analyzing module rgb2ycbcr
INFO: [VRFC 10-2263] Analyzing Verilog file "C:/git/SR/lab10/zad10_3/hdmi_vga_zybo/hdmi_vga_zybo.srcs/sources_1/ip/rgb2ycbcr_0/sim/rgb2ycbcr_0.v" into library xil_defaultlib
INFO: [VRFC 10-311] analyzing module rgb2ycbcr_0
INFO: [VRFC 10-2263] Analyzing Verilog file "C:/git/SR/lab10/zad10_3/hdmi_vga_zybo/hdmi_vga_zybo.srcs/sim_1/imports/tb_src/hdmi_in.v" into library xil_defaultlib
INFO: [VRFC 10-311] analyzing module hdmi_in
INFO: [VRFC 10-2263] Analyzing Verilog file "C:/git/SR/lab10/zad10_3/hdmi_vga_zybo/hdmi_vga_zybo.srcs/sim_1/imports/tb_src/hdmi_out.v" into library xil_defaultlib
INFO: [VRFC 10-311] analyzing module hdmi_out
INFO: [VRFC 10-2263] Analyzing Verilog file "C:/git/SR/lab10/zad10_3/hdmi_vga_zybo/hdmi_vga_zybo.srcs/sim_1/imports/tb_src/tb_hdmi.v" into library xil_defaultlib
INFO: [VRFC 10-311] analyzing module tb_hdmi
"xvhdl --incr --relax -prj tb_hdmi_vhdl.prj"
INFO: [USF-XSim-69] 'compile' step finished in '2' seconds
INFO: [USF-XSim-3] XSim::Elaborate design
INFO: [USF-XSim-61] Executing 'ELABORATE' step in 'C:/git/SR/lab10/zad10_3/hdmi_vga_zybo/hdmi_vga_zybo.sim/sim_1/behav/xsim'
Vivado Simulator 2017.4
Copyright 1986-1999, 2001-2016 Xilinx, Inc. All Rights Reserved.
Running: C:/Xilinx/Vivado/2017.4/bin/unwrapped/win64.o/xelab.exe -wto 0640050eddcc43a1a79886f597c9e583 --incr --debug typical --relax --mt 2 -L xbip_utils_v3_0_8 -L xbip_pipe_v3_0_4 -L xbip_bram18k_v3_0_4 -L mult_gen_v12_0_13 -L xil_defaultlib -L c_reg_fd_v12_0_4 -L xbip_dsp48_wrapper_v3_0_4 -L xbip_dsp48_addsub_v3_0_4 -L xbip_addsub_v3_0_4 -L c_addsub_v12_0_11 -L unisims_ver -L unimacro_ver -L secureip -L xpm --snapshot tb_hdmi_behav xil_defaultlib.tb_hdmi xil_defaultlib.glbl -log elaborate.log 
Using 2 slave threads.
Starting static elaboration
WARNING: [VRFC 10-1374] size mismatch in mixed language port association, vhdl port s [C:/git/SR/lab10/zad10_3/hdmi_vga_zybo/hdmi_vga_zybo.srcs/sources_1/ip/rgb2ycbcr_0/src/rgb2ycbcr.v:113]
WARNING: [VRFC 10-1374] size mismatch in mixed language port association, vhdl port s [C:/git/SR/lab10/zad10_3/hdmi_vga_zybo/hdmi_vga_zybo.srcs/sources_1/ip/rgb2ycbcr_0/src/rgb2ycbcr.v:158]
WARNING: [VRFC 10-1374] size mismatch in mixed language port association, vhdl port s [C:/git/SR/lab10/zad10_3/hdmi_vga_zybo/hdmi_vga_zybo.srcs/sources_1/ip/rgb2ycbcr_0/src/rgb2ycbcr.v:203]
Completed static elaboration
Starting simulation data flow analysis
Completed simulation data flow analysis
Time Resolution for simulation is 1ps
Compiling package std.standard
Compiling package std.textio
Compiling package ieee.std_logic_1164
Compiling package ieee.numeric_std
Compiling package mult_gen_v12_0_13.mult_gen_v12_0_13_viv_comp
Compiling package xbip_utils_v3_0_8.xbip_utils_v3_0_8_pkg
Compiling package mult_gen_v12_0_13.mult_gen_v12_0_13_pkg
Compiling package ieee.std_logic_arith
Compiling package ieee.std_logic_signed
Compiling package unisim.vcomponents
Compiling package mult_gen_v12_0_13.dsp_pkg
Compiling package c_addsub_v12_0_11.c_addsub_v12_0_11_viv_comp
Compiling package xbip_pipe_v3_0_4.xbip_pipe_v3_0_4_viv_comp
Compiling package xbip_addsub_v3_0_4.xbip_addsub_v3_0_4_viv_comp
Compiling package c_addsub_v12_0_11.c_addsub_v12_0_11_pkg
Compiling package c_addsub_v12_0_11.c_addsub_v12_0_11_pkg_legacy
Compiling package xbip_dsp48_addsub_v3_0_4.xbip_dsp48_addsub_v3_0_4_viv_com...
Compiling package xbip_dsp48_addsub_v3_0_4.xbip_dsp48_addsub_v3_0_4_pkg
Compiling package xbip_dsp48_wrapper_v3_0_4.xbip_dsp48_wrapper_v3_0_4_pkg
Compiling package ieee.vital_timing
Compiling package ieee.vital_primitives
Compiling package unisim.vpkg
Compiling module xil_defaultlib.hdmi_in
Compiling architecture xilinx of entity mult_gen_v12_0_13.delay_line [\delay_line(c_xdevicefamily="zyn...]
Compiling architecture xilinx of entity mult_gen_v12_0_13.op_resize [\op_resize(ai_width=18,bi_width=...]
Compiling architecture xilinx of entity mult_gen_v12_0_13.dsp [\dsp(c_xdevicefamily="zynq",c_a_...]
Compiling architecture xilinx of entity mult_gen_v12_0_13.mult_gen_v12_0_13_viv [\mult_gen_v12_0_13_viv(c_verbosi...]
Compiling architecture xilinx of entity mult_gen_v12_0_13.mult_gen_v12_0_13 [\mult_gen_v12_0_13(c_xdevicefami...]
Compiling architecture mult_gen_1_arch of entity xil_defaultlib.mult_gen_1 [mult_gen_1_default]
Compiling architecture dsp48e1_v of entity unisim.DSP48E1 [\DSP48E1(adreg=0,dreg=0,inmodere...]
Compiling architecture synth of entity xbip_dsp48_wrapper_v3_0_4.xbip_dsp48e1_wrapper_v3_0 [\xbip_dsp48e1_wrapper_v3_0(areg=...]
Compiling architecture synth of entity xbip_dsp48_addsub_v3_0_4.xbip_dsp48_addsub_synth [\xbip_dsp48_addsub_synth(c_xdevi...]
Compiling architecture synth of entity xbip_dsp48_addsub_v3_0_4.xbip_dsp48_addsub_v3_0_4_viv [\xbip_dsp48_addsub_v3_0_4_viv(c_...]
Compiling architecture synth of entity xbip_addsub_v3_0_4.xbip_addsub_v3_0_4_viv [\xbip_addsub_v3_0_4_viv(c_xdevic...]
Compiling architecture synth of entity xbip_pipe_v3_0_4.xbip_pipe_v3_0_4_viv [\xbip_pipe_v3_0_4_viv(c_latency=...]
Compiling architecture synth of entity c_addsub_v12_0_11.c_addsub_v12_0_11_viv [\c_addsub_v12_0_11_viv(c_xdevice...]
Compiling architecture xilinx of entity c_addsub_v12_0_11.c_addsub_v12_0_11 [\c_addsub_v12_0_11(c_xdevicefami...]
Compiling architecture c_addsub_1_arch of entity xil_defaultlib.c_addsub_1 [c_addsub_1_default]
Compiling module xil_defaultlib.delay(N=9)
Compiling module xil_defaultlib.delay_line(N=9,DELAY=3)
Compiling module xil_defaultlib.delay(N=3)
Compiling module xil_defaultlib.delay_line(N=3,DELAY=7)
Compiling module xil_defaultlib.rgb2ycbcr
Compiling module xil_defaultlib.rgb2ycbcr_0
Compiling module xil_defaultlib.hdmi_out
Compiling module xil_defaultlib.tb_hdmi
Compiling module xil_defaultlib.glbl
Built simulation snapshot tb_hdmi_behav
run_program: Time (s): cpu = 00:00:00 ; elapsed = 00:00:14 . Memory (MB): peak = 959.316 ; gain = 0.000
INFO: [USF-XSim-69] 'elaborate' step finished in '13' seconds
INFO: [USF-XSim-4] XSim::Simulate design
INFO: [USF-XSim-61] Executing 'SIMULATE' step in 'C:/git/SR/lab10/zad10_3/hdmi_vga_zybo/hdmi_vga_zybo.sim/sim_1/behav/xsim'
INFO: [USF-XSim-98] *** Running xsim
   with args "tb_hdmi_behav -key {Behavioral:sim_1:Functional:tb_hdmi} -tclbatch {tb_hdmi.tcl} -log {simulate.log}"
INFO: [USF-XSim-8] Loading simulator feature
Vivado Simulator 2017.4
Time resolution is 1 ps
source tb_hdmi.tcl
# set curr_wave [current_wave_config]
# if { [string length $curr_wave] == 0 } {
#   if { [llength [get_objects]] > 0} {
#     add_wave /
#     set_property needs_save false [current_wave_config]
#   } else {
#      send_msg_id Add_Wave-1 WARNING "No top level signals found. Simulator will start without a wave window. If you want to open a wave window go to 'File->New Waveform Configuration' or type 'create_wave_config' in the TCL console."
#   }
# }
# run 1000ns
INFO: [USF-XSim-96] XSim completed. Design snapshot 'tb_hdmi_behav' loaded.
INFO: [USF-XSim-97] XSim simulation ran for 1000ns
launch_simulation: Time (s): cpu = 00:00:08 ; elapsed = 00:00:19 . Memory (MB): peak = 959.316 ; gain = 0.000
close_sim
INFO: [Simtcl 6-16] Simulation closed
export_ip_user_files -of_objects  [get_files C:/git/SR/lab10/zad10_3/hdmi_vga_zybo/hdmi_vga_zybo.srcs/sources_1/ip/rgb2ycbcr_0/rgb2ycbcr_0.xci] -no_script -reset -force -quiet
remove_files  -fileset rgb2ycbcr_0 C:/git/SR/lab10/zad10_3/hdmi_vga_zybo/hdmi_vga_zybo.srcs/sources_1/ip/rgb2ycbcr_0/rgb2ycbcr_0.xci
INFO: [Project 1-386] Moving file 'C:/git/SR/lab10/zad10_3/hdmi_vga_zybo/hdmi_vga_zybo.srcs/sources_1/ip/rgb2ycbcr_0/rgb2ycbcr_0.xci' from fileset 'rgb2ycbcr_0' to fileset 'sources_1'.
open_bd_design {C:/git/SR/lab10/zad10_3/hdmi_vga_zybo/hdmi_vga_zybo.srcs/sources_1/bd/hdmi_vga/hdmi_vga.bd}
open_bd_design {C:/git/SR/lab10/zad10_3/hdmi_vga_zybo/hdmi_vga_zybo.srcs/sources_1/bd/hdmi_vga/hdmi_vga.bd}
open_bd_design {C:/git/SR/lab10/zad10_3/hdmi_vga_zybo/hdmi_vga_zybo.srcs/sources_1/bd/hdmi_vga/hdmi_vga.bd}
launch_simulation
INFO: [Vivado 12-5682] Launching behavioral simulation in 'C:/git/SR/lab10/zad10_3/hdmi_vga_zybo/hdmi_vga_zybo.sim/sim_1/behav/xsim'
INFO: [Vivado 12-4795] Using compiled simulation libraries for IPs
INFO: [SIM-utils-51] Simulation object is 'sim_1'
INFO: [USF-XSim-7] Finding pre-compiled libraries...
INFO: [USF-XSim-11] File 'C:/Xilinx/Vivado/2017.4/data/xsim/ip/xsim_ip.ini' copied to run dir:'C:/git/SR/lab10/zad10_3/hdmi_vga_zybo/hdmi_vga_zybo.sim/sim_1/behav/xsim'
INFO: [SIM-utils-54] Inspecting design source files for 'tb_hdmi' in fileset 'sim_1'...
INFO: [SIM-utils-43] Exported 'C:/git/SR/lab10/zad10_3/hdmi_vga_zybo/hdmi_vga_zybo.sim/sim_1/behav/xsim/dgl_1080p_cea.data'
INFO: [SIM-utils-43] Exported 'C:/git/SR/lab10/zad10_3/hdmi_vga_zybo/hdmi_vga_zybo.sim/sim_1/behav/xsim/dgl_1280_1024_cea.data'
INFO: [SIM-utils-43] Exported 'C:/git/SR/lab10/zad10_3/hdmi_vga_zybo/hdmi_vga_zybo.sim/sim_1/behav/xsim/dgl_720p_cea.data'
WARNING: [SIM-utils-52] IP component XML file does not exist: 'c:/git/SR/lab10/zad10_3/hdmi_vga_zybo/hdmi_vga_zybo.srcs/sources_1/bd/hdmi_vga/ip/hdmi_vga_vp_0_0/hdmi_vga_vp_0_0.xml'
WARNING: [SIM-utils-52] IP component XML file does not exist: 'c:/git/SR/lab10/zad10_3/hdmi_vga_zybo/hdmi_vga_zybo.srcs/sources_1/bd/hdmi_vga/ip/hdmi_vga_vp_0_0/src/rgb2ycbcr_0_1/rgb2ycbcr_0.xml'
WARNING: [SIM-utils-52] IP component XML file does not exist: 'c:/git/SR/lab10/zad10_3/hdmi_vga_zybo/hdmi_vga_zybo.srcs/sources_1/bd/hdmi_vga/ip/hdmi_vga_vp_0_0/src/rgb2ycbcr_0_1/src/c_addsub_1/c_addsub_1.xml'
WARNING: [SIM-utils-52] IP component XML file does not exist: 'c:/git/SR/lab10/zad10_3/hdmi_vga_zybo/hdmi_vga_zybo.srcs/sources_1/bd/hdmi_vga/ip/hdmi_vga_vp_0_0/src/rgb2ycbcr_0_1/src/mult_gen_1/mult_gen_1.xml'
INFO: [USF-XSim-97] Finding global include files...
INFO: [USF-XSim-98] Fetching design files from 'sim_1'...
INFO: [USF-XSim-2] XSim::Compile design
INFO: [USF-XSim-61] Executing 'COMPILE and ANALYZE' step in 'C:/git/SR/lab10/zad10_3/hdmi_vga_zybo/hdmi_vga_zybo.sim/sim_1/behav/xsim'
"xvlog --incr --relax -prj tb_hdmi_vlog.prj"
INFO: [VRFC 10-2263] Analyzing Verilog file "C:/git/SR/lab10/zad10_3/hdmi_vga_zybo/hdmi_vga_zybo.srcs/sim_1/imports/tb_src/hdmi_in.v" into library xil_defaultlib
INFO: [VRFC 10-311] analyzing module hdmi_in
INFO: [VRFC 10-2263] Analyzing Verilog file "C:/git/SR/lab10/zad10_3/hdmi_vga_zybo/hdmi_vga_zybo.srcs/sim_1/imports/tb_src/hdmi_out.v" into library xil_defaultlib
INFO: [VRFC 10-311] analyzing module hdmi_out
INFO: [VRFC 10-2263] Analyzing Verilog file "C:/git/SR/lab10/zad10_3/hdmi_vga_zybo/hdmi_vga_zybo.srcs/sim_1/imports/tb_src/tb_hdmi.v" into library xil_defaultlib
INFO: [VRFC 10-311] analyzing module tb_hdmi
INFO: [USF-XSim-69] 'compile' step finished in '1' seconds
INFO: [USF-XSim-3] XSim::Elaborate design
INFO: [USF-XSim-61] Executing 'ELABORATE' step in 'C:/git/SR/lab10/zad10_3/hdmi_vga_zybo/hdmi_vga_zybo.sim/sim_1/behav/xsim'
Vivado Simulator 2017.4
Copyright 1986-1999, 2001-2016 Xilinx, Inc. All Rights Reserved.
Running: C:/Xilinx/Vivado/2017.4/bin/unwrapped/win64.o/xelab.exe -wto 0640050eddcc43a1a79886f597c9e583 --incr --debug typical --relax --mt 2 -L xil_defaultlib -L unisims_ver -L unimacro_ver -L secureip -L xpm --snapshot tb_hdmi_behav xil_defaultlib.tb_hdmi xil_defaultlib.glbl -log elaborate.log 
Using 2 slave threads.
Starting static elaboration
Completed static elaboration
Starting simulation data flow analysis
Completed simulation data flow analysis
Time Resolution for simulation is 1ps
Compiling module xil_defaultlib.hdmi_in
Compiling module xil_defaultlib.hdmi_out
Compiling module xil_defaultlib.tb_hdmi
Compiling module xil_defaultlib.glbl
Built simulation snapshot tb_hdmi_behav
INFO: [USF-XSim-69] 'elaborate' step finished in '2' seconds
INFO: [USF-XSim-4] XSim::Simulate design
INFO: [USF-XSim-61] Executing 'SIMULATE' step in 'C:/git/SR/lab10/zad10_3/hdmi_vga_zybo/hdmi_vga_zybo.sim/sim_1/behav/xsim'
INFO: [USF-XSim-98] *** Running xsim
   with args "tb_hdmi_behav -key {Behavioral:sim_1:Functional:tb_hdmi} -tclbatch {tb_hdmi.tcl} -log {simulate.log}"
INFO: [USF-XSim-8] Loading simulator feature
Vivado Simulator 2017.4
Time resolution is 1 ps
source tb_hdmi.tcl
# set curr_wave [current_wave_config]
# if { [string length $curr_wave] == 0 } {
#   if { [llength [get_objects]] > 0} {
#     add_wave /
#     set_property needs_save false [current_wave_config]
#   } else {
#      send_msg_id Add_Wave-1 WARNING "No top level signals found. Simulator will start without a wave window. If you want to open a wave window go to 'File->New Waveform Configuration' or type 'create_wave_config' in the TCL console."
#   }
# }
# run 1000ns
INFO: [USF-XSim-96] XSim completed. Design snapshot 'tb_hdmi_behav' loaded.
INFO: [USF-XSim-97] XSim simulation ran for 1000ns
launch_simulation: Time (s): cpu = 00:00:04 ; elapsed = 00:00:05 . Memory (MB): peak = 960.918 ; gain = 1.602
close_sim
INFO: [Simtcl 6-16] Simulation closed
open_bd_design {C:/git/SR/lab10/zad10_3/hdmi_vga_zybo/hdmi_vga_zybo.srcs/sources_1/bd/hdmi_vga/hdmi_vga.bd}
generate_target all [get_files  C:/git/SR/lab10/zad10_3/hdmi_vga_zybo/hdmi_vga_zybo.srcs/sources_1/bd/hdmi_vga/hdmi_vga.bd]
INFO: [BD 41-1662] The design 'hdmi_vga.bd' is already validated. Therefore parameter propagation will not be re-run.
VHDL Output written to : C:/git/SR/lab10/zad10_3/hdmi_vga_zybo/hdmi_vga_zybo.srcs/sources_1/bd/hdmi_vga/synth/hdmi_vga.v
VHDL Output written to : C:/git/SR/lab10/zad10_3/hdmi_vga_zybo/hdmi_vga_zybo.srcs/sources_1/bd/hdmi_vga/sim/hdmi_vga.v
VHDL Output written to : C:/git/SR/lab10/zad10_3/hdmi_vga_zybo/hdmi_vga_zybo.srcs/sources_1/bd/hdmi_vga/hdl/hdmi_vga_wrapper.v
INFO: [BD 41-1029] Generation completed for the IP Integrator block clk_wiz_0 .
INFO: [BD 41-1029] Generation completed for the IP Integrator block GND .
INFO: [BD 41-1029] Generation completed for the IP Integrator block VCC .
INFO: [BD 41-1029] Generation completed for the IP Integrator block rgb2vga_1 .
INFO: [BD 41-1029] Generation completed for the IP Integrator block dvi2rgb_1 .
INFO: [BD 41-1029] Generation completed for the IP Integrator block rgb2ycbcr_0 .
Exporting to file C:/git/SR/lab10/zad10_3/hdmi_vga_zybo/hdmi_vga_zybo.srcs/sources_1/bd/hdmi_vga/hw_handoff/hdmi_vga.hwh
Generated Block Design Tcl file C:/git/SR/lab10/zad10_3/hdmi_vga_zybo/hdmi_vga_zybo.srcs/sources_1/bd/hdmi_vga/hw_handoff/hdmi_vga_bd.tcl
Generated Hardware Definition File C:/git/SR/lab10/zad10_3/hdmi_vga_zybo/hdmi_vga_zybo.srcs/sources_1/bd/hdmi_vga/synth/hdmi_vga.hwdef
catch { config_ip_cache -export [get_ips -all hdmi_vga_rgb2ycbcr_0_0] }
export_ip_user_files -of_objects [get_files C:/git/SR/lab10/zad10_3/hdmi_vga_zybo/hdmi_vga_zybo.srcs/sources_1/bd/hdmi_vga/hdmi_vga.bd] -no_script -sync -force -quiet
create_ip_run [get_files -of_objects [get_fileset sources_1] C:/git/SR/lab10/zad10_3/hdmi_vga_zybo/hdmi_vga_zybo.srcs/sources_1/bd/hdmi_vga/hdmi_vga.bd]
launch_runs -jobs 8 hdmi_vga_rgb2ycbcr_0_0_synth_1
[Tue May  8 23:46:36 2018] Launched hdmi_vga_rgb2ycbcr_0_0_synth_1...
Run output will be captured here: C:/git/SR/lab10/zad10_3/hdmi_vga_zybo/hdmi_vga_zybo.runs/hdmi_vga_rgb2ycbcr_0_0_synth_1/runme.log
export_simulation -of_objects [get_files C:/git/SR/lab10/zad10_3/hdmi_vga_zybo/hdmi_vga_zybo.srcs/sources_1/bd/hdmi_vga/hdmi_vga.bd] -directory C:/git/SR/lab10/zad10_3/hdmi_vga_zybo/hdmi_vga_zybo.ip_user_files/sim_scripts -ip_user_files_dir C:/git/SR/lab10/zad10_3/hdmi_vga_zybo/hdmi_vga_zybo.ip_user_files -ipstatic_source_dir C:/git/SR/lab10/zad10_3/hdmi_vga_zybo/hdmi_vga_zybo.ip_user_files/ipstatic -lib_map_path [list {modelsim=C:/git/SR/lab10/zad10_3/hdmi_vga_zybo/hdmi_vga_zybo.cache/compile_simlib/modelsim} {questa=C:/git/SR/lab10/zad10_3/hdmi_vga_zybo/hdmi_vga_zybo.cache/compile_simlib/questa} {riviera=C:/git/SR/lab10/zad10_3/hdmi_vga_zybo/hdmi_vga_zybo.cache/compile_simlib/riviera} {activehdl=C:/git/SR/lab10/zad10_3/hdmi_vga_zybo/hdmi_vga_zybo.cache/compile_simlib/activehdl}] -use_ip_compiled_libs -force -quiet
launch_simulation
INFO: [Vivado 12-5698] Checking validity of IPs in the design for the 'XSim' simulator...
INFO: [Vivado 12-5682] Launching behavioral simulation in 'C:/git/SR/lab10/zad10_3/hdmi_vga_zybo/hdmi_vga_zybo.sim/sim_1/behav/xsim'
INFO: [Vivado 12-4795] Using compiled simulation libraries for IPs
INFO: [SIM-utils-51] Simulation object is 'sim_1'
INFO: [USF-XSim-7] Finding pre-compiled libraries...
INFO: [USF-XSim-11] File 'C:/Xilinx/Vivado/2017.4/data/xsim/ip/xsim_ip.ini' copied to run dir:'C:/git/SR/lab10/zad10_3/hdmi_vga_zybo/hdmi_vga_zybo.sim/sim_1/behav/xsim'
INFO: [SIM-utils-54] Inspecting design source files for 'tb_hdmi' in fileset 'sim_1'...
INFO: [SIM-utils-43] Exported 'C:/git/SR/lab10/zad10_3/hdmi_vga_zybo/hdmi_vga_zybo.sim/sim_1/behav/xsim/dgl_1080p_cea.data'
INFO: [SIM-utils-43] Exported 'C:/git/SR/lab10/zad10_3/hdmi_vga_zybo/hdmi_vga_zybo.sim/sim_1/behav/xsim/dgl_1280_1024_cea.data'
INFO: [SIM-utils-43] Exported 'C:/git/SR/lab10/zad10_3/hdmi_vga_zybo/hdmi_vga_zybo.sim/sim_1/behav/xsim/dgl_720p_cea.data'
INFO: [USF-XSim-97] Finding global include files...
INFO: [USF-XSim-98] Fetching design files from 'sim_1'...
INFO: [USF-XSim-2] XSim::Compile design
INFO: [USF-XSim-61] Executing 'COMPILE and ANALYZE' step in 'C:/git/SR/lab10/zad10_3/hdmi_vga_zybo/hdmi_vga_zybo.sim/sim_1/behav/xsim'
"xvlog --incr --relax -prj tb_hdmi_vlog.prj"
INFO: [USF-XSim-69] 'compile' step finished in '1' seconds
INFO: [USF-XSim-3] XSim::Elaborate design
INFO: [USF-XSim-61] Executing 'ELABORATE' step in 'C:/git/SR/lab10/zad10_3/hdmi_vga_zybo/hdmi_vga_zybo.sim/sim_1/behav/xsim'
Vivado Simulator 2017.4
Copyright 1986-1999, 2001-2016 Xilinx, Inc. All Rights Reserved.
Running: C:/Xilinx/Vivado/2017.4/bin/unwrapped/win64.o/xelab.exe -wto 0640050eddcc43a1a79886f597c9e583 --incr --debug typical --relax --mt 2 -L xil_defaultlib -L unisims_ver -L unimacro_ver -L secureip -L xpm --snapshot tb_hdmi_behav xil_defaultlib.tb_hdmi xil_defaultlib.glbl -log elaborate.log 
Using 2 slave threads.
Starting static elaboration
Completed static elaboration
INFO: [XSIM 43-4323] No Change in HDL. Linking previously generated obj files to create kernel
INFO: [USF-XSim-69] 'elaborate' step finished in '1' seconds
INFO: [USF-XSim-4] XSim::Simulate design
INFO: [USF-XSim-61] Executing 'SIMULATE' step in 'C:/git/SR/lab10/zad10_3/hdmi_vga_zybo/hdmi_vga_zybo.sim/sim_1/behav/xsim'
INFO: [USF-XSim-98] *** Running xsim
   with args "tb_hdmi_behav -key {Behavioral:sim_1:Functional:tb_hdmi} -tclbatch {tb_hdmi.tcl} -log {simulate.log}"
INFO: [USF-XSim-8] Loading simulator feature
Vivado Simulator 2017.4
Time resolution is 1 ps
source tb_hdmi.tcl
# set curr_wave [current_wave_config]
# if { [string length $curr_wave] == 0 } {
#   if { [llength [get_objects]] > 0} {
#     add_wave /
#     set_property needs_save false [current_wave_config]
#   } else {
#      send_msg_id Add_Wave-1 WARNING "No top level signals found. Simulator will start without a wave window. If you want to open a wave window go to 'File->New Waveform Configuration' or type 'create_wave_config' in the TCL console."
#   }
# }
# run 1000ns
INFO: [USF-XSim-96] XSim completed. Design snapshot 'tb_hdmi_behav' loaded.
INFO: [USF-XSim-97] XSim simulation ran for 1000ns
launch_simulation: Time (s): cpu = 00:00:05 ; elapsed = 00:00:05 . Memory (MB): peak = 1069.465 ; gain = 3.746
close_sim
INFO: [Simtcl 6-16] Simulation closed
launch_simulation
INFO: [Vivado 12-5698] Checking validity of IPs in the design for the 'XSim' simulator...
INFO: [Vivado 12-5682] Launching behavioral simulation in 'C:/git/SR/lab10/zad10_3/hdmi_vga_zybo/hdmi_vga_zybo.sim/sim_1/behav/xsim'
INFO: [Vivado 12-4795] Using compiled simulation libraries for IPs
INFO: [SIM-utils-51] Simulation object is 'sim_1'
INFO: [USF-XSim-7] Finding pre-compiled libraries...
INFO: [USF-XSim-11] File 'C:/Xilinx/Vivado/2017.4/data/xsim/ip/xsim_ip.ini' copied to run dir:'C:/git/SR/lab10/zad10_3/hdmi_vga_zybo/hdmi_vga_zybo.sim/sim_1/behav/xsim'
INFO: [SIM-utils-54] Inspecting design source files for 'tb_hdmi' in fileset 'sim_1'...
INFO: [SIM-utils-43] Exported 'C:/git/SR/lab10/zad10_3/hdmi_vga_zybo/hdmi_vga_zybo.sim/sim_1/behav/xsim/dgl_1080p_cea.data'
INFO: [SIM-utils-43] Exported 'C:/git/SR/lab10/zad10_3/hdmi_vga_zybo/hdmi_vga_zybo.sim/sim_1/behav/xsim/dgl_1280_1024_cea.data'
INFO: [SIM-utils-43] Exported 'C:/git/SR/lab10/zad10_3/hdmi_vga_zybo/hdmi_vga_zybo.sim/sim_1/behav/xsim/dgl_720p_cea.data'
INFO: [USF-XSim-97] Finding global include files...
INFO: [USF-XSim-98] Fetching design files from 'sim_1'...
INFO: [USF-XSim-2] XSim::Compile design
INFO: [USF-XSim-61] Executing 'COMPILE and ANALYZE' step in 'C:/git/SR/lab10/zad10_3/hdmi_vga_zybo/hdmi_vga_zybo.sim/sim_1/behav/xsim'
"xvlog --incr --relax -prj tb_hdmi_vlog.prj"
INFO: [VRFC 10-2263] Analyzing Verilog file "C:/git/SR/lab10/zad10_3/hdmi_vga_zybo/hdmi_vga_zybo.srcs/sim_1/imports/tb_src/hdmi_in.v" into library xil_defaultlib
INFO: [VRFC 10-311] analyzing module hdmi_in
INFO: [VRFC 10-2263] Analyzing Verilog file "C:/git/SR/lab10/zad10_3/hdmi_vga_zybo/hdmi_vga_zybo.srcs/sim_1/imports/tb_src/hdmi_out.v" into library xil_defaultlib
INFO: [VRFC 10-311] analyzing module hdmi_out
INFO: [VRFC 10-2263] Analyzing Verilog file "C:/git/SR/lab10/zad10_3/hdmi_vga_zybo/hdmi_vga_zybo.srcs/sim_1/imports/tb_src/tb_hdmi.v" into library xil_defaultlib
INFO: [VRFC 10-311] analyzing module tb_hdmi
INFO: [USF-XSim-69] 'compile' step finished in '1' seconds
INFO: [USF-XSim-3] XSim::Elaborate design
INFO: [USF-XSim-61] Executing 'ELABORATE' step in 'C:/git/SR/lab10/zad10_3/hdmi_vga_zybo/hdmi_vga_zybo.sim/sim_1/behav/xsim'
Vivado Simulator 2017.4
Copyright 1986-1999, 2001-2016 Xilinx, Inc. All Rights Reserved.
Running: C:/Xilinx/Vivado/2017.4/bin/unwrapped/win64.o/xelab.exe -wto 0640050eddcc43a1a79886f597c9e583 --incr --debug typical --relax --mt 2 -L xil_defaultlib -L unisims_ver -L unimacro_ver -L secureip -L xpm --snapshot tb_hdmi_behav xil_defaultlib.tb_hdmi xil_defaultlib.glbl -log elaborate.log 
Using 2 slave threads.
Starting static elaboration
WARNING: [VRFC 10-1374] size mismatch in mixed language port association, vhdl port s [C:/git/SR/lab10/zad10_3/hdmi_vga_zybo/hdmi_vga_zybo.srcs/sources_1/ip/rgb2ycbcr_0/src/rgb2ycbcr.v:113]
WARNING: [VRFC 10-1374] size mismatch in mixed language port association, vhdl port s [C:/git/SR/lab10/zad10_3/hdmi_vga_zybo/hdmi_vga_zybo.srcs/sources_1/ip/rgb2ycbcr_0/src/rgb2ycbcr.v:158]
WARNING: [VRFC 10-1374] size mismatch in mixed language port association, vhdl port s [C:/git/SR/lab10/zad10_3/hdmi_vga_zybo/hdmi_vga_zybo.srcs/sources_1/ip/rgb2ycbcr_0/src/rgb2ycbcr.v:203]
Completed static elaboration
Starting simulation data flow analysis
Completed simulation data flow analysis
Time Resolution for simulation is 1ps
Compiling package std.standard
Compiling package std.textio
Compiling package ieee.std_logic_1164
Compiling package ieee.numeric_std
Compiling package mult_gen_v12_0_13.mult_gen_v12_0_13_viv_comp
Compiling package xbip_utils_v3_0_8.xbip_utils_v3_0_8_pkg
Compiling package mult_gen_v12_0_13.mult_gen_v12_0_13_pkg
Compiling package ieee.std_logic_arith
Compiling package ieee.std_logic_signed
Compiling package unisim.vcomponents
Compiling package mult_gen_v12_0_13.dsp_pkg
Compiling package c_addsub_v12_0_11.c_addsub_v12_0_11_viv_comp
Compiling package xbip_pipe_v3_0_4.xbip_pipe_v3_0_4_viv_comp
Compiling package xbip_addsub_v3_0_4.xbip_addsub_v3_0_4_viv_comp
Compiling package c_addsub_v12_0_11.c_addsub_v12_0_11_pkg
Compiling package c_addsub_v12_0_11.c_addsub_v12_0_11_pkg_legacy
Compiling package xbip_dsp48_addsub_v3_0_4.xbip_dsp48_addsub_v3_0_4_viv_com...
Compiling package xbip_dsp48_addsub_v3_0_4.xbip_dsp48_addsub_v3_0_4_pkg
Compiling package xbip_dsp48_wrapper_v3_0_4.xbip_dsp48_wrapper_v3_0_4_pkg
Compiling package ieee.vital_timing
Compiling package ieee.vital_primitives
Compiling package unisim.vpkg
Compiling module xil_defaultlib.hdmi_in
Compiling architecture xilinx of entity mult_gen_v12_0_13.delay_line [\delay_line(c_xdevicefamily="zyn...]
Compiling architecture xilinx of entity mult_gen_v12_0_13.op_resize [\op_resize(ai_width=18,bi_width=...]
Compiling architecture xilinx of entity mult_gen_v12_0_13.dsp [\dsp(c_xdevicefamily="zynq",c_a_...]
Compiling architecture xilinx of entity mult_gen_v12_0_13.mult_gen_v12_0_13_viv [\mult_gen_v12_0_13_viv(c_verbosi...]
Compiling architecture xilinx of entity mult_gen_v12_0_13.mult_gen_v12_0_13 [\mult_gen_v12_0_13(c_xdevicefami...]
Compiling architecture mult_gen_1_arch of entity xil_defaultlib.mult_gen_1 [mult_gen_1_default]
Compiling architecture dsp48e1_v of entity unisim.DSP48E1 [\DSP48E1(adreg=0,dreg=0,inmodere...]
Compiling architecture synth of entity xbip_dsp48_wrapper_v3_0_4.xbip_dsp48e1_wrapper_v3_0 [\xbip_dsp48e1_wrapper_v3_0(areg=...]
Compiling architecture synth of entity xbip_dsp48_addsub_v3_0_4.xbip_dsp48_addsub_synth [\xbip_dsp48_addsub_synth(c_xdevi...]
Compiling architecture synth of entity xbip_dsp48_addsub_v3_0_4.xbip_dsp48_addsub_v3_0_4_viv [\xbip_dsp48_addsub_v3_0_4_viv(c_...]
Compiling architecture synth of entity xbip_addsub_v3_0_4.xbip_addsub_v3_0_4_viv [\xbip_addsub_v3_0_4_viv(c_xdevic...]
Compiling architecture synth of entity xbip_pipe_v3_0_4.xbip_pipe_v3_0_4_viv [\xbip_pipe_v3_0_4_viv(c_latency=...]
Compiling architecture synth of entity c_addsub_v12_0_11.c_addsub_v12_0_11_viv [\c_addsub_v12_0_11_viv(c_xdevice...]
Compiling architecture xilinx of entity c_addsub_v12_0_11.c_addsub_v12_0_11 [\c_addsub_v12_0_11(c_xdevicefami...]
Compiling architecture c_addsub_1_arch of entity xil_defaultlib.c_addsub_1 [c_addsub_1_default]
Compiling module xil_defaultlib.delay(N=9)
Compiling module xil_defaultlib.delay_line(N=9,DELAY=3)
Compiling module xil_defaultlib.delay(N=3)
Compiling module xil_defaultlib.delay_line(N=3,DELAY=7)
Compiling module xil_defaultlib.rgb2ycbcr
Compiling module xil_defaultlib.rgb2ycbcr_0
Compiling module xil_defaultlib.hdmi_out
Compiling module xil_defaultlib.tb_hdmi
Compiling module xil_defaultlib.glbl
Built simulation snapshot tb_hdmi_behav
run_program: Time (s): cpu = 00:00:00 ; elapsed = 00:00:14 . Memory (MB): peak = 1069.465 ; gain = 0.000
INFO: [USF-XSim-69] 'elaborate' step finished in '14' seconds
INFO: [USF-XSim-4] XSim::Simulate design
INFO: [USF-XSim-61] Executing 'SIMULATE' step in 'C:/git/SR/lab10/zad10_3/hdmi_vga_zybo/hdmi_vga_zybo.sim/sim_1/behav/xsim'
INFO: [USF-XSim-98] *** Running xsim
   with args "tb_hdmi_behav -key {Behavioral:sim_1:Functional:tb_hdmi} -tclbatch {tb_hdmi.tcl} -log {simulate.log}"
INFO: [USF-XSim-8] Loading simulator feature
Vivado Simulator 2017.4
Time resolution is 1 ps
source tb_hdmi.tcl
# set curr_wave [current_wave_config]
# if { [string length $curr_wave] == 0 } {
#   if { [llength [get_objects]] > 0} {
#     add_wave /
#     set_property needs_save false [current_wave_config]
#   } else {
#      send_msg_id Add_Wave-1 WARNING "No top level signals found. Simulator will start without a wave window. If you want to open a wave window go to 'File->New Waveform Configuration' or type 'create_wave_config' in the TCL console."
#   }
# }
# run 1000ns
INFO: [USF-XSim-96] XSim completed. Design snapshot 'tb_hdmi_behav' loaded.
INFO: [USF-XSim-97] XSim simulation ran for 1000ns
launch_simulation: Time (s): cpu = 00:00:04 ; elapsed = 00:00:18 . Memory (MB): peak = 1069.465 ; gain = 0.000
close_sim
INFO: [Simtcl 6-16] Simulation closed
open_bd_design {C:/git/SR/lab10/zad10_3/hdmi_vga_zybo/hdmi_vga_zybo.srcs/sources_1/bd/hdmi_vga/hdmi_vga.bd}
create_bd_cell -type ip -vlnv xilinx.com:user:rgb2ycbcr:1.0 rgb2ycbcr_1
delete_bd_objs [get_bd_cells rgb2ycbcr_1]
create_ip -name rgb2ycbcr -vendor xilinx.com -library user -version 1.0 -module_name rgb2ycbcr_0 -dir c:/git/SR/lab10/zad10_3/hdmi_vga_zybo/hdmi_vga_zybo.srcs/sources_1/ip
generate_target {instantiation_template} [get_files c:/git/SR/lab10/zad10_3/hdmi_vga_zybo/hdmi_vga_zybo.srcs/sources_1/ip/rgb2ycbcr_0_1/rgb2ycbcr_0.xci]
INFO: [IP_Flow 19-1686] Generating 'Instantiation Template' target for IP 'rgb2ycbcr_0'...
generate_target all [get_files  c:/git/SR/lab10/zad10_3/hdmi_vga_zybo/hdmi_vga_zybo.srcs/sources_1/ip/rgb2ycbcr_0_1/rgb2ycbcr_0.xci]
INFO: [IP_Flow 19-1686] Generating 'Synthesis' target for IP 'rgb2ycbcr_0'...
INFO: [IP_Flow 19-1686] Generating 'Simulation' target for IP 'rgb2ycbcr_0'...
INFO: [IP_Flow 19-1686] Generating 'Test Bench' target for IP 'rgb2ycbcr_0'...
catch { config_ip_cache -export [get_ips -all rgb2ycbcr_0] }
INFO: [IP_Flow 19-4993] Using cached IP synthesis design for IP rgb2ycbcr_0, cache-ID = 5a38d6df084a80d2; cache size = 9.288 MB.
export_ip_user_files -of_objects [get_files c:/git/SR/lab10/zad10_3/hdmi_vga_zybo/hdmi_vga_zybo.srcs/sources_1/ip/rgb2ycbcr_0_1/rgb2ycbcr_0.xci] -no_script -sync -force -quiet
create_ip_run [get_files -of_objects [get_fileset sources_1] c:/git/SR/lab10/zad10_3/hdmi_vga_zybo/hdmi_vga_zybo.srcs/sources_1/ip/rgb2ycbcr_0_1/rgb2ycbcr_0.xci]
INFO: [Vivado 12-3453] The given sub-design is up-to-date, no action was taken.  If a run is still desired, use the '-force' option for the file:'c:/git/SR/lab10/zad10_3/hdmi_vga_zybo/hdmi_vga_zybo.srcs/sources_1/ip/rgb2ycbcr_0_1/rgb2ycbcr_0.xci'
export_simulation -of_objects [get_files c:/git/SR/lab10/zad10_3/hdmi_vga_zybo/hdmi_vga_zybo.srcs/sources_1/ip/rgb2ycbcr_0_1/rgb2ycbcr_0.xci] -directory C:/git/SR/lab10/zad10_3/hdmi_vga_zybo/hdmi_vga_zybo.ip_user_files/sim_scripts -ip_user_files_dir C:/git/SR/lab10/zad10_3/hdmi_vga_zybo/hdmi_vga_zybo.ip_user_files -ipstatic_source_dir C:/git/SR/lab10/zad10_3/hdmi_vga_zybo/hdmi_vga_zybo.ip_user_files/ipstatic -lib_map_path [list {modelsim=C:/git/SR/lab10/zad10_3/hdmi_vga_zybo/hdmi_vga_zybo.cache/compile_simlib/modelsim} {questa=C:/git/SR/lab10/zad10_3/hdmi_vga_zybo/hdmi_vga_zybo.cache/compile_simlib/questa} {riviera=C:/git/SR/lab10/zad10_3/hdmi_vga_zybo/hdmi_vga_zybo.cache/compile_simlib/riviera} {activehdl=C:/git/SR/lab10/zad10_3/hdmi_vga_zybo/hdmi_vga_zybo.cache/compile_simlib/activehdl}] -use_ip_compiled_libs -force -quiet
update_compile_order -fileset sources_1
save_bd_design
Wrote  : <C:/git/SR/lab10/zad10_3/hdmi_vga_zybo/hdmi_vga_zybo.srcs/sources_1/bd/hdmi_vga/hdmi_vga.bd> 
Wrote  : <C:/git/SR/lab10/zad10_3/hdmi_vga_zybo/hdmi_vga_zybo.srcs/sources_1/bd/hdmi_vga/ui/bd_390e6c89.ui> 
launch_simulation
INFO: [Vivado 12-5698] Checking validity of IPs in the design for the 'XSim' simulator...
INFO: [Vivado 12-5682] Launching behavioral simulation in 'C:/git/SR/lab10/zad10_3/hdmi_vga_zybo/hdmi_vga_zybo.sim/sim_1/behav/xsim'
INFO: [Vivado 12-4795] Using compiled simulation libraries for IPs
INFO: [SIM-utils-51] Simulation object is 'sim_1'
INFO: [USF-XSim-7] Finding pre-compiled libraries...
INFO: [USF-XSim-11] File 'C:/Xilinx/Vivado/2017.4/data/xsim/ip/xsim_ip.ini' copied to run dir:'C:/git/SR/lab10/zad10_3/hdmi_vga_zybo/hdmi_vga_zybo.sim/sim_1/behav/xsim'
INFO: [SIM-utils-54] Inspecting design source files for 'tb_hdmi' in fileset 'sim_1'...
INFO: [SIM-utils-43] Exported 'C:/git/SR/lab10/zad10_3/hdmi_vga_zybo/hdmi_vga_zybo.sim/sim_1/behav/xsim/dgl_1080p_cea.data'
INFO: [SIM-utils-43] Exported 'C:/git/SR/lab10/zad10_3/hdmi_vga_zybo/hdmi_vga_zybo.sim/sim_1/behav/xsim/dgl_1280_1024_cea.data'
INFO: [SIM-utils-43] Exported 'C:/git/SR/lab10/zad10_3/hdmi_vga_zybo/hdmi_vga_zybo.sim/sim_1/behav/xsim/dgl_720p_cea.data'
WARNING: [SIM-utils-52] IP component XML file does not exist: 'c:/git/SR/lab10/zad10_3/hdmi_vga_zybo/hdmi_vga_zybo.srcs/sources_1/bd/hdmi_vga/ip/hdmi_vga_rgb2ycbcr_1_0/hdmi_vga_rgb2ycbcr_1_0.xml'
INFO: [USF-XSim-97] Finding global include files...
INFO: [USF-XSim-98] Fetching design files from 'sim_1'...
INFO: [USF-XSim-2] XSim::Compile design
INFO: [USF-XSim-61] Executing 'COMPILE and ANALYZE' step in 'C:/git/SR/lab10/zad10_3/hdmi_vga_zybo/hdmi_vga_zybo.sim/sim_1/behav/xsim'
"xvlog --incr --relax -prj tb_hdmi_vlog.prj"
INFO: [VRFC 10-2263] Analyzing Verilog file "C:/git/SR/lab10/zad10_3/hdmi_vga_zybo/hdmi_vga_zybo.srcs/sources_1/ip/rgb2ycbcr_0_1/src/delay.v" into library xil_defaultlib
INFO: [VRFC 10-311] analyzing module delay
INFO: [VRFC 10-2263] Analyzing Verilog file "C:/git/SR/lab10/zad10_3/hdmi_vga_zybo/hdmi_vga_zybo.srcs/sources_1/ip/rgb2ycbcr_0_1/src/delay_line.v" into library xil_defaultlib
INFO: [VRFC 10-311] analyzing module delay_line
INFO: [VRFC 10-2263] Analyzing Verilog file "C:/git/SR/lab10/zad10_3/hdmi_vga_zybo/hdmi_vga_zybo.srcs/sources_1/ip/rgb2ycbcr_0_1/src/rgb2ycbcr.v" into library xil_defaultlib
INFO: [VRFC 10-311] analyzing module rgb2ycbcr
INFO: [VRFC 10-2263] Analyzing Verilog file "C:/git/SR/lab10/zad10_3/hdmi_vga_zybo/hdmi_vga_zybo.srcs/sources_1/ip/rgb2ycbcr_0_1/sim/rgb2ycbcr_0.v" into library xil_defaultlib
INFO: [VRFC 10-311] analyzing module rgb2ycbcr_0
INFO: [VRFC 10-2263] Analyzing Verilog file "C:/git/SR/lab10/zad10_3/hdmi_vga_zybo/hdmi_vga_zybo.srcs/sim_1/imports/tb_src/hdmi_in.v" into library xil_defaultlib
INFO: [VRFC 10-311] analyzing module hdmi_in
INFO: [VRFC 10-2263] Analyzing Verilog file "C:/git/SR/lab10/zad10_3/hdmi_vga_zybo/hdmi_vga_zybo.srcs/sim_1/imports/tb_src/hdmi_out.v" into library xil_defaultlib
INFO: [VRFC 10-311] analyzing module hdmi_out
INFO: [VRFC 10-2263] Analyzing Verilog file "C:/git/SR/lab10/zad10_3/hdmi_vga_zybo/hdmi_vga_zybo.srcs/sim_1/imports/tb_src/tb_hdmi.v" into library xil_defaultlib
INFO: [VRFC 10-311] analyzing module tb_hdmi
"xvhdl --incr --relax -prj tb_hdmi_vhdl.prj"
INFO: [VRFC 10-163] Analyzing VHDL file "C:/git/SR/lab10/zad10_3/hdmi_vga_zybo/hdmi_vga_zybo.srcs/sources_1/ip/rgb2ycbcr_0_1/src/mult_gen_1/sim/mult_gen_1.vhd" into library xil_defaultlib
INFO: [VRFC 10-307] analyzing entity mult_gen_1
INFO: [VRFC 10-163] Analyzing VHDL file "C:/git/SR/lab10/zad10_3/hdmi_vga_zybo/hdmi_vga_zybo.srcs/sources_1/ip/rgb2ycbcr_0_1/src/c_addsub_1/sim/c_addsub_1.vhd" into library xil_defaultlib
INFO: [VRFC 10-307] analyzing entity c_addsub_1
INFO: [USF-XSim-69] 'compile' step finished in '2' seconds
INFO: [USF-XSim-3] XSim::Elaborate design
INFO: [USF-XSim-61] Executing 'ELABORATE' step in 'C:/git/SR/lab10/zad10_3/hdmi_vga_zybo/hdmi_vga_zybo.sim/sim_1/behav/xsim'
Vivado Simulator 2017.4
Copyright 1986-1999, 2001-2016 Xilinx, Inc. All Rights Reserved.
Running: C:/Xilinx/Vivado/2017.4/bin/unwrapped/win64.o/xelab.exe -wto 0640050eddcc43a1a79886f597c9e583 --incr --debug typical --relax --mt 2 -L xbip_utils_v3_0_8 -L xbip_pipe_v3_0_4 -L xbip_bram18k_v3_0_4 -L mult_gen_v12_0_13 -L xil_defaultlib -L c_reg_fd_v12_0_4 -L xbip_dsp48_wrapper_v3_0_4 -L xbip_dsp48_addsub_v3_0_4 -L xbip_addsub_v3_0_4 -L c_addsub_v12_0_11 -L unisims_ver -L unimacro_ver -L secureip -L xpm --snapshot tb_hdmi_behav xil_defaultlib.tb_hdmi xil_defaultlib.glbl -log elaborate.log 
Using 2 slave threads.
Starting static elaboration
WARNING: [VRFC 10-1374] size mismatch in mixed language port association, vhdl port s [C:/git/SR/lab10/zad10_3/hdmi_vga_zybo/hdmi_vga_zybo.srcs/sources_1/ip/rgb2ycbcr_0_1/src/rgb2ycbcr.v:113]
WARNING: [VRFC 10-1374] size mismatch in mixed language port association, vhdl port s [C:/git/SR/lab10/zad10_3/hdmi_vga_zybo/hdmi_vga_zybo.srcs/sources_1/ip/rgb2ycbcr_0_1/src/rgb2ycbcr.v:158]
WARNING: [VRFC 10-1374] size mismatch in mixed language port association, vhdl port s [C:/git/SR/lab10/zad10_3/hdmi_vga_zybo/hdmi_vga_zybo.srcs/sources_1/ip/rgb2ycbcr_0_1/src/rgb2ycbcr.v:203]
Completed static elaboration
Starting simulation data flow analysis
Completed simulation data flow analysis
Time Resolution for simulation is 1ps
Compiling package std.standard
Compiling package std.textio
Compiling package ieee.std_logic_1164
Compiling package ieee.numeric_std
Compiling package mult_gen_v12_0_13.mult_gen_v12_0_13_viv_comp
Compiling package xbip_utils_v3_0_8.xbip_utils_v3_0_8_pkg
Compiling package mult_gen_v12_0_13.mult_gen_v12_0_13_pkg
Compiling package ieee.std_logic_arith
Compiling package ieee.std_logic_signed
Compiling package unisim.vcomponents
Compiling package mult_gen_v12_0_13.dsp_pkg
Compiling package c_addsub_v12_0_11.c_addsub_v12_0_11_viv_comp
Compiling package xbip_pipe_v3_0_4.xbip_pipe_v3_0_4_viv_comp
Compiling package xbip_addsub_v3_0_4.xbip_addsub_v3_0_4_viv_comp
Compiling package c_addsub_v12_0_11.c_addsub_v12_0_11_pkg
Compiling package c_addsub_v12_0_11.c_addsub_v12_0_11_pkg_legacy
Compiling package xbip_dsp48_addsub_v3_0_4.xbip_dsp48_addsub_v3_0_4_viv_com...
Compiling package xbip_dsp48_addsub_v3_0_4.xbip_dsp48_addsub_v3_0_4_pkg
Compiling package xbip_dsp48_wrapper_v3_0_4.xbip_dsp48_wrapper_v3_0_4_pkg
Compiling package ieee.vital_timing
Compiling package ieee.vital_primitives
Compiling package unisim.vpkg
Compiling module xil_defaultlib.hdmi_in
Compiling architecture xilinx of entity mult_gen_v12_0_13.delay_line [\delay_line(c_xdevicefamily="zyn...]
Compiling architecture xilinx of entity mult_gen_v12_0_13.op_resize [\op_resize(ai_width=18,bi_width=...]
Compiling architecture xilinx of entity mult_gen_v12_0_13.dsp [\dsp(c_xdevicefamily="zynq",c_a_...]
Compiling architecture xilinx of entity mult_gen_v12_0_13.mult_gen_v12_0_13_viv [\mult_gen_v12_0_13_viv(c_verbosi...]
Compiling architecture xilinx of entity mult_gen_v12_0_13.mult_gen_v12_0_13 [\mult_gen_v12_0_13(c_xdevicefami...]
Compiling architecture mult_gen_1_arch of entity xil_defaultlib.mult_gen_1 [mult_gen_1_default]
Compiling architecture dsp48e1_v of entity unisim.DSP48E1 [\DSP48E1(adreg=0,dreg=0,inmodere...]
Compiling architecture synth of entity xbip_dsp48_wrapper_v3_0_4.xbip_dsp48e1_wrapper_v3_0 [\xbip_dsp48e1_wrapper_v3_0(areg=...]
Compiling architecture synth of entity xbip_dsp48_addsub_v3_0_4.xbip_dsp48_addsub_synth [\xbip_dsp48_addsub_synth(c_xdevi...]
Compiling architecture synth of entity xbip_dsp48_addsub_v3_0_4.xbip_dsp48_addsub_v3_0_4_viv [\xbip_dsp48_addsub_v3_0_4_viv(c_...]
Compiling architecture synth of entity xbip_addsub_v3_0_4.xbip_addsub_v3_0_4_viv [\xbip_addsub_v3_0_4_viv(c_xdevic...]
Compiling architecture synth of entity xbip_pipe_v3_0_4.xbip_pipe_v3_0_4_viv [\xbip_pipe_v3_0_4_viv(c_latency=...]
Compiling architecture synth of entity c_addsub_v12_0_11.c_addsub_v12_0_11_viv [\c_addsub_v12_0_11_viv(c_xdevice...]
Compiling architecture xilinx of entity c_addsub_v12_0_11.c_addsub_v12_0_11 [\c_addsub_v12_0_11(c_xdevicefami...]
Compiling architecture c_addsub_1_arch of entity xil_defaultlib.c_addsub_1 [c_addsub_1_default]
Compiling module xil_defaultlib.delay(N=9)
Compiling module xil_defaultlib.delay_line(N=9,DELAY=3)
Compiling module xil_defaultlib.delay(N=3)
Compiling module xil_defaultlib.delay_line(N=3,DELAY=7)
Compiling module xil_defaultlib.rgb2ycbcr
Compiling module xil_defaultlib.rgb2ycbcr_0
Compiling module xil_defaultlib.hdmi_out
Compiling module xil_defaultlib.tb_hdmi
Compiling module xil_defaultlib.glbl
Built simulation snapshot tb_hdmi_behav
run_program: Time (s): cpu = 00:00:00 ; elapsed = 00:00:14 . Memory (MB): peak = 1082.641 ; gain = 0.051
INFO: [USF-XSim-69] 'elaborate' step finished in '14' seconds
INFO: [USF-XSim-4] XSim::Simulate design
INFO: [USF-XSim-61] Executing 'SIMULATE' step in 'C:/git/SR/lab10/zad10_3/hdmi_vga_zybo/hdmi_vga_zybo.sim/sim_1/behav/xsim'
INFO: [USF-XSim-98] *** Running xsim
   with args "tb_hdmi_behav -key {Behavioral:sim_1:Functional:tb_hdmi} -tclbatch {tb_hdmi.tcl} -log {simulate.log}"
INFO: [USF-XSim-8] Loading simulator feature
Vivado Simulator 2017.4
Time resolution is 1 ps
source tb_hdmi.tcl
# set curr_wave [current_wave_config]
# if { [string length $curr_wave] == 0 } {
#   if { [llength [get_objects]] > 0} {
#     add_wave /
#     set_property needs_save false [current_wave_config]
#   } else {
#      send_msg_id Add_Wave-1 WARNING "No top level signals found. Simulator will start without a wave window. If you want to open a wave window go to 'File->New Waveform Configuration' or type 'create_wave_config' in the TCL console."
#   }
# }
# run 1000ns
INFO: [USF-XSim-96] XSim completed. Design snapshot 'tb_hdmi_behav' loaded.
INFO: [USF-XSim-97] XSim simulation ran for 1000ns
launch_simulation: Time (s): cpu = 00:00:06 ; elapsed = 00:00:28 . Memory (MB): peak = 1092.555 ; gain = 13.695
close_sim
INFO: [Simtcl 6-16] Simulation closed
set_property SOURCE_SET sources_1 [get_filesets sim_1]
import_files -fileset sim_1 -norecurse C:/git/SR/lab10/Resources/hand.ppm
export_ip_user_files -of_objects  [get_files C:/git/SR/lab10/zad10_3/hdmi_vga_zybo/hdmi_vga_zybo.srcs/sim_1/imports/Resources/hand.ppm] -no_script -reset -force -quiet
remove_files  -fileset sim_1 C:/git/SR/lab10/zad10_3/hdmi_vga_zybo/hdmi_vga_zybo.srcs/sim_1/imports/Resources/hand.ppm
launch_simulation
INFO: [Vivado 12-5698] Checking validity of IPs in the design for the 'XSim' simulator...
INFO: [Vivado 12-5682] Launching behavioral simulation in 'C:/git/SR/lab10/zad10_3/hdmi_vga_zybo/hdmi_vga_zybo.sim/sim_1/behav/xsim'
INFO: [Vivado 12-4795] Using compiled simulation libraries for IPs
INFO: [SIM-utils-51] Simulation object is 'sim_1'
INFO: [USF-XSim-7] Finding pre-compiled libraries...
INFO: [USF-XSim-11] File 'C:/Xilinx/Vivado/2017.4/data/xsim/ip/xsim_ip.ini' copied to run dir:'C:/git/SR/lab10/zad10_3/hdmi_vga_zybo/hdmi_vga_zybo.sim/sim_1/behav/xsim'
INFO: [SIM-utils-54] Inspecting design source files for 'tb_hdmi' in fileset 'sim_1'...
INFO: [SIM-utils-43] Exported 'C:/git/SR/lab10/zad10_3/hdmi_vga_zybo/hdmi_vga_zybo.sim/sim_1/behav/xsim/dgl_1080p_cea.data'
INFO: [SIM-utils-43] Exported 'C:/git/SR/lab10/zad10_3/hdmi_vga_zybo/hdmi_vga_zybo.sim/sim_1/behav/xsim/dgl_1280_1024_cea.data'
INFO: [SIM-utils-43] Exported 'C:/git/SR/lab10/zad10_3/hdmi_vga_zybo/hdmi_vga_zybo.sim/sim_1/behav/xsim/dgl_720p_cea.data'
WARNING: [SIM-utils-52] IP component XML file does not exist: 'c:/git/SR/lab10/zad10_3/hdmi_vga_zybo/hdmi_vga_zybo.srcs/sources_1/bd/hdmi_vga/ip/hdmi_vga_rgb2ycbcr_1_0/hdmi_vga_rgb2ycbcr_1_0.xml'
INFO: [USF-XSim-97] Finding global include files...
INFO: [USF-XSim-98] Fetching design files from 'sim_1'...
INFO: [USF-XSim-2] XSim::Compile design
INFO: [USF-XSim-61] Executing 'COMPILE and ANALYZE' step in 'C:/git/SR/lab10/zad10_3/hdmi_vga_zybo/hdmi_vga_zybo.sim/sim_1/behav/xsim'
"xvlog --incr --relax -prj tb_hdmi_vlog.prj"
INFO: [VRFC 10-2263] Analyzing Verilog file "C:/git/SR/lab10/zad10_3/hdmi_vga_zybo/hdmi_vga_zybo.srcs/sources_1/ip/rgb2ycbcr_0_1/src/delay.v" into library xil_defaultlib
INFO: [VRFC 10-311] analyzing module delay
INFO: [VRFC 10-2263] Analyzing Verilog file "C:/git/SR/lab10/zad10_3/hdmi_vga_zybo/hdmi_vga_zybo.srcs/sources_1/ip/rgb2ycbcr_0_1/src/delay_line.v" into library xil_defaultlib
INFO: [VRFC 10-311] analyzing module delay_line
INFO: [VRFC 10-2263] Analyzing Verilog file "C:/git/SR/lab10/zad10_3/hdmi_vga_zybo/hdmi_vga_zybo.srcs/sources_1/ip/rgb2ycbcr_0_1/src/rgb2ycbcr.v" into library xil_defaultlib
INFO: [VRFC 10-311] analyzing module rgb2ycbcr
INFO: [VRFC 10-2263] Analyzing Verilog file "C:/git/SR/lab10/zad10_3/hdmi_vga_zybo/hdmi_vga_zybo.srcs/sources_1/ip/rgb2ycbcr_0_1/sim/rgb2ycbcr_0.v" into library xil_defaultlib
INFO: [VRFC 10-311] analyzing module rgb2ycbcr_0
INFO: [VRFC 10-2263] Analyzing Verilog file "C:/git/SR/lab10/zad10_3/hdmi_vga_zybo/hdmi_vga_zybo.srcs/sim_1/imports/tb_src/hdmi_in.v" into library xil_defaultlib
INFO: [VRFC 10-311] analyzing module hdmi_in
INFO: [VRFC 10-2263] Analyzing Verilog file "C:/git/SR/lab10/zad10_3/hdmi_vga_zybo/hdmi_vga_zybo.srcs/sim_1/imports/tb_src/hdmi_out.v" into library xil_defaultlib
INFO: [VRFC 10-311] analyzing module hdmi_out
INFO: [VRFC 10-2263] Analyzing Verilog file "C:/git/SR/lab10/zad10_3/hdmi_vga_zybo/hdmi_vga_zybo.srcs/sim_1/imports/tb_src/tb_hdmi.v" into library xil_defaultlib
INFO: [VRFC 10-311] analyzing module tb_hdmi
"xvhdl --incr --relax -prj tb_hdmi_vhdl.prj"
INFO: [USF-XSim-69] 'compile' step finished in '2' seconds
INFO: [USF-XSim-3] XSim::Elaborate design
INFO: [USF-XSim-61] Executing 'ELABORATE' step in 'C:/git/SR/lab10/zad10_3/hdmi_vga_zybo/hdmi_vga_zybo.sim/sim_1/behav/xsim'
Vivado Simulator 2017.4
Copyright 1986-1999, 2001-2016 Xilinx, Inc. All Rights Reserved.
Running: C:/Xilinx/Vivado/2017.4/bin/unwrapped/win64.o/xelab.exe -wto 0640050eddcc43a1a79886f597c9e583 --incr --debug typical --relax --mt 2 -L xbip_utils_v3_0_8 -L xbip_pipe_v3_0_4 -L xbip_bram18k_v3_0_4 -L mult_gen_v12_0_13 -L xil_defaultlib -L c_reg_fd_v12_0_4 -L xbip_dsp48_wrapper_v3_0_4 -L xbip_dsp48_addsub_v3_0_4 -L xbip_addsub_v3_0_4 -L c_addsub_v12_0_11 -L unisims_ver -L unimacro_ver -L secureip -L xpm --snapshot tb_hdmi_behav xil_defaultlib.tb_hdmi xil_defaultlib.glbl -log elaborate.log 
Using 2 slave threads.
Starting static elaboration
WARNING: [VRFC 10-1374] size mismatch in mixed language port association, vhdl port s [C:/git/SR/lab10/zad10_3/hdmi_vga_zybo/hdmi_vga_zybo.srcs/sources_1/ip/rgb2ycbcr_0_1/src/rgb2ycbcr.v:113]
WARNING: [VRFC 10-1374] size mismatch in mixed language port association, vhdl port s [C:/git/SR/lab10/zad10_3/hdmi_vga_zybo/hdmi_vga_zybo.srcs/sources_1/ip/rgb2ycbcr_0_1/src/rgb2ycbcr.v:158]
WARNING: [VRFC 10-1374] size mismatch in mixed language port association, vhdl port s [C:/git/SR/lab10/zad10_3/hdmi_vga_zybo/hdmi_vga_zybo.srcs/sources_1/ip/rgb2ycbcr_0_1/src/rgb2ycbcr.v:203]
Completed static elaboration
Starting simulation data flow analysis
Completed simulation data flow analysis
Time Resolution for simulation is 1ps
Compiling package std.standard
Compiling package std.textio
Compiling package ieee.std_logic_1164
Compiling package ieee.numeric_std
Compiling package mult_gen_v12_0_13.mult_gen_v12_0_13_viv_comp
Compiling package xbip_utils_v3_0_8.xbip_utils_v3_0_8_pkg
Compiling package mult_gen_v12_0_13.mult_gen_v12_0_13_pkg
Compiling package ieee.std_logic_arith
Compiling package ieee.std_logic_signed
Compiling package unisim.vcomponents
Compiling package mult_gen_v12_0_13.dsp_pkg
Compiling package c_addsub_v12_0_11.c_addsub_v12_0_11_viv_comp
Compiling package xbip_pipe_v3_0_4.xbip_pipe_v3_0_4_viv_comp
Compiling package xbip_addsub_v3_0_4.xbip_addsub_v3_0_4_viv_comp
Compiling package c_addsub_v12_0_11.c_addsub_v12_0_11_pkg
Compiling package c_addsub_v12_0_11.c_addsub_v12_0_11_pkg_legacy
Compiling package xbip_dsp48_addsub_v3_0_4.xbip_dsp48_addsub_v3_0_4_viv_com...
Compiling package xbip_dsp48_addsub_v3_0_4.xbip_dsp48_addsub_v3_0_4_pkg
Compiling package xbip_dsp48_wrapper_v3_0_4.xbip_dsp48_wrapper_v3_0_4_pkg
Compiling package ieee.vital_timing
Compiling package ieee.vital_primitives
Compiling package unisim.vpkg
Compiling module xil_defaultlib.hdmi_in
Compiling architecture xilinx of entity mult_gen_v12_0_13.delay_line [\delay_line(c_xdevicefamily="zyn...]
Compiling architecture xilinx of entity mult_gen_v12_0_13.op_resize [\op_resize(ai_width=18,bi_width=...]
Compiling architecture xilinx of entity mult_gen_v12_0_13.dsp [\dsp(c_xdevicefamily="zynq",c_a_...]
Compiling architecture xilinx of entity mult_gen_v12_0_13.mult_gen_v12_0_13_viv [\mult_gen_v12_0_13_viv(c_verbosi...]
Compiling architecture xilinx of entity mult_gen_v12_0_13.mult_gen_v12_0_13 [\mult_gen_v12_0_13(c_xdevicefami...]
Compiling architecture mult_gen_1_arch of entity xil_defaultlib.mult_gen_1 [mult_gen_1_default]
Compiling architecture dsp48e1_v of entity unisim.DSP48E1 [\DSP48E1(adreg=0,dreg=0,inmodere...]
Compiling architecture synth of entity xbip_dsp48_wrapper_v3_0_4.xbip_dsp48e1_wrapper_v3_0 [\xbip_dsp48e1_wrapper_v3_0(areg=...]
Compiling architecture synth of entity xbip_dsp48_addsub_v3_0_4.xbip_dsp48_addsub_synth [\xbip_dsp48_addsub_synth(c_xdevi...]
Compiling architecture synth of entity xbip_dsp48_addsub_v3_0_4.xbip_dsp48_addsub_v3_0_4_viv [\xbip_dsp48_addsub_v3_0_4_viv(c_...]
Compiling architecture synth of entity xbip_addsub_v3_0_4.xbip_addsub_v3_0_4_viv [\xbip_addsub_v3_0_4_viv(c_xdevic...]
Compiling architecture synth of entity xbip_pipe_v3_0_4.xbip_pipe_v3_0_4_viv [\xbip_pipe_v3_0_4_viv(c_latency=...]
Compiling architecture synth of entity c_addsub_v12_0_11.c_addsub_v12_0_11_viv [\c_addsub_v12_0_11_viv(c_xdevice...]
Compiling architecture xilinx of entity c_addsub_v12_0_11.c_addsub_v12_0_11 [\c_addsub_v12_0_11(c_xdevicefami...]
Compiling architecture c_addsub_1_arch of entity xil_defaultlib.c_addsub_1 [c_addsub_1_default]
Compiling module xil_defaultlib.delay(N=9)
Compiling module xil_defaultlib.delay_line(N=9,DELAY=3)
Compiling module xil_defaultlib.delay(N=3)
Compiling module xil_defaultlib.delay_line(N=3,DELAY=7)
Compiling module xil_defaultlib.rgb2ycbcr
Compiling module xil_defaultlib.rgb2ycbcr_0
Compiling module xil_defaultlib.hdmi_out
Compiling module xil_defaultlib.tb_hdmi
Compiling module xil_defaultlib.glbl
Built simulation snapshot tb_hdmi_behav
run_program: Time (s): cpu = 00:00:01 ; elapsed = 00:00:14 . Memory (MB): peak = 1092.961 ; gain = 0.000
INFO: [USF-XSim-69] 'elaborate' step finished in '13' seconds
INFO: [USF-XSim-4] XSim::Simulate design
INFO: [USF-XSim-61] Executing 'SIMULATE' step in 'C:/git/SR/lab10/zad10_3/hdmi_vga_zybo/hdmi_vga_zybo.sim/sim_1/behav/xsim'
INFO: [USF-XSim-98] *** Running xsim
   with args "tb_hdmi_behav -key {Behavioral:sim_1:Functional:tb_hdmi} -tclbatch {tb_hdmi.tcl} -log {simulate.log}"
INFO: [USF-XSim-8] Loading simulator feature
Vivado Simulator 2017.4
Time resolution is 1 ps
source tb_hdmi.tcl
# set curr_wave [current_wave_config]
# if { [string length $curr_wave] == 0 } {
#   if { [llength [get_objects]] > 0} {
#     add_wave /
#     set_property needs_save false [current_wave_config]
#   } else {
#      send_msg_id Add_Wave-1 WARNING "No top level signals found. Simulator will start without a wave window. If you want to open a wave window go to 'File->New Waveform Configuration' or type 'create_wave_config' in the TCL console."
#   }
# }
# run 1000ns
INFO: [USF-XSim-96] XSim completed. Design snapshot 'tb_hdmi_behav' loaded.
INFO: [USF-XSim-97] XSim simulation ran for 1000ns
launch_simulation: Time (s): cpu = 00:00:06 ; elapsed = 00:00:19 . Memory (MB): peak = 1098.258 ; gain = 5.297
close_sim
INFO: [Simtcl 6-16] Simulation closed
launch_simulation
INFO: [Vivado 12-5698] Checking validity of IPs in the design for the 'XSim' simulator...
INFO: [Vivado 12-5682] Launching behavioral simulation in 'C:/git/SR/lab10/zad10_3/hdmi_vga_zybo/hdmi_vga_zybo.sim/sim_1/behav/xsim'
INFO: [Vivado 12-4795] Using compiled simulation libraries for IPs
INFO: [SIM-utils-51] Simulation object is 'sim_1'
INFO: [USF-XSim-7] Finding pre-compiled libraries...
INFO: [USF-XSim-11] File 'C:/Xilinx/Vivado/2017.4/data/xsim/ip/xsim_ip.ini' copied to run dir:'C:/git/SR/lab10/zad10_3/hdmi_vga_zybo/hdmi_vga_zybo.sim/sim_1/behav/xsim'
INFO: [SIM-utils-54] Inspecting design source files for 'tb_hdmi' in fileset 'sim_1'...
INFO: [SIM-utils-43] Exported 'C:/git/SR/lab10/zad10_3/hdmi_vga_zybo/hdmi_vga_zybo.sim/sim_1/behav/xsim/dgl_1080p_cea.data'
INFO: [SIM-utils-43] Exported 'C:/git/SR/lab10/zad10_3/hdmi_vga_zybo/hdmi_vga_zybo.sim/sim_1/behav/xsim/dgl_1280_1024_cea.data'
INFO: [SIM-utils-43] Exported 'C:/git/SR/lab10/zad10_3/hdmi_vga_zybo/hdmi_vga_zybo.sim/sim_1/behav/xsim/dgl_720p_cea.data'
WARNING: [SIM-utils-52] IP component XML file does not exist: 'c:/git/SR/lab10/zad10_3/hdmi_vga_zybo/hdmi_vga_zybo.srcs/sources_1/bd/hdmi_vga/ip/hdmi_vga_rgb2ycbcr_1_0/hdmi_vga_rgb2ycbcr_1_0.xml'
INFO: [USF-XSim-97] Finding global include files...
INFO: [USF-XSim-98] Fetching design files from 'sim_1'...
INFO: [USF-XSim-2] XSim::Compile design
INFO: [USF-XSim-61] Executing 'COMPILE and ANALYZE' step in 'C:/git/SR/lab10/zad10_3/hdmi_vga_zybo/hdmi_vga_zybo.sim/sim_1/behav/xsim'
"xvlog --incr --relax -prj tb_hdmi_vlog.prj"
INFO: [VRFC 10-2263] Analyzing Verilog file "C:/git/SR/lab10/zad10_3/hdmi_vga_zybo/hdmi_vga_zybo.srcs/sim_1/imports/tb_src/hdmi_in.v" into library xil_defaultlib
INFO: [VRFC 10-311] analyzing module hdmi_in
INFO: [VRFC 10-2263] Analyzing Verilog file "C:/git/SR/lab10/zad10_3/hdmi_vga_zybo/hdmi_vga_zybo.srcs/sim_1/imports/tb_src/hdmi_out.v" into library xil_defaultlib
INFO: [VRFC 10-311] analyzing module hdmi_out
INFO: [VRFC 10-2263] Analyzing Verilog file "C:/git/SR/lab10/zad10_3/hdmi_vga_zybo/hdmi_vga_zybo.srcs/sim_1/imports/tb_src/tb_hdmi.v" into library xil_defaultlib
INFO: [VRFC 10-311] analyzing module tb_hdmi
INFO: [USF-XSim-69] 'compile' step finished in '1' seconds
INFO: [USF-XSim-3] XSim::Elaborate design
INFO: [USF-XSim-61] Executing 'ELABORATE' step in 'C:/git/SR/lab10/zad10_3/hdmi_vga_zybo/hdmi_vga_zybo.sim/sim_1/behav/xsim'
Vivado Simulator 2017.4
Copyright 1986-1999, 2001-2016 Xilinx, Inc. All Rights Reserved.
Running: C:/Xilinx/Vivado/2017.4/bin/unwrapped/win64.o/xelab.exe -wto 0640050eddcc43a1a79886f597c9e583 --incr --debug typical --relax --mt 2 -L xil_defaultlib -L unisims_ver -L unimacro_ver -L secureip -L xpm --snapshot tb_hdmi_behav xil_defaultlib.tb_hdmi xil_defaultlib.glbl -log elaborate.log 
Using 2 slave threads.
Starting static elaboration
Completed static elaboration
Starting simulation data flow analysis
Completed simulation data flow analysis
Time Resolution for simulation is 1ps
Compiling module xil_defaultlib.hdmi_in
Compiling module xil_defaultlib.hdmi_out
Compiling module xil_defaultlib.tb_hdmi
Compiling module xil_defaultlib.glbl
Built simulation snapshot tb_hdmi_behav
INFO: [USF-XSim-69] 'elaborate' step finished in '2' seconds
INFO: [USF-XSim-4] XSim::Simulate design
INFO: [USF-XSim-61] Executing 'SIMULATE' step in 'C:/git/SR/lab10/zad10_3/hdmi_vga_zybo/hdmi_vga_zybo.sim/sim_1/behav/xsim'
INFO: [USF-XSim-98] *** Running xsim
   with args "tb_hdmi_behav -key {Behavioral:sim_1:Functional:tb_hdmi} -tclbatch {tb_hdmi.tcl} -log {simulate.log}"
INFO: [USF-XSim-8] Loading simulator feature
Vivado Simulator 2017.4
Time resolution is 1 ps
source tb_hdmi.tcl
# set curr_wave [current_wave_config]
# if { [string length $curr_wave] == 0 } {
#   if { [llength [get_objects]] > 0} {
#     add_wave /
#     set_property needs_save false [current_wave_config]
#   } else {
#      send_msg_id Add_Wave-1 WARNING "No top level signals found. Simulator will start without a wave window. If you want to open a wave window go to 'File->New Waveform Configuration' or type 'create_wave_config' in the TCL console."
#   }
# }
# run 1000ns
INFO: [USF-XSim-96] XSim completed. Design snapshot 'tb_hdmi_behav' loaded.
INFO: [USF-XSim-97] XSim simulation ran for 1000ns
launch_simulation: Time (s): cpu = 00:00:05 ; elapsed = 00:00:06 . Memory (MB): peak = 1101.973 ; gain = 2.711
The simulator has terminated in an unexpected manner with exit code 1073807364.  Please review the simulation log (xsim.log) for details.
