
*** Running vivado
    with args -log c_accum_0.vds -m64 -product Vivado -mode batch -messageDb vivado.pb -notrace -source c_accum_0.tcl


****** Vivado v2017.4 (64-bit)
  **** SW Build 2086221 on Fri Dec 15 20:55:39 MST 2017
  **** IP Build 2085800 on Fri Dec 15 22:25:07 MST 2017
    ** Copyright 1986-2017 Xilinx, Inc. All Rights Reserved.

source c_accum_0.tcl -notrace
Command: synth_design -top c_accum_0 -part xc7z010clg400-1 -mode out_of_context
Starting synth_design
Attempting to get a license for feature 'Synthesis' and/or device 'xc7z010'
INFO: [Common 17-349] Got license for feature 'Synthesis' and/or device 'xc7z010'
INFO: Launching helper process for spawning children vivado processes
INFO: Helper process launched with PID 2472 
---------------------------------------------------------------------------------
Starting RTL Elaboration : Time (s): cpu = 00:00:09 ; elapsed = 00:00:10 . Memory (MB): peak = 356.039 ; gain = 100.219
---------------------------------------------------------------------------------
INFO: [Synth 8-638] synthesizing module 'c_accum_0' [c:/git/SR/lab4/zas73/zas73.srcs/sources_1/ip/c_accum_0/synth/c_accum_0.vhd:70]
	Parameter C_XDEVICEFAMILY bound to: zynq - type: string 
	Parameter C_IMPLEMENTATION bound to: 0 - type: integer 
	Parameter C_VERBOSITY bound to: 0 - type: integer 
	Parameter C_B_WIDTH bound to: 13 - type: integer 
	Parameter C_OUT_WIDTH bound to: 258 - type: integer 
	Parameter C_B_TYPE bound to: 0 - type: integer 
	Parameter C_CE_OVERRIDES_SCLR bound to: 0 - type: integer 
	Parameter C_ADD_MODE bound to: 0 - type: integer 
	Parameter C_HAS_C_IN bound to: 0 - type: integer 
	Parameter C_HAS_CE bound to: 1 - type: integer 
	Parameter C_HAS_BYPASS bound to: 1 - type: integer 
	Parameter C_HAS_SCLR bound to: 1 - type: integer 
	Parameter C_LATENCY bound to: 1 - type: integer 
	Parameter C_SCALE bound to: 0 - type: integer 
	Parameter C_AINIT_VAL bound to: 0 - type: string 
	Parameter C_SINIT_VAL bound to: 0 - type: string 
	Parameter C_BYPASS_LOW bound to: 0 - type: integer 
	Parameter C_SCLR_OVERRIDES_SSET bound to: 1 - type: integer 
	Parameter C_HAS_SSET bound to: 0 - type: integer 
	Parameter C_HAS_SINIT bound to: 0 - type: integer 
INFO: [Synth 8-3491] module 'c_accum_v12_0_11' declared at 'c:/git/SR/lab4/zas73/zas73.srcs/sources_1/ip/c_accum_0/hdl/c_accum_v12_0_vh_rfs.vhd:2296' bound to instance 'U0' of component 'c_accum_v12_0_11' [c:/git/SR/lab4/zas73/zas73.srcs/sources_1/ip/c_accum_0/synth/c_accum_0.vhd:130]
INFO: [Synth 8-256] done synthesizing module 'c_accum_0' (9#1) [c:/git/SR/lab4/zas73/zas73.srcs/sources_1/ip/c_accum_0/synth/c_accum_0.vhd:70]
WARNING: [Synth 8-3331] design c_reg_fd_v12_0_4_viv has unconnected port AINIT
WARNING: [Synth 8-3331] design c_reg_fd_v12_0_4_viv has unconnected port ACLR
WARNING: [Synth 8-3331] design c_reg_fd_v12_0_4_viv has unconnected port ASET
WARNING: [Synth 8-3331] design c_reg_fd_v12_0_4_viv has unconnected port SINIT
WARNING: [Synth 8-3331] design c_reg_fd_v12_0_4_viv has unconnected port SSET
WARNING: [Synth 8-3331] design c_addsub_v12_0_11_lut6_legacy has unconnected port add
WARNING: [Synth 8-3331] design c_addsub_v12_0_11_lut6_legacy has unconnected port c_in
WARNING: [Synth 8-3331] design c_addsub_v12_0_11_lut6_legacy has unconnected port sset
WARNING: [Synth 8-3331] design c_addsub_v12_0_11_lut6_legacy has unconnected port sinit
WARNING: [Synth 8-3331] design c_addsub_v12_0_11_legacy has unconnected port c_in
WARNING: [Synth 8-3331] design c_addsub_v12_0_11_legacy has unconnected port b_in
WARNING: [Synth 8-3331] design c_addsub_v12_0_11_legacy has unconnected port a_signed
WARNING: [Synth 8-3331] design c_addsub_v12_0_11_legacy has unconnected port b_signed
WARNING: [Synth 8-3331] design c_accum_v12_0_11_fabric_legacy has unconnected port add
WARNING: [Synth 8-3331] design c_accum_v12_0_11_fabric_legacy has unconnected port c_in
WARNING: [Synth 8-3331] design c_accum_v12_0_11_fabric_legacy has unconnected port b_in
WARNING: [Synth 8-3331] design c_accum_v12_0_11_fabric_legacy has unconnected port b_signed
WARNING: [Synth 8-3331] design c_accum_v12_0_11_fabric_legacy has unconnected port sset
WARNING: [Synth 8-3331] design c_accum_v12_0_11_fabric_legacy has unconnected port sinit
---------------------------------------------------------------------------------
Finished RTL Elaboration : Time (s): cpu = 00:00:14 ; elapsed = 00:00:15 . Memory (MB): peak = 418.152 ; gain = 162.332
---------------------------------------------------------------------------------

Report Check Netlist: 
+------+------------------+-------+---------+-------+------------------+
|      |Item              |Errors |Warnings |Status |Description       |
+------+------------------+-------+---------+-------+------------------+
|1     |multi_driven_nets |      0|        0|Passed |Multi driven nets |
+------+------------------+-------+---------+-------+------------------+
---------------------------------------------------------------------------------
Finished RTL Optimization Phase 1 : Time (s): cpu = 00:00:15 ; elapsed = 00:00:15 . Memory (MB): peak = 418.152 ; gain = 162.332
---------------------------------------------------------------------------------
INFO: [Netlist 29-17] Analyzing 515 Unisim elements for replacement
INFO: [Netlist 29-28] Unisim Transformation completed in 0 CPU seconds
INFO: [Device 21-403] Loading part xc7z010clg400-1
INFO: [Project 1-570] Preparing netlist for logic optimization

Processing XDC Constraints
Initializing timing engine
Parsing XDC File [c:/git/SR/lab4/zas73/zas73.srcs/sources_1/ip/c_accum_0/c_accum_0_ooc.xdc] for cell 'U0'
Finished Parsing XDC File [c:/git/SR/lab4/zas73/zas73.srcs/sources_1/ip/c_accum_0/c_accum_0_ooc.xdc] for cell 'U0'
Parsing XDC File [C:/git/SR/lab4/zas73/zas73.runs/c_accum_0_synth_1/dont_touch.xdc]
Finished Parsing XDC File [C:/git/SR/lab4/zas73/zas73.runs/c_accum_0_synth_1/dont_touch.xdc]
Completed Processing XDC Constraints

INFO: [Project 1-111] Unisim Transformation Summary:
No Unisim elements were transformed.

Constraint Validation Runtime : Time (s): cpu = 00:00:00 ; elapsed = 00:00:00.031 . Memory (MB): peak = 750.352 ; gain = 0.000
---------------------------------------------------------------------------------
Finished Constraint Validation : Time (s): cpu = 00:00:30 ; elapsed = 00:00:32 . Memory (MB): peak = 750.352 ; gain = 494.531
---------------------------------------------------------------------------------
---------------------------------------------------------------------------------
Start Loading Part and Timing Information
---------------------------------------------------------------------------------
Loading part: xc7z010clg400-1
---------------------------------------------------------------------------------
Finished Loading Part and Timing Information : Time (s): cpu = 00:00:30 ; elapsed = 00:00:32 . Memory (MB): peak = 750.352 ; gain = 494.531
---------------------------------------------------------------------------------
---------------------------------------------------------------------------------
Start Applying 'set_property' XDC Constraints
---------------------------------------------------------------------------------
Applied set_property DONT_TOUCH = true for U0. (constraint file  C:/git/SR/lab4/zas73/zas73.runs/c_accum_0_synth_1/dont_touch.xdc, line 9).
---------------------------------------------------------------------------------
Finished applying 'set_property' XDC Constraints : Time (s): cpu = 00:00:30 ; elapsed = 00:00:32 . Memory (MB): peak = 750.352 ; gain = 494.531
---------------------------------------------------------------------------------
---------------------------------------------------------------------------------
Finished RTL Optimization Phase 2 : Time (s): cpu = 00:00:31 ; elapsed = 00:00:33 . Memory (MB): peak = 750.352 ; gain = 494.531
---------------------------------------------------------------------------------

Report RTL Partitions: 
+-+--------------+------------+----------+
| |RTL Partition |Replication |Instances |
+-+--------------+------------+----------+
+-+--------------+------------+----------+
---------------------------------------------------------------------------------
Start RTL Component Statistics 
---------------------------------------------------------------------------------
---------------------------------------------------------------------------------
Finished RTL Component Statistics 
---------------------------------------------------------------------------------
---------------------------------------------------------------------------------
Start RTL Hierarchical Component Statistics 
---------------------------------------------------------------------------------
---------------------------------------------------------------------------------
Finished RTL Hierarchical Component Statistics
---------------------------------------------------------------------------------
---------------------------------------------------------------------------------
Start Part Resource Summary
---------------------------------------------------------------------------------
Part Resources:
DSPs: 80 (col length:40)
BRAMs: 120 (col length: RAMB18 40 RAMB36 20)
---------------------------------------------------------------------------------
Finished Part Resource Summary
---------------------------------------------------------------------------------
---------------------------------------------------------------------------------
Start Cross Boundary and Area Optimization
---------------------------------------------------------------------------------
WARNING: [Synth 8-3331] design c_accum_v12_0_11_viv has unconnected port ADD
WARNING: [Synth 8-3331] design c_accum_v12_0_11_viv has unconnected port C_IN
WARNING: [Synth 8-3331] design c_accum_v12_0_11_viv has unconnected port SSET
WARNING: [Synth 8-3331] design c_accum_v12_0_11_viv has unconnected port SINIT
---------------------------------------------------------------------------------
Finished Cross Boundary and Area Optimization : Time (s): cpu = 00:00:33 ; elapsed = 00:00:35 . Memory (MB): peak = 750.352 ; gain = 494.531
---------------------------------------------------------------------------------

Report RTL Partitions: 
+-+--------------+------------+----------+
| |RTL Partition |Replication |Instances |
+-+--------------+------------+----------+
+-+--------------+------------+----------+
---------------------------------------------------------------------------------
Start Applying XDC Timing Constraints
---------------------------------------------------------------------------------
---------------------------------------------------------------------------------
Finished Applying XDC Timing Constraints : Time (s): cpu = 00:00:46 ; elapsed = 00:00:48 . Memory (MB): peak = 750.352 ; gain = 494.531
---------------------------------------------------------------------------------
---------------------------------------------------------------------------------
Start Timing Optimization
---------------------------------------------------------------------------------
---------------------------------------------------------------------------------
Finished Timing Optimization : Time (s): cpu = 00:00:47 ; elapsed = 00:00:49 . Memory (MB): peak = 750.352 ; gain = 494.531
---------------------------------------------------------------------------------

Report RTL Partitions: 
+-+--------------+------------+----------+
| |RTL Partition |Replication |Instances |
+-+--------------+------------+----------+
+-+--------------+------------+----------+
---------------------------------------------------------------------------------
Start Technology Mapping
---------------------------------------------------------------------------------
---------------------------------------------------------------------------------
Finished Technology Mapping : Time (s): cpu = 00:00:48 ; elapsed = 00:00:49 . Memory (MB): peak = 751.266 ; gain = 495.445
---------------------------------------------------------------------------------

Report RTL Partitions: 
+-+--------------+------------+----------+
| |RTL Partition |Replication |Instances |
+-+--------------+------------+----------+
+-+--------------+------------+----------+
---------------------------------------------------------------------------------
Start IO Insertion
---------------------------------------------------------------------------------
---------------------------------------------------------------------------------
Start Flattening Before IO Insertion
---------------------------------------------------------------------------------
---------------------------------------------------------------------------------
Finished Flattening Before IO Insertion
---------------------------------------------------------------------------------
---------------------------------------------------------------------------------
Start Final Netlist Cleanup
---------------------------------------------------------------------------------
---------------------------------------------------------------------------------
Finished Final Netlist Cleanup
---------------------------------------------------------------------------------
---------------------------------------------------------------------------------
Finished IO Insertion : Time (s): cpu = 00:00:49 ; elapsed = 00:00:51 . Memory (MB): peak = 751.266 ; gain = 495.445
---------------------------------------------------------------------------------

Report Check Netlist: 
+------+------------------+-------+---------+-------+------------------+
|      |Item              |Errors |Warnings |Status |Description       |
+------+------------------+-------+---------+-------+------------------+
|1     |multi_driven_nets |      0|        0|Passed |Multi driven nets |
+------+------------------+-------+---------+-------+------------------+
---------------------------------------------------------------------------------
Start Renaming Generated Instances
---------------------------------------------------------------------------------
---------------------------------------------------------------------------------
Finished Renaming Generated Instances : Time (s): cpu = 00:00:49 ; elapsed = 00:00:51 . Memory (MB): peak = 751.266 ; gain = 495.445
---------------------------------------------------------------------------------

Report RTL Partitions: 
+-+--------------+------------+----------+
| |RTL Partition |Replication |Instances |
+-+--------------+------------+----------+
+-+--------------+------------+----------+
---------------------------------------------------------------------------------
Start Rebuilding User Hierarchy
---------------------------------------------------------------------------------
---------------------------------------------------------------------------------
Finished Rebuilding User Hierarchy : Time (s): cpu = 00:00:49 ; elapsed = 00:00:51 . Memory (MB): peak = 751.266 ; gain = 495.445
---------------------------------------------------------------------------------
---------------------------------------------------------------------------------
Start Renaming Generated Ports
---------------------------------------------------------------------------------
---------------------------------------------------------------------------------
Finished Renaming Generated Ports : Time (s): cpu = 00:00:49 ; elapsed = 00:00:51 . Memory (MB): peak = 751.266 ; gain = 495.445
---------------------------------------------------------------------------------
---------------------------------------------------------------------------------
Start Handling Custom Attributes
---------------------------------------------------------------------------------
---------------------------------------------------------------------------------
Finished Handling Custom Attributes : Time (s): cpu = 00:00:49 ; elapsed = 00:00:51 . Memory (MB): peak = 751.266 ; gain = 495.445
---------------------------------------------------------------------------------
---------------------------------------------------------------------------------
Start Renaming Generated Nets
---------------------------------------------------------------------------------
---------------------------------------------------------------------------------
Finished Renaming Generated Nets : Time (s): cpu = 00:00:49 ; elapsed = 00:00:51 . Memory (MB): peak = 751.266 ; gain = 495.445
---------------------------------------------------------------------------------
---------------------------------------------------------------------------------
Start Writing Synthesis Report
---------------------------------------------------------------------------------

Report BlackBoxes: 
+-+--------------+----------+
| |BlackBox name |Instances |
+-+--------------+----------+
+-+--------------+----------+

Report Cell Usage: 
+------+------+------+
|      |Cell  |Count |
+------+------+------+
|1     |LUT2  |     1|
|2     |LUT3  |   258|
|3     |MUXCY |   257|
|4     |XORCY |   258|
|5     |FDRE  |   258|
+------+------+------+
---------------------------------------------------------------------------------
Finished Writing Synthesis Report : Time (s): cpu = 00:00:49 ; elapsed = 00:00:51 . Memory (MB): peak = 751.266 ; gain = 495.445
---------------------------------------------------------------------------------
Synthesis finished with 0 errors, 0 critical warnings and 4 warnings.
Synthesis Optimization Runtime : Time (s): cpu = 00:00:26 ; elapsed = 00:00:42 . Memory (MB): peak = 751.266 ; gain = 163.246
Synthesis Optimization Complete : Time (s): cpu = 00:00:49 ; elapsed = 00:00:51 . Memory (MB): peak = 751.266 ; gain = 495.445
INFO: [Project 1-571] Translating synthesized netlist
INFO: [Netlist 29-17] Analyzing 515 Unisim elements for replacement
INFO: [Netlist 29-28] Unisim Transformation completed in 0 CPU seconds
INFO: [Project 1-570] Preparing netlist for logic optimization
INFO: [Opt 31-138] Pushed 0 inverter(s) to 0 load pin(s).
INFO: [Project 1-111] Unisim Transformation Summary:
  A total of 65 instances were transformed.
  (MUXCY,XORCY) => CARRY4: 65 instances

INFO: [Common 17-83] Releasing license: Synthesis
16 Infos, 23 Warnings, 0 Critical Warnings and 0 Errors encountered.
synth_design completed successfully
synth_design: Time (s): cpu = 00:00:52 ; elapsed = 00:00:54 . Memory (MB): peak = 767.742 ; gain = 523.387
INFO: [Common 17-1381] The checkpoint 'C:/git/SR/lab4/zas73/zas73.runs/c_accum_0_synth_1/c_accum_0.dcp' has been generated.
