#-----------------------------------------------------------
# Vivado v2017.4 (64-bit)
# SW Build 2086221 on Fri Dec 15 20:55:39 MST 2017
# IP Build 2085800 on Fri Dec 15 22:25:07 MST 2017
# Start of session at: Sun May 13 22:48:36 2018
# Process ID: 10580
# Current directory: C:/git/SR/lab10/zad10_6/rgb2ycbcr
# Command line: vivado.exe -gui_launcher_event rodinguilauncherevent3764 C:\git\SR\lab10\zad10_6\rgb2ycbcr\rgb2ycbcr.xpr
# Log file: C:/git/SR/lab10/zad10_6/rgb2ycbcr/vivado.log
# Journal file: C:/git/SR/lab10/zad10_6/rgb2ycbcr\vivado.jou
#-----------------------------------------------------------
start_gui
open_project C:/git/SR/lab10/zad10_6/rgb2ycbcr/rgb2ycbcr.xpr
INFO: [Project 1-313] Project file moved from 'C:/git/SR/lab10/zad10_3/rgb2ycbcr' since last save.
Scanning sources...
Finished scanning sources
WARNING: [filemgmt 56-3] IP Repository Path: Could not find the directory 'C:/git/SR/My_IPs/rgb2ycbcr'.
WARNING: [filemgmt 56-2] IP Repository Path: Could not find the directory 'C:/git/SR/lab10/zad10_6/IPs', nor could it be found using path 'C:/git/SR/lab10/zad10_3/IPs'.
INFO: [IP_Flow 19-234] Refreshing IP repositories
INFO: [IP_Flow 19-1700] Loaded user IP repository 'c:/git/SR/lab10/Resources/rgb2y'.
WARNING: [IP_Flow 19-2248] Failed to load user IP repository 'c:/git/SR/My_IPs/rgb2ycbcr'; Can't find the specified path.
If this directory should no longer be in your list of user repositories, go to the IP Settings dialog and remove it.
WARNING: [IP_Flow 19-2248] Failed to load user IP repository 'c:/git/SR/lab10/zad10_6/IPs'; Can't find the specified path.
If this directory should no longer be in your list of user repositories, go to the IP Settings dialog and remove it.
INFO: [IP_Flow 19-2313] Loaded Vivado IP repository 'C:/Xilinx/Vivado/2017.4/data/ip'.
open_project: Time (s): cpu = 00:00:16 ; elapsed = 00:00:06 . Memory (MB): peak = 794.598 ; gain = 69.063
update_compile_order -fileset sources_1
exit
INFO: [Common 17-206] Exiting Vivado at Sun May 13 22:53:24 2018...
