
*** Running vivado
    with args -log hdmi_vga_rgb2vga_0_1.vds -m64 -product Vivado -mode batch -messageDb vivado.pb -notrace -source hdmi_vga_rgb2vga_0_1.tcl


****** Vivado v2017.4 (64-bit)
  **** SW Build 2086221 on Fri Dec 15 20:54:30 MST 2017
  **** IP Build 2085800 on Fri Dec 15 22:25:07 MST 2017
    ** Copyright 1986-2017 Xilinx, Inc. All Rights Reserved.

source hdmi_vga_rgb2vga_0_1.tcl -notrace
Command: synth_design -top hdmi_vga_rgb2vga_0_1 -part xc7z010clg400-1 -mode out_of_context
Starting synth_design
Attempting to get a license for feature 'Synthesis' and/or device 'xc7z010'
INFO: [Common 17-349] Got license for feature 'Synthesis' and/or device 'xc7z010'
INFO: Launching helper process for spawning children vivado processes
INFO: Helper process launched with PID 16955 
---------------------------------------------------------------------------------
Starting RTL Elaboration : Time (s): cpu = 00:00:07 ; elapsed = 00:00:07 . Memory (MB): peak = 1314.527 ; gain = 84.996 ; free physical = 10497 ; free virtual = 29108
---------------------------------------------------------------------------------
INFO: [Synth 8-638] synthesizing module 'hdmi_vga_rgb2vga_0_1' [/home/lsriw/sr/RomanMichal/SR/lab5/zad85/zad85.srcs/sources_1/bd/hdmi_vga/ip/hdmi_vga_rgb2vga_0_1/synth/hdmi_vga_rgb2vga_0_1.vhd:71]
	Parameter VID_IN_DATA_WIDTH bound to: 24 - type: integer 
	Parameter kRedDepth bound to: 5 - type: integer 
	Parameter kGreenDepth bound to: 6 - type: integer 
	Parameter kBlueDepth bound to: 5 - type: integer 
INFO: [Synth 8-3491] module 'rgb2vga' declared at '/home/lsriw/sr/RomanMichal/SR/lab5/zad85/zad85.srcs/sources_1/bd/hdmi_vga/ipshared/69dc/src/rgb2vga.vhd:58' bound to instance 'U0' of component 'rgb2vga' [/home/lsriw/sr/RomanMichal/SR/lab5/zad85/zad85.srcs/sources_1/bd/hdmi_vga/ip/hdmi_vga_rgb2vga_0_1/synth/hdmi_vga_rgb2vga_0_1.vhd:107]
INFO: [Synth 8-638] synthesizing module 'rgb2vga' [/home/lsriw/sr/RomanMichal/SR/lab5/zad85/zad85.srcs/sources_1/bd/hdmi_vga/ipshared/69dc/src/rgb2vga.vhd:81]
	Parameter VID_IN_DATA_WIDTH bound to: 24 - type: integer 
	Parameter kRedDepth bound to: 5 - type: integer 
	Parameter kGreenDepth bound to: 6 - type: integer 
	Parameter kBlueDepth bound to: 5 - type: integer 
INFO: [Synth 8-256] done synthesizing module 'rgb2vga' (1#1) [/home/lsriw/sr/RomanMichal/SR/lab5/zad85/zad85.srcs/sources_1/bd/hdmi_vga/ipshared/69dc/src/rgb2vga.vhd:81]
INFO: [Synth 8-256] done synthesizing module 'hdmi_vga_rgb2vga_0_1' (2#1) [/home/lsriw/sr/RomanMichal/SR/lab5/zad85/zad85.srcs/sources_1/bd/hdmi_vga/ip/hdmi_vga_rgb2vga_0_1/synth/hdmi_vga_rgb2vga_0_1.vhd:71]
---------------------------------------------------------------------------------
Finished RTL Elaboration : Time (s): cpu = 00:00:07 ; elapsed = 00:00:08 . Memory (MB): peak = 1356.059 ; gain = 126.527 ; free physical = 10510 ; free virtual = 29121
---------------------------------------------------------------------------------

Report Check Netlist: 
+------+------------------+-------+---------+-------+------------------+
|      |Item              |Errors |Warnings |Status |Description       |
+------+------------------+-------+---------+-------+------------------+
|1     |multi_driven_nets |      0|        0|Passed |Multi driven nets |
+------+------------------+-------+---------+-------+------------------+
---------------------------------------------------------------------------------
Finished RTL Optimization Phase 1 : Time (s): cpu = 00:00:07 ; elapsed = 00:00:08 . Memory (MB): peak = 1356.059 ; gain = 126.527 ; free physical = 10509 ; free virtual = 29121
---------------------------------------------------------------------------------
INFO: [Device 21-403] Loading part xc7z010clg400-1
INFO: [Project 1-570] Preparing netlist for logic optimization

Processing XDC Constraints
Initializing timing engine
Completed Processing XDC Constraints

INFO: [Project 1-111] Unisim Transformation Summary:
No Unisim elements were transformed.

Constraint Validation Runtime : Time (s): cpu = 00:00:00 ; elapsed = 00:00:00.01 . Memory (MB): peak = 1701.832 ; gain = 0.000 ; free physical = 10297 ; free virtual = 28906
---------------------------------------------------------------------------------
Finished Constraint Validation : Time (s): cpu = 00:00:23 ; elapsed = 00:00:43 . Memory (MB): peak = 1701.832 ; gain = 472.301 ; free physical = 10363 ; free virtual = 28972
---------------------------------------------------------------------------------
---------------------------------------------------------------------------------
Start Loading Part and Timing Information
---------------------------------------------------------------------------------
Loading part: xc7z010clg400-1
---------------------------------------------------------------------------------
Finished Loading Part and Timing Information : Time (s): cpu = 00:00:23 ; elapsed = 00:00:43 . Memory (MB): peak = 1701.832 ; gain = 472.301 ; free physical = 10363 ; free virtual = 28972
---------------------------------------------------------------------------------
---------------------------------------------------------------------------------
Start Applying 'set_property' XDC Constraints
---------------------------------------------------------------------------------
---------------------------------------------------------------------------------
Finished applying 'set_property' XDC Constraints : Time (s): cpu = 00:00:23 ; elapsed = 00:00:43 . Memory (MB): peak = 1701.832 ; gain = 472.301 ; free physical = 10365 ; free virtual = 28974
---------------------------------------------------------------------------------
---------------------------------------------------------------------------------
Finished RTL Optimization Phase 2 : Time (s): cpu = 00:00:23 ; elapsed = 00:00:43 . Memory (MB): peak = 1701.832 ; gain = 472.301 ; free physical = 10356 ; free virtual = 28966
---------------------------------------------------------------------------------

Report RTL Partitions: 
+-+--------------+------------+----------+
| |RTL Partition |Replication |Instances |
+-+--------------+------------+----------+
+-+--------------+------------+----------+
---------------------------------------------------------------------------------
Start RTL Component Statistics 
---------------------------------------------------------------------------------
Detailed RTL Component Info : 
+---Registers : 
	               24 Bit    Registers := 1     
	                1 Bit    Registers := 2     
+---Muxes : 
	   2 Input     24 Bit        Muxes := 1     
---------------------------------------------------------------------------------
Finished RTL Component Statistics 
---------------------------------------------------------------------------------
---------------------------------------------------------------------------------
Start RTL Hierarchical Component Statistics 
---------------------------------------------------------------------------------
Hierarchical RTL Component report 
Module rgb2vga 
Detailed RTL Component Info : 
+---Registers : 
	               24 Bit    Registers := 1     
	                1 Bit    Registers := 2     
+---Muxes : 
	   2 Input     24 Bit        Muxes := 1     
---------------------------------------------------------------------------------
Finished RTL Hierarchical Component Statistics
---------------------------------------------------------------------------------
---------------------------------------------------------------------------------
Start Part Resource Summary
---------------------------------------------------------------------------------
Part Resources:
DSPs: 80 (col length:40)
BRAMs: 120 (col length: RAMB18 40 RAMB36 20)
---------------------------------------------------------------------------------
Finished Part Resource Summary
---------------------------------------------------------------------------------
---------------------------------------------------------------------------------
Start Cross Boundary and Area Optimization
---------------------------------------------------------------------------------
INFO: [Synth 8-3332] Sequential element (U0/int_pData_reg[18]) is unused and will be removed from module hdmi_vga_rgb2vga_0_1.
INFO: [Synth 8-3332] Sequential element (U0/int_pData_reg[17]) is unused and will be removed from module hdmi_vga_rgb2vga_0_1.
INFO: [Synth 8-3332] Sequential element (U0/int_pData_reg[16]) is unused and will be removed from module hdmi_vga_rgb2vga_0_1.
INFO: [Synth 8-3332] Sequential element (U0/int_pData_reg[10]) is unused and will be removed from module hdmi_vga_rgb2vga_0_1.
INFO: [Synth 8-3332] Sequential element (U0/int_pData_reg[9]) is unused and will be removed from module hdmi_vga_rgb2vga_0_1.
INFO: [Synth 8-3332] Sequential element (U0/int_pData_reg[8]) is unused and will be removed from module hdmi_vga_rgb2vga_0_1.
INFO: [Synth 8-3332] Sequential element (U0/int_pData_reg[1]) is unused and will be removed from module hdmi_vga_rgb2vga_0_1.
INFO: [Synth 8-3332] Sequential element (U0/int_pData_reg[0]) is unused and will be removed from module hdmi_vga_rgb2vga_0_1.
---------------------------------------------------------------------------------
Finished Cross Boundary and Area Optimization : Time (s): cpu = 00:00:23 ; elapsed = 00:00:43 . Memory (MB): peak = 1701.832 ; gain = 472.301 ; free physical = 10347 ; free virtual = 28957
---------------------------------------------------------------------------------

Report RTL Partitions: 
+-+--------------+------------+----------+
| |RTL Partition |Replication |Instances |
+-+--------------+------------+----------+
+-+--------------+------------+----------+
---------------------------------------------------------------------------------
Start Applying XDC Timing Constraints
---------------------------------------------------------------------------------
---------------------------------------------------------------------------------
Finished Applying XDC Timing Constraints : Time (s): cpu = 00:00:30 ; elapsed = 00:00:53 . Memory (MB): peak = 1701.832 ; gain = 472.301 ; free physical = 10217 ; free virtual = 28827
---------------------------------------------------------------------------------
---------------------------------------------------------------------------------
Start Timing Optimization
---------------------------------------------------------------------------------
---------------------------------------------------------------------------------
Finished Timing Optimization : Time (s): cpu = 00:00:30 ; elapsed = 00:00:53 . Memory (MB): peak = 1701.832 ; gain = 472.301 ; free physical = 10217 ; free virtual = 28827
---------------------------------------------------------------------------------

Report RTL Partitions: 
+-+--------------+------------+----------+
| |RTL Partition |Replication |Instances |
+-+--------------+------------+----------+
+-+--------------+------------+----------+
---------------------------------------------------------------------------------
Start Technology Mapping
---------------------------------------------------------------------------------
---------------------------------------------------------------------------------
Finished Technology Mapping : Time (s): cpu = 00:00:30 ; elapsed = 00:00:53 . Memory (MB): peak = 1701.832 ; gain = 472.301 ; free physical = 10217 ; free virtual = 28826
---------------------------------------------------------------------------------

Report RTL Partitions: 
+-+--------------+------------+----------+
| |RTL Partition |Replication |Instances |
+-+--------------+------------+----------+
+-+--------------+------------+----------+
---------------------------------------------------------------------------------
Start IO Insertion
---------------------------------------------------------------------------------
---------------------------------------------------------------------------------
Start Flattening Before IO Insertion
---------------------------------------------------------------------------------
---------------------------------------------------------------------------------
Finished Flattening Before IO Insertion
---------------------------------------------------------------------------------
---------------------------------------------------------------------------------
Start Final Netlist Cleanup
---------------------------------------------------------------------------------
---------------------------------------------------------------------------------
Finished Final Netlist Cleanup
---------------------------------------------------------------------------------
---------------------------------------------------------------------------------
Finished IO Insertion : Time (s): cpu = 00:00:30 ; elapsed = 00:00:53 . Memory (MB): peak = 1701.832 ; gain = 472.301 ; free physical = 10217 ; free virtual = 28826
---------------------------------------------------------------------------------

Report Check Netlist: 
+------+------------------+-------+---------+-------+------------------+
|      |Item              |Errors |Warnings |Status |Description       |
+------+------------------+-------+---------+-------+------------------+
|1     |multi_driven_nets |      0|        0|Passed |Multi driven nets |
+------+------------------+-------+---------+-------+------------------+
---------------------------------------------------------------------------------
Start Renaming Generated Instances
---------------------------------------------------------------------------------
---------------------------------------------------------------------------------
Finished Renaming Generated Instances : Time (s): cpu = 00:00:30 ; elapsed = 00:00:53 . Memory (MB): peak = 1701.832 ; gain = 472.301 ; free physical = 10217 ; free virtual = 28826
---------------------------------------------------------------------------------

Report RTL Partitions: 
+-+--------------+------------+----------+
| |RTL Partition |Replication |Instances |
+-+--------------+------------+----------+
+-+--------------+------------+----------+
---------------------------------------------------------------------------------
Start Rebuilding User Hierarchy
---------------------------------------------------------------------------------
---------------------------------------------------------------------------------
Finished Rebuilding User Hierarchy : Time (s): cpu = 00:00:30 ; elapsed = 00:00:53 . Memory (MB): peak = 1701.832 ; gain = 472.301 ; free physical = 10217 ; free virtual = 28826
---------------------------------------------------------------------------------
---------------------------------------------------------------------------------
Start Renaming Generated Ports
---------------------------------------------------------------------------------
---------------------------------------------------------------------------------
Finished Renaming Generated Ports : Time (s): cpu = 00:00:30 ; elapsed = 00:00:53 . Memory (MB): peak = 1701.832 ; gain = 472.301 ; free physical = 10217 ; free virtual = 28826
---------------------------------------------------------------------------------
---------------------------------------------------------------------------------
Start Handling Custom Attributes
---------------------------------------------------------------------------------
---------------------------------------------------------------------------------
Finished Handling Custom Attributes : Time (s): cpu = 00:00:30 ; elapsed = 00:00:53 . Memory (MB): peak = 1701.832 ; gain = 472.301 ; free physical = 10217 ; free virtual = 28826
---------------------------------------------------------------------------------
---------------------------------------------------------------------------------
Start Renaming Generated Nets
---------------------------------------------------------------------------------
---------------------------------------------------------------------------------
Finished Renaming Generated Nets : Time (s): cpu = 00:00:30 ; elapsed = 00:00:53 . Memory (MB): peak = 1701.832 ; gain = 472.301 ; free physical = 10217 ; free virtual = 28826
---------------------------------------------------------------------------------
---------------------------------------------------------------------------------
Start Writing Synthesis Report
---------------------------------------------------------------------------------

Report BlackBoxes: 
+-+--------------+----------+
| |BlackBox name |Instances |
+-+--------------+----------+
+-+--------------+----------+

Report Cell Usage: 
+------+-----+------+
|      |Cell |Count |
+------+-----+------+
|1     |LUT1 |     1|
|2     |FDRE |    18|
+------+-----+------+

Report Instance Areas: 
+------+---------+--------+------+
|      |Instance |Module  |Cells |
+------+---------+--------+------+
|1     |top      |        |    19|
|2     |  U0     |rgb2vga |    19|
+------+---------+--------+------+
---------------------------------------------------------------------------------
Finished Writing Synthesis Report : Time (s): cpu = 00:00:30 ; elapsed = 00:00:53 . Memory (MB): peak = 1701.832 ; gain = 472.301 ; free physical = 10217 ; free virtual = 28826
---------------------------------------------------------------------------------
Synthesis finished with 0 errors, 0 critical warnings and 0 warnings.
Synthesis Optimization Runtime : Time (s): cpu = 00:00:21 ; elapsed = 00:00:26 . Memory (MB): peak = 1701.832 ; gain = 126.527 ; free physical = 10274 ; free virtual = 28883
Synthesis Optimization Complete : Time (s): cpu = 00:00:30 ; elapsed = 00:00:53 . Memory (MB): peak = 1701.832 ; gain = 472.301 ; free physical = 10274 ; free virtual = 28883
INFO: [Project 1-571] Translating synthesized netlist
INFO: [Project 1-570] Preparing netlist for logic optimization
INFO: [Opt 31-138] Pushed 0 inverter(s) to 0 load pin(s).
INFO: [Project 1-111] Unisim Transformation Summary:
No Unisim elements were transformed.

INFO: [Common 17-83] Releasing license: Synthesis
22 Infos, 0 Warnings, 0 Critical Warnings and 0 Errors encountered.
synth_design completed successfully
synth_design: Time (s): cpu = 00:00:31 ; elapsed = 00:00:54 . Memory (MB): peak = 1701.832 ; gain = 497.129 ; free physical = 10265 ; free virtual = 28874
INFO: [Common 17-1381] The checkpoint '/home/lsriw/sr/RomanMichal/SR/lab5/zad85/zad85.runs/hdmi_vga_rgb2vga_0_1_synth_1/hdmi_vga_rgb2vga_0_1.dcp' has been generated.
INFO: [Coretcl 2-1482] Added synthesis output to IP cache for IP /home/lsriw/sr/RomanMichal/SR/lab5/zad85/zad85.srcs/sources_1/bd/hdmi_vga/ip/hdmi_vga_rgb2vga_0_1/hdmi_vga_rgb2vga_0_1.xci
INFO: [Common 17-1381] The checkpoint '/home/lsriw/sr/RomanMichal/SR/lab5/zad85/zad85.runs/hdmi_vga_rgb2vga_0_1_synth_1/hdmi_vga_rgb2vga_0_1.dcp' has been generated.
INFO: [runtcl-4] Executing : report_utilization -file hdmi_vga_rgb2vga_0_1_utilization_synth.rpt -pb hdmi_vga_rgb2vga_0_1_utilization_synth.pb
report_utilization: Time (s): cpu = 00:00:00.05 ; elapsed = 00:00:00.07 . Memory (MB): peak = 1701.832 ; gain = 0.000 ; free physical = 10266 ; free virtual = 28875
INFO: [Common 17-206] Exiting Vivado at Wed Apr 25 09:29:40 2018...
