#-----------------------------------------------------------
# Vivado v2017.4 (64-bit)
# SW Build 2086221 on Fri Dec 15 20:55:39 MST 2017
# IP Build 2085800 on Fri Dec 15 22:25:07 MST 2017
# Start of session at: Tue May  8 18:24:13 2018
# Process ID: 13348
# Current directory: C:/git/SR/lab5/zad85
# Command line: vivado.exe -gui_launcher_event rodinguilauncherevent12632 C:\git\SR\lab5\zad85\zad85.xpr
# Log file: C:/git/SR/lab5/zad85/vivado.log
# Journal file: C:/git/SR/lab5/zad85\vivado.jou
#-----------------------------------------------------------
start_gui
open_project C:/git/SR/lab5/zad85/zad85.xpr
INFO: [Project 1-313] Project file moved from '/home/lsriw/sr/RomanMichal/SR/lab5/zad85' since last save.
Scanning sources...
Finished scanning sources
INFO: [IP_Flow 19-234] Refreshing IP repositories
INFO: [IP_Flow 19-1700] Loaded user IP repository 'c:/git/SR/lab5/hdmi_vga_ip_repo'.
INFO: [IP_Flow 19-1700] Loaded user IP repository 'c:/git/SR/lab5/vp_b'.
INFO: [IP_Flow 19-2313] Loaded Vivado IP repository 'C:/Xilinx/Vivado/2017.4/data/ip'.
update_compile_order -fileset sources_1
exit
INFO: [Common 17-206] Exiting Vivado at Tue May  8 18:28:15 2018...
