#-----------------------------------------------------------
# Vivado v2017.4 (64-bit)
# SW Build 2086221 on Fri Dec 15 20:55:39 MST 2017
# IP Build 2085800 on Fri Dec 15 22:25:07 MST 2017
# Start of session at: Wed Jun  6 08:12:40 2018
# Process ID: 11176
# Current directory: C:/git/SR/lab11/zad11_1/hdmi_vga_zybo/hdmi_vga_zybo.tmp/vp_v1_1_project
# Command line: vivado.exe -gui_launcher_event rodinguilauncherevent13328 C:\git\SR\lab11\zad11_1\hdmi_vga_zybo\hdmi_vga_zybo.tmp\vp_v1_1_project\vp_v1_1_project.xpr
# Log file: C:/git/SR/lab11/zad11_1/hdmi_vga_zybo/hdmi_vga_zybo.tmp/vp_v1_1_project/vivado.log
# Journal file: C:/git/SR/lab11/zad11_1/hdmi_vga_zybo/hdmi_vga_zybo.tmp/vp_v1_1_project\vivado.jou
#-----------------------------------------------------------
start_gui
open_project C:/git/SR/lab11/zad11_1/hdmi_vga_zybo/hdmi_vga_zybo.tmp/vp_v1_1_project/vp_v1_1_project.xpr
INFO: [Project 1-313] Project file moved from 'c:/users/bartek/reconfigurable-systems-laboratory-class/10/3/hdmi_vga_zybo/hdmi_vga_zybo.tmp/vp_v1_1_project' since last save.
CRITICAL WARNING: [Project 1-311] Could not find the file 'C:/../Users/Bartek/Reconfigurable-Systems-Laboratory-Class/My_IPs/vp/src/rgb2ycbcr_0_1/rgb2ycbcr_0.xci', nor could it be found using path 'c:/Users/Bartek/Reconfigurable-Systems-Laboratory-Class/My_IPs/vp/src/rgb2ycbcr_0_1/rgb2ycbcr_0.xci'.
CRITICAL WARNING: [Project 1-311] Could not find the file 'C:/../Users/Bartek/Reconfigurable-Systems-Laboratory-Class/My_IPs/vp/src/vp.v', nor could it be found using path 'c:/Users/Bartek/Reconfigurable-Systems-Laboratory-Class/My_IPs/vp/src/vp.v'.
CRITICAL WARNING: [Project 1-311] Could not find the file 'C:/../Users/Bartek/Reconfigurable-Systems-Laboratory-Class/My_IPs/vp/component.xml', nor could it be found using path 'c:/Users/Bartek/Reconfigurable-Systems-Laboratory-Class/My_IPs/vp/component.xml'.
CRITICAL WARNING: [Project 1-311] Could not find the file 'C:/../Users/Bartek/Reconfigurable-Systems-Laboratory-Class/My_IPs/vp/src/hdmi_in.v', nor could it be found using path 'c:/Users/Bartek/Reconfigurable-Systems-Laboratory-Class/My_IPs/vp/src/hdmi_in.v'.
CRITICAL WARNING: [Project 1-311] Could not find the file 'C:/../Users/Bartek/Reconfigurable-Systems-Laboratory-Class/My_IPs/vp/src/hdmi_out.v', nor could it be found using path 'c:/Users/Bartek/Reconfigurable-Systems-Laboratory-Class/My_IPs/vp/src/hdmi_out.v'.
CRITICAL WARNING: [Project 1-311] Could not find the file 'C:/../Users/Bartek/Reconfigurable-Systems-Laboratory-Class/My_IPs/vp/src/tb_hdmi.v', nor could it be found using path 'c:/Users/Bartek/Reconfigurable-Systems-Laboratory-Class/My_IPs/vp/src/tb_hdmi.v'.
Scanning sources...
Finished scanning sources
WARNING: [filemgmt 56-2] IP Repository Path: Could not find the directory 'C:/../Users/Bartek/Reconfigurable-Systems-Laboratory-Class/My_IPs', nor could it be found using path 'c:/Users/Bartek/Reconfigurable-Systems-Laboratory-Class/My_IPs'.
WARNING: [filemgmt 56-2] IP Repository Path: Could not find the directory 'C:/../Users/Bartek/Reconfigurable-Systems-Laboratory-Class/08/Resources', nor could it be found using path 'c:/Users/Bartek/Reconfigurable-Systems-Laboratory-Class/08/Resources'.
WARNING: [filemgmt 56-2] IPUserFilesDir: Could not find the directory 'C:/git/SR/lab11/zad11_1/hdmi_vga_zybo/hdmi_vga_zybo.tmp/vp_v1_1_project/vp_v1_1_project.ip_user_files', nor could it be found using path 'c:/users/bartek/reconfigurable-systems-laboratory-class/10/3/hdmi_vga_zybo/hdmi_vga_zybo.tmp/vp_v1_1_project/vp_v1_1_project.ip_user_files'.
ERROR: [IP_Flow 19-993] Could not find IP file for IP 'rgb2ycbcr_0'.
CRITICAL WARNING: [IP_Flow 19-5097] Unable to determine VLNV from IP file; verify it has the correct syntax: 
INFO: [IP_Flow 19-234] Refreshing IP repositories
WARNING: [IP_Flow 19-2248] Failed to load user IP repository 'c:Users/Bartek/Reconfigurable-Systems-Laboratory-Class/My_IPs'; Can't find the specified path.
If this directory should no longer be in your list of user repositories, go to the IP Settings dialog and remove it.
WARNING: [IP_Flow 19-2248] Failed to load user IP repository 'c:Users/Bartek/Reconfigurable-Systems-Laboratory-Class/08/Resources'; Can't find the specified path.
If this directory should no longer be in your list of user repositories, go to the IP Settings dialog and remove it.
INFO: [IP_Flow 19-2313] Loaded Vivado IP repository 'C:/Xilinx/Vivado/2017.4/data/ip'.
open_project: Time (s): cpu = 00:00:20 ; elapsed = 00:00:07 . Memory (MB): peak = 763.832 ; gain = 38.305
ERROR: [Common 17-39] 'open_project' failed due to earlier errors.
update_compile_order -fileset sources_1
update_compile_order -fileset sim_1
exit
INFO: [Common 17-206] Exiting Vivado at Wed Jun  6 08:13:41 2018...
