Exception at PC 0x00007FFABE9BF218
Exception at PC 0x00007FFABE9BF218
Exception at PC 0x00007FFABE9BF218
Exception at PC 0x00007FFABE9BF218
Exception at PC 0x00007FFA626DE132
Attemped to write at address 0x00007FFA961B4AA4
Printing stacktrace...

[0]  [0x00007FFA626DE132]
[1]  [0x00007FFA626DE132]
[2]  [0x00007FFA626DE194]
[3]  [0x00007FFA6232D0D7]
[4]  [0x00007FFA62212BCA]
[5]  [0x00007FFA62212FD1]
[6]  [0x00007FFA626DEB2F]
[7]  [0x00007FFA6259C19D]
[8]  [0x00007FFA62595942]
[9]  [0x00007FFA62595AB5]
[10] (RtlActivateActivationContextUnsafeFast+0x123) [0x00007FFAC25E4143]
[11] (LdrShutdownProcess+0x125) [0x00007FFAC25F0AF5]
[12] (RtlExitUserProcess+0xd8) [0x00007FFAC25F09B8]
[13] (FatalExit+0xa) [0x00007FFABFE6B19A]
[14] (exit+0x75) [0x00007FFAC0EE9CE5]
[15] (initterm_e+0x235) [0x00007FFAC0EEA345]
[16]  [0x00000000004014CD]
[17]  [0x000000000040151B]
[18] (BaseThreadInitThunk+0x14) [0x00007FFABFE63034]
[19] (RtlUserThreadStart+0x21) [0x00007FFAC2621551]
Done
