#-----------------------------------------------------------
# Vivado v2017.4 (64-bit)
# SW Build 2086221 on Fri Dec 15 20:55:39 MST 2017
# IP Build 2085800 on Fri Dec 15 22:25:07 MST 2017
# Start of session at: Tue Apr 10 16:48:49 2018
# Process ID: 240
# Current directory: C:/git/SR/lab4/zas73
# Command line: vivado.exe -gui_launcher_event rodinguilauncherevent11072 C:\git\SR\lab4\zas73\zas73.xpr
# Log file: C:/git/SR/lab4/zas73/vivado.log
# Journal file: C:/git/SR/lab4/zas73\vivado.jou
#-----------------------------------------------------------
start_gui
open_project C:/git/SR/lab4/zas73/zas73.xpr
Scanning sources...
Finished scanning sources
INFO: [IP_Flow 19-234] Refreshing IP repositories
INFO: [IP_Flow 19-1704] No user IP repositories specified
INFO: [IP_Flow 19-2313] Loaded Vivado IP repository 'C:/Xilinx/Vivado/2017.4/data/ip'.
update_compile_order -fileset sources_1
launch_simulation
INFO: [Vivado 12-5698] Checking validity of IPs in the design for the 'XSim' simulator...
INFO: [Vivado 12-5682] Launching behavioral simulation in 'C:/git/SR/lab4/zas73/zas73.sim/sim_1/behav/xsim'
INFO: [Vivado 12-4795] Using compiled simulation libraries for IPs
INFO: [SIM-utils-51] Simulation object is 'sim_1'
INFO: [USF-XSim-7] Finding pre-compiled libraries...
INFO: [USF-XSim-11] File 'C:/Xilinx/Vivado/2017.4/data/xsim/ip/xsim_ip.ini' copied to run dir:'C:/git/SR/lab4/zas73/zas73.sim/sim_1/behav/xsim'
INFO: [SIM-utils-54] Inspecting design source files for 'test' in fileset 'sim_1'...
INFO: [USF-XSim-97] Finding global include files...
INFO: [USF-XSim-98] Fetching design files from 'sim_1'...
INFO: [USF-XSim-2] XSim::Compile design
INFO: [USF-XSim-61] Executing 'COMPILE and ANALYZE' step in 'C:/git/SR/lab4/zas73/zas73.sim/sim_1/behav/xsim'
"xvlog --incr --relax -prj test_vlog.prj"
"xvhdl --incr --relax -prj test_vhdl.prj"
INFO: [USF-XSim-69] 'compile' step finished in '2' seconds
INFO: [USF-XSim-3] XSim::Elaborate design
INFO: [USF-XSim-61] Executing 'ELABORATE' step in 'C:/git/SR/lab4/zas73/zas73.sim/sim_1/behav/xsim'
Vivado Simulator 2017.4
Copyright 1986-1999, 2001-2016 Xilinx, Inc. All Rights Reserved.
Running: C:/Xilinx/Vivado/2017.4/bin/unwrapped/win64.o/xelab.exe -wto 2ad9833437b24d47864a260ab2067ab7 --incr --debug typical --relax --mt 2 -L xbip_utils_v3_0_8 -L c_reg_fd_v12_0_4 -L xbip_dsp48_wrapper_v3_0_4 -L xbip_pipe_v3_0_4 -L xbip_dsp48_addsub_v3_0_4 -L xbip_addsub_v3_0_4 -L c_addsub_v12_0_11 -L xbip_dsp48_acc_v3_0_4 -L xbip_accum_v3_0_4 -L c_accum_v12_0_11 -L xil_defaultlib -L unisims_ver -L unimacro_ver -L secureip -L xpm --snapshot test_behav xil_defaultlib.test xil_defaultlib.glbl -log elaborate.log 
Using 2 slave threads.
Starting static elaboration
Completed static elaboration
INFO: [XSIM 43-4323] No Change in HDL. Linking previously generated obj files to create kernel
INFO: [USF-XSim-69] 'elaborate' step finished in '3' seconds
INFO: [USF-XSim-4] XSim::Simulate design
INFO: [USF-XSim-61] Executing 'SIMULATE' step in 'C:/git/SR/lab4/zas73/zas73.sim/sim_1/behav/xsim'
INFO: [USF-XSim-98] *** Running xsim
   with args "test_behav -key {Behavioral:sim_1:Functional:test} -tclbatch {test.tcl} -log {simulate.log}"
INFO: [USF-XSim-8] Loading simulator feature
Vivado Simulator 2017.4
Time resolution is 1 ps
source test.tcl
# set curr_wave [current_wave_config]
# if { [string length $curr_wave] == 0 } {
#   if { [llength [get_objects]] > 0} {
#     add_wave /
#     set_property needs_save false [current_wave_config]
#   } else {
#      send_msg_id Add_Wave-1 WARNING "No top level signals found. Simulator will start without a wave window. If you want to open a wave window go to 'File->New Waveform Configuration' or type 'create_wave_config' in the TCL console."
#   }
# }
# run 1000ns
Warning: OPMODE Input Warning : The OPMODE 0U01100 with CARRYINSEL  000 to DSP48E1 instance is invalid.
Time: 100010 ps  Iteration: 0  Process: /test/js1/acc/U0/i_synth/i_baseip/i_xbip_accum/dsp48_implementation/use_usecase/i_xbip_dsp48_acc/i_synth_option/i_synth_model/opt_vx5/i_uniwrap/i_primitive/D1/prcs_opmode_drc  File: C:\Xilinx\Vivado\2017.4\data/vhdl/src/unisims/primitive/DSP48E1.vhd
INFO: [USF-XSim-96] XSim completed. Design snapshot 'test_behav' loaded.
INFO: [USF-XSim-97] XSim simulation ran for 1000ns
launch_simulation: Time (s): cpu = 00:00:07 ; elapsed = 00:00:08 . Memory (MB): peak = 879.340 ; gain = 0.000
close_sim
INFO: [Simtcl 6-16] Simulation closed
export_ip_user_files -of_objects  [get_files C:/git/SR/lab4/zas73/zas73.srcs/sources_1/ip/c_accum_0_1/c_accum_0.xci] -no_script -reset -force -quiet
remove_files  -fileset c_accum_0 C:/git/SR/lab4/zas73/zas73.srcs/sources_1/ip/c_accum_0_1/c_accum_0.xci
INFO: [Project 1-386] Moving file 'C:/git/SR/lab4/zas73/zas73.srcs/sources_1/ip/c_accum_0_1/c_accum_0.xci' from fileset 'c_accum_0' to fileset 'sources_1'.
create_ip -name c_accum -vendor xilinx.com -library ip -version 12.0 -module_name c_accum_0 -dir c:/git/SR/lab4/zas73/zas73.srcs/sources_1/ip
set_property -dict [list CONFIG.Implementation {DSP48} CONFIG.Input_Width {13} CONFIG.Output_Width {26} CONFIG.CE {true} CONFIG.SCLR {true}] [get_ips c_accum_0]
generate_target {instantiation_template} [get_files c:/git/SR/lab4/zas73/zas73.srcs/sources_1/ip/c_accum_0_2/c_accum_0.xci]
INFO: [IP_Flow 19-1686] Generating 'Instantiation Template' target for IP 'c_accum_0'...
generate_target all [get_files  c:/git/SR/lab4/zas73/zas73.srcs/sources_1/ip/c_accum_0_2/c_accum_0.xci]
INFO: [IP_Flow 19-1686] Generating 'Synthesis' target for IP 'c_accum_0'...
INFO: [IP_Flow 19-1686] Generating 'Simulation' target for IP 'c_accum_0'...
INFO: [IP_Flow 19-1686] Generating 'Change Log' target for IP 'c_accum_0'...
catch { config_ip_cache -export [get_ips -all c_accum_0] }
INFO: [IP_Flow 19-4993] Using cached IP synthesis design for IP c_accum_0, cache-ID = 2608bc0f2a5dfa9f; cache size = 2.020 MB.
export_ip_user_files -of_objects [get_files c:/git/SR/lab4/zas73/zas73.srcs/sources_1/ip/c_accum_0_2/c_accum_0.xci] -no_script -sync -force -quiet
create_ip_run [get_files -of_objects [get_fileset sources_1] c:/git/SR/lab4/zas73/zas73.srcs/sources_1/ip/c_accum_0_2/c_accum_0.xci]
INFO: [Vivado 12-3453] The given sub-design is up-to-date, no action was taken.  If a run is still desired, use the '-force' option for the file:'c:/git/SR/lab4/zas73/zas73.srcs/sources_1/ip/c_accum_0_2/c_accum_0.xci'
export_simulation -of_objects [get_files c:/git/SR/lab4/zas73/zas73.srcs/sources_1/ip/c_accum_0_2/c_accum_0.xci] -directory C:/git/SR/lab4/zas73/zas73.ip_user_files/sim_scripts -ip_user_files_dir C:/git/SR/lab4/zas73/zas73.ip_user_files -ipstatic_source_dir C:/git/SR/lab4/zas73/zas73.ip_user_files/ipstatic -lib_map_path [list {modelsim=C:/git/SR/lab4/zas73/zas73.cache/compile_simlib/modelsim} {questa=C:/git/SR/lab4/zas73/zas73.cache/compile_simlib/questa} {riviera=C:/git/SR/lab4/zas73/zas73.cache/compile_simlib/riviera} {activehdl=C:/git/SR/lab4/zas73/zas73.cache/compile_simlib/activehdl}] -use_ip_compiled_libs -force -quiet
update_compile_order -fileset sources_1
launch_simulation
INFO: [Vivado 12-5698] Checking validity of IPs in the design for the 'XSim' simulator...
INFO: [Vivado 12-5682] Launching behavioral simulation in 'C:/git/SR/lab4/zas73/zas73.sim/sim_1/behav/xsim'
INFO: [Vivado 12-4795] Using compiled simulation libraries for IPs
INFO: [SIM-utils-51] Simulation object is 'sim_1'
INFO: [USF-XSim-7] Finding pre-compiled libraries...
INFO: [USF-XSim-11] File 'C:/Xilinx/Vivado/2017.4/data/xsim/ip/xsim_ip.ini' copied to run dir:'C:/git/SR/lab4/zas73/zas73.sim/sim_1/behav/xsim'
INFO: [SIM-utils-54] Inspecting design source files for 'test' in fileset 'sim_1'...
INFO: [USF-XSim-97] Finding global include files...
INFO: [USF-XSim-98] Fetching design files from 'sim_1'...
INFO: [USF-XSim-2] XSim::Compile design
INFO: [USF-XSim-61] Executing 'COMPILE and ANALYZE' step in 'C:/git/SR/lab4/zas73/zas73.sim/sim_1/behav/xsim'
"xvlog --incr --relax -prj test_vlog.prj"
"xvhdl --incr --relax -prj test_vhdl.prj"
INFO: [VRFC 10-163] Analyzing VHDL file "C:/git/SR/lab4/zas73/zas73.srcs/sources_1/ip/c_accum_0_2/sim/c_accum_0.vhd" into library xil_defaultlib
INFO: [VRFC 10-307] analyzing entity c_accum_0
INFO: [USF-XSim-69] 'compile' step finished in '2' seconds
INFO: [USF-XSim-3] XSim::Elaborate design
INFO: [USF-XSim-61] Executing 'ELABORATE' step in 'C:/git/SR/lab4/zas73/zas73.sim/sim_1/behav/xsim'
Vivado Simulator 2017.4
Copyright 1986-1999, 2001-2016 Xilinx, Inc. All Rights Reserved.
Running: C:/Xilinx/Vivado/2017.4/bin/unwrapped/win64.o/xelab.exe -wto 2ad9833437b24d47864a260ab2067ab7 --incr --debug typical --relax --mt 2 -L xbip_utils_v3_0_8 -L c_reg_fd_v12_0_4 -L xbip_dsp48_wrapper_v3_0_4 -L xbip_pipe_v3_0_4 -L xbip_dsp48_addsub_v3_0_4 -L xbip_addsub_v3_0_4 -L c_addsub_v12_0_11 -L xbip_dsp48_acc_v3_0_4 -L xbip_accum_v3_0_4 -L c_accum_v12_0_11 -L xil_defaultlib -L unisims_ver -L unimacro_ver -L secureip -L xpm --snapshot test_behav xil_defaultlib.test xil_defaultlib.glbl -log elaborate.log 
Using 2 slave threads.
Starting static elaboration
Completed static elaboration
Starting simulation data flow analysis
Completed simulation data flow analysis
Time Resolution for simulation is 1ps
Compiling package std.standard
Compiling package std.textio
Compiling package ieee.std_logic_1164
Compiling package ieee.numeric_std
Compiling package c_accum_v12_0_11.c_accum_v12_0_11_viv_comp
Compiling package xbip_utils_v3_0_8.xbip_utils_v3_0_8_pkg
Compiling package xbip_accum_v3_0_4.xbip_accum_v3_0_4_viv_comp
Compiling package ieee.std_logic_arith
Compiling package ieee.std_logic_unsigned
Compiling package xbip_accum_v3_0_4.xbip_accum_v3_0_4_pkg
Compiling package c_accum_v12_0_11.c_accum_v12_0_11_pkg
Compiling package xbip_dsp48_acc_v3_0_4.xbip_dsp48_acc_v3_0_4_viv_comp
Compiling package xbip_dsp48_acc_v3_0_4.xbip_dsp48_acc_v3_0_4_pkg
Compiling package xbip_dsp48_wrapper_v3_0_4.xbip_dsp48_wrapper_v3_0_4_pkg
Compiling package unisim.vcomponents
Compiling package ieee.std_logic_signed
Compiling package ieee.vital_timing
Compiling package ieee.vital_primitives
Compiling package unisim.vpkg
Compiling module xil_defaultlib.gen
Compiling architecture dsp48e1_v of entity unisim.DSP48E1 [\DSP48E1(acascreg=0,adreg=0,alum...]
Compiling architecture dsp48e_v of entity unisim.DSP48E [\DSP48E(acascreg=0,alumodereg=0,...]
Compiling architecture synth of entity xbip_dsp48_wrapper_v3_0_4.xbip_dsp48e_wrapper_v3_0 [\xbip_dsp48e_wrapper_v3_0(preg=1...]
Compiling architecture synth of entity xbip_dsp48_acc_v3_0_4.xbip_dsp48_acc_synth [\xbip_dsp48_acc_synth(c_xdevicef...]
Compiling architecture synth of entity xbip_dsp48_acc_v3_0_4.xbip_dsp48_acc_v3_0_4_viv [\xbip_dsp48_acc_v3_0_4_viv(c_xde...]
Compiling architecture synth of entity xbip_accum_v3_0_4.xbip_accum_v3_0_4_viv [\xbip_accum_v3_0_4_viv(c_xdevice...]
Compiling architecture synth of entity c_accum_v12_0_11.c_accum_v12_0_11_viv [\c_accum_v12_0_11_viv(c_xdevicef...]
Compiling architecture xilinx of entity c_accum_v12_0_11.c_accum_v12_0_11 [\c_accum_v12_0_11(c_xdevicefamil...]
Compiling architecture c_accum_0_arch of entity xil_defaultlib.c_accum_0 [c_accum_0_default]
Compiling module xil_defaultlib.jestes_glupi
Compiling module xil_defaultlib.test
Compiling module xil_defaultlib.glbl
Built simulation snapshot test_behav
INFO: [USF-XSim-69] 'elaborate' step finished in '5' seconds
INFO: [USF-XSim-4] XSim::Simulate design
INFO: [USF-XSim-61] Executing 'SIMULATE' step in 'C:/git/SR/lab4/zas73/zas73.sim/sim_1/behav/xsim'
INFO: [USF-XSim-98] *** Running xsim
   with args "test_behav -key {Behavioral:sim_1:Functional:test} -tclbatch {test.tcl} -log {simulate.log}"
INFO: [USF-XSim-8] Loading simulator feature
Vivado Simulator 2017.4
Time resolution is 1 ps
source test.tcl
# set curr_wave [current_wave_config]
# if { [string length $curr_wave] == 0 } {
#   if { [llength [get_objects]] > 0} {
#     add_wave /
#     set_property needs_save false [current_wave_config]
#   } else {
#      send_msg_id Add_Wave-1 WARNING "No top level signals found. Simulator will start without a wave window. If you want to open a wave window go to 'File->New Waveform Configuration' or type 'create_wave_config' in the TCL console."
#   }
# }
# run 1000ns
Warning: OPMODE Input Warning : The OPMODE 0U01100 with CARRYINSEL  000 to DSP48E1 instance is invalid.
Time: 100010 ps  Iteration: 0  Process: /test/js1/acc/U0/i_synth/i_baseip/i_xbip_accum/dsp48_implementation/use_usecase/i_xbip_dsp48_acc/i_synth_option/i_synth_model/opt_vx5/i_uniwrap/i_primitive/D1/prcs_opmode_drc  File: C:\Xilinx\Vivado\2017.4\data/vhdl/src/unisims/primitive/DSP48E1.vhd
INFO: [USF-XSim-96] XSim completed. Design snapshot 'test_behav' loaded.
INFO: [USF-XSim-97] XSim simulation ran for 1000ns
launch_simulation: Time (s): cpu = 00:00:02 ; elapsed = 00:00:09 . Memory (MB): peak = 940.004 ; gain = 0.000
close_sim
INFO: [Simtcl 6-16] Simulation closed
set_property -dict [list CONFIG.Bypass {false}] [get_ips c_accum_0]
generate_target all [get_files  c:/git/SR/lab4/zas73/zas73.srcs/sources_1/ip/c_accum_0_2/c_accum_0.xci]
INFO: [IP_Flow 19-1686] Generating 'Instantiation Template' target for IP 'c_accum_0'...
INFO: [IP_Flow 19-1686] Generating 'Synthesis' target for IP 'c_accum_0'...
INFO: [IP_Flow 19-1686] Generating 'Simulation' target for IP 'c_accum_0'...
INFO: [IP_Flow 19-1686] Generating 'Change Log' target for IP 'c_accum_0'...
catch { config_ip_cache -export [get_ips -all c_accum_0] }
export_ip_user_files -of_objects [get_files c:/git/SR/lab4/zas73/zas73.srcs/sources_1/ip/c_accum_0_2/c_accum_0.xci] -no_script -sync -force -quiet
create_ip_run [get_files -of_objects [get_fileset sources_1] c:/git/SR/lab4/zas73/zas73.srcs/sources_1/ip/c_accum_0_2/c_accum_0.xci]
launch_runs -jobs 8 c_accum_0_synth_1
[Tue Apr 10 16:51:46 2018] Launched c_accum_0_synth_1...
Run output will be captured here: C:/git/SR/lab4/zas73/zas73.runs/c_accum_0_synth_1/runme.log
export_simulation -of_objects [get_files c:/git/SR/lab4/zas73/zas73.srcs/sources_1/ip/c_accum_0_2/c_accum_0.xci] -directory C:/git/SR/lab4/zas73/zas73.ip_user_files/sim_scripts -ip_user_files_dir C:/git/SR/lab4/zas73/zas73.ip_user_files -ipstatic_source_dir C:/git/SR/lab4/zas73/zas73.ip_user_files/ipstatic -lib_map_path [list {modelsim=C:/git/SR/lab4/zas73/zas73.cache/compile_simlib/modelsim} {questa=C:/git/SR/lab4/zas73/zas73.cache/compile_simlib/questa} {riviera=C:/git/SR/lab4/zas73/zas73.cache/compile_simlib/riviera} {activehdl=C:/git/SR/lab4/zas73/zas73.cache/compile_simlib/activehdl}] -use_ip_compiled_libs -force -quiet
launch_simulation
INFO: [Vivado 12-5698] Checking validity of IPs in the design for the 'XSim' simulator...
INFO: [Vivado 12-5682] Launching behavioral simulation in 'C:/git/SR/lab4/zas73/zas73.sim/sim_1/behav/xsim'
INFO: [Vivado 12-4795] Using compiled simulation libraries for IPs
INFO: [SIM-utils-51] Simulation object is 'sim_1'
INFO: [USF-XSim-7] Finding pre-compiled libraries...
INFO: [USF-XSim-11] File 'C:/Xilinx/Vivado/2017.4/data/xsim/ip/xsim_ip.ini' copied to run dir:'C:/git/SR/lab4/zas73/zas73.sim/sim_1/behav/xsim'
INFO: [SIM-utils-54] Inspecting design source files for 'test' in fileset 'sim_1'...
INFO: [USF-XSim-97] Finding global include files...
INFO: [USF-XSim-98] Fetching design files from 'sim_1'...
INFO: [USF-XSim-2] XSim::Compile design
INFO: [USF-XSim-61] Executing 'COMPILE and ANALYZE' step in 'C:/git/SR/lab4/zas73/zas73.sim/sim_1/behav/xsim'
"xvlog --incr --relax -prj test_vlog.prj"
"xvhdl --incr --relax -prj test_vhdl.prj"
INFO: [VRFC 10-163] Analyzing VHDL file "C:/git/SR/lab4/zas73/zas73.srcs/sources_1/ip/c_accum_0_2/sim/c_accum_0.vhd" into library xil_defaultlib
INFO: [VRFC 10-307] analyzing entity c_accum_0
INFO: [USF-XSim-69] 'compile' step finished in '2' seconds
INFO: [USF-XSim-3] XSim::Elaborate design
INFO: [USF-XSim-61] Executing 'ELABORATE' step in 'C:/git/SR/lab4/zas73/zas73.sim/sim_1/behav/xsim'
Vivado Simulator 2017.4
Copyright 1986-1999, 2001-2016 Xilinx, Inc. All Rights Reserved.
Running: C:/Xilinx/Vivado/2017.4/bin/unwrapped/win64.o/xelab.exe -wto 2ad9833437b24d47864a260ab2067ab7 --incr --debug typical --relax --mt 2 -L xbip_utils_v3_0_8 -L c_reg_fd_v12_0_4 -L xbip_dsp48_wrapper_v3_0_4 -L xbip_pipe_v3_0_4 -L xbip_dsp48_addsub_v3_0_4 -L xbip_addsub_v3_0_4 -L c_addsub_v12_0_11 -L xbip_dsp48_acc_v3_0_4 -L xbip_accum_v3_0_4 -L c_accum_v12_0_11 -L xil_defaultlib -L unisims_ver -L unimacro_ver -L secureip -L xpm --snapshot test_behav xil_defaultlib.test xil_defaultlib.glbl -log elaborate.log 
Using 2 slave threads.
Starting static elaboration
Completed static elaboration
Starting simulation data flow analysis
Completed simulation data flow analysis
Time Resolution for simulation is 1ps
Compiling package std.standard
Compiling package std.textio
Compiling package ieee.std_logic_1164
Compiling package ieee.numeric_std
Compiling package c_accum_v12_0_11.c_accum_v12_0_11_viv_comp
Compiling package xbip_utils_v3_0_8.xbip_utils_v3_0_8_pkg
Compiling package xbip_accum_v3_0_4.xbip_accum_v3_0_4_viv_comp
Compiling package ieee.std_logic_arith
Compiling package ieee.std_logic_unsigned
Compiling package xbip_accum_v3_0_4.xbip_accum_v3_0_4_pkg
Compiling package c_accum_v12_0_11.c_accum_v12_0_11_pkg
Compiling package xbip_dsp48_acc_v3_0_4.xbip_dsp48_acc_v3_0_4_viv_comp
Compiling package xbip_dsp48_acc_v3_0_4.xbip_dsp48_acc_v3_0_4_pkg
Compiling package xbip_dsp48_wrapper_v3_0_4.xbip_dsp48_wrapper_v3_0_4_pkg
Compiling package unisim.vcomponents
Compiling package ieee.std_logic_signed
Compiling package ieee.vital_timing
Compiling package ieee.vital_primitives
Compiling package unisim.vpkg
Compiling module xil_defaultlib.gen
Compiling architecture dsp48e1_v of entity unisim.DSP48E1 [\DSP48E1(acascreg=0,adreg=0,alum...]
Compiling architecture dsp48e_v of entity unisim.DSP48E [\DSP48E(acascreg=0,alumodereg=0,...]
Compiling architecture synth of entity xbip_dsp48_wrapper_v3_0_4.xbip_dsp48e_wrapper_v3_0 [\xbip_dsp48e_wrapper_v3_0(preg=1...]
Compiling architecture synth of entity xbip_dsp48_acc_v3_0_4.xbip_dsp48_acc_synth [\xbip_dsp48_acc_synth(c_xdevicef...]
Compiling architecture synth of entity xbip_dsp48_acc_v3_0_4.xbip_dsp48_acc_v3_0_4_viv [\xbip_dsp48_acc_v3_0_4_viv(c_xde...]
Compiling architecture synth of entity xbip_accum_v3_0_4.xbip_accum_v3_0_4_viv [\xbip_accum_v3_0_4_viv(c_xdevice...]
Compiling architecture synth of entity c_accum_v12_0_11.c_accum_v12_0_11_viv [\c_accum_v12_0_11_viv(c_xdevicef...]
Compiling architecture xilinx of entity c_accum_v12_0_11.c_accum_v12_0_11 [\c_accum_v12_0_11(c_xdevicefamil...]
Compiling architecture c_accum_0_arch of entity xil_defaultlib.c_accum_0 [c_accum_0_default]
Compiling module xil_defaultlib.jestes_glupi
Compiling module xil_defaultlib.test
Compiling module xil_defaultlib.glbl
Built simulation snapshot test_behav
INFO: [USF-XSim-69] 'elaborate' step finished in '5' seconds
INFO: [USF-XSim-4] XSim::Simulate design
INFO: [USF-XSim-61] Executing 'SIMULATE' step in 'C:/git/SR/lab4/zas73/zas73.sim/sim_1/behav/xsim'
INFO: [USF-XSim-98] *** Running xsim
   with args "test_behav -key {Behavioral:sim_1:Functional:test} -tclbatch {test.tcl} -log {simulate.log}"
INFO: [USF-XSim-8] Loading simulator feature
Vivado Simulator 2017.4
Time resolution is 1 ps
source test.tcl
# set curr_wave [current_wave_config]
# if { [string length $curr_wave] == 0 } {
#   if { [llength [get_objects]] > 0} {
#     add_wave /
#     set_property needs_save false [current_wave_config]
#   } else {
#      send_msg_id Add_Wave-1 WARNING "No top level signals found. Simulator will start without a wave window. If you want to open a wave window go to 'File->New Waveform Configuration' or type 'create_wave_config' in the TCL console."
#   }
# }
# run 1000ns
INFO: [USF-XSim-96] XSim completed. Design snapshot 'test_behav' loaded.
INFO: [USF-XSim-97] XSim simulation ran for 1000ns
launch_simulation: Time (s): cpu = 00:00:05 ; elapsed = 00:00:09 . Memory (MB): peak = 940.004 ; gain = 0.000
restart
INFO: [Simtcl 6-17] Simulation restarted
run 70 ns
close_sim
INFO: [Simtcl 6-16] Simulation closed
export_ip_user_files -of_objects  [get_files C:/git/SR/lab4/zas73/zas73.srcs/sources_1/new/jestes_glupi.v] -no_script -reset -force -quiet
remove_files  C:/git/SR/lab4/zas73/zas73.srcs/sources_1/new/jestes_glupi.v
file delete -force C:/git/SR/lab4/zas73/zas73.srcs/sources_1/new/jestes_glupi.v
launch_simulation
INFO: [Vivado 12-5698] Checking validity of IPs in the design for the 'XSim' simulator...
INFO: [Vivado 12-5682] Launching behavioral simulation in 'C:/git/SR/lab4/zas73/zas73.sim/sim_1/behav/xsim'
INFO: [Vivado 12-4795] Using compiled simulation libraries for IPs
INFO: [SIM-utils-51] Simulation object is 'sim_1'
INFO: [USF-XSim-7] Finding pre-compiled libraries...
INFO: [USF-XSim-11] File 'C:/Xilinx/Vivado/2017.4/data/xsim/ip/xsim_ip.ini' copied to run dir:'C:/git/SR/lab4/zas73/zas73.sim/sim_1/behav/xsim'
INFO: [SIM-utils-54] Inspecting design source files for 'test' in fileset 'sim_1'...
INFO: [USF-XSim-97] Finding global include files...
INFO: [USF-XSim-98] Fetching design files from 'sim_1'...
INFO: [USF-XSim-2] XSim::Compile design
INFO: [USF-XSim-61] Executing 'COMPILE and ANALYZE' step in 'C:/git/SR/lab4/zas73/zas73.sim/sim_1/behav/xsim'
"xvlog --incr --relax -prj test_vlog.prj"
INFO: [VRFC 10-2263] Analyzing Verilog file "C:/git/SR/lab4/zas73/zas73.srcs/sim_1/new/gen.v" into library xil_defaultlib
INFO: [VRFC 10-311] analyzing module gen
INFO: [VRFC 10-2263] Analyzing Verilog file "C:/git/SR/lab4/zas73/zas73.srcs/sim_1/new/test.v" into library xil_defaultlib
INFO: [VRFC 10-311] analyzing module test
"xvhdl --incr --relax -prj test_vhdl.prj"
INFO: [USF-XSim-69] 'compile' step finished in '1' seconds
INFO: [USF-XSim-3] XSim::Elaborate design
INFO: [USF-XSim-61] Executing 'ELABORATE' step in 'C:/git/SR/lab4/zas73/zas73.sim/sim_1/behav/xsim'
Vivado Simulator 2017.4
Copyright 1986-1999, 2001-2016 Xilinx, Inc. All Rights Reserved.
Running: C:/Xilinx/Vivado/2017.4/bin/unwrapped/win64.o/xelab.exe -wto 2ad9833437b24d47864a260ab2067ab7 --incr --debug typical --relax --mt 2 -L xbip_utils_v3_0_8 -L c_reg_fd_v12_0_4 -L xbip_dsp48_wrapper_v3_0_4 -L xbip_pipe_v3_0_4 -L xbip_dsp48_addsub_v3_0_4 -L xbip_addsub_v3_0_4 -L c_addsub_v12_0_11 -L xbip_dsp48_acc_v3_0_4 -L xbip_accum_v3_0_4 -L c_accum_v12_0_11 -L xil_defaultlib -L unisims_ver -L unimacro_ver -L secureip -L xpm --snapshot test_behav xil_defaultlib.test xil_defaultlib.glbl -log elaborate.log 
Using 2 slave threads.
Starting static elaboration
Completed static elaboration
Starting simulation data flow analysis
Completed simulation data flow analysis
Time Resolution for simulation is 1ps
Compiling package std.standard
Compiling package std.textio
Compiling package ieee.std_logic_1164
Compiling package ieee.numeric_std
Compiling package c_accum_v12_0_11.c_accum_v12_0_11_viv_comp
Compiling package xbip_utils_v3_0_8.xbip_utils_v3_0_8_pkg
Compiling package xbip_accum_v3_0_4.xbip_accum_v3_0_4_viv_comp
Compiling package ieee.std_logic_arith
Compiling package ieee.std_logic_unsigned
Compiling package xbip_accum_v3_0_4.xbip_accum_v3_0_4_pkg
Compiling package c_accum_v12_0_11.c_accum_v12_0_11_pkg
Compiling package xbip_dsp48_acc_v3_0_4.xbip_dsp48_acc_v3_0_4_viv_comp
Compiling package xbip_dsp48_acc_v3_0_4.xbip_dsp48_acc_v3_0_4_pkg
Compiling package xbip_dsp48_wrapper_v3_0_4.xbip_dsp48_wrapper_v3_0_4_pkg
Compiling package unisim.vcomponents
Compiling package ieee.std_logic_signed
Compiling package ieee.vital_timing
Compiling package ieee.vital_primitives
Compiling package unisim.vpkg
Compiling module xil_defaultlib.gen
Compiling architecture dsp48e1_v of entity unisim.DSP48E1 [\DSP48E1(acascreg=0,adreg=0,alum...]
Compiling architecture dsp48e_v of entity unisim.DSP48E [\DSP48E(acascreg=0,alumodereg=0,...]
Compiling architecture synth of entity xbip_dsp48_wrapper_v3_0_4.xbip_dsp48e_wrapper_v3_0 [\xbip_dsp48e_wrapper_v3_0(preg=1...]
Compiling architecture synth of entity xbip_dsp48_acc_v3_0_4.xbip_dsp48_acc_synth [\xbip_dsp48_acc_synth(c_xdevicef...]
Compiling architecture synth of entity xbip_dsp48_acc_v3_0_4.xbip_dsp48_acc_v3_0_4_viv [\xbip_dsp48_acc_v3_0_4_viv(c_xde...]
Compiling architecture synth of entity xbip_accum_v3_0_4.xbip_accum_v3_0_4_viv [\xbip_accum_v3_0_4_viv(c_xdevice...]
Compiling architecture synth of entity c_accum_v12_0_11.c_accum_v12_0_11_viv [\c_accum_v12_0_11_viv(c_xdevicef...]
Compiling architecture xilinx of entity c_accum_v12_0_11.c_accum_v12_0_11 [\c_accum_v12_0_11(c_xdevicefamil...]
Compiling architecture c_accum_0_arch of entity xil_defaultlib.c_accum_0 [c_accum_0_default]
Compiling module xil_defaultlib.test
Compiling module xil_defaultlib.glbl
Built simulation snapshot test_behav
INFO: [USF-XSim-69] 'elaborate' step finished in '5' seconds
INFO: [USF-XSim-4] XSim::Simulate design
INFO: [USF-XSim-61] Executing 'SIMULATE' step in 'C:/git/SR/lab4/zas73/zas73.sim/sim_1/behav/xsim'
INFO: [USF-XSim-98] *** Running xsim
   with args "test_behav -key {Behavioral:sim_1:Functional:test} -tclbatch {test.tcl} -log {simulate.log}"
INFO: [USF-XSim-8] Loading simulator feature
Vivado Simulator 2017.4
Time resolution is 1 ps
source test.tcl
# set curr_wave [current_wave_config]
# if { [string length $curr_wave] == 0 } {
#   if { [llength [get_objects]] > 0} {
#     add_wave /
#     set_property needs_save false [current_wave_config]
#   } else {
#      send_msg_id Add_Wave-1 WARNING "No top level signals found. Simulator will start without a wave window. If you want to open a wave window go to 'File->New Waveform Configuration' or type 'create_wave_config' in the TCL console."
#   }
# }
# run 1000ns
INFO: [USF-XSim-96] XSim completed. Design snapshot 'test_behav' loaded.
INFO: [USF-XSim-97] XSim simulation ran for 1000ns
launch_simulation: Time (s): cpu = 00:00:03 ; elapsed = 00:00:08 . Memory (MB): peak = 947.652 ; gain = 3.883
close_sim
INFO: [Simtcl 6-16] Simulation closed
set_property SOURCE_SET sources_1 [get_filesets sim_1]
close [ open C:/git/SR/lab4/zas73/zas73.srcs/sim_1/new/feed.v w ]
add_files -fileset sim_1 C:/git/SR/lab4/zas73/zas73.srcs/sim_1/new/feed.v
update_compile_order -fileset sim_1
update_compile_order -fileset sim_1
launch_simulation
INFO: [Vivado 12-5698] Checking validity of IPs in the design for the 'XSim' simulator...
INFO: [Vivado 12-5682] Launching behavioral simulation in 'C:/git/SR/lab4/zas73/zas73.sim/sim_1/behav/xsim'
INFO: [Vivado 12-4795] Using compiled simulation libraries for IPs
INFO: [SIM-utils-51] Simulation object is 'sim_1'
INFO: [USF-XSim-7] Finding pre-compiled libraries...
INFO: [USF-XSim-11] File 'C:/Xilinx/Vivado/2017.4/data/xsim/ip/xsim_ip.ini' copied to run dir:'C:/git/SR/lab4/zas73/zas73.sim/sim_1/behav/xsim'
INFO: [SIM-utils-54] Inspecting design source files for 'test' in fileset 'sim_1'...
INFO: [USF-XSim-97] Finding global include files...
INFO: [USF-XSim-98] Fetching design files from 'sim_1'...
INFO: [USF-XSim-2] XSim::Compile design
INFO: [USF-XSim-61] Executing 'COMPILE and ANALYZE' step in 'C:/git/SR/lab4/zas73/zas73.sim/sim_1/behav/xsim'
"xvlog --incr --relax -prj test_vlog.prj"
INFO: [VRFC 10-2263] Analyzing Verilog file "C:/git/SR/lab4/zas73/zas73.srcs/sim_1/new/feed.v" into library xil_defaultlib
INFO: [VRFC 10-311] analyzing module feed
INFO: [VRFC 10-2263] Analyzing Verilog file "C:/git/SR/lab4/zas73/zas73.srcs/sim_1/new/gen.v" into library xil_defaultlib
INFO: [VRFC 10-311] analyzing module gen
INFO: [VRFC 10-2263] Analyzing Verilog file "C:/git/SR/lab4/zas73/zas73.srcs/sim_1/new/test.v" into library xil_defaultlib
INFO: [VRFC 10-311] analyzing module test
"xvhdl --incr --relax -prj test_vhdl.prj"
INFO: [USF-XSim-69] 'compile' step finished in '1' seconds
INFO: [USF-XSim-3] XSim::Elaborate design
INFO: [USF-XSim-61] Executing 'ELABORATE' step in 'C:/git/SR/lab4/zas73/zas73.sim/sim_1/behav/xsim'
Vivado Simulator 2017.4
Copyright 1986-1999, 2001-2016 Xilinx, Inc. All Rights Reserved.
Running: C:/Xilinx/Vivado/2017.4/bin/unwrapped/win64.o/xelab.exe -wto 2ad9833437b24d47864a260ab2067ab7 --incr --debug typical --relax --mt 2 -L xbip_utils_v3_0_8 -L c_reg_fd_v12_0_4 -L xbip_dsp48_wrapper_v3_0_4 -L xbip_pipe_v3_0_4 -L xbip_dsp48_addsub_v3_0_4 -L xbip_addsub_v3_0_4 -L c_addsub_v12_0_11 -L xbip_dsp48_acc_v3_0_4 -L xbip_accum_v3_0_4 -L c_accum_v12_0_11 -L xil_defaultlib -L unisims_ver -L unimacro_ver -L secureip -L xpm --snapshot test_behav xil_defaultlib.test xil_defaultlib.glbl -log elaborate.log 
Using 2 slave threads.
Starting static elaboration
Completed static elaboration
Starting simulation data flow analysis
Completed simulation data flow analysis
Time Resolution for simulation is 1ps
Compiling package std.standard
Compiling package std.textio
Compiling package ieee.std_logic_1164
Compiling package ieee.numeric_std
Compiling package c_accum_v12_0_11.c_accum_v12_0_11_viv_comp
Compiling package xbip_utils_v3_0_8.xbip_utils_v3_0_8_pkg
Compiling package xbip_accum_v3_0_4.xbip_accum_v3_0_4_viv_comp
Compiling package ieee.std_logic_arith
Compiling package ieee.std_logic_unsigned
Compiling package xbip_accum_v3_0_4.xbip_accum_v3_0_4_pkg
Compiling package c_accum_v12_0_11.c_accum_v12_0_11_pkg
Compiling package xbip_dsp48_acc_v3_0_4.xbip_dsp48_acc_v3_0_4_viv_comp
Compiling package xbip_dsp48_acc_v3_0_4.xbip_dsp48_acc_v3_0_4_pkg
Compiling package xbip_dsp48_wrapper_v3_0_4.xbip_dsp48_wrapper_v3_0_4_pkg
Compiling package unisim.vcomponents
Compiling package ieee.std_logic_signed
Compiling package ieee.vital_timing
Compiling package ieee.vital_primitives
Compiling package unisim.vpkg
Compiling module xil_defaultlib.gen
Compiling architecture dsp48e1_v of entity unisim.DSP48E1 [\DSP48E1(acascreg=0,adreg=0,alum...]
Compiling architecture dsp48e_v of entity unisim.DSP48E [\DSP48E(acascreg=0,alumodereg=0,...]
Compiling architecture synth of entity xbip_dsp48_wrapper_v3_0_4.xbip_dsp48e_wrapper_v3_0 [\xbip_dsp48e_wrapper_v3_0(preg=1...]
Compiling architecture synth of entity xbip_dsp48_acc_v3_0_4.xbip_dsp48_acc_synth [\xbip_dsp48_acc_synth(c_xdevicef...]
Compiling architecture synth of entity xbip_dsp48_acc_v3_0_4.xbip_dsp48_acc_v3_0_4_viv [\xbip_dsp48_acc_v3_0_4_viv(c_xde...]
Compiling architecture synth of entity xbip_accum_v3_0_4.xbip_accum_v3_0_4_viv [\xbip_accum_v3_0_4_viv(c_xdevice...]
Compiling architecture synth of entity c_accum_v12_0_11.c_accum_v12_0_11_viv [\c_accum_v12_0_11_viv(c_xdevicef...]
Compiling architecture xilinx of entity c_accum_v12_0_11.c_accum_v12_0_11 [\c_accum_v12_0_11(c_xdevicefamil...]
Compiling architecture c_accum_0_arch of entity xil_defaultlib.c_accum_0 [c_accum_0_default]
Compiling module xil_defaultlib.feed
Compiling module xil_defaultlib.test
Compiling module xil_defaultlib.glbl
Built simulation snapshot test_behav
INFO: [USF-XSim-69] 'elaborate' step finished in '5' seconds
INFO: [USF-XSim-4] XSim::Simulate design
INFO: [USF-XSim-61] Executing 'SIMULATE' step in 'C:/git/SR/lab4/zas73/zas73.sim/sim_1/behav/xsim'
INFO: [USF-XSim-98] *** Running xsim
   with args "test_behav -key {Behavioral:sim_1:Functional:test} -tclbatch {test.tcl} -log {simulate.log}"
INFO: [USF-XSim-8] Loading simulator feature
Vivado Simulator 2017.4
Time resolution is 1 ps
source test.tcl
# set curr_wave [current_wave_config]
# if { [string length $curr_wave] == 0 } {
#   if { [llength [get_objects]] > 0} {
#     add_wave /
#     set_property needs_save false [current_wave_config]
#   } else {
#      send_msg_id Add_Wave-1 WARNING "No top level signals found. Simulator will start without a wave window. If you want to open a wave window go to 'File->New Waveform Configuration' or type 'create_wave_config' in the TCL console."
#   }
# }
# run 1000ns
INFO: [USF-XSim-96] XSim completed. Design snapshot 'test_behav' loaded.
INFO: [USF-XSim-97] XSim simulation ran for 1000ns
launch_simulation: Time (s): cpu = 00:00:04 ; elapsed = 00:00:09 . Memory (MB): peak = 964.078 ; gain = 5.035
relaunch_sim
INFO: [Vivado 12-5698] Checking validity of IPs in the design for the 'XSim' simulator...
INFO: [Vivado 12-5682] Launching behavioral simulation in 'C:/git/SR/lab4/zas73/zas73.sim/sim_1/behav/xsim'
INFO: [Vivado 12-4795] Using compiled simulation libraries for IPs
INFO: [SIM-utils-51] Simulation object is 'sim_1'
INFO: [USF-XSim-7] Finding pre-compiled libraries...
INFO: [USF-XSim-11] File 'C:/Xilinx/Vivado/2017.4/data/xsim/ip/xsim_ip.ini' copied to run dir:'C:/git/SR/lab4/zas73/zas73.sim/sim_1/behav/xsim'
INFO: [SIM-utils-54] Inspecting design source files for 'test' in fileset 'sim_1'...
INFO: [USF-XSim-97] Finding global include files...
INFO: [USF-XSim-98] Fetching design files from 'sim_1'...
INFO: [USF-XSim-2] XSim::Compile design
INFO: [USF-XSim-61] Executing 'COMPILE and ANALYZE' step in 'C:/git/SR/lab4/zas73/zas73.sim/sim_1/behav/xsim'
"xvlog --incr --relax -prj test_vlog.prj"
INFO: [VRFC 10-2263] Analyzing Verilog file "C:/git/SR/lab4/zas73/zas73.srcs/sim_1/new/feed.v" into library xil_defaultlib
INFO: [VRFC 10-311] analyzing module feed
ERROR: [VRFC 10-1412] syntax error near end [C:/git/SR/lab4/zas73/zas73.srcs/sim_1/new/feed.v:53]
ERROR: [VRFC 10-1040] module feed ignored due to previous errors [C:/git/SR/lab4/zas73/zas73.srcs/sim_1/new/feed.v:23]
"xvhdl --incr --relax -prj test_vhdl.prj"
INFO: [USF-XSim-69] 'compile' step finished in '1' seconds
INFO: [USF-XSim-99] Step results log file:'C:/git/SR/lab4/zas73/zas73.sim/sim_1/behav/xsim/xvlog.log'
ERROR: [USF-XSim-62] 'compile' step failed with error(s). Please check the Tcl console output or 'C:/git/SR/lab4/zas73/zas73.sim/sim_1/behav/xsim/xvlog.log' file for more information.
ERROR: [Vivado 12-4473] Detected error while running simulation. Please correct the issue and retry this operation.
ERROR: [Common 17-39] 'launch_simulation' failed due to earlier errors.
ERROR: [Common 17-69] Command failed: ERROR: [Common 17-39] 'launch_simulation' failed due to earlier errors.

close_sim
INFO: [Simtcl 6-16] Simulation closed
launch_simulation
INFO: [Vivado 12-5698] Checking validity of IPs in the design for the 'XSim' simulator...
INFO: [Vivado 12-5682] Launching behavioral simulation in 'C:/git/SR/lab4/zas73/zas73.sim/sim_1/behav/xsim'
INFO: [Vivado 12-4795] Using compiled simulation libraries for IPs
INFO: [SIM-utils-51] Simulation object is 'sim_1'
INFO: [USF-XSim-7] Finding pre-compiled libraries...
INFO: [USF-XSim-11] File 'C:/Xilinx/Vivado/2017.4/data/xsim/ip/xsim_ip.ini' copied to run dir:'C:/git/SR/lab4/zas73/zas73.sim/sim_1/behav/xsim'
INFO: [SIM-utils-54] Inspecting design source files for 'test' in fileset 'sim_1'...
INFO: [USF-XSim-97] Finding global include files...
INFO: [USF-XSim-98] Fetching design files from 'sim_1'...
INFO: [USF-XSim-2] XSim::Compile design
INFO: [USF-XSim-61] Executing 'COMPILE and ANALYZE' step in 'C:/git/SR/lab4/zas73/zas73.sim/sim_1/behav/xsim'
"xvlog --incr --relax -prj test_vlog.prj"
INFO: [VRFC 10-2263] Analyzing Verilog file "C:/git/SR/lab4/zas73/zas73.srcs/sim_1/new/feed.v" into library xil_defaultlib
INFO: [VRFC 10-311] analyzing module feed
INFO: [VRFC 10-2263] Analyzing Verilog file "C:/git/SR/lab4/zas73/zas73.srcs/sim_1/new/gen.v" into library xil_defaultlib
INFO: [VRFC 10-311] analyzing module gen
INFO: [VRFC 10-2263] Analyzing Verilog file "C:/git/SR/lab4/zas73/zas73.srcs/sim_1/new/test.v" into library xil_defaultlib
INFO: [VRFC 10-311] analyzing module test
"xvhdl --incr --relax -prj test_vhdl.prj"
INFO: [USF-XSim-69] 'compile' step finished in '2' seconds
INFO: [USF-XSim-3] XSim::Elaborate design
INFO: [USF-XSim-61] Executing 'ELABORATE' step in 'C:/git/SR/lab4/zas73/zas73.sim/sim_1/behav/xsim'
Vivado Simulator 2017.4
Copyright 1986-1999, 2001-2016 Xilinx, Inc. All Rights Reserved.
Running: C:/Xilinx/Vivado/2017.4/bin/unwrapped/win64.o/xelab.exe -wto 2ad9833437b24d47864a260ab2067ab7 --incr --debug typical --relax --mt 2 -L xbip_utils_v3_0_8 -L c_reg_fd_v12_0_4 -L xbip_dsp48_wrapper_v3_0_4 -L xbip_pipe_v3_0_4 -L xbip_dsp48_addsub_v3_0_4 -L xbip_addsub_v3_0_4 -L c_addsub_v12_0_11 -L xbip_dsp48_acc_v3_0_4 -L xbip_accum_v3_0_4 -L c_accum_v12_0_11 -L xil_defaultlib -L unisims_ver -L unimacro_ver -L secureip -L xpm --snapshot test_behav xil_defaultlib.test xil_defaultlib.glbl -log elaborate.log 
Using 2 slave threads.
Starting static elaboration
Completed static elaboration
Starting simulation data flow analysis
Completed simulation data flow analysis
Time Resolution for simulation is 1ps
Compiling package std.standard
Compiling package std.textio
Compiling package ieee.std_logic_1164
Compiling package ieee.numeric_std
Compiling package c_accum_v12_0_11.c_accum_v12_0_11_viv_comp
Compiling package xbip_utils_v3_0_8.xbip_utils_v3_0_8_pkg
Compiling package xbip_accum_v3_0_4.xbip_accum_v3_0_4_viv_comp
Compiling package ieee.std_logic_arith
Compiling package ieee.std_logic_unsigned
Compiling package xbip_accum_v3_0_4.xbip_accum_v3_0_4_pkg
Compiling package c_accum_v12_0_11.c_accum_v12_0_11_pkg
Compiling package xbip_dsp48_acc_v3_0_4.xbip_dsp48_acc_v3_0_4_viv_comp
Compiling package xbip_dsp48_acc_v3_0_4.xbip_dsp48_acc_v3_0_4_pkg
Compiling package xbip_dsp48_wrapper_v3_0_4.xbip_dsp48_wrapper_v3_0_4_pkg
Compiling package unisim.vcomponents
Compiling package ieee.std_logic_signed
Compiling package ieee.vital_timing
Compiling package ieee.vital_primitives
Compiling package unisim.vpkg
Compiling module xil_defaultlib.gen
Compiling architecture dsp48e1_v of entity unisim.DSP48E1 [\DSP48E1(acascreg=0,adreg=0,alum...]
Compiling architecture dsp48e_v of entity unisim.DSP48E [\DSP48E(acascreg=0,alumodereg=0,...]
Compiling architecture synth of entity xbip_dsp48_wrapper_v3_0_4.xbip_dsp48e_wrapper_v3_0 [\xbip_dsp48e_wrapper_v3_0(preg=1...]
Compiling architecture synth of entity xbip_dsp48_acc_v3_0_4.xbip_dsp48_acc_synth [\xbip_dsp48_acc_synth(c_xdevicef...]
Compiling architecture synth of entity xbip_dsp48_acc_v3_0_4.xbip_dsp48_acc_v3_0_4_viv [\xbip_dsp48_acc_v3_0_4_viv(c_xde...]
Compiling architecture synth of entity xbip_accum_v3_0_4.xbip_accum_v3_0_4_viv [\xbip_accum_v3_0_4_viv(c_xdevice...]
Compiling architecture synth of entity c_accum_v12_0_11.c_accum_v12_0_11_viv [\c_accum_v12_0_11_viv(c_xdevicef...]
Compiling architecture xilinx of entity c_accum_v12_0_11.c_accum_v12_0_11 [\c_accum_v12_0_11(c_xdevicefamil...]
Compiling architecture c_accum_0_arch of entity xil_defaultlib.c_accum_0 [c_accum_0_default]
Compiling module xil_defaultlib.feed
Compiling module xil_defaultlib.test
Compiling module xil_defaultlib.glbl
Built simulation snapshot test_behav
INFO: [USF-XSim-69] 'elaborate' step finished in '4' seconds
INFO: [USF-XSim-4] XSim::Simulate design
INFO: [USF-XSim-61] Executing 'SIMULATE' step in 'C:/git/SR/lab4/zas73/zas73.sim/sim_1/behav/xsim'
INFO: [USF-XSim-98] *** Running xsim
   with args "test_behav -key {Behavioral:sim_1:Functional:test} -tclbatch {test.tcl} -log {simulate.log}"
INFO: [USF-XSim-8] Loading simulator feature
Vivado Simulator 2017.4
Time resolution is 1 ps
source test.tcl
# set curr_wave [current_wave_config]
# if { [string length $curr_wave] == 0 } {
#   if { [llength [get_objects]] > 0} {
#     add_wave /
#     set_property needs_save false [current_wave_config]
#   } else {
#      send_msg_id Add_Wave-1 WARNING "No top level signals found. Simulator will start without a wave window. If you want to open a wave window go to 'File->New Waveform Configuration' or type 'create_wave_config' in the TCL console."
#   }
# }
# run 1000ns
INFO: [USF-XSim-96] XSim completed. Design snapshot 'test_behav' loaded.
INFO: [USF-XSim-97] XSim simulation ran for 1000ns
launch_simulation: Time (s): cpu = 00:00:01 ; elapsed = 00:00:07 . Memory (MB): peak = 967.363 ; gain = 1.281
restart
INFO: [Simtcl 6-17] Simulation restarted
relaunch_sim
INFO: [Vivado 12-5698] Checking validity of IPs in the design for the 'XSim' simulator...
INFO: [Vivado 12-5682] Launching behavioral simulation in 'C:/git/SR/lab4/zas73/zas73.sim/sim_1/behav/xsim'
INFO: [Vivado 12-4795] Using compiled simulation libraries for IPs
INFO: [SIM-utils-51] Simulation object is 'sim_1'
INFO: [USF-XSim-7] Finding pre-compiled libraries...
INFO: [USF-XSim-11] File 'C:/Xilinx/Vivado/2017.4/data/xsim/ip/xsim_ip.ini' copied to run dir:'C:/git/SR/lab4/zas73/zas73.sim/sim_1/behav/xsim'
INFO: [SIM-utils-54] Inspecting design source files for 'test' in fileset 'sim_1'...
INFO: [USF-XSim-97] Finding global include files...
INFO: [USF-XSim-98] Fetching design files from 'sim_1'...
INFO: [USF-XSim-2] XSim::Compile design
INFO: [USF-XSim-61] Executing 'COMPILE and ANALYZE' step in 'C:/git/SR/lab4/zas73/zas73.sim/sim_1/behav/xsim'
"xvlog --incr --relax -prj test_vlog.prj"
"xvhdl --incr --relax -prj test_vhdl.prj"
INFO: [USF-XSim-69] 'compile' step finished in '1' seconds
INFO: [Vivado 12-5698] Checking validity of IPs in the design for the 'XSim' simulator...
INFO: [Vivado 12-5682] Launching behavioral simulation in 'C:/git/SR/lab4/zas73/zas73.sim/sim_1/behav/xsim'
INFO: [Vivado 12-4795] Using compiled simulation libraries for IPs
INFO: [USF-XSim-3] XSim::Elaborate design
INFO: [USF-XSim-61] Executing 'ELABORATE' step in 'C:/git/SR/lab4/zas73/zas73.sim/sim_1/behav/xsim'
Vivado Simulator 2017.4
Copyright 1986-1999, 2001-2016 Xilinx, Inc. All Rights Reserved.
Running: C:/Xilinx/Vivado/2017.4/bin/unwrapped/win64.o/xelab.exe -wto 2ad9833437b24d47864a260ab2067ab7 --incr --debug typical --relax --mt 2 -L xbip_utils_v3_0_8 -L c_reg_fd_v12_0_4 -L xbip_dsp48_wrapper_v3_0_4 -L xbip_pipe_v3_0_4 -L xbip_dsp48_addsub_v3_0_4 -L xbip_addsub_v3_0_4 -L c_addsub_v12_0_11 -L xbip_dsp48_acc_v3_0_4 -L xbip_accum_v3_0_4 -L c_accum_v12_0_11 -L xil_defaultlib -L unisims_ver -L unimacro_ver -L secureip -L xpm --snapshot test_behav xil_defaultlib.test xil_defaultlib.glbl -log elaborate.log 
Using 2 slave threads.
Starting static elaboration
Completed static elaboration
INFO: [XSIM 43-4323] No Change in HDL. Linking previously generated obj files to create kernel
INFO: [USF-XSim-69] 'elaborate' step finished in '3' seconds
Vivado Simulator 2017.4
Time resolution is 1 ps
relaunch_sim: Time (s): cpu = 00:00:02 ; elapsed = 00:00:06 . Memory (MB): peak = 968.539 ; gain = 1.105
restart
INFO: [Simtcl 6-17] Simulation restarted
run 70 ns
close_sim
INFO: [Simtcl 6-16] Simulation closed
launch_simulation
INFO: [Vivado 12-5698] Checking validity of IPs in the design for the 'XSim' simulator...
INFO: [Vivado 12-5682] Launching behavioral simulation in 'C:/git/SR/lab4/zas73/zas73.sim/sim_1/behav/xsim'
INFO: [Vivado 12-4795] Using compiled simulation libraries for IPs
INFO: [SIM-utils-51] Simulation object is 'sim_1'
INFO: [USF-XSim-7] Finding pre-compiled libraries...
INFO: [USF-XSim-11] File 'C:/Xilinx/Vivado/2017.4/data/xsim/ip/xsim_ip.ini' copied to run dir:'C:/git/SR/lab4/zas73/zas73.sim/sim_1/behav/xsim'
INFO: [SIM-utils-54] Inspecting design source files for 'test' in fileset 'sim_1'...
INFO: [USF-XSim-97] Finding global include files...
INFO: [USF-XSim-98] Fetching design files from 'sim_1'...
INFO: [USF-XSim-2] XSim::Compile design
INFO: [USF-XSim-61] Executing 'COMPILE and ANALYZE' step in 'C:/git/SR/lab4/zas73/zas73.sim/sim_1/behav/xsim'
"xvlog --incr --relax -prj test_vlog.prj"
INFO: [VRFC 10-2263] Analyzing Verilog file "C:/git/SR/lab4/zas73/zas73.srcs/sim_1/new/feed.v" into library xil_defaultlib
INFO: [VRFC 10-311] analyzing module feed
INFO: [VRFC 10-2263] Analyzing Verilog file "C:/git/SR/lab4/zas73/zas73.srcs/sim_1/new/gen.v" into library xil_defaultlib
INFO: [VRFC 10-311] analyzing module gen
INFO: [VRFC 10-2263] Analyzing Verilog file "C:/git/SR/lab4/zas73/zas73.srcs/sim_1/new/test.v" into library xil_defaultlib
INFO: [VRFC 10-311] analyzing module test
"xvhdl --incr --relax -prj test_vhdl.prj"
INFO: [USF-XSim-69] 'compile' step finished in '2' seconds
INFO: [USF-XSim-3] XSim::Elaborate design
INFO: [USF-XSim-61] Executing 'ELABORATE' step in 'C:/git/SR/lab4/zas73/zas73.sim/sim_1/behav/xsim'
Vivado Simulator 2017.4
Copyright 1986-1999, 2001-2016 Xilinx, Inc. All Rights Reserved.
Running: C:/Xilinx/Vivado/2017.4/bin/unwrapped/win64.o/xelab.exe -wto 2ad9833437b24d47864a260ab2067ab7 --incr --debug typical --relax --mt 2 -L xbip_utils_v3_0_8 -L c_reg_fd_v12_0_4 -L xbip_dsp48_wrapper_v3_0_4 -L xbip_pipe_v3_0_4 -L xbip_dsp48_addsub_v3_0_4 -L xbip_addsub_v3_0_4 -L c_addsub_v12_0_11 -L xbip_dsp48_acc_v3_0_4 -L xbip_accum_v3_0_4 -L c_accum_v12_0_11 -L xil_defaultlib -L unisims_ver -L unimacro_ver -L secureip -L xpm --snapshot test_behav xil_defaultlib.test xil_defaultlib.glbl -log elaborate.log 
Using 2 slave threads.
Starting static elaboration
Completed static elaboration
Starting simulation data flow analysis
Completed simulation data flow analysis
Time Resolution for simulation is 1ps
Compiling package std.standard
Compiling package std.textio
Compiling package ieee.std_logic_1164
Compiling package ieee.numeric_std
Compiling package c_accum_v12_0_11.c_accum_v12_0_11_viv_comp
Compiling package xbip_utils_v3_0_8.xbip_utils_v3_0_8_pkg
Compiling package xbip_accum_v3_0_4.xbip_accum_v3_0_4_viv_comp
Compiling package ieee.std_logic_arith
Compiling package ieee.std_logic_unsigned
Compiling package xbip_accum_v3_0_4.xbip_accum_v3_0_4_pkg
Compiling package c_accum_v12_0_11.c_accum_v12_0_11_pkg
Compiling package xbip_dsp48_acc_v3_0_4.xbip_dsp48_acc_v3_0_4_viv_comp
Compiling package xbip_dsp48_acc_v3_0_4.xbip_dsp48_acc_v3_0_4_pkg
Compiling package xbip_dsp48_wrapper_v3_0_4.xbip_dsp48_wrapper_v3_0_4_pkg
Compiling package unisim.vcomponents
Compiling package ieee.std_logic_signed
Compiling package ieee.vital_timing
Compiling package ieee.vital_primitives
Compiling package unisim.vpkg
Compiling module xil_defaultlib.gen
Compiling architecture dsp48e1_v of entity unisim.DSP48E1 [\DSP48E1(acascreg=0,adreg=0,alum...]
Compiling architecture dsp48e_v of entity unisim.DSP48E [\DSP48E(acascreg=0,alumodereg=0,...]
Compiling architecture synth of entity xbip_dsp48_wrapper_v3_0_4.xbip_dsp48e_wrapper_v3_0 [\xbip_dsp48e_wrapper_v3_0(preg=1...]
Compiling architecture synth of entity xbip_dsp48_acc_v3_0_4.xbip_dsp48_acc_synth [\xbip_dsp48_acc_synth(c_xdevicef...]
Compiling architecture synth of entity xbip_dsp48_acc_v3_0_4.xbip_dsp48_acc_v3_0_4_viv [\xbip_dsp48_acc_v3_0_4_viv(c_xde...]
Compiling architecture synth of entity xbip_accum_v3_0_4.xbip_accum_v3_0_4_viv [\xbip_accum_v3_0_4_viv(c_xdevice...]
Compiling architecture synth of entity c_accum_v12_0_11.c_accum_v12_0_11_viv [\c_accum_v12_0_11_viv(c_xdevicef...]
Compiling architecture xilinx of entity c_accum_v12_0_11.c_accum_v12_0_11 [\c_accum_v12_0_11(c_xdevicefamil...]
Compiling architecture c_accum_0_arch of entity xil_defaultlib.c_accum_0 [c_accum_0_default]
Compiling module xil_defaultlib.feed
Compiling module xil_defaultlib.test
Compiling module xil_defaultlib.glbl
Built simulation snapshot test_behav
INFO: [USF-XSim-69] 'elaborate' step finished in '4' seconds
INFO: [USF-XSim-4] XSim::Simulate design
INFO: [USF-XSim-61] Executing 'SIMULATE' step in 'C:/git/SR/lab4/zas73/zas73.sim/sim_1/behav/xsim'
INFO: [USF-XSim-98] *** Running xsim
   with args "test_behav -key {Behavioral:sim_1:Functional:test} -tclbatch {test.tcl} -log {simulate.log}"
INFO: [USF-XSim-8] Loading simulator feature
Vivado Simulator 2017.4
Time resolution is 1 ps
source test.tcl
# set curr_wave [current_wave_config]
# if { [string length $curr_wave] == 0 } {
#   if { [llength [get_objects]] > 0} {
#     add_wave /
#     set_property needs_save false [current_wave_config]
#   } else {
#      send_msg_id Add_Wave-1 WARNING "No top level signals found. Simulator will start without a wave window. If you want to open a wave window go to 'File->New Waveform Configuration' or type 'create_wave_config' in the TCL console."
#   }
# }
# run 1000ns
INFO: [USF-XSim-96] XSim completed. Design snapshot 'test_behav' loaded.
INFO: [USF-XSim-97] XSim simulation ran for 1000ns
launch_simulation: Time (s): cpu = 00:00:03 ; elapsed = 00:00:07 . Memory (MB): peak = 969.172 ; gain = 0.000
close_sim
INFO: [Simtcl 6-16] Simulation closed
exit
INFO: [Common 17-206] Exiting Vivado at Tue Apr 10 18:41:48 2018...
