
*** Running vivado
    with args -log delay_0.vds -m64 -product Vivado -mode batch -messageDb vivado.pb -notrace -source delay_0.tcl


****** Vivado v2017.4 (64-bit)
  **** SW Build 2086221 on Fri Dec 15 20:55:39 MST 2017
  **** IP Build 2085800 on Fri Dec 15 22:25:07 MST 2017
    ** Copyright 1986-2017 Xilinx, Inc. All Rights Reserved.

source delay_0.tcl -notrace
Command: synth_design -top delay_0 -part xc7z010clg400-1 -mode out_of_context
Starting synth_design
Attempting to get a license for feature 'Synthesis' and/or device 'xc7z010'
INFO: [Common 17-349] Got license for feature 'Synthesis' and/or device 'xc7z010'
INFO: Launching helper process for spawning children vivado processes
INFO: Helper process launched with PID 11724 
---------------------------------------------------------------------------------
Starting RTL Elaboration : Time (s): cpu = 00:00:08 ; elapsed = 00:00:07 . Memory (MB): peak = 356.969 ; gain = 100.121
---------------------------------------------------------------------------------
INFO: [Synth 8-638] synthesizing module 'delay_0' [c:/git/SR/lab12/median5x5/median5x5.srcs/sources_1/ip/delay_0_4/synth/delay_0.v:57]
INFO: [Synth 8-638] synthesizing module 'delay' [c:/git/SR/lab12/median5x5/median5x5.srcs/sources_1/ip/delay_0_4/src/delay.v:23]
	Parameter DELAY bound to: 166 - type: integer 
	Parameter N bound to: 4 - type: integer 
INFO: [Synth 8-638] synthesizing module 'delay_block' [c:/git/SR/lab12/median5x5/median5x5.srcs/sources_1/ip/delay_0_4/src/delay_block.v:22]
INFO: [Synth 8-256] done synthesizing module 'delay_block' (1#1) [c:/git/SR/lab12/median5x5/median5x5.srcs/sources_1/ip/delay_0_4/src/delay_block.v:22]
INFO: [Synth 8-256] done synthesizing module 'delay' (2#1) [c:/git/SR/lab12/median5x5/median5x5.srcs/sources_1/ip/delay_0_4/src/delay.v:23]
INFO: [Synth 8-256] done synthesizing module 'delay_0' (3#1) [c:/git/SR/lab12/median5x5/median5x5.srcs/sources_1/ip/delay_0_4/synth/delay_0.v:57]
---------------------------------------------------------------------------------
Finished RTL Elaboration : Time (s): cpu = 00:00:09 ; elapsed = 00:00:09 . Memory (MB): peak = 409.629 ; gain = 152.781
---------------------------------------------------------------------------------

Report Check Netlist: 
+------+------------------+-------+---------+-------+------------------+
|      |Item              |Errors |Warnings |Status |Description       |
+------+------------------+-------+---------+-------+------------------+
|1     |multi_driven_nets |      0|        0|Passed |Multi driven nets |
+------+------------------+-------+---------+-------+------------------+
---------------------------------------------------------------------------------
Finished RTL Optimization Phase 1 : Time (s): cpu = 00:00:09 ; elapsed = 00:00:09 . Memory (MB): peak = 409.629 ; gain = 152.781
---------------------------------------------------------------------------------
INFO: [Device 21-403] Loading part xc7z010clg400-1
INFO: [Project 1-570] Preparing netlist for logic optimization

Processing XDC Constraints
Initializing timing engine
Completed Processing XDC Constraints

INFO: [Project 1-111] Unisim Transformation Summary:
No Unisim elements were transformed.

Constraint Validation Runtime : Time (s): cpu = 00:00:00 ; elapsed = 00:00:00.017 . Memory (MB): peak = 733.488 ; gain = 0.004
---------------------------------------------------------------------------------
Finished Constraint Validation : Time (s): cpu = 00:00:25 ; elapsed = 00:00:25 . Memory (MB): peak = 733.488 ; gain = 476.641
---------------------------------------------------------------------------------
---------------------------------------------------------------------------------
Start Loading Part and Timing Information
---------------------------------------------------------------------------------
Loading part: xc7z010clg400-1
---------------------------------------------------------------------------------
Finished Loading Part and Timing Information : Time (s): cpu = 00:00:25 ; elapsed = 00:00:25 . Memory (MB): peak = 733.488 ; gain = 476.641
---------------------------------------------------------------------------------
---------------------------------------------------------------------------------
Start Applying 'set_property' XDC Constraints
---------------------------------------------------------------------------------
---------------------------------------------------------------------------------
Finished applying 'set_property' XDC Constraints : Time (s): cpu = 00:00:25 ; elapsed = 00:00:25 . Memory (MB): peak = 733.488 ; gain = 476.641
---------------------------------------------------------------------------------
---------------------------------------------------------------------------------
Finished RTL Optimization Phase 2 : Time (s): cpu = 00:00:25 ; elapsed = 00:00:26 . Memory (MB): peak = 733.488 ; gain = 476.641
---------------------------------------------------------------------------------

Report RTL Partitions: 
+-+--------------+------------+----------+
| |RTL Partition |Replication |Instances |
+-+--------------+------------+----------+
+-+--------------+------------+----------+
---------------------------------------------------------------------------------
Start RTL Component Statistics 
---------------------------------------------------------------------------------
Detailed RTL Component Info : 
+---Registers : 
	                1 Bit    Registers := 664   
---------------------------------------------------------------------------------
Finished RTL Component Statistics 
---------------------------------------------------------------------------------
---------------------------------------------------------------------------------
Start RTL Hierarchical Component Statistics 
---------------------------------------------------------------------------------
Hierarchical RTL Component report 
Module delay_block 
Detailed RTL Component Info : 
+---Registers : 
	                1 Bit    Registers := 1     
---------------------------------------------------------------------------------
Finished RTL Hierarchical Component Statistics
---------------------------------------------------------------------------------
---------------------------------------------------------------------------------
Start Part Resource Summary
---------------------------------------------------------------------------------
Part Resources:
DSPs: 80 (col length:40)
BRAMs: 120 (col length: RAMB18 40 RAMB36 20)
---------------------------------------------------------------------------------
Finished Part Resource Summary
---------------------------------------------------------------------------------
---------------------------------------------------------------------------------
Start Cross Boundary and Area Optimization
---------------------------------------------------------------------------------
---------------------------------------------------------------------------------
Finished Cross Boundary and Area Optimization : Time (s): cpu = 00:00:27 ; elapsed = 00:00:28 . Memory (MB): peak = 733.488 ; gain = 476.641
---------------------------------------------------------------------------------

Report RTL Partitions: 
+-+--------------+------------+----------+
| |RTL Partition |Replication |Instances |
+-+--------------+------------+----------+
+-+--------------+------------+----------+
---------------------------------------------------------------------------------
Start Applying XDC Timing Constraints
---------------------------------------------------------------------------------
---------------------------------------------------------------------------------
Finished Applying XDC Timing Constraints : Time (s): cpu = 00:00:40 ; elapsed = 00:00:40 . Memory (MB): peak = 733.488 ; gain = 476.641
---------------------------------------------------------------------------------
---------------------------------------------------------------------------------
Start Timing Optimization
---------------------------------------------------------------------------------
---------------------------------------------------------------------------------
Finished Timing Optimization : Time (s): cpu = 00:00:40 ; elapsed = 00:00:40 . Memory (MB): peak = 733.488 ; gain = 476.641
---------------------------------------------------------------------------------

Report RTL Partitions: 
+-+--------------+------------+----------+
| |RTL Partition |Replication |Instances |
+-+--------------+------------+----------+
+-+--------------+------------+----------+
---------------------------------------------------------------------------------
Start Technology Mapping
---------------------------------------------------------------------------------
---------------------------------------------------------------------------------
Finished Technology Mapping : Time (s): cpu = 00:00:40 ; elapsed = 00:00:41 . Memory (MB): peak = 746.723 ; gain = 489.875
---------------------------------------------------------------------------------

Report RTL Partitions: 
+-+--------------+------------+----------+
| |RTL Partition |Replication |Instances |
+-+--------------+------------+----------+
+-+--------------+------------+----------+
---------------------------------------------------------------------------------
Start IO Insertion
---------------------------------------------------------------------------------
---------------------------------------------------------------------------------
Start Flattening Before IO Insertion
---------------------------------------------------------------------------------
---------------------------------------------------------------------------------
Finished Flattening Before IO Insertion
---------------------------------------------------------------------------------
---------------------------------------------------------------------------------
Start Final Netlist Cleanup
---------------------------------------------------------------------------------
---------------------------------------------------------------------------------
Finished Final Netlist Cleanup
---------------------------------------------------------------------------------
---------------------------------------------------------------------------------
Finished IO Insertion : Time (s): cpu = 00:00:41 ; elapsed = 00:00:42 . Memory (MB): peak = 746.723 ; gain = 489.875
---------------------------------------------------------------------------------

Report Check Netlist: 
+------+------------------+-------+---------+-------+------------------+
|      |Item              |Errors |Warnings |Status |Description       |
+------+------------------+-------+---------+-------+------------------+
|1     |multi_driven_nets |      0|        0|Passed |Multi driven nets |
+------+------------------+-------+---------+-------+------------------+
---------------------------------------------------------------------------------
Start Renaming Generated Instances
---------------------------------------------------------------------------------
---------------------------------------------------------------------------------
Finished Renaming Generated Instances : Time (s): cpu = 00:00:41 ; elapsed = 00:00:42 . Memory (MB): peak = 746.723 ; gain = 489.875
---------------------------------------------------------------------------------

Report RTL Partitions: 
+-+--------------+------------+----------+
| |RTL Partition |Replication |Instances |
+-+--------------+------------+----------+
+-+--------------+------------+----------+
---------------------------------------------------------------------------------
Start Rebuilding User Hierarchy
---------------------------------------------------------------------------------
---------------------------------------------------------------------------------
Finished Rebuilding User Hierarchy : Time (s): cpu = 00:00:41 ; elapsed = 00:00:42 . Memory (MB): peak = 746.723 ; gain = 489.875
---------------------------------------------------------------------------------
---------------------------------------------------------------------------------
Start Renaming Generated Ports
---------------------------------------------------------------------------------
---------------------------------------------------------------------------------
Finished Renaming Generated Ports : Time (s): cpu = 00:00:41 ; elapsed = 00:00:42 . Memory (MB): peak = 746.723 ; gain = 489.875
---------------------------------------------------------------------------------
---------------------------------------------------------------------------------
Start Handling Custom Attributes
---------------------------------------------------------------------------------
---------------------------------------------------------------------------------
Finished Handling Custom Attributes : Time (s): cpu = 00:00:41 ; elapsed = 00:00:42 . Memory (MB): peak = 746.723 ; gain = 489.875
---------------------------------------------------------------------------------
---------------------------------------------------------------------------------
Start Renaming Generated Nets
---------------------------------------------------------------------------------
---------------------------------------------------------------------------------
Finished Renaming Generated Nets : Time (s): cpu = 00:00:41 ; elapsed = 00:00:42 . Memory (MB): peak = 746.723 ; gain = 489.875
---------------------------------------------------------------------------------
---------------------------------------------------------------------------------
Start ROM, RAM, DSP and Shift Register Reporting
---------------------------------------------------------------------------------

Static Shift Register Report:
+------------+--------------------------------------------+--------+-------+--------------+--------------------+-------------------+--------+---------+
|Module Name | RTL Name                                   | Length | Width | Reset Signal | Pull out first Reg | Pull out last Reg | SRL16E | SRLC32E | 
+------------+--------------------------------------------+--------+-------+--------------+--------------------+-------------------+--------+---------+
|delay_0     | inst/(null)[165].(null)[0].reg_i_j/val_reg | 166    | 4     | NO           | YES                | YES               | 0      | 24      | 
+------------+--------------------------------------------+--------+-------+--------------+--------------------+-------------------+--------+---------+

---------------------------------------------------------------------------------
Finished ROM, RAM, DSP and Shift Register Reporting
---------------------------------------------------------------------------------
---------------------------------------------------------------------------------
Start Writing Synthesis Report
---------------------------------------------------------------------------------

Report BlackBoxes: 
+-+--------------+----------+
| |BlackBox name |Instances |
+-+--------------+----------+
+-+--------------+----------+

Report Cell Usage: 
+------+--------+------+
|      |Cell    |Count |
+------+--------+------+
|1     |SRLC32E |    24|
|2     |FDRE    |     8|
+------+--------+------+

Report Instance Areas: 
+------+------------------------------------+---------------+------+
|      |Instance                            |Module         |Cells |
+------+------------------------------------+---------------+------+
|1     |top                                 |               |    32|
|2     |  inst                              |delay          |    32|
|3     |    \(null)[0].(null)[0].reg_i_j    |delay_block    |     1|
|4     |    \(null)[0].(null)[1].reg_i_j    |delay_block_0  |     1|
|5     |    \(null)[0].(null)[2].reg_i_j    |delay_block_1  |     1|
|6     |    \(null)[0].(null)[3].reg_i_j    |delay_block_2  |     1|
|7     |    \(null)[128].(null)[0].reg_i_j  |delay_block_3  |     1|
|8     |    \(null)[128].(null)[1].reg_i_j  |delay_block_4  |     1|
|9     |    \(null)[128].(null)[2].reg_i_j  |delay_block_5  |     1|
|10    |    \(null)[128].(null)[3].reg_i_j  |delay_block_6  |     1|
|11    |    \(null)[160].(null)[0].reg_i_j  |delay_block_7  |     1|
|12    |    \(null)[160].(null)[1].reg_i_j  |delay_block_8  |     1|
|13    |    \(null)[160].(null)[2].reg_i_j  |delay_block_9  |     1|
|14    |    \(null)[160].(null)[3].reg_i_j  |delay_block_10 |     1|
|15    |    \(null)[164].(null)[0].reg_i_j  |delay_block_11 |     1|
|16    |    \(null)[164].(null)[1].reg_i_j  |delay_block_12 |     1|
|17    |    \(null)[164].(null)[2].reg_i_j  |delay_block_13 |     1|
|18    |    \(null)[164].(null)[3].reg_i_j  |delay_block_14 |     1|
|19    |    \(null)[165].(null)[0].reg_i_j  |delay_block_15 |     1|
|20    |    \(null)[165].(null)[1].reg_i_j  |delay_block_16 |     1|
|21    |    \(null)[165].(null)[2].reg_i_j  |delay_block_17 |     1|
|22    |    \(null)[165].(null)[3].reg_i_j  |delay_block_18 |     1|
|23    |    \(null)[32].(null)[0].reg_i_j   |delay_block_19 |     1|
|24    |    \(null)[32].(null)[1].reg_i_j   |delay_block_20 |     1|
|25    |    \(null)[32].(null)[2].reg_i_j   |delay_block_21 |     1|
|26    |    \(null)[32].(null)[3].reg_i_j   |delay_block_22 |     1|
|27    |    \(null)[64].(null)[0].reg_i_j   |delay_block_23 |     1|
|28    |    \(null)[64].(null)[1].reg_i_j   |delay_block_24 |     1|
|29    |    \(null)[64].(null)[2].reg_i_j   |delay_block_25 |     1|
|30    |    \(null)[64].(null)[3].reg_i_j   |delay_block_26 |     1|
|31    |    \(null)[96].(null)[0].reg_i_j   |delay_block_27 |     1|
|32    |    \(null)[96].(null)[1].reg_i_j   |delay_block_28 |     1|
|33    |    \(null)[96].(null)[2].reg_i_j   |delay_block_29 |     1|
|34    |    \(null)[96].(null)[3].reg_i_j   |delay_block_30 |     1|
+------+------------------------------------+---------------+------+
---------------------------------------------------------------------------------
Finished Writing Synthesis Report : Time (s): cpu = 00:00:41 ; elapsed = 00:00:42 . Memory (MB): peak = 746.723 ; gain = 489.875
---------------------------------------------------------------------------------
Synthesis finished with 0 errors, 0 critical warnings and 0 warnings.
Synthesis Optimization Runtime : Time (s): cpu = 00:00:24 ; elapsed = 00:00:34 . Memory (MB): peak = 746.723 ; gain = 166.016
Synthesis Optimization Complete : Time (s): cpu = 00:00:41 ; elapsed = 00:00:42 . Memory (MB): peak = 746.723 ; gain = 489.875
INFO: [Project 1-571] Translating synthesized netlist
INFO: [Project 1-570] Preparing netlist for logic optimization
INFO: [Opt 31-138] Pushed 0 inverter(s) to 0 load pin(s).
INFO: [Project 1-111] Unisim Transformation Summary:
No Unisim elements were transformed.

INFO: [Common 17-83] Releasing license: Synthesis
15 Infos, 0 Warnings, 0 Critical Warnings and 0 Errors encountered.
synth_design completed successfully
synth_design: Time (s): cpu = 00:00:43 ; elapsed = 00:00:45 . Memory (MB): peak = 746.797 ; gain = 501.418
INFO: [Common 17-1381] The checkpoint 'C:/git/SR/lab12/median5x5/median5x5.runs/delay_0_synth_1/delay_0.dcp' has been generated.
