
*** Running vivado
    with args -log hdmi_vga_wrapper.vdi -applog -m64 -product Vivado -messageDb vivado.pb -mode batch -source hdmi_vga_wrapper.tcl -notrace


****** Vivado v2017.4 (64-bit)
  **** SW Build 2086221 on Fri Dec 15 20:55:39 MST 2017
  **** IP Build 2085800 on Fri Dec 15 22:25:07 MST 2017
    ** Copyright 1986-2017 Xilinx, Inc. All Rights Reserved.

source hdmi_vga_wrapper.tcl -notrace
INFO: [IP_Flow 19-234] Refreshing IP repositories
INFO: [IP_Flow 19-1700] Loaded user IP repository 'c:/git/SR/lab5/hdmi_vga_ip_repo'.
INFO: [IP_Flow 19-1700] Loaded user IP repository 'c:/git/SR/lab5/vp_bin'.
INFO: [IP_Flow 19-2313] Loaded Vivado IP repository 'C:/Xilinx/Vivado/2017.4/data/ip'.
Command: link_design -top hdmi_vga_wrapper -part xc7z010clg400-1
Design is defaulting to srcset: sources_1
Design is defaulting to constrset: constrs_1
INFO: [Project 1-454] Reading design checkpoint 'c:/git/SR/lab5/zad85/zad85.srcs/sources_1/bd/hdmi_vga/ip/hdmi_vga_xlconstant_0_0/hdmi_vga_xlconstant_0_0.dcp' for cell 'hdmi_vga_i/GND'
INFO: [Project 1-454] Reading design checkpoint 'c:/git/SR/lab5/zad85/zad85.srcs/sources_1/bd/hdmi_vga/ip/hdmi_vga_xlconstant_1_0/hdmi_vga_xlconstant_1_0.dcp' for cell 'hdmi_vga_i/VCC'
INFO: [Project 1-454] Reading design checkpoint 'c:/git/SR/lab5/zad85/zad85.srcs/sources_1/bd/hdmi_vga/ip/hdmi_vga_clk_wiz_0_0/hdmi_vga_clk_wiz_0_0.dcp' for cell 'hdmi_vga_i/clk_wiz_0'
INFO: [Project 1-454] Reading design checkpoint 'c:/git/SR/lab5/zad85/zad85.srcs/sources_1/bd/hdmi_vga/ip/hdmi_vga_dvi2rgb_0_0/hdmi_vga_dvi2rgb_0_0.dcp' for cell 'hdmi_vga_i/dvi2rgb_0'
INFO: [Project 1-454] Reading design checkpoint 'c:/git/SR/lab5/zad85/zad85.srcs/sources_1/bd/hdmi_vga/ip/hdmi_vga_rgb2vga_0_0/hdmi_vga_rgb2vga_0_0.dcp' for cell 'hdmi_vga_i/rgb2vga_0'
INFO: [Project 1-454] Reading design checkpoint 'c:/git/SR/lab5/zad85/zad85.srcs/sources_1/bd/hdmi_vga/ip/hdmi_vga_vp_bin_0_0/hdmi_vga_vp_bin_0_0.dcp' for cell 'hdmi_vga_i/vp_bin_0'
INFO: [Netlist 29-17] Analyzing 91 Unisim elements for replacement
INFO: [Netlist 29-28] Unisim Transformation completed in 0 CPU seconds
INFO: [Project 1-479] Netlist was created with Vivado 2017.4
INFO: [Device 21-403] Loading part xc7z010clg400-1
INFO: [Project 1-570] Preparing netlist for logic optimization
Parsing XDC File [c:/git/SR/lab5/zad85/zad85.srcs/sources_1/bd/hdmi_vga/ip/hdmi_vga_dvi2rgb_0_0/src/dvi2rgb.xdc] for cell 'hdmi_vga_i/dvi2rgb_0/U0'
Finished Parsing XDC File [c:/git/SR/lab5/zad85/zad85.srcs/sources_1/bd/hdmi_vga/ip/hdmi_vga_dvi2rgb_0_0/src/dvi2rgb.xdc] for cell 'hdmi_vga_i/dvi2rgb_0/U0'
Parsing XDC File [c:/git/SR/lab5/zad85/zad85.srcs/sources_1/bd/hdmi_vga/ip/hdmi_vga_clk_wiz_0_0/hdmi_vga_clk_wiz_0_0_board.xdc] for cell 'hdmi_vga_i/clk_wiz_0/inst'
Finished Parsing XDC File [c:/git/SR/lab5/zad85/zad85.srcs/sources_1/bd/hdmi_vga/ip/hdmi_vga_clk_wiz_0_0/hdmi_vga_clk_wiz_0_0_board.xdc] for cell 'hdmi_vga_i/clk_wiz_0/inst'
Parsing XDC File [c:/git/SR/lab5/zad85/zad85.srcs/sources_1/bd/hdmi_vga/ip/hdmi_vga_clk_wiz_0_0/hdmi_vga_clk_wiz_0_0.xdc] for cell 'hdmi_vga_i/clk_wiz_0/inst'
INFO: [Timing 38-35] Done setting XDC timing constraints. [c:/git/SR/lab5/zad85/zad85.srcs/sources_1/bd/hdmi_vga/ip/hdmi_vga_clk_wiz_0_0/hdmi_vga_clk_wiz_0_0.xdc:57]
INFO: [Timing 38-2] Deriving generated clocks [c:/git/SR/lab5/zad85/zad85.srcs/sources_1/bd/hdmi_vga/ip/hdmi_vga_clk_wiz_0_0/hdmi_vga_clk_wiz_0_0.xdc:57]
get_clocks: Time (s): cpu = 00:00:15 ; elapsed = 00:00:15 . Memory (MB): peak = 1145.516 ; gain = 557.551
Finished Parsing XDC File [c:/git/SR/lab5/zad85/zad85.srcs/sources_1/bd/hdmi_vga/ip/hdmi_vga_clk_wiz_0_0/hdmi_vga_clk_wiz_0_0.xdc] for cell 'hdmi_vga_i/clk_wiz_0/inst'
Parsing XDC File [C:/git/SR/lab5/zad85/zad85.srcs/constrs_1/imports/hdmi_vga_zybo_src/Zybo_HDMI.xdc]
Finished Parsing XDC File [C:/git/SR/lab5/zad85/zad85.srcs/constrs_1/imports/hdmi_vga_zybo_src/Zybo_HDMI.xdc]
INFO: [Opt 31-138] Pushed 0 inverter(s) to 0 load pin(s).
INFO: [Project 1-111] Unisim Transformation Summary:
  A total of 32 instances were transformed.
  IOBUF => IOBUF (IBUF, OBUFT): 2 instances
  RAM256X1S => RAM256X1S (MUXF7, MUXF7, MUXF8, RAMS64E, RAMS64E, RAMS64E, RAMS64E): 24 instances
  RAM32M => RAM32M (RAMD32, RAMD32, RAMD32, RAMD32, RAMD32, RAMD32, RAMS32, RAMS32): 6 instances

19 Infos, 0 Warnings, 0 Critical Warnings and 0 Errors encountered.
link_design completed successfully
link_design: Time (s): cpu = 00:00:24 ; elapsed = 00:00:26 . Memory (MB): peak = 1145.516 ; gain = 898.891
Command: opt_design
Attempting to get a license for feature 'Implementation' and/or device 'xc7z010'
INFO: [Common 17-349] Got license for feature 'Implementation' and/or device 'xc7z010'
Running DRC as a precondition to command opt_design

Starting DRC Task
INFO: [DRC 23-27] Running DRC with 2 threads
ERROR: [DRC MDRV-1] Multiple Driver Nets: Net hdmi_vga_i/vp_bin_0/inst/pixel_out[6] has multiple drivers: hdmi_vga_i/vp_bin_0/inst/pixel_out[1]_INST_0/O, and hdmi_vga_i/vp_bin_0/inst/pixel_out[1]_INST_1/O.
INFO: [Project 1-461] DRC finished with 1 Errors
INFO: [Project 1-462] Please refer to the DRC report (report_drc) for more information.
ERROR: [Vivado_Tcl 4-78] Error(s) found during DRC. Opt_design not run.

Time (s): cpu = 00:00:02 ; elapsed = 00:00:01 . Memory (MB): peak = 1145.516 ; gain = 0.000
INFO: [Common 17-83] Releasing license: Implementation
24 Infos, 0 Warnings, 0 Critical Warnings and 2 Errors encountered.
opt_design failed
ERROR: [Common 17-39] 'opt_design' failed due to earlier errors.

INFO: [Common 17-206] Exiting Vivado at Tue Apr 24 15:03:39 2018...
