#-----------------------------------------------------------
# Vivado v2017.4 (64-bit)
# SW Build 2086221 on Fri Dec 15 20:55:39 MST 2017
# IP Build 2085800 on Fri Dec 15 22:25:07 MST 2017
# Start of session at: Fri Jun  1 23:43:08 2018
# Process ID: 11292
# Current directory: C:/git/SR/lab2/p_1
# Command line: vivado.exe -gui_launcher_event rodinguilauncherevent7724 C:\git\SR\lab2\p_1\p_1.xpr
# Log file: C:/git/SR/lab2/p_1/vivado.log
# Journal file: C:/git/SR/lab2/p_1\vivado.jou
#-----------------------------------------------------------
start_gui
open_project C:/git/SR/lab2/p_1/p_1.xpr
INFO: [Project 1-313] Project file moved from 'C:/Drive/S6/SR/RomanMichal/lab2/p_1' since last save.
Scanning sources...
Finished scanning sources
INFO: [IP_Flow 19-234] Refreshing IP repositories
INFO: [IP_Flow 19-1704] No user IP repositories specified
INFO: [IP_Flow 19-2313] Loaded Vivado IP repository 'C:/Xilinx/Vivado/2017.4/data/ip'.
exit
INFO: [Common 17-206] Exiting Vivado at Sat Jun  2 00:51:40 2018...
): peak = 772.746 ; gain = 24.621
exit
INFO: [Common 17-206] Exiting Vivado at Fri Jun  1 23:51:50 2018...
