#-----------------------------------------------------------
# Vivado v2017.4 (64-bit)
# SW Build 2086221 on Fri Dec 15 20:55:39 MST 2017
# IP Build 2085800 on Fri Dec 15 22:25:07 MST 2017
# Start of session at: Sun May 13 22:54:51 2018
# Process ID: 244
# Current directory: C:/git/SR/lab10/zad10_6/vp
# Command line: vivado.exe -gui_launcher_event rodinguilauncherevent7736 C:\git\SR\lab10\zad10_6\vp\vp.xpr
# Log file: C:/git/SR/lab10/zad10_6/vp/vivado.log
# Journal file: C:/git/SR/lab10/zad10_6/vp\vivado.jou
#-----------------------------------------------------------
start_gui
open_project C:/git/SR/lab10/zad10_6/vp/vp.xpr
INFO: [Project 1-313] Project file moved from '/home/lsriw/sr/RomanMichal/SR/lab5/vp' since last save.
CRITICAL WARNING: [Project 1-311] Could not find the file 'C:/git/SR/lab10/zad10_6/hdmi_vga_zybo_src/lut.coe', nor could it be found using path 'C:/home/lsriw/sr/RomanMichal/SR/lab5/hdmi_vga_zybo_src/lut.coe'.
CRITICAL WARNING: [Project 1-311] Could not find the file 'C:/git/SR/lab10/zad10_6/component.xml', nor could it be found using path 'C:/home/lsriw/sr/RomanMichal/SR/lab5/component.xml'.
Scanning sources...
Finished scanning sources
WARNING: [filemgmt 56-2] IP Repository Path: Could not find the directory 'C:/git/SR/lab10/lab5', nor could it be found using path 'C:/home/lsriw/sr/RomanMichal/SR/lab5'.
INFO: [IP_Flow 19-234] Refreshing IP repositories
WARNING: [IP_Flow 19-2248] Failed to load user IP repository 'c:/git/SR/lab10/lab5'; Can't find the specified path.
If this directory should no longer be in your list of user repositories, go to the IP Settings dialog and remove it.
INFO: [IP_Flow 19-2313] Loaded Vivado IP repository 'C:/Xilinx/Vivado/2017.4/data/ip'.
open_project: Time (s): cpu = 00:00:14 ; elapsed = 00:00:05 . Memory (MB): peak = 776.395 ; gain = 32.305
update_compile_order -fileset sources_1
export_ip_user_files -of_objects  [get_files C:/git/SR/lab10/zad10_6/vp/vp.srcs/sources_1/ip/LUT/LUT.xci] -no_script -reset -force -quiet
remove_files  -fileset LUT C:/git/SR/lab10/zad10_6/vp/vp.srcs/sources_1/ip/LUT/LUT.xci
INFO: [Project 1-386] Moving file 'C:/git/SR/lab10/zad10_6/vp/vp.srcs/sources_1/ip/LUT/LUT.xci' from fileset 'LUT' to fileset 'sources_1'.
export_ip_user_files -of_objects  [get_files C:/git/SR/lab10/zad10_6/hdmi_vga_zybo_src/lut.coe] -no_script -reset -force -quiet
remove_files  C:/git/SR/lab10/zad10_6/hdmi_vga_zybo_src/lut.coe
reset_run synth_1
launch_runs impl_1 -jobs 8
[Sun May 13 23:51:52 2018] Launched synth_1...
Run output will be captured here: C:/git/SR/lab10/zad10_6/vp/vp.runs/synth_1/runme.log
[Sun May 13 23:51:52 2018] Launched impl_1...
Run output will be captured here: C:/git/SR/lab10/zad10_6/vp/vp.runs/impl_1/runme.log
reset_run synth_1
launch_runs impl_1 -jobs 8
[Mon May 14 00:05:21 2018] Launched synth_1...
Run output will be captured here: C:/git/SR/lab10/zad10_6/vp/vp.runs/synth_1/runme.log
[Mon May 14 00:05:21 2018] Launched impl_1...
Run output will be captured here: C:/git/SR/lab10/zad10_6/vp/vp.runs/impl_1/runme.log
file mkdir C:/git/SR/lab10/zad10_6/vp/vp.srcs/sim_1/new
set_property SOURCE_SET sources_1 [get_filesets sim_1]
close [ open C:/git/SR/lab10/zad10_6/vp/vp.srcs/sim_1/new/tb_vp.v w ]
add_files -fileset sim_1 C:/git/SR/lab10/zad10_6/vp/vp.srcs/sim_1/new/tb_vp.v
launch_runs impl_1 -to_step write_bitstream -jobs 8
[Mon May 14 00:07:43 2018] Launched impl_1...
Run output will be captured here: C:/git/SR/lab10/zad10_6/vp/vp.runs/impl_1/runme.log
update_compile_order -fileset sim_1
ipx::package_project -root_dir C:/git/SR/lab10/Resources/rgb2hsv -vendor xilinx.com -library user -taxonomy /UserIP -import_files -set_current false
INFO: [IP_Flow 19-4753] Inferred signal 'clock' from port 'clk' as interface 'clk'.
ipx::unload_core c:/git/SR/lab10/Resources/rgb2hsv/component.xml
ipx::edit_ip_in_project -upgrade true -name tmp_edit_project -directory C:/git/SR/lab10/Resources/rgb2hsv c:/git/SR/lab10/Resources/rgb2hsv/component.xml
INFO: [IP_Flow 19-234] Refreshing IP repositories
INFO: [IP_Flow 19-1704] No user IP repositories specified
INFO: [IP_Flow 19-2313] Loaded Vivado IP repository 'C:/Xilinx/Vivado/2017.4/data/ip'.
INFO: [IP_Flow 19-234] Refreshing IP repositories
WARNING: [IP_Flow 19-2248] Failed to load user IP repository 'c:/git/SR/lab10/lab5'; Can't find the specified path.
If this directory should no longer be in your list of user repositories, go to the IP Settings dialog and remove it.
INFO: [IP_Flow 19-795] Syncing license key meta-data
ipx::edit_ip_in_project: Time (s): cpu = 00:00:10 ; elapsed = 00:00:06 . Memory (MB): peak = 864.750 ; gain = 19.863
current_project vp
set_property name rgb2hsv [ipx::current_core]
set_property display_name gb2hsv [ipx::current_core]
set_property description gb2hsv [ipx::current_core]
set_property display_name rgb2hsv [ipx::current_core]
set_property description rgb2hsv [ipx::current_core]
set_property previous_version_for_upgrade xilinx.com:user:vp:1.0 [ipx::current_core]
set_property core_revision 1 [ipx::current_core]
ipx::create_xgui_files [ipx::current_core]
ipx::update_checksums [ipx::current_core]
ipx::save_core [ipx::current_core]
current_project tmp_edit_project
close_project -delete
set_property  ip_repo_paths  {c:/git/SR/lab10/Resources/rgb2hsv c:/git/SR/lab10/lab5} [current_project]
update_ip_catalog
INFO: [IP_Flow 19-234] Refreshing IP repositories
INFO: [IP_Flow 19-1700] Loaded user IP repository 'c:/git/SR/lab10/Resources/rgb2hsv'.
WARNING: [IP_Flow 19-2248] Failed to load user IP repository 'c:/git/SR/lab10/lab5'; Can't find the specified path.
If this directory should no longer be in your list of user repositories, go to the IP Settings dialog and remove it.
exit
