Copyright 1986-2017 Xilinx, Inc. All Rights Reserved.
------------------------------------------------------------------------------------
| Tool Version : Vivado v.2017.4 (win64) Build 2086221 Fri Dec 15 20:55:39 MST 2017
| Date         : Sat Jun  2 15:08:49 2018
| Host         : DESKTOP-JI7G1LN running 64-bit major release  (build 9200)
| Command      : upgrade_ip
| Device       : xc7z010clg400-1
------------------------------------------------------------------------------------

Upgrade Log for IP 'hdmi_vga_vp_0_0'

1. Summary
----------

SUCCESS in the upgrade of hdmi_vga_vp_0_0 (xilinx.com:user:vp:1.0) from (Rev. 17) to (Rev. 18)






Copyright 1986-2017 Xilinx, Inc. All Rights Reserved.
------------------------------------------------------------------------------------
| Tool Version : Vivado v.2017.4 (win64) Build 2086221 Fri Dec 15 20:55:39 MST 2017
| Date         : Sat Jun  2 14:35:43 2018
| Host         : DESKTOP-JI7G1LN running 64-bit major release  (build 9200)
| Command      : upgrade_ip
| Device       : xc7z010clg400-1
------------------------------------------------------------------------------------

Upgrade Log for IP 'median5x5_0'

1. Summary
----------

SUCCESS in the conversion of median5x5_0 (xilinx.com:user:median5x5:1.0 (Rev. 2)) to Vivado generation flows.






Copyright 1986-2017 Xilinx, Inc. All Rights Reserved.
------------------------------------------------------------------------------------
| Tool Version : Vivado v.2017.4 (win64) Build 2086221 Fri Dec 15 20:55:39 MST 2017
| Date         : Sat Jun  2 13:59:41 2018
| Host         : DESKTOP-JI7G1LN running 64-bit major release  (build 9200)
| Command      : upgrade_ip
| Device       : xc7z010clg400-1
------------------------------------------------------------------------------------

Upgrade Log for IP 'median5x5_0'

1. Summary
----------

SUCCESS in the conversion of median5x5_0 (xilinx.com:user:median5x5:1.0 (Rev. 2)) to Vivado generation flows.






Copyright 1986-2017 Xilinx, Inc. All Rights Reserved.
------------------------------------------------------------------------------------
| Tool Version : Vivado v.2017.4 (win64) Build 2086221 Fri Dec 15 20:55:39 MST 2017
| Date         : Sat Jun  2 13:53:20 2018
| Host         : DESKTOP-JI7G1LN running 64-bit major release  (build 9200)
| Command      : upgrade_ip
| Device       : xc7z010clg400-1
------------------------------------------------------------------------------------

Upgrade Log for IP 'median5x5_0'

1. Summary
----------

SUCCESS in the conversion of median5x5_0 (xilinx.com:user:median5x5:1.0 (Rev. 2)) to Vivado generation flows.






Copyright 1986-2017 Xilinx, Inc. All Rights Reserved.
------------------------------------------------------------------------------------
| Tool Version : Vivado v.2017.4 (win64) Build 2086221 Fri Dec 15 20:55:39 MST 2017
| Date         : Sat Jun  2 13:29:55 2018
| Host         : DESKTOP-JI7G1LN running 64-bit major release  (build 9200)
| Command      : upgrade_ip
| Device       : xc7z010clg400-1
------------------------------------------------------------------------------------

Upgrade Log for IP 'median5x5_0'

1. Summary
----------

SUCCESS in the conversion of median5x5_0 (xilinx.com:user:median5x5:1.0 (Rev. 2)) to Vivado generation flows.






Copyright 1986-2017 Xilinx, Inc. All Rights Reserved.
------------------------------------------------------------------------------------
| Tool Version : Vivado v.2017.4 (win64) Build 2086221 Fri Dec 15 20:55:39 MST 2017
| Date         : Sat Jun  2 13:19:53 2018
| Host         : DESKTOP-JI7G1LN running 64-bit major release  (build 9200)
| Command      : upgrade_ip
| Device       : xc7z010clg400-1
------------------------------------------------------------------------------------

Upgrade Log for IP 'median5x5_0'

1. Summary
----------

SUCCESS in the conversion of median5x5_0 (xilinx.com:user:median5x5:1.0 (Rev. 2)) to Vivado generation flows.






Copyright 1986-2017 Xilinx, Inc. All Rights Reserved.
------------------------------------------------------------------------------------
| Tool Version : Vivado v.2017.4 (win64) Build 2086221 Fri Dec 15 20:55:39 MST 2017
| Date         : Sat Jun  2 12:59:24 2018
| Host         : DESKTOP-JI7G1LN running 64-bit major release  (build 9200)
| Command      : upgrade_ip
| Device       : xc7z010clg400-1
------------------------------------------------------------------------------------

Upgrade Log for IP 'median5x5_0'

1. Summary
----------

SUCCESS in the conversion of median5x5_0 (xilinx.com:user:median5x5:1.0 (Rev. 2)) to Vivado generation flows.






Copyright 1986-2017 Xilinx, Inc. All Rights Reserved.
------------------------------------------------------------------------------------
| Tool Version : Vivado v.2017.4 (win64) Build 2086221 Fri Dec 15 20:55:39 MST 2017
| Date         : Sat Jun  2 12:33:26 2018
| Host         : DESKTOP-JI7G1LN running 64-bit major release  (build 9200)
| Command      : upgrade_ip
| Device       : xc7z010clg400-1
------------------------------------------------------------------------------------

Upgrade Log for IP 'median5x5_0'

1. Summary
----------

SUCCESS in the conversion of median5x5_0 (xilinx.com:user:median5x5:1.0 (Rev. 2)) to Vivado generation flows.






Copyright 1986-2017 Xilinx, Inc. All Rights Reserved.
------------------------------------------------------------------------------------
| Tool Version : Vivado v.2017.4 (win64) Build 2086221 Fri Dec 15 20:55:39 MST 2017
| Date         : Sat Jun  2 12:15:23 2018
| Host         : DESKTOP-JI7G1LN running 64-bit major release  (build 9200)
| Command      : upgrade_ip
| Device       : xc7z010clg400-1
------------------------------------------------------------------------------------

Upgrade Log for IP 'median5x5_0'

1. Summary
----------

SUCCESS in the conversion of median5x5_0 (xilinx.com:user:median5x5:1.0 (Rev. 2)) to Vivado generation flows.






Copyright 1986-2017 Xilinx, Inc. All Rights Reserved.
------------------------------------------------------------------------------------
| Tool Version : Vivado v.2017.4 (win64) Build 2086221 Fri Dec 15 20:55:39 MST 2017
| Date         : Sat Jun  2 12:01:00 2018
| Host         : DESKTOP-JI7G1LN running 64-bit major release  (build 9200)
| Command      : upgrade_ip
| Device       : xc7z010clg400-1
------------------------------------------------------------------------------------

Upgrade Log for IP 'median5x5_0'

1. Summary
----------

SUCCESS in the conversion of median5x5_0 (xilinx.com:user:median5x5:1.0 (Rev. 2)) to Vivado generation flows.






Copyright 1986-2017 Xilinx, Inc. All Rights Reserved.
------------------------------------------------------------------------------------
| Tool Version : Vivado v.2017.4 (win64) Build 2086221 Fri Dec 15 20:55:39 MST 2017
| Date         : Sat Jun  2 11:54:25 2018
| Host         : DESKTOP-JI7G1LN running 64-bit major release  (build 9200)
| Command      : upgrade_ip
| Device       : xc7z010clg400-1
------------------------------------------------------------------------------------

Upgrade Log for IP 'median5x5_0'

1. Summary
----------

SUCCESS in the conversion of median5x5_0 (xilinx.com:user:median5x5:1.0 (Rev. 2)) to Vivado generation flows.






Copyright 1986-2017 Xilinx, Inc. All Rights Reserved.
------------------------------------------------------------------------------------
| Tool Version : Vivado v.2017.4 (win64) Build 2086221 Fri Dec 15 20:55:39 MST 2017
| Date         : Sat Jun  2 11:47:45 2018
| Host         : DESKTOP-JI7G1LN running 64-bit major release  (build 9200)
| Command      : upgrade_ip
| Device       : xc7z010clg400-1
------------------------------------------------------------------------------------

Upgrade Log for IP 'median5x5_0'

1. Summary
----------

SUCCESS in the conversion of median5x5_0 (xilinx.com:user:median5x5:1.0 (Rev. 2)) to Vivado generation flows.






Copyright 1986-2017 Xilinx, Inc. All Rights Reserved.
------------------------------------------------------------------------------------
| Tool Version : Vivado v.2017.4 (win64) Build 2086221 Fri Dec 15 20:55:39 MST 2017
| Date         : Sat Jun  2 11:37:39 2018
| Host         : DESKTOP-JI7G1LN running 64-bit major release  (build 9200)
| Command      : upgrade_ip
| Device       : xc7z010clg400-1
------------------------------------------------------------------------------------

Upgrade Log for IP 'median5x5_0'

1. Summary
----------

SUCCESS in the conversion of median5x5_0 (xilinx.com:user:median5x5:1.0 (Rev. 2)) to Vivado generation flows.






Copyright 1986-2017 Xilinx, Inc. All Rights Reserved.
------------------------------------------------------------------------------------
| Tool Version : Vivado v.2017.4 (win64) Build 2086221 Fri Dec 15 20:55:39 MST 2017
| Date         : Sat Jun  2 11:21:20 2018
| Host         : DESKTOP-JI7G1LN running 64-bit major release  (build 9200)
| Command      : upgrade_ip
| Device       : xc7z010clg400-1
------------------------------------------------------------------------------------

Upgrade Log for IP 'median5x5_0'

1. Summary
----------

SUCCESS in the conversion of median5x5_0 (xilinx.com:user:median5x5:1.0 (Rev. 2)) to Vivado generation flows.






Copyright 1986-2017 Xilinx, Inc. All Rights Reserved.
------------------------------------------------------------------------------------
| Tool Version : Vivado v.2017.4 (win64) Build 2086221 Fri Dec 15 20:55:39 MST 2017
| Date         : Sat Jun  2 11:03:25 2018
| Host         : DESKTOP-JI7G1LN running 64-bit major release  (build 9200)
| Command      : upgrade_ip
| Device       : xc7z010clg400-1
------------------------------------------------------------------------------------

Upgrade Log for IP 'median5x5_0'

1. Summary
----------

SUCCESS in the conversion of median5x5_0 (xilinx.com:user:median5x5:1.0 (Rev. 2)) to Vivado generation flows.






Copyright 1986-2017 Xilinx, Inc. All Rights Reserved.
------------------------------------------------------------------------------------
| Tool Version : Vivado v.2017.4 (win64) Build 2086221 Fri Dec 15 20:55:39 MST 2017
| Date         : Sat Jun  2 10:48:46 2018
| Host         : DESKTOP-JI7G1LN running 64-bit major release  (build 9200)
| Command      : upgrade_ip
| Device       : xc7z010clg400-1
------------------------------------------------------------------------------------

Upgrade Log for IP 'median5x5_0'

1. Summary
----------

SUCCESS in the upgrade of median5x5_0 (xilinx.com:user:median5x5:1.0) from (Rev. 1) to (Rev. 2)






Copyright 1986-2017 Xilinx, Inc. All Rights Reserved.
------------------------------------------------------------------------------------
| Tool Version : Vivado v.2017.4 (win64) Build 2086221 Fri Dec 15 20:55:39 MST 2017
| Date         : Sat Jun  2 10:31:17 2018
| Host         : DESKTOP-JI7G1LN running 64-bit major release  (build 9200)
| Command      : upgrade_ip
| Device       : xc7z010clg400-1
------------------------------------------------------------------------------------

Upgrade Log for IP 'median5x5_0'

1. Summary
----------

SUCCESS in the upgrade of median5x5_0 (xilinx.com:user:median5x5:1.0) from (Rev. 2) to (Rev. 1)






Copyright 1986-2017 Xilinx, Inc. All Rights Reserved.
------------------------------------------------------------------------------------
| Tool Version : Vivado v.2017.4 (win64) Build 2086221 Fri Dec 15 20:55:39 MST 2017
| Date         : Sat Jun  2 10:09:28 2018
| Host         : DESKTOP-JI7G1LN running 64-bit major release  (build 9200)
| Command      : upgrade_ip
| Device       : xc7z010clg400-1
------------------------------------------------------------------------------------

Upgrade Log for IP 'median5x5_0'

1. Summary
----------

SUCCESS in the conversion of median5x5_0 (xilinx.com:user:median5x5:1.0 (Rev. 2)) to Vivado generation flows.






Copyright 1986-2017 Xilinx, Inc. All Rights Reserved.
------------------------------------------------------------------------------------
| Tool Version : Vivado v.2017.4 (win64) Build 2086221 Fri Dec 15 20:55:39 MST 2017
| Date         : Sat Jun  2 09:43:54 2018
| Host         : DESKTOP-JI7G1LN running 64-bit major release  (build 9200)
| Command      : upgrade_ip
| Device       : xc7z010clg400-1
------------------------------------------------------------------------------------

Upgrade Log for IP 'median5x5_0'

1. Summary
----------

SUCCESS in the conversion of median5x5_0 (xilinx.com:user:median5x5:1.0 (Rev. 2)) to Vivado generation flows.






Copyright 1986-2017 Xilinx, Inc. All Rights Reserved.
------------------------------------------------------------------------------------
| Tool Version : Vivado v.2017.4 (win64) Build 2086221 Fri Dec 15 20:55:39 MST 2017
| Date         : Wed May 30 09:01:24 2018
| Host         : DESKTOP-JI7G1LN running 64-bit major release  (build 9200)
| Command      : upgrade_ip
| Device       : xc7z010clg400-1
------------------------------------------------------------------------------------

Upgrade Log for IP 'vp_0'

1. Summary
----------

SUCCESS in the upgrade of vp_0 (xilinx.com:user:vp:1.0) from (Rev. 16) to (Rev. 17)






Copyright 1986-2017 Xilinx, Inc. All Rights Reserved.
------------------------------------------------------------------------------------
| Tool Version : Vivado v.2017.4 (win64) Build 2086221 Fri Dec 15 20:55:39 MST 2017
| Date         : Wed May 30 09:01:24 2018
| Host         : DESKTOP-JI7G1LN running 64-bit major release  (build 9200)
| Command      : upgrade_ip
| Device       : xc7z010clg400-1
------------------------------------------------------------------------------------

Upgrade Log for IP 'hdmi_vga_vp_0_0'

1. Summary
----------

SUCCESS in the upgrade of hdmi_vga_vp_0_0 (xilinx.com:user:vp:1.0) from (Rev. 16) to (Rev. 17)






Copyright 1986-2017 Xilinx, Inc. All Rights Reserved.
------------------------------------------------------------------------------------
| Tool Version : Vivado v.2017.4 (win64) Build 2086221 Fri Dec 15 20:55:39 MST 2017
| Date         : Wed May 30 08:49:28 2018
| Host         : DESKTOP-JI7G1LN running 64-bit major release  (build 9200)
| Command      : upgrade_ip
| Device       : xc7z010clg400-1
------------------------------------------------------------------------------------

Upgrade Log for IP 'vp_0'

1. Summary
----------

SUCCESS in the upgrade of vp_0 (xilinx.com:user:vp:1.0) from (Rev. 15) to (Rev. 16)






Copyright 1986-2017 Xilinx, Inc. All Rights Reserved.
------------------------------------------------------------------------------------
| Tool Version : Vivado v.2017.4 (win64) Build 2086221 Fri Dec 15 20:55:39 MST 2017
| Date         : Wed May 30 08:49:28 2018
| Host         : DESKTOP-JI7G1LN running 64-bit major release  (build 9200)
| Command      : upgrade_ip
| Device       : xc7z010clg400-1
------------------------------------------------------------------------------------

Upgrade Log for IP 'hdmi_vga_vp_0_0'

1. Summary
----------

SUCCESS in the upgrade of hdmi_vga_vp_0_0 (xilinx.com:user:vp:1.0) from (Rev. 15) to (Rev. 16)






Copyright 1986-2017 Xilinx, Inc. All Rights Reserved.
------------------------------------------------------------------------------------
| Tool Version : Vivado v.2017.4 (win64) Build 2086221 Fri Dec 15 20:55:39 MST 2017
| Date         : Wed May 30 08:37:57 2018
| Host         : DESKTOP-JI7G1LN running 64-bit major release  (build 9200)
| Command      : upgrade_ip
| Device       : xc7z010clg400-1
------------------------------------------------------------------------------------

Upgrade Log for IP 'vp_0'

1. Summary
----------

SUCCESS in the upgrade of vp_0 (xilinx.com:user:vp:1.0) from (Rev. 14) to (Rev. 15)






Copyright 1986-2017 Xilinx, Inc. All Rights Reserved.
------------------------------------------------------------------------------------
| Tool Version : Vivado v.2017.4 (win64) Build 2086221 Fri Dec 15 20:55:39 MST 2017
| Date         : Wed May 30 08:37:56 2018
| Host         : DESKTOP-JI7G1LN running 64-bit major release  (build 9200)
| Command      : upgrade_ip
| Device       : xc7z010clg400-1
------------------------------------------------------------------------------------

Upgrade Log for IP 'hdmi_vga_vp_0_0'

1. Summary
----------

SUCCESS in the upgrade of hdmi_vga_vp_0_0 (xilinx.com:user:vp:1.0) from (Rev. 14) to (Rev. 15)






Copyright 1986-2017 Xilinx, Inc. All Rights Reserved.
------------------------------------------------------------------------------------
| Tool Version : Vivado v.2017.4 (win64) Build 2086221 Fri Dec 15 20:55:39 MST 2017
| Date         : Wed May 30 08:19:32 2018
| Host         : DESKTOP-JI7G1LN running 64-bit major release  (build 9200)
| Command      : upgrade_ip
| Device       : xc7z010clg400-1
------------------------------------------------------------------------------------

Upgrade Log for IP 'vp_0'

1. Summary
----------

SUCCESS in the upgrade of vp_0 (xilinx.com:user:vp:1.0) from (Rev. 13) to (Rev. 14)






Copyright 1986-2017 Xilinx, Inc. All Rights Reserved.
------------------------------------------------------------------------------------
| Tool Version : Vivado v.2017.4 (win64) Build 2086221 Fri Dec 15 20:55:39 MST 2017
| Date         : Wed May 30 08:19:32 2018
| Host         : DESKTOP-JI7G1LN running 64-bit major release  (build 9200)
| Command      : upgrade_ip
| Device       : xc7z010clg400-1
------------------------------------------------------------------------------------

Upgrade Log for IP 'hdmi_vga_vp_0_0'

1. Summary
----------

SUCCESS in the upgrade of hdmi_vga_vp_0_0 (xilinx.com:user:vp:1.0) from (Rev. 13) to (Rev. 14)






Copyright 1986-2017 Xilinx, Inc. All Rights Reserved.
------------------------------------------------------------------------------------
| Tool Version : Vivado v.2017.4 (win64) Build 2086221 Fri Dec 15 20:55:39 MST 2017
| Date         : Wed May 30 08:16:54 2018
| Host         : DESKTOP-JI7G1LN running 64-bit major release  (build 9200)
| Command      : upgrade_ip
| Device       : xc7z010clg400-1
------------------------------------------------------------------------------------

Upgrade Log for IP 'vp_0'

1. Summary
----------

SUCCESS in the upgrade of vp_0 (xilinx.com:user:vp:1.0) from (Rev. 12) to (Rev. 13)






Copyright 1986-2017 Xilinx, Inc. All Rights Reserved.
------------------------------------------------------------------------------------
| Tool Version : Vivado v.2017.4 (win64) Build 2086221 Fri Dec 15 20:55:39 MST 2017
| Date         : Wed May 30 08:16:53 2018
| Host         : DESKTOP-JI7G1LN running 64-bit major release  (build 9200)
| Command      : upgrade_ip
| Device       : xc7z010clg400-1
------------------------------------------------------------------------------------

Upgrade Log for IP 'hdmi_vga_vp_0_0'

1. Summary
----------

SUCCESS in the upgrade of hdmi_vga_vp_0_0 (xilinx.com:user:vp:1.0) from (Rev. 12) to (Rev. 13)






Copyright 1986-2017 Xilinx, Inc. All Rights Reserved.
------------------------------------------------------------------------------------
| Tool Version : Vivado v.2017.4 (win64) Build 2086221 Fri Dec 15 20:55:39 MST 2017
| Date         : Tue May 29 18:49:46 2018
| Host         : DESKTOP-JI7G1LN running 64-bit major release  (build 9200)
| Command      : upgrade_ip
| Device       : xc7z010clg400-1
------------------------------------------------------------------------------------

Upgrade Log for IP 'hdmi_vga_vp_0_0'

1. Summary
----------

SUCCESS in the upgrade of hdmi_vga_vp_0_0 (xilinx.com:user:vp:1.0) from (Rev. 10) to (Rev. 12)






Copyright 1986-2017 Xilinx, Inc. All Rights Reserved.
------------------------------------------------------------------------------------
| Tool Version : Vivado v.2017.4 (win64) Build 2086221 Fri Dec 15 20:55:39 MST 2017
| Date         : Tue May 29 18:46:07 2018
| Host         : DESKTOP-JI7G1LN running 64-bit major release  (build 9200)
| Command      : upgrade_ip
| Device       : xc7z010clg400-1
------------------------------------------------------------------------------------

Upgrade Log for IP 'vp_0'

1. Summary
----------

SUCCESS in the upgrade of vp_0 (xilinx.com:user:vp:1.0) from (Rev. 11) to (Rev. 12)






Copyright 1986-2017 Xilinx, Inc. All Rights Reserved.
------------------------------------------------------------------------------------
| Tool Version : Vivado v.2017.4 (win64) Build 2086221 Fri Dec 15 20:55:39 MST 2017
| Date         : Wed May 23 08:34:52 2018
| Host         : DESKTOP-JI7G1LN running 64-bit major release  (build 9200)
| Command      : upgrade_ip
| Device       : xc7z010clg400-1
------------------------------------------------------------------------------------

Upgrade Log for IP 'hdmi_vga_vp_0_0'

1. Summary
----------

SUCCESS in the upgrade of hdmi_vga_vp_0_0 (xilinx.com:user:vp:1.0) from (Rev. 9) to (Rev. 10)






Copyright 1986-2017 Xilinx, Inc. All Rights Reserved.
------------------------------------------------------------------------------------
| Tool Version : Vivado v.2017.4 (win64) Build 2086221 Fri Dec 15 20:55:39 MST 2017
| Date         : Wed May 23 08:26:02 2018
| Host         : DESKTOP-JI7G1LN running 64-bit major release  (build 9200)
| Command      : upgrade_ip
| Device       : xc7z010clg400-1
------------------------------------------------------------------------------------

Upgrade Log for IP 'hdmi_vga_vp_0_0'

1. Summary
----------

SUCCESS in the upgrade of hdmi_vga_vp_0_0 (xilinx.com:user:vp:1.0) from (Rev. 7) to (Rev. 9)






Copyright 1986-2017 Xilinx, Inc. All Rights Reserved.
------------------------------------------------------------------------------------
| Tool Version : Vivado v.2017.4 (win64) Build 2086221 Fri Dec 15 20:55:39 MST 2017
| Date         : Tue May 22 22:41:04 2018
| Host         : DESKTOP-JI7G1LN running 64-bit major release  (build 9200)
| Command      : upgrade_ip
| Device       : xc7z010clg400-1
------------------------------------------------------------------------------------

Upgrade Log for IP 'hdmi_vga_vp_0_0'

1. Summary
----------

SUCCESS in the upgrade of hdmi_vga_vp_0_0 (xilinx.com:user:vp:1.0) from (Rev. 6) to (Rev. 7)






Copyright 1986-2017 Xilinx, Inc. All Rights Reserved.
------------------------------------------------------------------------------------
| Tool Version : Vivado v.2017.4 (win64) Build 2086221 Fri Dec 15 20:55:39 MST 2017
| Date         : Sun May 20 17:10:38 2018
| Host         : DESKTOP-JI7G1LN running 64-bit major release  (build 9200)
| Command      : upgrade_ip
| Device       : xc7z010clg400-1
------------------------------------------------------------------------------------

Upgrade Log for IP 'hdmi_vga_vp_0_0'

1. Summary
----------

SUCCESS in the upgrade of hdmi_vga_vp_0_0 (xilinx.com:user:vp:1.0) from (Rev. 5) to (Rev. 6)






Copyright 1986-2017 Xilinx, Inc. All Rights Reserved.
------------------------------------------------------------------------------------
| Tool Version : Vivado v.2017.4 (win64) Build 2086221 Fri Dec 15 20:55:39 MST 2017
| Date         : Sun May 13 22:12:16 2018
| Host         : DESKTOP-JI7G1LN running 64-bit major release  (build 9200)
| Command      : upgrade_ip
| Device       : xc7z010clg400-1
------------------------------------------------------------------------------------

Upgrade Log for IP 'hdmi_vga_vp_0_0'

1. Summary
----------

SUCCESS in the upgrade of hdmi_vga_vp_0_0 (xilinx.com:user:vp:1.0) from (Rev. 4) to (Rev. 5)






Copyright 1986-2017 Xilinx, Inc. All Rights Reserved.
------------------------------------------------------------------------------------
| Tool Version : Vivado v.2017.4 (win64) Build 2086221 Fri Dec 15 20:55:39 MST 2017
| Date         : Sun May 13 11:36:26 2018
| Host         : DESKTOP-JI7G1LN running 64-bit major release  (build 9200)
| Command      : upgrade_ip
| Device       : xc7z010clg400-1
------------------------------------------------------------------------------------

Upgrade Log for IP 'hdmi_vga_vp_0_0'

1. Summary
----------

CAUTION (success, with warnings) in the upgrade of hdmi_vga_vp_0_0 (xilinx.com:user:vp:1.0) from (Rev. 3) to (Rev. 4)

After upgrade, an IP may have parameter and port differences compared to the original customization. Please review the parameters within the IP customization GUI to ensure proper functionality. Also, please review the updated IP instantiation template to ensure proper connectivity, and update your design if required.

2. Connection Warnings
----------------------

Detected external port differences while upgrading 'hdmi_vga_vp_0_0'. These changes may impact your design.


-Upgraded port 'sw' width 3 differs from original width 4







Copyright 1986-2017 Xilinx, Inc. All Rights Reserved.
------------------------------------------------------------------------------------
| Tool Version : Vivado v.2017.4 (win64) Build 2086221 Fri Dec 15 20:55:39 MST 2017
| Date         : Wed May  9 09:29:51 2018
| Host         : DESKTOP-JI7G1LN running 64-bit major release  (build 9200)
| Command      : upgrade_ip
| Device       : xc7z010clg400-1
------------------------------------------------------------------------------------

Upgrade Log for IP 'hdmi_vga_vp_0_0'

1. Summary
----------

CAUTION (success, with warnings) in the upgrade of hdmi_vga_vp_0_0 (xilinx.com:user:vp:1.0) from (Rev. 2) to (Rev. 3)

After upgrade, an IP may have parameter and port differences compared to the original customization. Please review the parameters within the IP customization GUI to ensure proper functionality. Also, please review the updated IP instantiation template to ensure proper connectivity, and update your design if required.

2. Connection Warnings
----------------------

Detected external port differences while upgrading 'hdmi_vga_vp_0_0'. These changes may impact your design.


-Upgrade has added port 'sw'







Copyright 1986-2017 Xilinx, Inc. All Rights Reserved.
------------------------------------------------------------------------------------
| Tool Version : Vivado v.2017.4 (win64) Build 2086221 Fri Dec 15 20:55:39 MST 2017
| Date         : Tue May  8 18:28:18 2018
| Host         : DESKTOP-35S9QF6 running 64-bit major release  (build 9200)
| Command      : upgrade_ip
| Device       : xc7z010clg400-1
------------------------------------------------------------------------------------

Upgrade Log for IP 'hdmi_vga_vp_0_0'

1. Summary
----------

SUCCESS in the upgrade of hdmi_vga_vp_0_0 (xilinx.com:user:vp:1.1) from (Rev. 7) to (Rev. 9)






Copyright 1986-2017 Xilinx, Inc. All Rights Reserved.
------------------------------------------------------------------------------------
| Tool Version : Vivado v.2017.4 (win64) Build 2086221 Fri Dec 15 20:55:39 MST 2017
| Date         : Tue May  8 17:57:30 2018
| Host         : DESKTOP-35S9QF6 running 64-bit major release  (build 9200)
| Command      : upgrade_ip
| Device       : xc7z010clg400-1
------------------------------------------------------------------------------------

Upgrade Log for IP 'hdmi_vga_vp_0_0'

1. Summary
----------

SUCCESS in the upgrade of hdmi_vga_vp_0_0 (xilinx.com:user:vp:1.1) from (Rev. 6) to (Rev. 7)






Copyright 1986-2017 Xilinx, Inc. All Rights Reserved.
------------------------------------------------------------------------------------
| Tool Version : Vivado v.2017.4 (win64) Build 2086221 Fri Dec 15 20:55:39 MST 2017
| Date         : Mon May  7 16:46:16 2018
| Host         : DESKTOP-35S9QF6 running 64-bit major release  (build 9200)
| Command      : upgrade_ip
| Device       : xc7z010clg400-1
------------------------------------------------------------------------------------

Upgrade Log for IP 'hdmi_vga_vp_0_0'

1. Summary
----------

SUCCESS in the upgrade of hdmi_vga_vp_0_0 (xilinx.com:user:vp:1.1) from (Rev. 5) to (Rev. 6)






Copyright 1986-2017 Xilinx, Inc. All Rights Reserved.
------------------------------------------------------------------------------------
| Tool Version : Vivado v.2017.4 (win64) Build 2086221 Fri Dec 15 20:55:39 MST 2017
| Date         : Mon May  7 16:36:07 2018
| Host         : DESKTOP-35S9QF6 running 64-bit major release  (build 9200)
| Command      : upgrade_ip
| Device       : xc7z010clg400-1
------------------------------------------------------------------------------------

Upgrade Log for IP 'hdmi_vga_vp_0_0'

1. Summary
----------

SUCCESS in the upgrade of hdmi_vga_vp_0_0 (xilinx.com:user:vp:1.1) from (Rev. 4) to (Rev. 5)






Copyright 1986-2017 Xilinx, Inc. All Rights Reserved.
------------------------------------------------------------------------------------
| Tool Version : Vivado v.2017.4 (win64) Build 2086221 Fri Dec 15 20:55:39 MST 2017
| Date         : Sun May  6 23:45:29 2018
| Host         : DESKTOP-35S9QF6 running 64-bit major release  (build 9200)
| Command      : upgrade_ip
| Device       : xc7z010clg400-1
------------------------------------------------------------------------------------

Upgrade Log for IP 'hdmi_vga_vp_0_0'

1. Summary
----------

SUCCESS in the upgrade of hdmi_vga_vp_0_0 (xilinx.com:user:vp:1.1) from (Rev. 3) to (Rev. 4)






Copyright 1986-2017 Xilinx, Inc. All Rights Reserved.
------------------------------------------------------------------------------------
| Tool Version : Vivado v.2017.4 (win64) Build 2086221 Fri Dec 15 20:55:39 MST 2017
| Date         : Sun May  6 23:38:40 2018
| Host         : DESKTOP-35S9QF6 running 64-bit major release  (build 9200)
| Command      : upgrade_ip
| Device       : xc7z010clg400-1
------------------------------------------------------------------------------------

Upgrade Log for IP 'hdmi_vga_vp_0_0'

1. Summary
----------

SUCCESS in the upgrade of hdmi_vga_vp_0_0 (xilinx.com:user:vp:1.1) from (Rev. 2) to (Rev. 3)






Copyright 1986-2017 Xilinx, Inc. All Rights Reserved.
------------------------------------------------------------------------------------
| Tool Version : Vivado v.2017.4 (win64) Build 2086221 Fri Dec 15 20:55:39 MST 2017
| Date         : Sun May  6 23:28:18 2018
| Host         : DESKTOP-35S9QF6 running 64-bit major release  (build 9200)
| Command      : upgrade_ip
| Device       : xc7z010clg400-1
------------------------------------------------------------------------------------

Upgrade Log for IP 'hdmi_vga_vp_0_0'

1. Summary
----------

CAUTION (success, with warnings) in the upgrade of hdmi_vga_vp_0_0 (xilinx.com:user:vp:1.1) from (Rev. 1) to (Rev. 2)

After upgrade, an IP may have parameter and port differences compared to the original customization. Please review the parameters within the IP customization GUI to ensure proper functionality. Also, please review the updated IP instantiation template to ensure proper connectivity, and update your design if required.

2. Connection Warnings
----------------------

Detected external port differences while upgrading 'hdmi_vga_vp_0_0'. These changes may impact your design.


-Upgrade has added port 'sw'


