#-----------------------------------------------------------
# Vivado v2017.4 (64-bit)
# SW Build 2086221 on Fri Dec 15 20:55:39 MST 2017
# IP Build 2085800 on Fri Dec 15 22:25:07 MST 2017
# Start of session at: Wed Jun 13 08:27:22 2018
# Process ID: 10816
# Current directory: C:/git/SR/lab12/zad12_1/hdmi_vga_zybo
# Command line: vivado.exe -gui_launcher_event rodinguilauncherevent2236 C:\git\SR\lab12\zad12_1\hdmi_vga_zybo\hdmi_vga_zybo.xpr
# Log file: C:/git/SR/lab12/zad12_1/hdmi_vga_zybo/vivado.log
# Journal file: C:/git/SR/lab12/zad12_1/hdmi_vga_zybo\vivado.jou
#-----------------------------------------------------------
start_gui
open_project C:/git/SR/lab12/zad12_1/hdmi_vga_zybo/hdmi_vga_zybo.xpr
Scanning sources...
Finished scanning sources
INFO: [IP_Flow 19-234] Refreshing IP repositories
INFO: [IP_Flow 19-1700] Loaded user IP repository 'c:/git/SR/lab12/Resources'.
INFO: [IP_Flow 19-2313] Loaded Vivado IP repository 'C:/Xilinx/Vivado/2017.4/data/ip'.
WARNING: [BD 41-1661] One or more IPs have been locked in the design 'hdmi_vga.bd'. Please run report_ip_status for more details and recommendations on how to fix this issue.
List of locked IPs:
hdmi_vga_vp_1_0

open_project: Time (s): cpu = 00:00:16 ; elapsed = 00:00:07 . Memory (MB): peak = 805.074 ; gain = 104.777
update_compile_order -fileset sources_1
report_ip_status -name ip_status 
launch_simulation
INFO: [Vivado 12-5698] Checking validity of IPs in the design for the 'XSim' simulator...
INFO: [Vivado 12-5682] Launching behavioral simulation in 'C:/git/SR/lab12/zad12_1/hdmi_vga_zybo/hdmi_vga_zybo.sim/sim_1/behav/xsim'
INFO: [Vivado 12-4795] Using compiled simulation libraries for IPs
INFO: [SIM-utils-51] Simulation object is 'sim_1'
INFO: [USF-XSim-7] Finding pre-compiled libraries...
INFO: [USF-XSim-11] File 'C:/Xilinx/Vivado/2017.4/data/xsim/ip/xsim_ip.ini' copied to run dir:'C:/git/SR/lab12/zad12_1/hdmi_vga_zybo/hdmi_vga_zybo.sim/sim_1/behav/xsim'
INFO: [SIM-utils-54] Inspecting design source files for 'tb_hdmi' in fileset 'sim_1'...
INFO: [SIM-utils-43] Exported 'C:/git/SR/lab12/zad12_1/hdmi_vga_zybo/hdmi_vga_zybo.sim/sim_1/behav/xsim/dgl_1080p_cea.data'
INFO: [SIM-utils-43] Exported 'C:/git/SR/lab12/zad12_1/hdmi_vga_zybo/hdmi_vga_zybo.sim/sim_1/behav/xsim/dgl_1280_1024_cea.data'
INFO: [SIM-utils-43] Exported 'C:/git/SR/lab12/zad12_1/hdmi_vga_zybo/hdmi_vga_zybo.sim/sim_1/behav/xsim/dgl_720p_cea.data'
INFO: [USF-XSim-97] Finding global include files...
INFO: [USF-XSim-98] Fetching design files from 'sim_1'...
INFO: [USF-XSim-2] XSim::Compile design
INFO: [USF-XSim-61] Executing 'COMPILE and ANALYZE' step in 'C:/git/SR/lab12/zad12_1/hdmi_vga_zybo/hdmi_vga_zybo.sim/sim_1/behav/xsim'
"xvlog --incr --relax -prj tb_hdmi_vlog.prj"
ERROR: [XSIM 43-4316] Can not find file: c:/git/SR/lab12/zad12_1/hdmi_vga_zybo/hdmi_vga_zybo.srcs/sources_1/ip/median5x5_0_2/sim/delayLineBRAM.v
INFO: [USF-XSim-69] 'compile' step finished in '3' seconds
INFO: [USF-XSim-99] Step results log file:'C:/git/SR/lab12/zad12_1/hdmi_vga_zybo/hdmi_vga_zybo.sim/sim_1/behav/xsim/xvlog.log'
ERROR: [USF-XSim-62] 'compile' step failed with error(s). Please check the Tcl console output or 'C:/git/SR/lab12/zad12_1/hdmi_vga_zybo/hdmi_vga_zybo.sim/sim_1/behav/xsim/xvlog.log' file for more information.
ERROR: [Vivado 12-4473] Detected error while running simulation. Please correct the issue and retry this operation.
launch_simulation: Time (s): cpu = 00:00:08 ; elapsed = 00:00:07 . Memory (MB): peak = 811.867 ; gain = 0.000
ERROR: [Common 17-39] 'launch_simulation' failed due to earlier errors.
launch_simulation
INFO: [Vivado 12-5698] Checking validity of IPs in the design for the 'XSim' simulator...
INFO: [Vivado 12-5682] Launching behavioral simulation in 'C:/git/SR/lab12/zad12_1/hdmi_vga_zybo/hdmi_vga_zybo.sim/sim_1/behav/xsim'
INFO: [Vivado 12-4795] Using compiled simulation libraries for IPs
INFO: [SIM-utils-51] Simulation object is 'sim_1'
INFO: [USF-XSim-7] Finding pre-compiled libraries...
INFO: [USF-XSim-11] File 'C:/Xilinx/Vivado/2017.4/data/xsim/ip/xsim_ip.ini' copied to run dir:'C:/git/SR/lab12/zad12_1/hdmi_vga_zybo/hdmi_vga_zybo.sim/sim_1/behav/xsim'
INFO: [SIM-utils-54] Inspecting design source files for 'tb_hdmi' in fileset 'sim_1'...
INFO: [SIM-utils-43] Exported 'C:/git/SR/lab12/zad12_1/hdmi_vga_zybo/hdmi_vga_zybo.sim/sim_1/behav/xsim/dgl_1080p_cea.data'
INFO: [SIM-utils-43] Exported 'C:/git/SR/lab12/zad12_1/hdmi_vga_zybo/hdmi_vga_zybo.sim/sim_1/behav/xsim/dgl_1280_1024_cea.data'
INFO: [SIM-utils-43] Exported 'C:/git/SR/lab12/zad12_1/hdmi_vga_zybo/hdmi_vga_zybo.sim/sim_1/behav/xsim/dgl_720p_cea.data'
WARNING: [SIM-utils-52] IP component XML file does not exist: 'C:/git/SR/lab12/zad12_1/hdmi_vga_zybo/hdmi_vga_zybo.sim/sim_1/behav/xsim/_tmp_ip_comp_/median5x5_0_2/median5x5_0.xml'
INFO: [USF-XSim-97] Finding global include files...
INFO: [USF-XSim-98] Fetching design files from 'sim_1'...
INFO: [USF-XSim-2] XSim::Compile design
INFO: [USF-XSim-61] Executing 'COMPILE and ANALYZE' step in 'C:/git/SR/lab12/zad12_1/hdmi_vga_zybo/hdmi_vga_zybo.sim/sim_1/behav/xsim'
"xvlog --incr --relax -prj tb_hdmi_vlog.prj"
INFO: [VRFC 10-2263] Analyzing Verilog file "C:/git/SR/lab12/zad12_1/hdmi_vga_zybo/hdmi_vga_zybo.ip_user_files/ipstatic/median5x5_0_2/sim/blk_mem_gen_v8_4_1/blk_mem_gen_v8_4.v" into library blk_mem_gen_v8_4_1
INFO: [VRFC 10-311] analyzing module STATE_LOGIC_v8_4
INFO: [VRFC 10-311] analyzing module beh_vlog_muxf7_v8_4
INFO: [VRFC 10-311] analyzing module beh_vlog_ff_clr_v8_4
INFO: [VRFC 10-311] analyzing module beh_vlog_ff_pre_v8_4
INFO: [VRFC 10-311] analyzing module beh_vlog_ff_ce_clr_v8_4
INFO: [VRFC 10-311] analyzing module write_netlist_v8_4
INFO: [VRFC 10-311] analyzing module read_netlist_v8_4
INFO: [VRFC 10-311] analyzing module blk_mem_axi_write_wrapper_beh_v8_4
INFO: [VRFC 10-311] analyzing module blk_mem_axi_read_wrapper_beh_v8_4
INFO: [VRFC 10-311] analyzing module blk_mem_axi_regs_fwd_v8_4
INFO: [VRFC 10-311] analyzing module blk_mem_gen_v8_4_1_output_stage
INFO: [VRFC 10-311] analyzing module blk_mem_gen_v8_4_1_softecc_output_reg_stage
INFO: [VRFC 10-311] analyzing module blk_mem_gen_v8_4_1_mem_module
INFO: [VRFC 10-311] analyzing module blk_mem_gen_v8_4_1
INFO: [VRFC 10-2263] Analyzing Verilog file "C:/git/SR/lab12/zad12_1/hdmi_vga_zybo/hdmi_vga_zybo.ip_user_files/ip/median5x5_0_2/sim/delayLineBRAM.v" into library xil_defaultlib
INFO: [VRFC 10-311] analyzing module delayLineBRAM
INFO: [VRFC 10-2263] Analyzing Verilog file "C:/git/SR/lab12/zad12_1/hdmi_vga_zybo/hdmi_vga_zybo.ip_user_files/ip/median5x5_0_2/sim/blk_mem_gen_0.v" into library xil_defaultlib
INFO: [VRFC 10-311] analyzing module blk_mem_gen_0
INFO: [VRFC 10-2263] Analyzing Verilog file "C:/git/SR/lab12/zad12_1/hdmi_vga_zybo/hdmi_vga_zybo.ip_user_files/ip/median5x5_0_2/src/delayLinieBRAM_WP.v" into library xil_defaultlib
INFO: [VRFC 10-311] analyzing module delayLinieBRAM_WP
INFO: [VRFC 10-2263] Analyzing Verilog file "C:/git/SR/lab12/zad12_1/hdmi_vga_zybo/hdmi_vga_zybo.ip_user_files/ip/median5x5_0_2/src/delayy.v" into library xil_defaultlib
INFO: [VRFC 10-311] analyzing module delayLinieBRAM
INFO: [VRFC 10-2263] Analyzing Verilog file "C:/git/SR/lab12/zad12_1/hdmi_vga_zybo/hdmi_vga_zybo.ip_user_files/ip/median5x5_0_2/src/median5x5.v" into library xil_defaultlib
INFO: [VRFC 10-311] analyzing module median5x5
INFO: [VRFC 10-2263] Analyzing Verilog file "C:/git/SR/lab12/zad12_1/hdmi_vga_zybo/hdmi_vga_zybo.ip_user_files/ip/median5x5_0_2/sim/median5x5_0.v" into library xil_defaultlib
INFO: [VRFC 10-311] analyzing module median5x5_0
INFO: [VRFC 10-2263] Analyzing Verilog file "C:/git/SR/lab12/zad12_1/hdmi_vga_zybo/hdmi_vga_zybo.srcs/sim_1/imports/tb_src/hdmi_in.v" into library xil_defaultlib
INFO: [VRFC 10-311] analyzing module hdmi_in
INFO: [VRFC 10-2263] Analyzing Verilog file "C:/git/SR/lab12/zad12_1/hdmi_vga_zybo/hdmi_vga_zybo.srcs/sim_1/imports/tb_src/hdmi_out.v" into library xil_defaultlib
INFO: [VRFC 10-311] analyzing module hdmi_out
INFO: [VRFC 10-2263] Analyzing Verilog file "C:/git/SR/lab12/zad12_1/hdmi_vga_zybo/hdmi_vga_zybo.srcs/sim_1/imports/tb_src/tb_hdmi.v" into library xil_defaultlib
INFO: [VRFC 10-311] analyzing module tb_hdmi
INFO: [VRFC 10-2263] Analyzing Verilog file "C:/git/SR/lab12/zad12_1/hdmi_vga_zybo/hdmi_vga_zybo.sim/sim_1/behav/xsim/glbl.v" into library xil_defaultlib
INFO: [VRFC 10-311] analyzing module glbl
INFO: [USF-XSim-69] 'compile' step finished in '1' seconds
INFO: [USF-XSim-3] XSim::Elaborate design
INFO: [USF-XSim-61] Executing 'ELABORATE' step in 'C:/git/SR/lab12/zad12_1/hdmi_vga_zybo/hdmi_vga_zybo.sim/sim_1/behav/xsim'
Vivado Simulator 2017.4
Copyright 1986-1999, 2001-2016 Xilinx, Inc. All Rights Reserved.
Running: C:/Xilinx/Vivado/2017.4/bin/unwrapped/win64.o/xelab.exe -wto 0640050eddcc43a1a79886f597c9e583 --incr --debug typical --relax --mt 2 -L blk_mem_gen_v8_4_1 -L xil_defaultlib -L unisims_ver -L unimacro_ver -L secureip -L xpm --snapshot tb_hdmi_behav xil_defaultlib.tb_hdmi xil_defaultlib.glbl -log elaborate.log 
Using 2 slave threads.
Starting static elaboration
WARNING: [VRFC 10-278] actual bit length 32 differs from formal bit length 1 for port rst [C:/git/SR/lab12/zad12_1/hdmi_vga_zybo/hdmi_vga_zybo.ip_user_files/ip/median5x5_0_2/src/median5x5.v:162]
WARNING: [VRFC 10-278] actual bit length 32 differs from formal bit length 1 for port ce [C:/git/SR/lab12/zad12_1/hdmi_vga_zybo/hdmi_vga_zybo.ip_user_files/ip/median5x5_0_2/src/median5x5.v:163]
WARNING: [VRFC 10-278] actual bit length 32 differs from formal bit length 13 for port h_size [C:/git/SR/lab12/zad12_1/hdmi_vga_zybo/hdmi_vga_zybo.ip_user_files/ip/median5x5_0_2/src/median5x5.v:166]
WARNING: [VRFC 10-278] actual bit length 13 differs from formal bit length 12 for port addra [C:/git/SR/lab12/zad12_1/hdmi_vga_zybo/hdmi_vga_zybo.ip_user_files/ip/median5x5_0_2/src/delayy.v:69]
WARNING: [VRFC 10-278] actual bit length 32 differs from formal bit length 1 for port rst [C:/git/SR/lab12/zad12_1/hdmi_vga_zybo/hdmi_vga_zybo.ip_user_files/ip/median5x5_0_2/src/median5x5.v:178]
WARNING: [VRFC 10-278] actual bit length 32 differs from formal bit length 1 for port ce [C:/git/SR/lab12/zad12_1/hdmi_vga_zybo/hdmi_vga_zybo.ip_user_files/ip/median5x5_0_2/src/median5x5.v:179]
WARNING: [VRFC 10-278] actual bit length 32 differs from formal bit length 13 for port h_size [C:/git/SR/lab12/zad12_1/hdmi_vga_zybo/hdmi_vga_zybo.ip_user_files/ip/median5x5_0_2/src/median5x5.v:182]
WARNING: [VRFC 10-278] actual bit length 13 differs from formal bit length 11 for port addra [C:/git/SR/lab12/zad12_1/hdmi_vga_zybo/hdmi_vga_zybo.ip_user_files/ip/median5x5_0_2/src/delayLinieBRAM_WP.v:69]
WARNING: [VRFC 10-278] actual bit length 16 differs from formal bit length 17 for port dina [C:/git/SR/lab12/zad12_1/hdmi_vga_zybo/hdmi_vga_zybo.ip_user_files/ip/median5x5_0_2/src/delayLinieBRAM_WP.v:70]
WARNING: [VRFC 10-278] actual bit length 16 differs from formal bit length 17 for port douta [C:/git/SR/lab12/zad12_1/hdmi_vga_zybo/hdmi_vga_zybo.ip_user_files/ip/median5x5_0_2/src/delayLinieBRAM_WP.v:71]
WARNING: [VRFC 10-1783] select index 30 into current_contents is out of bounds [C:/git/SR/lab12/zad12_1/hdmi_vga_zybo/hdmi_vga_zybo.ip_user_files/ipstatic/median5x5_0_2/sim/blk_mem_gen_v8_4_1/blk_mem_gen_v8_4.v:2419]
WARNING: [VRFC 10-1783] select index 62 into current_contents is out of bounds [C:/git/SR/lab12/zad12_1/hdmi_vga_zybo/hdmi_vga_zybo.ip_user_files/ipstatic/median5x5_0_2/sim/blk_mem_gen_v8_4_1/blk_mem_gen_v8_4.v:2420]
Completed static elaboration
Starting simulation data flow analysis
Completed simulation data flow analysis
Time Resolution for simulation is 1ps
Compiling module xil_defaultlib.hdmi_in
Compiling module blk_mem_gen_v8_4_1.blk_mem_gen_v8_4_1_output_stage(...
Compiling module blk_mem_gen_v8_4_1.blk_mem_gen_v8_4_1_output_stage(...
Compiling module blk_mem_gen_v8_4_1.blk_mem_gen_v8_4_1_softecc_outpu...
Compiling module blk_mem_gen_v8_4_1.blk_mem_gen_v8_4_1_mem_module(C_...
Compiling module blk_mem_gen_v8_4_1.blk_mem_gen_v8_4_1(C_FAMILY="zyn...
Compiling module xil_defaultlib.blk_mem_gen_0
Compiling module xil_defaultlib.delayLinieBRAM
Compiling module blk_mem_gen_v8_4_1.blk_mem_gen_v8_4_1_output_stage(...
Compiling module blk_mem_gen_v8_4_1.blk_mem_gen_v8_4_1_output_stage(...
Compiling module blk_mem_gen_v8_4_1.blk_mem_gen_v8_4_1_softecc_outpu...
Compiling module blk_mem_gen_v8_4_1.blk_mem_gen_v8_4_1_mem_module(C_...
Compiling module blk_mem_gen_v8_4_1.blk_mem_gen_v8_4_1(C_FAMILY="zyn...
Compiling module xil_defaultlib.delayLineBRAM
Compiling module xil_defaultlib.delayLinieBRAM_WP
Compiling module xil_defaultlib.median5x5(IMG_H=1650)
Compiling module xil_defaultlib.median5x5_0
Compiling module xil_defaultlib.hdmi_out
Compiling module xil_defaultlib.tb_hdmi
Compiling module xil_defaultlib.glbl
Built simulation snapshot tb_hdmi_behav

****** Webtalk v2017.4 (64-bit)
  **** SW Build 2086221 on Fri Dec 15 20:55:39 MST 2017
  **** IP Build 2085800 on Fri Dec 15 22:25:07 MST 2017
    ** Copyright 1986-2017 Xilinx, Inc. All Rights Reserved.

source C:/git/SR/lab12/zad12_1/hdmi_vga_zybo/hdmi_vga_zybo.sim/sim_1/behav/xsim/xsim.dir/tb_hdmi_behav/webtalk/xsim_webtalk.tcl -notrace
INFO: [Common 17-186] 'C:/git/SR/lab12/zad12_1/hdmi_vga_zybo/hdmi_vga_zybo.sim/sim_1/behav/xsim/xsim.dir/tb_hdmi_behav/webtalk/usage_statistics_ext_xsim.xml' has been successfully sent to Xilinx on Wed Jun 13 08:29:43 2018. For additional details about this file, please refer to the WebTalk help file at C:/Xilinx/Vivado/2017.4/doc/webtalk_introduction.html.
INFO: [Common 17-206] Exiting Webtalk at Wed Jun 13 08:29:43 2018...
run_program: Time (s): cpu = 00:00:00 ; elapsed = 00:00:07 . Memory (MB): peak = 888.531 ; gain = 0.000
INFO: [USF-XSim-69] 'elaborate' step finished in '7' seconds
INFO: [USF-XSim-4] XSim::Simulate design
INFO: [USF-XSim-61] Executing 'SIMULATE' step in 'C:/git/SR/lab12/zad12_1/hdmi_vga_zybo/hdmi_vga_zybo.sim/sim_1/behav/xsim'
INFO: [USF-XSim-98] *** Running xsim
   with args "tb_hdmi_behav -key {Behavioral:sim_1:Functional:tb_hdmi} -tclbatch {tb_hdmi.tcl} -view {C:/git/SR/lab12/zad12_1/hdmi_vga_zybo/tb_hdmi_behav.wcfg} -log {simulate.log}"
INFO: [USF-XSim-8] Loading simulator feature
Vivado Simulator 2017.4
Time resolution is 1 ps
open_wave_config C:/git/SR/lab12/zad12_1/hdmi_vga_zybo/tb_hdmi_behav.wcfg
source tb_hdmi.tcl
# set curr_wave [current_wave_config]
# if { [string length $curr_wave] == 0 } {
#   if { [llength [get_objects]] > 0} {
#     add_wave /
#     set_property needs_save false [current_wave_config]
#   } else {
#      send_msg_id Add_Wave-1 WARNING "No top level signals found. Simulator will start without a wave window. If you want to open a wave window go to 'File->New Waveform Configuration' or type 'create_wave_config' in the TCL console."
#   }
# }
# run 1000ns
Block Memory Generator module tb_hdmi.med.inst.DB2.BRAM2.inst.native_mem_module.blk_mem_gen_v8_4_1_inst is using a behavioral model for simulation which will not precisely model memory collision behavior.
Block Memory Generator module tb_hdmi.med.inst.DB1.BRAM.inst.native_mem_module.blk_mem_gen_v8_4_1_inst is using a behavioral model for simulation which will not precisely model memory collision behavior.
INFO: [USF-XSim-96] XSim completed. Design snapshot 'tb_hdmi_behav' loaded.
INFO: [USF-XSim-97] XSim simulation ran for 1000ns
launch_simulation: Time (s): cpu = 00:00:05 ; elapsed = 00:00:12 . Memory (MB): peak = 888.531 ; gain = 0.000
restart
INFO: [Simtcl 6-17] Simulation restarted
run 7000 us
Block Memory Generator module tb_hdmi.med.inst.DB2.BRAM2.inst.native_mem_module.blk_mem_gen_v8_4_1_inst is using a behavioral model for simulation which will not precisely model memory collision behavior.
Block Memory Generator module tb_hdmi.med.inst.DB1.BRAM.inst.native_mem_module.blk_mem_gen_v8_4_1_inst is using a behavioral model for simulation which will not precisely model memory collision behavior.
out  0.ppm saved
out  1.ppm saved
out  2.ppm saved
run: Time (s): cpu = 00:00:25 ; elapsed = 00:00:51 . Memory (MB): peak = 888.531 ; gain = 0.000
close_sim
INFO: [Simtcl 6-16] Simulation closed
open_bd_design {C:/git/SR/lab12/zad12_1/hdmi_vga_zybo/hdmi_vga_zybo.srcs/sources_1/bd/hdmi_vga/hdmi_vga.bd}
Adding cell -- xilinx.com:ip:clk_wiz:5.4 - clk_wiz_0
Adding cell -- xilinx.com:ip:xlconstant:1.1 - GND
Adding cell -- xilinx.com:ip:xlconstant:1.1 - VCC
Adding cell -- digilentinc.com:ip:rgb2vga:1.0 - rgb2vga_1
Adding cell -- digilentinc.com:ip:dvi2rgb:1.8 - dvi2rgb_1
Adding cell -- xilinx.com:user:vp:1.0 - vp_1
Successfully read diagram <hdmi_vga> from BD file <C:/git/SR/lab12/zad12_1/hdmi_vga_zybo/hdmi_vga_zybo.srcs/sources_1/bd/hdmi_vga/hdmi_vga.bd>
open_bd_design: Time (s): cpu = 00:00:08 ; elapsed = 00:00:07 . Memory (MB): peak = 932.820 ; gain = 44.289
ipx::edit_ip_in_project -upgrade true -name vp_v1_0_project -directory C:/git/SR/lab12/zad12_1/hdmi_vga_zybo/hdmi_vga_zybo.tmp/vp_v1_0_project c:/git/SR/lab12/Resources/vp/component.xml
INFO: [IP_Flow 19-234] Refreshing IP repositories
INFO: [IP_Flow 19-1704] No user IP repositories specified
INFO: [IP_Flow 19-2313] Loaded Vivado IP repository 'C:/Xilinx/Vivado/2017.4/data/ip'.
INFO: [IP_Flow 19-234] Refreshing IP repositories
INFO: [IP_Flow 19-1700] Loaded user IP repository 'c:/git/SR/lab12/Resources'.
INFO: [IP_Flow 19-795] Syncing license key meta-data
ipx::edit_ip_in_project: Time (s): cpu = 00:00:07 ; elapsed = 00:00:05 . Memory (MB): peak = 949.152 ; gain = 10.289
update_compile_order -fileset sources_1
convert_ips [get_files  c:/git/SR/lab12/Resources/vp/src/median5x5_0/median5x5_0.xci]
ERROR: [Vivado 12-4810] IP 'median5x5_0' is locked and cannot be converted:

* The IP Data in the repository is incompatible with the current instance (despite having identical Version and Revision). You will need to upgrade the IP before viewing the customization and generating outputs.
Please select 'Report IP Status' from the 'Tools/Report' menu or run Tcl command 'report_ip_status' for more information.
report_ip_status -name ip_status 
upgrade_ip -vlnv xilinx.com:user:median5x5:1.0 [get_ips  median5x5_0] -log ip_upgrade.log
Upgrading 'median5x5_0'
INFO: [IP_Flow 19-1972] Upgraded median5x5_0 from median5x5_v1_0 1.0 to median5x5_v1_0 1.0
INFO: [IP_Flow 19-1686] Generating 'Instantiation Template' target for IP 'median5x5_0'...
INFO: [Coretcl 2-1525] Wrote upgrade log to 'c:/git/sr/lab12/zad12_1/hdmi_vga_zybo/hdmi_vga_zybo.tmp/vp_v1_0_project/ip_upgrade.log'.
export_ip_user_files -of_objects [get_ips median5x5_0] -no_script -sync -force -quiet
generate_target all [get_files  c:/git/SR/lab12/Resources/vp/src/median5x5_0/median5x5_0.xci]
INFO: [IP_Flow 19-1686] Generating 'Synthesis' target for IP 'median5x5_0'...
INFO: [IP_Flow 19-1686] Generating 'Simulation' target for IP 'median5x5_0'...
export_ip_user_files -of_objects [get_files c:/git/SR/lab12/Resources/vp/src/median5x5_0/median5x5_0.xci] -no_script -sync -force -quiet
export_simulation -of_objects [get_files c:/git/SR/lab12/Resources/vp/src/median5x5_0/median5x5_0.xci] -directory c:/git/sr/lab12/zad12_1/hdmi_vga_zybo/hdmi_vga_zybo.tmp/vp_v1_0_project/vp_v1_0_project.ip_user_files/sim_scripts -ip_user_files_dir c:/git/sr/lab12/zad12_1/hdmi_vga_zybo/hdmi_vga_zybo.tmp/vp_v1_0_project/vp_v1_0_project.ip_user_files -ipstatic_source_dir c:/git/sr/lab12/zad12_1/hdmi_vga_zybo/hdmi_vga_zybo.tmp/vp_v1_0_project/vp_v1_0_project.ip_user_files/ipstatic -lib_map_path [list {modelsim=c:/git/sr/lab12/zad12_1/hdmi_vga_zybo/hdmi_vga_zybo.tmp/vp_v1_0_project/vp_v1_0_project.cache/compile_simlib/modelsim} {questa=c:/git/sr/lab12/zad12_1/hdmi_vga_zybo/hdmi_vga_zybo.tmp/vp_v1_0_project/vp_v1_0_project.cache/compile_simlib/questa} {riviera=c:/git/sr/lab12/zad12_1/hdmi_vga_zybo/hdmi_vga_zybo.tmp/vp_v1_0_project/vp_v1_0_project.cache/compile_simlib/riviera} {activehdl=c:/git/sr/lab12/zad12_1/hdmi_vga_zybo/hdmi_vga_zybo.tmp/vp_v1_0_project/vp_v1_0_project.cache/compile_simlib/activehdl}] -use_ip_compiled_libs -force -quiet
set_property -dict [list CONFIG.IMG_H {1650}] [get_ips median5x5_0]
generate_target all [get_files  c:/git/SR/lab12/Resources/vp/src/median5x5_0/median5x5_0.xci]
INFO: [IP_Flow 19-1686] Generating 'Instantiation Template' target for IP 'median5x5_0'...
INFO: [IP_Flow 19-1686] Generating 'Synthesis' target for IP 'median5x5_0'...
INFO: [IP_Flow 19-1686] Generating 'Simulation' target for IP 'median5x5_0'...
export_ip_user_files -of_objects [get_files c:/git/SR/lab12/Resources/vp/src/median5x5_0/median5x5_0.xci] -no_script -sync -force -quiet
export_simulation -of_objects [get_files c:/git/SR/lab12/Resources/vp/src/median5x5_0/median5x5_0.xci] -directory c:/git/sr/lab12/zad12_1/hdmi_vga_zybo/hdmi_vga_zybo.tmp/vp_v1_0_project/vp_v1_0_project.ip_user_files/sim_scripts -ip_user_files_dir c:/git/sr/lab12/zad12_1/hdmi_vga_zybo/hdmi_vga_zybo.tmp/vp_v1_0_project/vp_v1_0_project.ip_user_files -ipstatic_source_dir c:/git/sr/lab12/zad12_1/hdmi_vga_zybo/hdmi_vga_zybo.tmp/vp_v1_0_project/vp_v1_0_project.ip_user_files/ipstatic -lib_map_path [list {modelsim=c:/git/sr/lab12/zad12_1/hdmi_vga_zybo/hdmi_vga_zybo.tmp/vp_v1_0_project/vp_v1_0_project.cache/compile_simlib/modelsim} {questa=c:/git/sr/lab12/zad12_1/hdmi_vga_zybo/hdmi_vga_zybo.tmp/vp_v1_0_project/vp_v1_0_project.cache/compile_simlib/questa} {riviera=c:/git/sr/lab12/zad12_1/hdmi_vga_zybo/hdmi_vga_zybo.tmp/vp_v1_0_project/vp_v1_0_project.cache/compile_simlib/riviera} {activehdl=c:/git/sr/lab12/zad12_1/hdmi_vga_zybo/hdmi_vga_zybo.tmp/vp_v1_0_project/vp_v1_0_project.cache/compile_simlib/activehdl}] -use_ip_compiled_libs -force -quiet
set_property core_revision 27 [ipx::current_core]
ipx::create_xgui_files [ipx::current_core]
ipx::update_checksums [ipx::current_core]
ipx::save_core [ipx::current_core]
report_ip_status -name ip_status 
set_property core_revision 28 [ipx::current_core]
ipx::create_xgui_files [ipx::current_core]
ipx::update_checksums [ipx::current_core]
ipx::save_core [ipx::current_core]
close_project -delete
update_ip_catalog -rebuild -repo_path c:/git/SR/lab12/Resources
INFO: [IP_Flow 19-725] Reloaded user IP repository 'c:/git/SR/lab12/Resources'
report_ip_status -name ip_status 
upgrade_ip -vlnv xilinx.com:user:vp:1.0 [get_ips  hdmi_vga_vp_1_0] -log ip_upgrade.log
Upgrading 'C:/git/SR/lab12/zad12_1/hdmi_vga_zybo/hdmi_vga_zybo.srcs/sources_1/bd/hdmi_vga/hdmi_vga.bd'
INFO: [IP_Flow 19-3422] Upgraded hdmi_vga_vp_1_0 (vp_v1_0 1.0) from revision 25 to revision 28
Wrote  : <C:/git/SR/lab12/zad12_1/hdmi_vga_zybo/hdmi_vga_zybo.srcs/sources_1/bd/hdmi_vga/hdmi_vga.bd> 
INFO: [Coretcl 2-1525] Wrote upgrade log to 'C:/git/SR/lab12/zad12_1/hdmi_vga_zybo/ip_upgrade.log'.
export_ip_user_files -of_objects [get_ips hdmi_vga_vp_1_0] -no_script -sync -force -quiet
generate_target all [get_files  C:/git/SR/lab12/zad12_1/hdmi_vga_zybo/hdmi_vga_zybo.srcs/sources_1/bd/hdmi_vga/hdmi_vga.bd]
WARNING: [BD 41-927] Following properties on pin /rgb2vga_1/PixelClk have been updated from connected ip. They may not be synchronized with cell properties. You can set property on pin directly to confirm the value and resolve the warning.
	CLK_DOMAIN=hdmi_vga_dvi2rgb_1_1_PixelClk 
WARNING: [BD 41-927] Following properties on pin /dvi2rgb_1/RefClk have been updated from connected ip. They may not be synchronized with cell properties. You can set property on pin directly to confirm the value and resolve the warning.
	CLK_DOMAIN=/clk_wiz_0_clk_out1 
WARNING: [BD 41-927] Following properties on pin /dvi2rgb_1/PixelClk have been updated from connected ip. They may not be synchronized with cell properties. You can set property on pin directly to confirm the value and resolve the warning.
	CLK_DOMAIN=hdmi_vga_dvi2rgb_1_1_PixelClk 
Wrote  : <C:/git/SR/lab12/zad12_1/hdmi_vga_zybo/hdmi_vga_zybo.srcs/sources_1/bd/hdmi_vga/hdmi_vga.bd> 
VHDL Output written to : C:/git/SR/lab12/zad12_1/hdmi_vga_zybo/hdmi_vga_zybo.srcs/sources_1/bd/hdmi_vga/synth/hdmi_vga.v
VHDL Output written to : C:/git/SR/lab12/zad12_1/hdmi_vga_zybo/hdmi_vga_zybo.srcs/sources_1/bd/hdmi_vga/sim/hdmi_vga.v
VHDL Output written to : C:/git/SR/lab12/zad12_1/hdmi_vga_zybo/hdmi_vga_zybo.srcs/sources_1/bd/hdmi_vga/hdl/hdmi_vga_wrapper.v
INFO: [BD 41-1029] Generation completed for the IP Integrator block clk_wiz_0 .
INFO: [BD 41-1029] Generation completed for the IP Integrator block GND .
INFO: [BD 41-1029] Generation completed for the IP Integrator block VCC .
INFO: [BD 41-1029] Generation completed for the IP Integrator block rgb2vga_1 .
INFO: [BD 41-1029] Generation completed for the IP Integrator block dvi2rgb_1 .
INFO: [BD 41-1029] Generation completed for the IP Integrator block vp_1 .
Exporting to file C:/git/SR/lab12/zad12_1/hdmi_vga_zybo/hdmi_vga_zybo.srcs/sources_1/bd/hdmi_vga/hw_handoff/hdmi_vga.hwh
Generated Block Design Tcl file C:/git/SR/lab12/zad12_1/hdmi_vga_zybo/hdmi_vga_zybo.srcs/sources_1/bd/hdmi_vga/hw_handoff/hdmi_vga_bd.tcl
Generated Hardware Definition File C:/git/SR/lab12/zad12_1/hdmi_vga_zybo/hdmi_vga_zybo.srcs/sources_1/bd/hdmi_vga/synth/hdmi_vga.hwdef
catch { config_ip_cache -export [get_ips -all hdmi_vga_vp_1_0] }
export_ip_user_files -of_objects [get_files C:/git/SR/lab12/zad12_1/hdmi_vga_zybo/hdmi_vga_zybo.srcs/sources_1/bd/hdmi_vga/hdmi_vga.bd] -no_script -sync -force -quiet
create_ip_run [get_files -of_objects [get_fileset sources_1] C:/git/SR/lab12/zad12_1/hdmi_vga_zybo/hdmi_vga_zybo.srcs/sources_1/bd/hdmi_vga/hdmi_vga.bd]
launch_runs -jobs 8 hdmi_vga_vp_1_0_synth_1
[Wed Jun 13 08:37:09 2018] Launched hdmi_vga_vp_1_0_synth_1...
Run output will be captured here: C:/git/SR/lab12/zad12_1/hdmi_vga_zybo/hdmi_vga_zybo.runs/hdmi_vga_vp_1_0_synth_1/runme.log
export_simulation -of_objects [get_files C:/git/SR/lab12/zad12_1/hdmi_vga_zybo/hdmi_vga_zybo.srcs/sources_1/bd/hdmi_vga/hdmi_vga.bd] -directory C:/git/SR/lab12/zad12_1/hdmi_vga_zybo/hdmi_vga_zybo.ip_user_files/sim_scripts -ip_user_files_dir C:/git/SR/lab12/zad12_1/hdmi_vga_zybo/hdmi_vga_zybo.ip_user_files -ipstatic_source_dir C:/git/SR/lab12/zad12_1/hdmi_vga_zybo/hdmi_vga_zybo.ip_user_files/ipstatic -lib_map_path [list {modelsim=C:/git/SR/lab12/zad12_1/hdmi_vga_zybo/hdmi_vga_zybo.cache/compile_simlib/modelsim} {questa=C:/git/SR/lab12/zad12_1/hdmi_vga_zybo/hdmi_vga_zybo.cache/compile_simlib/questa} {riviera=C:/git/SR/lab12/zad12_1/hdmi_vga_zybo/hdmi_vga_zybo.cache/compile_simlib/riviera} {activehdl=C:/git/SR/lab12/zad12_1/hdmi_vga_zybo/hdmi_vga_zybo.cache/compile_simlib/activehdl}] -use_ip_compiled_libs -force -quiet
report_ip_status -name ip_status 
reset_run synth_1
WARNING: [Vivado 12-1017] Problems encountered:
1. Failed to delete one or more files in run directory C:/git/SR/lab12/zad12_1/hdmi_vga_zybo/hdmi_vga_zybo.runs/synth_1

launch_runs impl_1 -to_step write_bitstream -jobs 8
[Wed Jun 13 08:37:50 2018] Launched hdmi_vga_vp_1_0_synth_1, synth_1...
Run output will be captured here:
hdmi_vga_vp_1_0_synth_1: C:/git/SR/lab12/zad12_1/hdmi_vga_zybo/hdmi_vga_zybo.runs/hdmi_vga_vp_1_0_synth_1/runme.log
synth_1: C:/git/SR/lab12/zad12_1/hdmi_vga_zybo/hdmi_vga_zybo.runs/synth_1/runme.log
[Wed Jun 13 08:37:50 2018] Launched impl_1...
Run output will be captured here: C:/git/SR/lab12/zad12_1/hdmi_vga_zybo/hdmi_vga_zybo.runs/impl_1/runme.log
open_hw
connect_hw_server
INFO: [Labtools 27-2285] Connecting to hw_server url TCP:localhost:3121
INFO: [Labtools 27-2222] Launching hw_server...
INFO: [Labtools 27-2221] Launch Output:

****** Xilinx hw_server v2017.4
  **** Build date : Dec 15 2017-21:08:27
    ** Copyright 1986-2017 Xilinx, Inc. All Rights Reserved.


open_hw_target
INFO: [Labtoolstcl 44-466] Opening hw_target localhost:3121/xilinx_tcf/Digilent/210279785760A
open_hw_target: Time (s): cpu = 00:00:04 ; elapsed = 00:00:06 . Memory (MB): peak = 1676.910 ; gain = 591.387
set_property PROGRAM.FILE {C:/git/SR/lab12/zad12_1/hdmi_vga_zybo/hdmi_vga_zybo.runs/impl_1/hdmi_vga_wrapper.bit} [get_hw_devices xc7z010_1]
current_hw_device [get_hw_devices xc7z010_1]
refresh_hw_device -update_hw_probes false [lindex [get_hw_devices xc7z010_1] 0]
INFO: [Labtools 27-1434] Device xc7z010 (JTAG device index = 1) is programmed with a design that has no supported debug core(s) in it.
WARNING: [Labtools 27-3361] The debug hub core was not detected.
Resolution: 
1. Make sure the clock connected to the debug hub (dbg_hub) core is a free running clock and is active.
2. Make sure the BSCAN_SWITCH_USER_MASK device property in Vivado Hardware Manager reflects the user scan chain setting in the design and refresh the device.  To determine the user scan chain setting in the design, open the implemented design and use 'get_property C_USER_SCAN_CHAIN [get_debug_cores dbg_hub]'.
For more details on setting the scan chain property, consult the Vivado Debug and Programming User Guide (UG908).
set_property PROBES.FILE {} [get_hw_devices xc7z010_1]
set_property FULL_PROBES.FILE {} [get_hw_devices xc7z010_1]
set_property PROGRAM.FILE {C:/git/SR/lab12/zad12_1/hdmi_vga_zybo/hdmi_vga_zybo.runs/impl_1/hdmi_vga_wrapper.bit} [get_hw_devices xc7z010_1]
program_hw_devices [get_hw_devices xc7z010_1]
INFO: [Labtools 27-3164] End of startup status: HIGH
refresh_hw_device [lindex [get_hw_devices xc7z010_1] 0]
INFO: [Labtools 27-1434] Device xc7z010 (JTAG device index = 1) is programmed with a design that has no supported debug core(s) in it.
WARNING: [Labtools 27-3361] The debug hub core was not detected.
Resolution: 
1. Make sure the clock connected to the debug hub (dbg_hub) core is a free running clock and is active.
2. Make sure the BSCAN_SWITCH_USER_MASK device property in Vivado Hardware Manager reflects the user scan chain setting in the design and refresh the device.  To determine the user scan chain setting in the design, open the implemented design and use 'get_property C_USER_SCAN_CHAIN [get_debug_cores dbg_hub]'.
For more details on setting the scan chain property, consult the Vivado Debug and Programming User Guide (UG908).
open_project C:/git/SR/lab12/median5x5/median5x5.xpr
Scanning sources...
Finished scanning sources
INFO: [IP_Flow 19-234] Refreshing IP repositories
INFO: [IP_Flow 19-1700] Loaded user IP repository 'c:/git/SR/lab12/median5x5'.
INFO: [IP_Flow 19-1700] Loaded user IP repository 'c:/git/SR/lab12/Resources'.
INFO: [IP_Flow 19-2313] Loaded Vivado IP repository 'C:/Xilinx/Vivado/2017.4/data/ip'.
update_compile_order -fileset sources_1
current_project hdmi_vga_zybo
ERROR: [Labtoolstcl 44-513] HW Target shutdown. Closing target: localhost:3121/xilinx_tcf/Digilent/210279785760A
