#-----------------------------------------------------------
# Vivado v2017.4 (64-bit)
# SW Build 2086221 on Fri Dec 15 20:55:39 MST 2017
# IP Build 2085800 on Fri Dec 15 22:25:07 MST 2017
# Start of session at: Tue May 29 18:09:01 2018
# Process ID: 6784
# Current directory: C:/git/SR/lab7/vis_circle
# Command line: vivado.exe -gui_launcher_event rodinguilauncherevent9464 C:\git\SR\lab7\vis_circle\vis_circle.xpr
# Log file: C:/git/SR/lab7/vis_circle/vivado.log
# Journal file: C:/git/SR/lab7/vis_circle\vivado.jou
#-----------------------------------------------------------
start_gui
open_project C:/git/SR/lab7/vis_circle/vis_circle.xpr
INFO: [Project 1-313] Project file moved from 'C:/Users/Krasnal/Desktop/Wegrzyn/lab7/vis_circle' since last save.
Scanning sources...
Finished scanning sources
INFO: [IP_Flow 19-234] Refreshing IP repositories
INFO: [IP_Flow 19-1700] Loaded user IP repository 'c:/git/SR/lab5_new/hdmi_vga_ip_repo/vp'.
INFO: [IP_Flow 19-1700] Loaded user IP repository 'c:/git/SR/lab5_new/hdmi_vga_ip_repo/vis_circle'.
INFO: [IP_Flow 19-2313] Loaded Vivado IP repository 'C:/Xilinx/Vivado/2017.4/data/ip'.
open_project: Time (s): cpu = 00:00:15 ; elapsed = 00:00:06 . Memory (MB): peak = 786.160 ; gain = 62.367
update_compile_order -fileset sources_1
