#-----------------------------------------------------------
# Vivado v2017.4 (64-bit)
# SW Build 2086221 on Fri Dec 15 20:55:39 MST 2017
# IP Build 2085800 on Fri Dec 15 22:25:07 MST 2017
# Start of session at: Tue May 29 17:54:18 2018
# Process ID: 2516
# Current directory: C:/git/SR/lab11/zad11_1/vis_centroid
# Command line: vivado.exe -gui_launcher_event rodinguilauncherevent12204 C:\git\SR\lab11\zad11_1\vis_centroid\vis_centroid.xpr
# Log file: C:/git/SR/lab11/zad11_1/vis_centroid/vivado.log
# Journal file: C:/git/SR/lab11/zad11_1/vis_centroid\vivado.jou
#-----------------------------------------------------------
start_gui
open_project C:/git/SR/lab11/zad11_1/vis_centroid/vis_centroid.xpr
Scanning sources...
Finished scanning sources
INFO: [IP_Flow 19-234] Refreshing IP repositories
INFO: [IP_Flow 19-1700] Loaded user IP repository 'c:/git/SR/lab11/Resources/centroid'.
INFO: [IP_Flow 19-1700] Loaded user IP repository 'c:/git/SR/lab11/Resources/vis_centroid'.
INFO: [IP_Flow 19-2313] Loaded Vivado IP repository 'C:/Xilinx/Vivado/2017.4/data/ip'.
open_project: Time (s): cpu = 00:00:14 ; elapsed = 00:00:05 . Memory (MB): peak = 779.238 ; gain = 50.059
update_compile_order -fileset sources_1
exit
INFO: [Common 17-206] Exiting Vivado at Tue May 29 17:54:54 2018...
