
*** Running vivado
    with args -log vp.vds -m64 -product Vivado -mode batch -messageDb vivado.pb -notrace -source vp.tcl


****** Vivado v2017.4 (64-bit)
  **** SW Build 2086221 on Fri Dec 15 20:55:39 MST 2017
  **** IP Build 2085800 on Fri Dec 15 22:25:07 MST 2017
    ** Copyright 1986-2017 Xilinx, Inc. All Rights Reserved.

source vp.tcl -notrace
Command: synth_design -top vp -part xc7z010clg400-1
Starting synth_design
Attempting to get a license for feature 'Synthesis' and/or device 'xc7z010'
INFO: [Common 17-349] Got license for feature 'Synthesis' and/or device 'xc7z010'
INFO: Launching helper process for spawning children vivado processes
INFO: Helper process launched with PID 5944 
---------------------------------------------------------------------------------
Starting Synthesize : Time (s): cpu = 00:00:08 ; elapsed = 00:00:08 . Memory (MB): peak = 346.039 ; gain = 101.438
---------------------------------------------------------------------------------
INFO: [Synth 8-638] synthesizing module 'vp' [C:/git/SR/lab10/zad10_6/vp/vp.srcs/sources_1/new/vp.v:23]
WARNING: [Synth 8-6014] Unused sequential element extr_r_reg was removed.  [C:/git/SR/lab10/zad10_6/vp/vp.srcs/sources_1/new/vp.v:48]
WARNING: [Synth 8-6014] Unused sequential element extr_g_reg was removed.  [C:/git/SR/lab10/zad10_6/vp/vp.srcs/sources_1/new/vp.v:49]
WARNING: [Synth 8-6014] Unused sequential element extr_b_reg was removed.  [C:/git/SR/lab10/zad10_6/vp/vp.srcs/sources_1/new/vp.v:50]
INFO: [Synth 8-4471] merging register 'r_v_reg[7:0]' into 'max_reg[7:0]' [C:/git/SR/lab10/zad10_6/vp/vp.srcs/sources_1/new/vp.v:93]
WARNING: [Synth 8-6014] Unused sequential element r_v_reg was removed.  [C:/git/SR/lab10/zad10_6/vp/vp.srcs/sources_1/new/vp.v:93]
INFO: [Synth 8-256] done synthesizing module 'vp' (1#1) [C:/git/SR/lab10/zad10_6/vp/vp.srcs/sources_1/new/vp.v:23]
---------------------------------------------------------------------------------
Finished Synthesize : Time (s): cpu = 00:00:09 ; elapsed = 00:00:09 . Memory (MB): peak = 398.156 ; gain = 153.555
---------------------------------------------------------------------------------
---------------------------------------------------------------------------------
Finished Constraint Validation : Time (s): cpu = 00:00:09 ; elapsed = 00:00:09 . Memory (MB): peak = 398.156 ; gain = 153.555
---------------------------------------------------------------------------------
---------------------------------------------------------------------------------
Start Loading Part and Timing Information
---------------------------------------------------------------------------------
Loading part: xc7z010clg400-1
---------------------------------------------------------------------------------
Finished Loading Part and Timing Information : Time (s): cpu = 00:00:09 ; elapsed = 00:00:09 . Memory (MB): peak = 398.156 ; gain = 153.555
---------------------------------------------------------------------------------
INFO: [Device 21-403] Loading part xc7z010clg400-1
---------------------------------------------------------------------------------
Finished RTL Optimization Phase 2 : Time (s): cpu = 00:00:09 ; elapsed = 00:00:09 . Memory (MB): peak = 398.156 ; gain = 153.555
---------------------------------------------------------------------------------

Report RTL Partitions: 
+-+--------------+------------+----------+
| |RTL Partition |Replication |Instances |
+-+--------------+------------+----------+
+-+--------------+------------+----------+
No constraint files found.
---------------------------------------------------------------------------------
Start RTL Component Statistics 
---------------------------------------------------------------------------------
Detailed RTL Component Info : 
+---Adders : 
	   3 Input     32 Bit       Adders := 4     
	   2 Input     32 Bit       Adders := 2     
	   3 Input      8 Bit       Adders := 1     
+---Registers : 
	                8 Bit    Registers := 4     
	                1 Bit    Registers := 3     
+---Multipliers : 
	                 3x32  Multipliers := 1     
+---Muxes : 
	   2 Input      8 Bit        Muxes := 16    
	   2 Input      1 Bit        Muxes := 2     
---------------------------------------------------------------------------------
Finished RTL Component Statistics 
---------------------------------------------------------------------------------
---------------------------------------------------------------------------------
Start RTL Hierarchical Component Statistics 
---------------------------------------------------------------------------------
Hierarchical RTL Component report 
Module vp 
Detailed RTL Component Info : 
+---Adders : 
	   3 Input     32 Bit       Adders := 4     
	   2 Input     32 Bit       Adders := 2     
	   3 Input      8 Bit       Adders := 1     
+---Registers : 
	                8 Bit    Registers := 4     
	                1 Bit    Registers := 3     
+---Multipliers : 
	                 3x32  Multipliers := 1     
+---Muxes : 
	   2 Input      8 Bit        Muxes := 16    
	   2 Input      1 Bit        Muxes := 2     
---------------------------------------------------------------------------------
Finished RTL Hierarchical Component Statistics
---------------------------------------------------------------------------------
---------------------------------------------------------------------------------
Start Part Resource Summary
---------------------------------------------------------------------------------
Part Resources:
DSPs: 80 (col length:40)
BRAMs: 120 (col length: RAMB18 40 RAMB36 20)
---------------------------------------------------------------------------------
Finished Part Resource Summary
---------------------------------------------------------------------------------
No constraint files found.
---------------------------------------------------------------------------------
Start Cross Boundary and Area Optimization
---------------------------------------------------------------------------------
---------------------------------------------------------------------------------
Finished Cross Boundary and Area Optimization : Time (s): cpu = 00:00:16 ; elapsed = 00:00:17 . Memory (MB): peak = 563.195 ; gain = 318.594
---------------------------------------------------------------------------------

Report RTL Partitions: 
+-+--------------+------------+----------+
| |RTL Partition |Replication |Instances |
+-+--------------+------------+----------+
+-+--------------+------------+----------+
No constraint files found.
---------------------------------------------------------------------------------
Start Timing Optimization
---------------------------------------------------------------------------------
---------------------------------------------------------------------------------
Finished Timing Optimization : Time (s): cpu = 00:00:17 ; elapsed = 00:00:17 . Memory (MB): peak = 563.195 ; gain = 318.594
---------------------------------------------------------------------------------

Report RTL Partitions: 
+-+--------------+------------+----------+
| |RTL Partition |Replication |Instances |
+-+--------------+------------+----------+
+-+--------------+------------+----------+
---------------------------------------------------------------------------------
Start Technology Mapping
---------------------------------------------------------------------------------
WARNING: [Synth 8-3332] Sequential element (max_reg[7]) is unused and will be removed from module vp.
WARNING: [Synth 8-3332] Sequential element (max_reg[6]) is unused and will be removed from module vp.
WARNING: [Synth 8-3332] Sequential element (max_reg[5]) is unused and will be removed from module vp.
WARNING: [Synth 8-3332] Sequential element (max_reg[4]) is unused and will be removed from module vp.
WARNING: [Synth 8-3332] Sequential element (max_reg[3]) is unused and will be removed from module vp.
WARNING: [Synth 8-3332] Sequential element (max_reg[2]) is unused and will be removed from module vp.
WARNING: [Synth 8-3332] Sequential element (max_reg[1]) is unused and will be removed from module vp.
WARNING: [Synth 8-3332] Sequential element (min_reg[7]) is unused and will be removed from module vp.
WARNING: [Synth 8-3332] Sequential element (min_reg[6]) is unused and will be removed from module vp.
WARNING: [Synth 8-3332] Sequential element (min_reg[5]) is unused and will be removed from module vp.
WARNING: [Synth 8-3332] Sequential element (min_reg[4]) is unused and will be removed from module vp.
WARNING: [Synth 8-3332] Sequential element (min_reg[3]) is unused and will be removed from module vp.
WARNING: [Synth 8-3332] Sequential element (min_reg[2]) is unused and will be removed from module vp.
WARNING: [Synth 8-3332] Sequential element (min_reg[1]) is unused and will be removed from module vp.
WARNING: [Synth 8-3332] Sequential element (min_reg[0]) is unused and will be removed from module vp.
---------------------------------------------------------------------------------
Finished Technology Mapping : Time (s): cpu = 00:00:18 ; elapsed = 00:00:18 . Memory (MB): peak = 567.613 ; gain = 323.012
---------------------------------------------------------------------------------

Report RTL Partitions: 
+-+--------------+------------+----------+
| |RTL Partition |Replication |Instances |
+-+--------------+------------+----------+
+-+--------------+------------+----------+
---------------------------------------------------------------------------------
Start IO Insertion
---------------------------------------------------------------------------------
---------------------------------------------------------------------------------
Start Flattening Before IO Insertion
---------------------------------------------------------------------------------
---------------------------------------------------------------------------------
Finished Flattening Before IO Insertion
---------------------------------------------------------------------------------
---------------------------------------------------------------------------------
Start Final Netlist Cleanup
---------------------------------------------------------------------------------
---------------------------------------------------------------------------------
Finished Final Netlist Cleanup
---------------------------------------------------------------------------------
---------------------------------------------------------------------------------
Finished IO Insertion : Time (s): cpu = 00:00:20 ; elapsed = 00:00:20 . Memory (MB): peak = 567.613 ; gain = 323.012
---------------------------------------------------------------------------------

Report Check Netlist: 
+------+------------------+-------+---------+-------+------------------+
|      |Item              |Errors |Warnings |Status |Description       |
+------+------------------+-------+---------+-------+------------------+
|1     |multi_driven_nets |      0|        0|Passed |Multi driven nets |
+------+------------------+-------+---------+-------+------------------+
---------------------------------------------------------------------------------
Start Renaming Generated Instances
---------------------------------------------------------------------------------
---------------------------------------------------------------------------------
Finished Renaming Generated Instances : Time (s): cpu = 00:00:20 ; elapsed = 00:00:20 . Memory (MB): peak = 567.613 ; gain = 323.012
---------------------------------------------------------------------------------

Report RTL Partitions: 
+-+--------------+------------+----------+
| |RTL Partition |Replication |Instances |
+-+--------------+------------+----------+
+-+--------------+------------+----------+
---------------------------------------------------------------------------------
Start Rebuilding User Hierarchy
---------------------------------------------------------------------------------
---------------------------------------------------------------------------------
Finished Rebuilding User Hierarchy : Time (s): cpu = 00:00:20 ; elapsed = 00:00:20 . Memory (MB): peak = 567.613 ; gain = 323.012
---------------------------------------------------------------------------------
---------------------------------------------------------------------------------
Start Renaming Generated Ports
---------------------------------------------------------------------------------
---------------------------------------------------------------------------------
Finished Renaming Generated Ports : Time (s): cpu = 00:00:20 ; elapsed = 00:00:20 . Memory (MB): peak = 567.613 ; gain = 323.012
---------------------------------------------------------------------------------
---------------------------------------------------------------------------------
Start Handling Custom Attributes
---------------------------------------------------------------------------------
---------------------------------------------------------------------------------
Finished Handling Custom Attributes : Time (s): cpu = 00:00:20 ; elapsed = 00:00:20 . Memory (MB): peak = 567.613 ; gain = 323.012
---------------------------------------------------------------------------------
---------------------------------------------------------------------------------
Start Renaming Generated Nets
---------------------------------------------------------------------------------
---------------------------------------------------------------------------------
Finished Renaming Generated Nets : Time (s): cpu = 00:00:20 ; elapsed = 00:00:20 . Memory (MB): peak = 567.613 ; gain = 323.012
---------------------------------------------------------------------------------
---------------------------------------------------------------------------------
Start Writing Synthesis Report
---------------------------------------------------------------------------------

Report BlackBoxes: 
+-+--------------+----------+
| |BlackBox name |Instances |
+-+--------------+----------+
+-+--------------+----------+

Report Cell Usage: 
+------+-------+------+
|      |Cell   |Count |
+------+-------+------+
|1     |BUFG   |     1|
|2     |CARRY4 |  1054|
|3     |LUT1   |   100|
|4     |LUT2   |   367|
|5     |LUT3   |  3057|
|6     |LUT4   |   478|
|7     |LUT5   |    42|
|8     |LUT6   |   109|
|9     |FDRE   |    20|
|10    |IBUF   |    28|
|11    |OBUF   |    27|
+------+-------+------+

Report Instance Areas: 
+------+---------+-------+------+
|      |Instance |Module |Cells |
+------+---------+-------+------+
|1     |top      |       |  5283|
+------+---------+-------+------+
---------------------------------------------------------------------------------
Finished Writing Synthesis Report : Time (s): cpu = 00:00:20 ; elapsed = 00:00:20 . Memory (MB): peak = 567.613 ; gain = 323.012
---------------------------------------------------------------------------------
Synthesis finished with 0 errors, 0 critical warnings and 19 warnings.
Synthesis Optimization Runtime : Time (s): cpu = 00:00:20 ; elapsed = 00:00:20 . Memory (MB): peak = 567.613 ; gain = 323.012
Synthesis Optimization Complete : Time (s): cpu = 00:00:20 ; elapsed = 00:00:20 . Memory (MB): peak = 567.613 ; gain = 323.012
INFO: [Project 1-571] Translating synthesized netlist
INFO: [Netlist 29-17] Analyzing 1082 Unisim elements for replacement
INFO: [Netlist 29-28] Unisim Transformation completed in 0 CPU seconds
WARNING: [Netlist 29-101] Netlist 'vp' is not ideal for floorplanning, since the cellview 'vp' contains a large number of primitives.  Please consider enabling hierarchy in synthesis if you want to do floorplanning.
INFO: [Project 1-570] Preparing netlist for logic optimization
INFO: [Opt 31-138] Pushed 0 inverter(s) to 0 load pin(s).
INFO: [Project 1-111] Unisim Transformation Summary:
No Unisim elements were transformed.

INFO: [Common 17-83] Releasing license: Synthesis
12 Infos, 20 Warnings, 0 Critical Warnings and 0 Errors encountered.
synth_design completed successfully
synth_design: Time (s): cpu = 00:00:26 ; elapsed = 00:00:28 . Memory (MB): peak = 661.566 ; gain = 429.348
INFO: [Common 17-1381] The checkpoint 'C:/git/SR/lab10/zad10_6/vp/vp.runs/synth_1/vp.dcp' has been generated.
INFO: [runtcl-4] Executing : report_utilization -file vp_utilization_synth.rpt -pb vp_utilization_synth.pb
report_utilization: Time (s): cpu = 00:00:00 ; elapsed = 00:00:00.062 . Memory (MB): peak = 661.566 ; gain = 0.000
INFO: [Common 17-206] Exiting Vivado at Mon May 14 00:05:55 2018...
